#1 [internal] load build definition from Dockerfile
#1 transferring dockerfile: 503B done
#1 DONE 0.0s

#2 [internal] load .dockerignore
#2 transferring context: 2B done
#2 DONE 0.0s

#3 [internal] load metadata for docker.io/library/debian:stable-slim
#3 ...

#4 [auth] library/debian:pull token for registry-1.docker.io
#4 DONE 0.0s

#3 [internal] load metadata for docker.io/library/debian:stable-slim
#3 DONE 0.9s

#5 [1/6] FROM docker.io/library/debian:stable-slim@sha256:6010a47db58fe1b2c986fe1e980f436886bf5f843d0f9c0cdaf5b342bfe9be69
#5 resolve docker.io/library/debian:stable-slim@sha256:6010a47db58fe1b2c986fe1e980f436886bf5f843d0f9c0cdaf5b342bfe9be69 done
#5 sha256:e4758751e673991adf47c0c3d7aa882a50b4fd412965c516eab883011058dd38 1.46kB / 1.46kB done
#5 sha256:50750821fb32d6bb27ee785fbcd7be508c5aae48f322f851708c7e520a2ba7c3 0B / 32.40MB 0.1s
#5 sha256:6010a47db58fe1b2c986fe1e980f436886bf5f843d0f9c0cdaf5b342bfe9be69 1.85kB / 1.85kB done
#5 sha256:d1edf0a8589a34bc43b9d5ec95940b29495712406abfdc05a8a7038836513570 529B / 529B done
#5 sha256:50750821fb32d6bb27ee785fbcd7be508c5aae48f322f851708c7e520a2ba7c3 17.17MB / 32.40MB 0.2s
#5 sha256:50750821fb32d6bb27ee785fbcd7be508c5aae48f322f851708c7e520a2ba7c3 32.40MB / 32.40MB 0.3s
#5 sha256:50750821fb32d6bb27ee785fbcd7be508c5aae48f322f851708c7e520a2ba7c3 32.40MB / 32.40MB 0.4s done
#5 extracting sha256:50750821fb32d6bb27ee785fbcd7be508c5aae48f322f851708c7e520a2ba7c3 0.1s
#5 extracting sha256:50750821fb32d6bb27ee785fbcd7be508c5aae48f322f851708c7e520a2ba7c3 1.3s done
#5 DONE 1.8s

#6 [2/6] RUN apt-get update &&     apt-get install -y       git       libmagickcore-6.q16-6-extra       php       php-imagick       php7.4-zip       php7.4-gd       php7.4-curl       php7.4-sqlite3       php7.4-intl       phpunit
#6 0.288 Get:1 http://deb.debian.org/debian stable InRelease [116 kB]
#6 0.300 Get:2 http://deb.debian.org/debian-security stable-security InRelease [48.4 kB]
#6 0.300 Get:3 http://deb.debian.org/debian stable-updates InRelease [44.1 kB]
#6 0.435 Get:4 http://deb.debian.org/debian stable/main i386 Packages [8122 kB]
#6 0.582 Get:5 http://deb.debian.org/debian-security stable-security/main i386 Packages [235 kB]
#6 0.682 Get:6 http://deb.debian.org/debian stable-updates/main i386 Packages [15.1 kB]
#6 2.178 Fetched 8580 kB in 2s (4514 kB/s)
#6 2.178 Reading package lists...
#6 2.909 Reading package lists...
#6 3.619 Building dependency tree...
#6 3.754 Reading state information...
#6 3.935 The following additional packages will be installed:
#6 3.935   apache2 apache2-bin apache2-data apache2-utils bzip2 ca-certificates dbus
#6 3.935   file fontconfig fontconfig-config fonts-dejavu-core fonts-droid-fallback
#6 3.935   fonts-noto-mono fonts-urw-base35 ghostscript git-man gsfonts
#6 3.935   imagemagick-6-common javascript-common less libaom0 libapache2-mod-php7.4
#6 3.935   libapparmor1 libapr1 libaprutil1 libaprutil1-dbd-sqlite3 libaprutil1-ldap
#6 3.935   libargon2-1 libavahi-client3 libavahi-common-data libavahi-common3
#6 3.935   libbrotli1 libbsd0 libcairo2 libcbor0 libcups2 libcurl3-gnutls libcurl4
#6 3.935   libdatrie1 libdav1d4 libdbus-1-3 libde265-0 libdeflate0 libdjvulibre-text
#6 3.935   libdjvulibre21 libedit2 liberror-perl libexpat1 libfftw3-double3 libfido2-1
#6 3.935   libfontconfig1 libfreetype6 libfribidi0 libgd3 libgdbm-compat4 libgdbm6
#6 3.935   libglib2.0-0 libglib2.0-data libgomp1 libgpm2 libgraphite2-3 libgs9
#6 3.935   libgs9-common libharfbuzz0b libheif1 libicu67 libidn11 libijs-0.35
#6 3.935   libilmbase25 libjansson4 libjbig0 libjbig2dec0 libjpeg62-turbo
#6 3.935   libjs-bootstrap4 libjs-d3 libjs-jquery libjs-popper.js libjs-sizzle
#6 3.935   libjxr-tools libjxr0 liblcms2-2 libldap-2.4-2 libldap-common liblqr-1-0
#6 3.936   libltdl7 liblua5.3-0 libmagic-mgc libmagic1 libmagickcore-6.q16-6
#6 3.936   libmagickwand-6.q16-6 libmd0 libncurses6 libncursesw6 libnghttp2-14 libnuma1
#6 3.936   libonig5 libopenexr25 libopenjp2-7 libpango-1.0-0 libpangocairo-1.0-0
#6 3.936   libpangoft2-1.0-0 libpaper-utils libpaper1 libperl5.32 libpixman-1-0
#6 3.936   libpng16-16 libprocps8 libpsl5 librtmp1 libsasl2-2 libsasl2-modules
#6 3.936   libsasl2-modules-db libsodium23 libsqlite3-0 libssh2-1 libthai-data libthai0
#6 3.936   libtiff5 libwebp6 libwebpdemux2 libwebpmux3 libwmf0.2-7 libx11-6 libx11-data
#6 3.936   libx265-192 libxau6 libxcb-render0 libxcb-shm0 libxcb1 libxdmcp6 libxext6
#6 3.936   libxml2 libxmuu1 libxpm4 libxrender1 libxslt1.1 libzip4 mailcap media-types
#6 3.936   mime-support netbase node-jquery openssh-client openssl patch perl
#6 3.936   perl-modules-5.32 php-codecoverage php-common php-deepcopy
#6 3.936   php-doctrine-instantiator php-file-iterator php-invoker php-mbstring
#6 3.936   php-parser php-phar-io-manifest php-phar-io-version
#6 3.936   php-phpdocumentor-reflection-common php-phpdocumentor-reflection-docblock
#6 3.936   php-phpdocumentor-type-resolver php-phpspec-prophecy php-text-template
#6 3.936   php-timer php-tokenizer php-webmozart-assert php-xml php7.4 php7.4-cli
#6 3.936   php7.4-common php7.4-json php7.4-mbstring php7.4-opcache php7.4-readline
#6 3.936   php7.4-xml phpunit-cli-parser phpunit-code-unit
#6 3.936   phpunit-code-unit-reverse-lookup phpunit-comparator phpunit-complexity
#6 3.936   phpunit-diff phpunit-environment phpunit-exporter phpunit-global-state
#6 3.936   phpunit-lines-of-code phpunit-object-enumerator phpunit-object-reflector
#6 3.936   phpunit-recursion-context phpunit-resource-operations phpunit-type
#6 3.936   phpunit-version poppler-data procps psmisc publicsuffix sensible-utils
#6 3.936   shared-mime-info ssl-cert ucf xauth xdg-user-dirs xz-utils
#6 3.937 Suggested packages:
#6 3.937   apache2-doc apache2-suexec-pristine | apache2-suexec-custom www-browser
#6 3.937   bzip2-doc default-dbus-session-bus | dbus-session-bus fonts-noto
#6 3.937   fonts-freefont-otf | fonts-freefont-ttf fonts-texgyre ghostscript-x
#6 3.937   gettext-base git-daemon-run | git-daemon-sysvinit git-doc git-el git-email
#6 3.937   git-gui gitk gitweb git-cvs git-mediawiki git-svn php-pear cups-common
#6 3.937   libfftw3-bin libfftw3-dev libgd-tools gdbm-l10n gpm liblcms2-utils inkscape
#6 3.937   libsasl2-modules-gssapi-mit | libsasl2-modules-gssapi-heimdal
#6 3.937   libsasl2-modules-ldap libsasl2-modules-otp libsasl2-modules-sql
#6 3.937   libwmf0.2-7-gtk keychain libpam-ssh monkeysphere ssh-askpass ed
#6 3.937   diffutils-doc perl-doc libterm-readline-gnu-perl
#6 3.937   | libterm-readline-perl-perl make libtap-harness-archive-perl php-pcov
#6 3.937   php-xdebug php-soap php-uopz poppler-utils fonts-japanese-mincho
#6 3.937   | fonts-ipafont-mincho fonts-japanese-gothic | fonts-ipafont-gothic
#6 3.937   fonts-arphic-ukai fonts-arphic-uming fonts-nanum
#6 3.937 Recommended packages:
#6 3.937   ttf-dejavu-core
#6 5.335 The following NEW packages will be installed:
#6 5.336   apache2 apache2-bin apache2-data apache2-utils bzip2 ca-certificates dbus
#6 5.336   file fontconfig fontconfig-config fonts-dejavu-core fonts-droid-fallback
#6 5.336   fonts-noto-mono fonts-urw-base35 ghostscript git git-man gsfonts
#6 5.336   imagemagick-6-common javascript-common less libaom0 libapache2-mod-php7.4
#6 5.336   libapparmor1 libapr1 libaprutil1 libaprutil1-dbd-sqlite3 libaprutil1-ldap
#6 5.336   libargon2-1 libavahi-client3 libavahi-common-data libavahi-common3
#6 5.336   libbrotli1 libbsd0 libcairo2 libcbor0 libcups2 libcurl3-gnutls libcurl4
#6 5.336   libdatrie1 libdav1d4 libdbus-1-3 libde265-0 libdeflate0 libdjvulibre-text
#6 5.336   libdjvulibre21 libedit2 liberror-perl libexpat1 libfftw3-double3 libfido2-1
#6 5.336   libfontconfig1 libfreetype6 libfribidi0 libgd3 libgdbm-compat4 libgdbm6
#6 5.336   libglib2.0-0 libglib2.0-data libgomp1 libgpm2 libgraphite2-3 libgs9
#6 5.336   libgs9-common libharfbuzz0b libheif1 libicu67 libidn11 libijs-0.35
#6 5.336   libilmbase25 libjansson4 libjbig0 libjbig2dec0 libjpeg62-turbo
#6 5.336   libjs-bootstrap4 libjs-d3 libjs-jquery libjs-popper.js libjs-sizzle
#6 5.336   libjxr-tools libjxr0 liblcms2-2 libldap-2.4-2 libldap-common liblqr-1-0
#6 5.336   libltdl7 liblua5.3-0 libmagic-mgc libmagic1 libmagickcore-6.q16-6
#6 5.336   libmagickcore-6.q16-6-extra libmagickwand-6.q16-6 libmd0 libncurses6
#6 5.336   libncursesw6 libnghttp2-14 libnuma1 libonig5 libopenexr25 libopenjp2-7
#6 5.336   libpango-1.0-0 libpangocairo-1.0-0 libpangoft2-1.0-0 libpaper-utils
#6 5.336   libpaper1 libperl5.32 libpixman-1-0 libpng16-16 libprocps8 libpsl5 librtmp1
#6 5.336   libsasl2-2 libsasl2-modules libsasl2-modules-db libsodium23 libsqlite3-0
#6 5.336   libssh2-1 libthai-data libthai0 libtiff5 libwebp6 libwebpdemux2 libwebpmux3
#6 5.336   libwmf0.2-7 libx11-6 libx11-data libx265-192 libxau6 libxcb-render0
#6 5.336   libxcb-shm0 libxcb1 libxdmcp6 libxext6 libxml2 libxmuu1 libxpm4 libxrender1
#6 5.337   libxslt1.1 libzip4 mailcap media-types mime-support netbase node-jquery
#6 5.337   openssh-client openssl patch perl perl-modules-5.32 php php-codecoverage
#6 5.337   php-common php-deepcopy php-doctrine-instantiator php-file-iterator
#6 5.337   php-imagick php-invoker php-mbstring php-parser php-phar-io-manifest
#6 5.337   php-phar-io-version php-phpdocumentor-reflection-common
#6 5.337   php-phpdocumentor-reflection-docblock php-phpdocumentor-type-resolver
#6 5.337   php-phpspec-prophecy php-text-template php-timer php-tokenizer
#6 5.337   php-webmozart-assert php-xml php7.4 php7.4-cli php7.4-common php7.4-curl
#6 5.337   php7.4-gd php7.4-intl php7.4-json php7.4-mbstring php7.4-opcache
#6 5.337   php7.4-readline php7.4-sqlite3 php7.4-xml php7.4-zip phpunit
#6 5.337   phpunit-cli-parser phpunit-code-unit phpunit-code-unit-reverse-lookup
#6 5.337   phpunit-comparator phpunit-complexity phpunit-diff phpunit-environment
#6 5.337   phpunit-exporter phpunit-global-state phpunit-lines-of-code
#6 5.337   phpunit-object-enumerator phpunit-object-reflector phpunit-recursion-context
#6 5.337   phpunit-resource-operations phpunit-type phpunit-version poppler-data procps
#6 5.337   psmisc publicsuffix sensible-utils shared-mime-info ssl-cert ucf xauth
#6 5.337   xdg-user-dirs xz-utils
#6 5.368 0 upgraded, 211 newly installed, 0 to remove and 0 not upgraded.
#6 5.368 Need to get 84.1 MB of archives.
#6 5.368 After this operation, 325 MB of additional disk space will be used.
#6 5.368 Get:1 http://deb.debian.org/debian stable/main i386 libapparmor1 i386 2.13.6-10 [101 kB]
#6 5.379 Get:2 http://deb.debian.org/debian stable/main i386 libdbus-1-3 i386 1.12.24-0+deb11u1 [236 kB]
#6 5.382 Get:3 http://deb.debian.org/debian stable/main i386 libexpat1 i386 2.2.10-2+deb11u5 [101 kB]
#6 5.387 Get:4 http://deb.debian.org/debian stable/main i386 dbus i386 1.12.24-0+deb11u1 [254 kB]
#6 5.392 Get:5 http://deb.debian.org/debian stable/main i386 perl-modules-5.32 all 5.32.1-4+deb11u2 [2823 kB]
#6 5.425 Get:6 http://deb.debian.org/debian stable/main i386 libgdbm6 i386 1.19-2 [69.2 kB]
#6 5.426 Get:7 http://deb.debian.org/debian stable/main i386 libgdbm-compat4 i386 1.19-2 [45.3 kB]
#6 5.427 Get:8 http://deb.debian.org/debian stable/main i386 libperl5.32 i386 5.32.1-4+deb11u2 [3734 kB]
#6 5.467 Get:9 http://deb.debian.org/debian stable/main i386 perl i386 5.32.1-4+deb11u2 [293 kB]
#6 5.471 Get:10 http://deb.debian.org/debian-security stable-security/main i386 libapr1 i386 1.7.0-6+deb11u2 [116 kB]
#6 5.472 Get:11 http://deb.debian.org/debian-security stable-security/main i386 libaprutil1 i386 1.6.1-5+deb11u1 [101 kB]
#6 5.473 Get:12 http://deb.debian.org/debian stable/main i386 libsqlite3-0 i386 3.34.1-3 [838 kB]
#6 5.482 Get:13 http://deb.debian.org/debian-security stable-security/main i386 libaprutil1-dbd-sqlite3 i386 1.6.1-5+deb11u1 [19.4 kB]
#6 5.483 Get:14 http://deb.debian.org/debian stable/main i386 libsasl2-modules-db i386 2.1.27+dfsg-2.1+deb11u1 [70.1 kB]
#6 5.484 Get:15 http://deb.debian.org/debian stable/main i386 libsasl2-2 i386 2.1.27+dfsg-2.1+deb11u1 [110 kB]
#6 5.485 Get:16 http://deb.debian.org/debian stable/main i386 libldap-2.4-2 i386 2.4.57+dfsg-3+deb11u1 [244 kB]
#6 5.488 Get:17 http://deb.debian.org/debian-security stable-security/main i386 libaprutil1-ldap i386 1.6.1-5+deb11u1 [17.4 kB]
#6 5.489 Get:18 http://deb.debian.org/debian stable/main i386 libbrotli1 i386 1.0.9-2+b2 [286 kB]
#6 5.492 Get:19 http://deb.debian.org/debian stable/main i386 libnghttp2-14 i386 1.43.0-1 [85.7 kB]
#6 5.493 Get:20 http://deb.debian.org/debian stable/main i386 libpsl5 i386 0.21.0-1.2 [57.9 kB]
#6 5.494 Get:21 http://deb.debian.org/debian stable/main i386 librtmp1 i386 2.4+20151223.gitfa8646d.1-2+b2 [64.3 kB]
#6 5.495 Get:22 http://deb.debian.org/debian stable/main i386 libssh2-1 i386 1.9.0-2 [164 kB]
#6 5.497 Get:23 http://deb.debian.org/debian-security stable-security/main i386 libcurl4 i386 7.74.0-1.3+deb11u7 [376 kB]
#6 5.507 Get:24 http://deb.debian.org/debian stable/main i386 libjansson4 i386 2.13.1-1.1 [41.7 kB]
#6 5.515 Get:25 http://deb.debian.org/debian stable/main i386 liblua5.3-0 i386 5.3.3-1.1+b1 [141 kB]
#6 5.517 Get:26 http://deb.debian.org/debian stable/main i386 libicu67 i386 67.1-7 [8775 kB]
#6 5.611 Get:27 http://deb.debian.org/debian stable/main i386 libxml2 i386 2.9.10+dfsg-6.7+deb11u3 [727 kB]
#6 5.872 Get:28 http://deb.debian.org/debian stable/main i386 apache2-bin i386 2.4.54-1~deb11u1 [1493 kB]
#6 6.464 Get:29 http://deb.debian.org/debian stable/main i386 apache2-data all 2.4.54-1~deb11u1 [160 kB]
#6 6.749 Get:30 http://deb.debian.org/debian stable/main i386 apache2-utils i386 2.4.54-1~deb11u1 [264 kB]
#6 7.034 Get:31 http://deb.debian.org/debian stable/main i386 media-types all 4.0.0 [30.3 kB]
#6 7.035 Get:32 http://deb.debian.org/debian stable/main i386 mailcap all 3.69 [31.7 kB]
#6 7.036 Get:33 http://deb.debian.org/debian stable/main i386 mime-support all 3.66 [10.9 kB]
#6 7.037 Get:34 http://deb.debian.org/debian stable/main i386 libncurses6 i386 6.2+20201114-2 [110 kB]
#6 7.038 Get:35 http://deb.debian.org/debian stable/main i386 libncursesw6 i386 6.2+20201114-2 [144 kB]
#6 7.039 Get:36 http://deb.debian.org/debian stable/main i386 libprocps8 i386 2:3.3.17-5 [64.2 kB]
#6 7.042 Get:37 http://deb.debian.org/debian stable/main i386 procps i386 2:3.3.17-5 [501 kB]
#6 7.191 Get:38 http://deb.debian.org/debian stable/main i386 apache2 i386 2.4.54-1~deb11u1 [275 kB]
#6 7.484 Get:39 http://deb.debian.org/debian stable/main i386 fonts-droid-fallback all 1:6.0.1r16-1.1 [1807 kB]
#6 7.507 Get:40 http://deb.debian.org/debian stable/main i386 libgomp1 i386 10.2.1-6 [106 kB]
#6 7.508 Get:41 http://deb.debian.org/debian stable/main i386 libfftw3-double3 i386 3.3.8-2 [640 kB]
#6 7.517 Get:42 http://deb.debian.org/debian stable/main i386 libpng16-16 i386 1.6.37-3 [303 kB]
#6 7.521 Get:43 http://deb.debian.org/debian stable/main i386 libfreetype6 i386 2.10.4+dfsg-1+deb11u1 [430 kB]
#6 7.526 Get:44 http://deb.debian.org/debian stable/main i386 sensible-utils all 0.0.14 [14.8 kB]
#6 7.526 Get:45 http://deb.debian.org/debian stable/main i386 ucf all 3.0043 [74.0 kB]
#6 7.527 Get:46 http://deb.debian.org/debian stable/main i386 fonts-dejavu-core all 2.37-2 [1069 kB]
#6 7.540 Get:47 http://deb.debian.org/debian stable/main i386 fonts-urw-base35 all 20200910-1 [6367 kB]
#6 7.611 Get:48 http://deb.debian.org/debian stable/main i386 fontconfig-config all 2.13.1-4.2 [281 kB]
#6 7.614 Get:49 http://deb.debian.org/debian stable/main i386 libfontconfig1 i386 2.13.1-4.2 [358 kB]
#6 7.839 Get:50 http://deb.debian.org/debian stable/main i386 libaom0 i386 1.0.0.errata1-3 [1181 kB]
#6 8.357 Get:51 http://deb.debian.org/debian stable/main i386 libdav1d4 i386 0.7.1-3 [262 kB]
#6 8.361 Get:52 http://deb.debian.org/debian-security stable-security/main i386 libde265-0 i386 1.0.11-0+deb11u1 [189 kB]
#6 8.366 Get:53 http://deb.debian.org/debian stable/main i386 libnuma1 i386 2.0.12-1+b1 [27.9 kB]
#6 8.366 Get:54 http://deb.debian.org/debian stable/main i386 libx265-192 i386 3.4-2 [668 kB]
#6 8.375 Get:55 http://deb.debian.org/debian stable/main i386 libheif1 i386 1.11.0-1 [208 kB]
#6 8.378 Get:56 http://deb.debian.org/debian stable/main i386 libjbig0 i386 2.1-3.1+b2 [31.5 kB]
#6 8.379 Get:57 http://deb.debian.org/debian stable/main i386 libjpeg62-turbo i386 1:2.0.6-4 [160 kB]
#6 8.381 Get:58 http://deb.debian.org/debian stable/main i386 liblcms2-2 i386 2.12~rc1-2 [161 kB]
#6 8.515 Get:59 http://deb.debian.org/debian stable/main i386 libglib2.0-0 i386 2.66.8-1 [1437 kB]
#6 9.111 Get:60 http://deb.debian.org/debian stable/main i386 liblqr-1-0 i386 0.4.2-2.1 [30.6 kB]
#6 9.112 Get:61 http://deb.debian.org/debian stable/main i386 libltdl7 i386 2.4.6-15 [392 kB]
#6 9.123 Get:62 http://deb.debian.org/debian stable/main i386 libopenjp2-7 i386 2.4.0-3 [179 kB]
#6 9.130 Get:63 http://deb.debian.org/debian stable/main i386 libdeflate0 i386 1.7-1 [48.4 kB]
#6 9.131 Get:64 http://deb.debian.org/debian stable/main i386 libwebp6 i386 0.6.1-2.1 [269 kB]
#6 9.134 Get:65 http://deb.debian.org/debian-security stable-security/main i386 libtiff5 i386 4.2.0-1+deb11u4 [305 kB]
#6 9.137 Get:66 http://deb.debian.org/debian stable/main i386 libwebpdemux2 i386 0.6.1-2.1 [88.2 kB]
#6 9.139 Get:67 http://deb.debian.org/debian stable/main i386 libwebpmux3 i386 0.6.1-2.1 [99.0 kB]
#6 9.140 Get:68 http://deb.debian.org/debian stable/main i386 libxau6 i386 1:1.0.9-1 [20.0 kB]
#6 9.140 Get:69 http://deb.debian.org/debian stable/main i386 libmd0 i386 1.0.3-3 [28.9 kB]
#6 9.141 Get:70 http://deb.debian.org/debian stable/main i386 libbsd0 i386 0.11.3-1 [111 kB]
#6 9.143 Get:71 http://deb.debian.org/debian stable/main i386 libxdmcp6 i386 1:1.1.2-3 [26.7 kB]
#6 9.150 Get:72 http://deb.debian.org/debian stable/main i386 libxcb1 i386 1.14-3 [144 kB]
#6 9.158 Get:73 http://deb.debian.org/debian stable/main i386 libx11-data all 2:1.7.2-1 [311 kB]
#6 9.161 Get:74 http://deb.debian.org/debian stable/main i386 libx11-6 i386 2:1.7.2-1 [794 kB]
#6 9.170 Get:75 http://deb.debian.org/debian stable/main i386 libxext6 i386 2:1.3.3-1.1 [55.2 kB]
#6 9.171 Get:76 http://deb.debian.org/debian-security stable-security/main i386 imagemagick-6-common all 8:6.9.11.60+dfsg-1.3+deb11u1 [211 kB]
#6 9.173 Get:77 http://deb.debian.org/debian-security stable-security/main i386 libmagickcore-6.q16-6 i386 8:6.9.11.60+dfsg-1.3+deb11u1 [1877 kB]
#6 9.189 Get:78 http://deb.debian.org/debian-security stable-security/main i386 libmagickwand-6.q16-6 i386 8:6.9.11.60+dfsg-1.3+deb11u1 [437 kB]
#6 9.193 Get:79 http://deb.debian.org/debian stable/main i386 psmisc i386 23.4-2 [200 kB]
#6 9.196 Get:80 http://deb.debian.org/debian stable/main i386 php-common all 2:76 [15.6 kB]
#6 9.197 Get:81 http://deb.debian.org/debian stable/main i386 libedit2 i386 3.1-20191231-2+b1 [101 kB]
#6 9.198 Get:82 http://deb.debian.org/debian stable/main i386 libmagic-mgc i386 1:5.39-3 [273 kB]
#6 9.201 Get:83 http://deb.debian.org/debian stable/main i386 libmagic1 i386 1:5.39-3 [133 kB]
#6 9.203 Get:84 http://deb.debian.org/debian-security stable-security/main i386 php7.4-common i386 7.4.33-1+deb11u3 [1039 kB]
#6 9.212 Get:85 http://deb.debian.org/debian-security stable-security/main i386 php7.4-json i386 7.4.33-1+deb11u3 [19.3 kB]
#6 9.213 Get:86 http://deb.debian.org/debian-security stable-security/main i386 php7.4-opcache i386 7.4.33-1+deb11u3 [202 kB]
#6 9.214 Get:87 http://deb.debian.org/debian-security stable-security/main i386 php7.4-readline i386 7.4.33-1+deb11u3 [13.0 kB]
#6 9.215 Get:88 http://deb.debian.org/debian stable/main i386 libargon2-1 i386 0~20171227-0.2 [24.1 kB]
#6 9.215 Get:89 http://deb.debian.org/debian stable/main i386 libsodium23 i386 1.0.18-1 [186 kB]
#6 9.217 Get:90 http://deb.debian.org/debian-security stable-security/main i386 php7.4-cli i386 7.4.33-1+deb11u3 [1454 kB]
#6 9.230 Get:91 http://deb.debian.org/debian-security stable-security/main i386 libapache2-mod-php7.4 i386 7.4.33-1+deb11u3 [1405 kB]
#6 9.503 Get:92 http://deb.debian.org/debian stable/main i386 php-imagick i386 3.4.4+php8.0+3.4.4-2+deb11u2 [106 kB]
#6 9.660 Get:93 http://deb.debian.org/debian stable/main i386 poppler-data all 0.4.10-1 [1602 kB]
#6 9.811 Get:94 http://deb.debian.org/debian stable/main i386 less i386 551-2 [142 kB]
#6 9.813 Get:95 http://deb.debian.org/debian stable/main i386 netbase all 6.3 [19.9 kB]
#6 9.814 Get:96 http://deb.debian.org/debian stable/main i386 bzip2 i386 1.0.8-4 [50.0 kB]
#6 9.822 Get:97 http://deb.debian.org/debian-security stable-security/main i386 openssl i386 1.1.1n-0+deb11u4 [863 kB]
#6 9.831 Get:98 http://deb.debian.org/debian stable/main i386 ca-certificates all 20210119 [158 kB]
#6 9.833 Get:99 http://deb.debian.org/debian stable/main i386 file i386 1:5.39-3 [69.0 kB]
#6 9.834 Get:100 http://deb.debian.org/debian stable/main i386 libcbor0 i386 0.5.0+dfsg-2 [26.2 kB]
#6 9.838 Get:101 http://deb.debian.org/debian stable/main i386 libfido2-1 i386 1.6.0-2 [59.9 kB]
#6 9.838 Get:102 http://deb.debian.org/debian stable/main i386 openssh-client i386 1:8.4p1-5+deb11u1 [992 kB]
#6 9.847 Get:103 http://deb.debian.org/debian stable/main i386 xz-utils i386 5.2.5-2.1~deb11u1 [225 kB]
#6 9.850 Get:104 http://deb.debian.org/debian stable/main i386 fontconfig i386 2.13.1-4.2 [417 kB]
#6 9.855 Get:105 http://deb.debian.org/debian stable/main i386 fonts-noto-mono all 20201225-1 [402 kB]
#6 9.860 Get:106 http://deb.debian.org/debian stable/main i386 libgs9-common all 9.53.3~dfsg-7+deb11u2 [734 kB]
#6 9.868 Get:107 http://deb.debian.org/debian stable/main i386 libavahi-common-data i386 0.8-5+deb11u1 [124 kB]
#6 9.870 Get:108 http://deb.debian.org/debian stable/main i386 libavahi-common3 i386 0.8-5+deb11u1 [60.3 kB]
#6 9.871 Get:109 http://deb.debian.org/debian stable/main i386 libavahi-client3 i386 0.8-5+deb11u1 [64.5 kB]
#6 9.873 Get:110 http://deb.debian.org/debian stable/main i386 libcups2 i386 2.3.3op2-3+deb11u2 [367 kB]
#6 9.880 Get:111 http://deb.debian.org/debian stable/main i386 libidn11 i386 1.33-3 [117 kB]
#6 9.882 Get:112 http://deb.debian.org/debian stable/main i386 libijs-0.35 i386 0.35-15 [16.9 kB]
#6 9.883 Get:113 http://deb.debian.org/debian stable/main i386 libjbig2dec0 i386 0.19-2 [69.9 kB]
#6 9.884 Get:114 http://deb.debian.org/debian stable/main i386 libpaper1 i386 1.1.28+b1 [21.7 kB]
#6 10.03 Get:115 http://deb.debian.org/debian stable/main i386 libgs9 i386 9.53.3~dfsg-7+deb11u2 [2364 kB]
#6 10.20 Get:116 http://deb.debian.org/debian stable/main i386 ghostscript i386 9.53.3~dfsg-7+deb11u2 [98.1 kB]
#6 10.20 Get:117 http://deb.debian.org/debian-security stable-security/main i386 libcurl3-gnutls i386 7.74.0-1.3+deb11u7 [373 kB]
#6 10.20 Get:118 http://deb.debian.org/debian stable/main i386 liberror-perl all 0.17029-1 [31.0 kB]
#6 10.20 Get:119 http://deb.debian.org/debian-security stable-security/main i386 git-man all 1:2.30.2-1+deb11u2 [1828 kB]
#6 10.22 Get:120 http://deb.debian.org/debian-security stable-security/main i386 git i386 1:2.30.2-1+deb11u2 [6363 kB]
#6 10.27 Get:121 http://deb.debian.org/debian stable/main i386 gsfonts all 1:8.11+urwcyr1.0.7~pre44-4.5 [3125 kB]
#6 10.31 Get:122 http://deb.debian.org/debian stable/main i386 javascript-common all 11+nmu1 [6260 B]
#6 10.31 Get:123 http://deb.debian.org/debian stable/main i386 libpixman-1-0 i386 0.40.0-1.1~deb11u1 [545 kB]
#6 10.31 Get:124 http://deb.debian.org/debian stable/main i386 libxcb-render0 i386 1.14-3 [112 kB]
#6 10.31 Get:125 http://deb.debian.org/debian stable/main i386 libxcb-shm0 i386 1.14-3 [102 kB]
#6 10.31 Get:126 http://deb.debian.org/debian stable/main i386 libxrender1 i386 1:0.9.10-1 [34.1 kB]
#6 10.31 Get:127 http://deb.debian.org/debian stable/main i386 libcairo2 i386 1.16.0-5 [746 kB]
#6 10.32 Get:128 http://deb.debian.org/debian stable/main i386 libdatrie1 i386 0.2.13-1 [44.5 kB]
#6 10.32 Get:129 http://deb.debian.org/debian stable/main i386 libdjvulibre-text all 3.5.28-2 [61.8 kB]
#6 10.32 Get:130 http://deb.debian.org/debian stable/main i386 libdjvulibre21 i386 3.5.28-2 [634 kB]
#6 10.33 Get:131 http://deb.debian.org/debian stable/main i386 libfribidi0 i386 1.0.8-2+deb11u1 [65.6 kB]
#6 10.33 Get:132 http://deb.debian.org/debian stable/main i386 libxpm4 i386 1:3.5.12-1 [50.9 kB]
#6 10.33 Get:133 http://deb.debian.org/debian stable/main i386 libgd3 i386 2.3.0-2 [142 kB]
#6 10.34 Get:134 http://deb.debian.org/debian stable/main i386 libglib2.0-data all 2.66.8-1 [1164 kB]
#6 10.35 Get:135 http://deb.debian.org/debian stable/main i386 libgpm2 i386 1.20.7-8 [36.3 kB]
#6 10.35 Get:136 http://deb.debian.org/debian stable/main i386 libgraphite2-3 i386 1.3.14-1 [84.0 kB]
#6 10.35 Get:137 http://deb.debian.org/debian stable/main i386 libharfbuzz0b i386 2.7.4-1 [1490 kB]
#6 10.37 Get:138 http://deb.debian.org/debian stable/main i386 libilmbase25 i386 2.5.4-1 [203 kB]
#6 10.37 Get:139 http://deb.debian.org/debian stable/main i386 libjs-popper.js all 1.16.1+ds-3 [51.9 kB]
#6 10.37 Get:140 http://deb.debian.org/debian stable/main i386 libjs-bootstrap4 all 4.5.2+dfsg1-8~deb11u1 [2513 kB]
#6 10.40 Get:141 http://deb.debian.org/debian stable/main i386 libjs-d3 all 3.5.17-4 [132 kB]
#6 10.40 Get:142 http://deb.debian.org/debian stable/main i386 libjs-jquery all 3.5.1+dfsg+~3.5.5-7 [315 kB]
#6 10.40 Get:143 http://deb.debian.org/debian stable/main i386 libjs-sizzle all 2.3.5+ds-2 [31.5 kB]
#6 10.64 Get:144 http://deb.debian.org/debian stable/main i386 libjxr0 i386 1.1-6+b1 [166 kB]
#6 10.98 Get:145 http://deb.debian.org/debian stable/main i386 libjxr-tools i386 1.1-6+b1 [17.3 kB]
#6 10.98 Get:146 http://deb.debian.org/debian stable/main i386 libldap-common all 2.4.57+dfsg-3+deb11u1 [95.8 kB]
#6 10.98 Get:147 http://deb.debian.org/debian stable/main i386 libopenexr25 i386 2.5.4-2+deb11u1 [692 kB]
#6 10.99 Get:148 http://deb.debian.org/debian stable/main i386 libthai-data all 0.1.28-3 [170 kB]
#6 10.99 Get:149 http://deb.debian.org/debian stable/main i386 libthai0 i386 0.1.28-3 [55.3 kB]
#6 10.99 Get:150 http://deb.debian.org/debian stable/main i386 libpango-1.0-0 i386 1.46.2-3 [197 kB]
#6 11.00 Get:151 http://deb.debian.org/debian stable/main i386 libpangoft2-1.0-0 i386 1.46.2-3 [65.1 kB]
#6 11.00 Get:152 http://deb.debian.org/debian stable/main i386 libpangocairo-1.0-0 i386 1.46.2-3 [51.9 kB]
#6 11.00 Get:153 http://deb.debian.org/debian stable/main i386 libwmf0.2-7 i386 0.2.8.4-17 [174 kB]
#6 11.00 Get:154 http://deb.debian.org/debian-security stable-security/main i386 libmagickcore-6.q16-6-extra i386 8:6.9.11.60+dfsg-1.3+deb11u1 [220 kB]
#6 11.00 Get:155 http://deb.debian.org/debian stable/main i386 libonig5 i386 6.9.6-1.1 [188 kB]
#6 11.01 Get:156 http://deb.debian.org/debian stable/main i386 libpaper-utils i386 1.1.28+b1 [18.6 kB]
#6 11.01 Get:157 http://deb.debian.org/debian stable/main i386 libsasl2-modules i386 2.1.27+dfsg-2.1+deb11u1 [108 kB]
#6 11.01 Get:158 http://deb.debian.org/debian stable/main i386 libxmuu1 i386 2:1.1.2-2+b3 [24.2 kB]
#6 11.01 Get:159 http://deb.debian.org/debian stable/main i386 libxslt1.1 i386 1.1.34-4+deb11u1 [251 kB]
#6 11.01 Get:160 http://deb.debian.org/debian stable/main i386 libzip4 i386 1.7.3-1 [68.1 kB]
#6 11.01 Get:161 http://deb.debian.org/debian stable/main i386 node-jquery all 3.5.1+dfsg+~3.5.5-7 [159 kB]
#6 11.29 Get:162 http://deb.debian.org/debian stable/main i386 patch i386 2.7.6-7 [141 kB]
#6 11.47 Get:163 http://deb.debian.org/debian-security stable-security/main i386 php7.4 all 7.4.33-1+deb11u3 [50.5 kB]
#6 11.47 Get:164 http://deb.debian.org/debian stable/main i386 php all 2:7.4+76 [6340 B]
#6 11.47 Get:165 http://deb.debian.org/debian-security stable-security/main i386 php7.4-xml i386 7.4.33-1+deb11u3 [103 kB]
#6 11.47 Get:166 http://deb.debian.org/debian stable/main i386 php-xml all 2:7.4+76 [6384 B]
#6 11.47 Get:167 http://deb.debian.org/debian stable/main i386 php-parser all 4.10.4-1 [151 kB]
#6 11.48 Get:168 http://deb.debian.org/debian stable/main i386 php-file-iterator all 3.0.5-2 [7192 B]
#6 11.48 Get:169 http://deb.debian.org/debian stable/main i386 php-text-template all 2.0.4-1 [5468 B]
#6 11.48 Get:170 http://deb.debian.org/debian stable/main i386 phpunit-code-unit-reverse-lookup all 2.0.3-2 [4888 B]
#6 11.48 Get:171 http://deb.debian.org/debian stable/main i386 phpunit-complexity all 2.0.2-1 [5704 B]
#6 11.48 Get:172 http://deb.debian.org/debian stable/main i386 phpunit-environment all 5.1.3-2 [10.0 kB]
#6 11.48 Get:173 http://deb.debian.org/debian stable/main i386 phpunit-lines-of-code all 1.0.3-1 [5220 B]
#6 11.49 Get:174 http://deb.debian.org/debian stable/main i386 phpunit-version all 3.0.2-2 [5652 B]
#6 11.49 Get:175 http://deb.debian.org/debian stable/main i386 php-tokenizer all 1.2.0-1 [7016 B]
#6 11.49 Get:176 http://deb.debian.org/debian stable/main i386 php-codecoverage all 9.2.5+dfsg-3 [91.5 kB]
#6 11.49 Get:177 http://deb.debian.org/debian stable/main i386 php-deepcopy all 1.10.2-3 [48.2 kB]
#6 11.50 Get:178 http://deb.debian.org/debian stable/main i386 php-doctrine-instantiator all 1.4.0-1 [8464 B]
#6 11.50 Get:179 http://deb.debian.org/debian stable/main i386 php-invoker all 3.1.1-2 [5364 B]
#6 11.77 Get:180 http://deb.debian.org/debian-security stable-security/main i386 php7.4-mbstring i386 7.4.33-1+deb11u3 [401 kB]
#6 12.11 Get:181 http://deb.debian.org/debian stable/main i386 php-mbstring all 2:7.4+76 [6372 B]
#6 12.11 Get:182 http://deb.debian.org/debian stable/main i386 php-phar-io-version all 3.0.4-1 [9240 B]
#6 12.11 Get:183 http://deb.debian.org/debian stable/main i386 php-phar-io-manifest all 2.0.1-2 [12.6 kB]
#6 12.11 Get:184 http://deb.debian.org/debian stable/main i386 php-phpdocumentor-reflection-common all 2.2.0-1 [5444 B]
#6 12.12 Get:185 http://deb.debian.org/debian stable/main i386 php-phpdocumentor-type-resolver all 1.4.0-2 [21.1 kB]
#6 12.13 Get:186 http://deb.debian.org/debian stable/main i386 php-webmozart-assert all 1.9.1-2 [16.5 kB]
#6 12.14 Get:187 http://deb.debian.org/debian stable/main i386 php-phpdocumentor-reflection-docblock all 5.2.2-1 [33.2 kB]
#6 12.14 Get:188 http://deb.debian.org/debian stable/main i386 phpunit-diff all 4.0.4-1 [15.4 kB]
#6 12.14 Get:189 http://deb.debian.org/debian stable/main i386 phpunit-recursion-context all 4.0.4-1 [5392 B]
#6 12.14 Get:190 http://deb.debian.org/debian stable/main i386 phpunit-exporter all 4.0.3-2 [7968 B]
#6 12.15 Get:191 http://deb.debian.org/debian stable/main i386 phpunit-comparator all 4.0.6-1 [11.5 kB]
#6 12.15 Get:192 http://deb.debian.org/debian stable/main i386 php-phpspec-prophecy all 1.12.2-1 [42.8 kB]
#6 12.15 Get:193 http://deb.debian.org/debian stable/main i386 php-timer all 5.0.3-2 [8396 B]
#6 12.42 Get:194 http://deb.debian.org/debian-security stable-security/main i386 php7.4-curl i386 7.4.33-1+deb11u3 [32.9 kB]
#6 12.44 Get:195 http://deb.debian.org/debian-security stable-security/main i386 php7.4-gd i386 7.4.33-1+deb11u3 [28.3 kB]
#6 12.59 Get:196 http://deb.debian.org/debian-security stable-security/main i386 php7.4-intl i386 7.4.33-1+deb11u3 [129 kB]
#6 12.90 Get:197 http://deb.debian.org/debian-security stable-security/main i386 php7.4-sqlite3 i386 7.4.33-1+deb11u3 [27.9 kB]
#6 13.20 Get:198 http://deb.debian.org/debian-security stable-security/main i386 php7.4-zip i386 7.4.33-1+deb11u3 [22.7 kB]
#6 13.20 Get:199 http://deb.debian.org/debian stable/main i386 phpunit-cli-parser all 1.0.1-1 [4944 B]
#6 13.20 Get:200 http://deb.debian.org/debian stable/main i386 phpunit-code-unit all 1.0.8-1 [7528 B]
#6 13.20 Get:201 http://deb.debian.org/debian stable/main i386 phpunit-object-reflector all 2.0.4-1 [4752 B]
#6 13.20 Get:202 http://deb.debian.org/debian stable/main i386 phpunit-global-state all 5.0.2-1 [8204 B]
#6 13.21 Get:203 http://deb.debian.org/debian stable/main i386 phpunit-object-enumerator all 4.0.4-1 [5440 B]
#6 13.21 Get:204 http://deb.debian.org/debian stable/main i386 phpunit-resource-operations all 3.0.3-2 [14.8 kB]
#6 13.21 Get:205 http://deb.debian.org/debian stable/main i386 phpunit-type all 2.3.1-1 [8364 B]
#6 13.21 Get:206 http://deb.debian.org/debian stable/main i386 phpunit all 9.5.2-1 [169 kB]
#6 13.22 Get:207 http://deb.debian.org/debian stable/main i386 publicsuffix all 20220811.1734-0+deb11u1 [127 kB]
#6 13.22 Get:208 http://deb.debian.org/debian stable/main i386 shared-mime-info i386 2.0-1 [703 kB]
#6 13.22 Get:209 http://deb.debian.org/debian stable/main i386 ssl-cert all 1.1.0+nmu1 [21.0 kB]
#6 13.22 Get:210 http://deb.debian.org/debian stable/main i386 xauth i386 1:1.1-1 [41.2 kB]
#6 13.22 Get:211 http://deb.debian.org/debian stable/main i386 xdg-user-dirs i386 0.17-2 [54.5 kB]
#6 13.38 debconf: delaying package configuration, since apt-utils is not installed
#6 13.41 Fetched 84.1 MB in 8s (10.7 MB/s)
#6 13.45 Selecting previously unselected package libapparmor1:i386.
#6 13.45 (Reading database ... (Reading database ... 5%(Reading database ... 10%(Reading database ... 15%(Reading database ... 20%(Reading database ... 25%(Reading database ... 30%(Reading database ... 35%(Reading database ... 40%(Reading database ... 45%(Reading database ... 50%(Reading database ... 55%(Reading database ... 60%(Reading database ... 65%(Reading database ... 70%(Reading database ... 75%(Reading database ... 80%(Reading database ... 85%(Reading database ... 90%(Reading database ... 95%(Reading database ... 100%(Reading database ... 6655 files and directories currently installed.)
#6 13.45 Preparing to unpack .../00-libapparmor1_2.13.6-10_i386.deb ...
#6 13.45 Unpacking libapparmor1:i386 (2.13.6-10) ...
#6 13.48 Selecting previously unselected package libdbus-1-3:i386.
#6 13.48 Preparing to unpack .../01-libdbus-1-3_1.12.24-0+deb11u1_i386.deb ...
#6 13.48 Unpacking libdbus-1-3:i386 (1.12.24-0+deb11u1) ...
#6 13.53 Selecting previously unselected package libexpat1:i386.
#6 13.53 Preparing to unpack .../02-libexpat1_2.2.10-2+deb11u5_i386.deb ...
#6 13.53 Unpacking libexpat1:i386 (2.2.10-2+deb11u5) ...
#6 13.56 Selecting previously unselected package dbus.
#6 13.56 Preparing to unpack .../03-dbus_1.12.24-0+deb11u1_i386.deb ...
#6 13.57 Unpacking dbus (1.12.24-0+deb11u1) ...
#6 13.62 Selecting previously unselected package perl-modules-5.32.
#6 13.62 Preparing to unpack .../04-perl-modules-5.32_5.32.1-4+deb11u2_all.deb ...
#6 13.63 Unpacking perl-modules-5.32 (5.32.1-4+deb11u2) ...
#6 14.05 Selecting previously unselected package libgdbm6:i386.
#6 14.05 Preparing to unpack .../05-libgdbm6_1.19-2_i386.deb ...
#6 14.05 Unpacking libgdbm6:i386 (1.19-2) ...
#6 14.08 Selecting previously unselected package libgdbm-compat4:i386.
#6 14.08 Preparing to unpack .../06-libgdbm-compat4_1.19-2_i386.deb ...
#6 14.08 Unpacking libgdbm-compat4:i386 (1.19-2) ...
#6 14.10 Selecting previously unselected package libperl5.32:i386.
#6 14.10 Preparing to unpack .../07-libperl5.32_5.32.1-4+deb11u2_i386.deb ...
#6 14.10 Unpacking libperl5.32:i386 (5.32.1-4+deb11u2) ...
#6 14.61 Selecting previously unselected package perl.
#6 14.61 Preparing to unpack .../08-perl_5.32.1-4+deb11u2_i386.deb ...
#6 14.62 Unpacking perl (5.32.1-4+deb11u2) ...
#6 14.68 Selecting previously unselected package libapr1:i386.
#6 14.68 Preparing to unpack .../09-libapr1_1.7.0-6+deb11u2_i386.deb ...
#6 14.68 Unpacking libapr1:i386 (1.7.0-6+deb11u2) ...
#6 14.71 Selecting previously unselected package libaprutil1:i386.
#6 14.71 Preparing to unpack .../10-libaprutil1_1.6.1-5+deb11u1_i386.deb ...
#6 14.72 Unpacking libaprutil1:i386 (1.6.1-5+deb11u1) ...
#6 14.74 Selecting previously unselected package libsqlite3-0:i386.
#6 14.74 Preparing to unpack .../11-libsqlite3-0_3.34.1-3_i386.deb ...
#6 14.75 Unpacking libsqlite3-0:i386 (3.34.1-3) ...
#6 14.85 Selecting previously unselected package libaprutil1-dbd-sqlite3:i386.
#6 14.85 Preparing to unpack .../12-libaprutil1-dbd-sqlite3_1.6.1-5+deb11u1_i386.deb ...
#6 14.85 Unpacking libaprutil1-dbd-sqlite3:i386 (1.6.1-5+deb11u1) ...
#6 14.87 Selecting previously unselected package libsasl2-modules-db:i386.
#6 14.87 Preparing to unpack .../13-libsasl2-modules-db_2.1.27+dfsg-2.1+deb11u1_i386.deb ...
#6 14.87 Unpacking libsasl2-modules-db:i386 (2.1.27+dfsg-2.1+deb11u1) ...
#6 14.90 Selecting previously unselected package libsasl2-2:i386.
#6 14.90 Preparing to unpack .../14-libsasl2-2_2.1.27+dfsg-2.1+deb11u1_i386.deb ...
#6 14.90 Unpacking libsasl2-2:i386 (2.1.27+dfsg-2.1+deb11u1) ...
#6 14.93 Selecting previously unselected package libldap-2.4-2:i386.
#6 14.93 Preparing to unpack .../15-libldap-2.4-2_2.4.57+dfsg-3+deb11u1_i386.deb ...
#6 14.93 Unpacking libldap-2.4-2:i386 (2.4.57+dfsg-3+deb11u1) ...
#6 14.98 Selecting previously unselected package libaprutil1-ldap:i386.
#6 14.98 Preparing to unpack .../16-libaprutil1-ldap_1.6.1-5+deb11u1_i386.deb ...
#6 14.98 Unpacking libaprutil1-ldap:i386 (1.6.1-5+deb11u1) ...
#6 15.00 Selecting previously unselected package libbrotli1:i386.
#6 15.00 Preparing to unpack .../17-libbrotli1_1.0.9-2+b2_i386.deb ...
#6 15.00 Unpacking libbrotli1:i386 (1.0.9-2+b2) ...
#6 15.05 Selecting previously unselected package libnghttp2-14:i386.
#6 15.05 Preparing to unpack .../18-libnghttp2-14_1.43.0-1_i386.deb ...
#6 15.06 Unpacking libnghttp2-14:i386 (1.43.0-1) ...
#6 15.09 Selecting previously unselected package libpsl5:i386.
#6 15.09 Preparing to unpack .../19-libpsl5_0.21.0-1.2_i386.deb ...
#6 15.09 Unpacking libpsl5:i386 (0.21.0-1.2) ...
#6 15.11 Selecting previously unselected package librtmp1:i386.
#6 15.11 Preparing to unpack .../20-librtmp1_2.4+20151223.gitfa8646d.1-2+b2_i386.deb ...
#6 15.12 Unpacking librtmp1:i386 (2.4+20151223.gitfa8646d.1-2+b2) ...
#6 15.14 Selecting previously unselected package libssh2-1:i386.
#6 15.14 Preparing to unpack .../21-libssh2-1_1.9.0-2_i386.deb ...
#6 15.14 Unpacking libssh2-1:i386 (1.9.0-2) ...
#6 15.18 Selecting previously unselected package libcurl4:i386.
#6 15.18 Preparing to unpack .../22-libcurl4_7.74.0-1.3+deb11u7_i386.deb ...
#6 15.18 Unpacking libcurl4:i386 (7.74.0-1.3+deb11u7) ...
#6 15.24 Selecting previously unselected package libjansson4:i386.
#6 15.24 Preparing to unpack .../23-libjansson4_2.13.1-1.1_i386.deb ...
#6 15.24 Unpacking libjansson4:i386 (2.13.1-1.1) ...
#6 15.26 Selecting previously unselected package liblua5.3-0:i386.
#6 15.26 Preparing to unpack .../24-liblua5.3-0_5.3.3-1.1+b1_i386.deb ...
#6 15.26 Unpacking liblua5.3-0:i386 (5.3.3-1.1+b1) ...
#6 15.30 Selecting previously unselected package libicu67:i386.
#6 15.30 Preparing to unpack .../25-libicu67_67.1-7_i386.deb ...
#6 15.30 Unpacking libicu67:i386 (67.1-7) ...
#6 16.36 Selecting previously unselected package libxml2:i386.
#6 16.36 Preparing to unpack .../26-libxml2_2.9.10+dfsg-6.7+deb11u3_i386.deb ...
#6 16.36 Unpacking libxml2:i386 (2.9.10+dfsg-6.7+deb11u3) ...
#6 16.47 Selecting previously unselected package apache2-bin.
#6 16.47 Preparing to unpack .../27-apache2-bin_2.4.54-1~deb11u1_i386.deb ...
#6 16.47 Unpacking apache2-bin (2.4.54-1~deb11u1) ...
#6 16.65 Selecting previously unselected package apache2-data.
#6 16.65 Preparing to unpack .../28-apache2-data_2.4.54-1~deb11u1_all.deb ...
#6 16.65 Unpacking apache2-data (2.4.54-1~deb11u1) ...
#6 16.71 Selecting previously unselected package apache2-utils.
#6 16.71 Preparing to unpack .../29-apache2-utils_2.4.54-1~deb11u1_i386.deb ...
#6 16.71 Unpacking apache2-utils (2.4.54-1~deb11u1) ...
#6 16.74 Selecting previously unselected package media-types.
#6 16.74 Preparing to unpack .../30-media-types_4.0.0_all.deb ...
#6 16.74 Unpacking media-types (4.0.0) ...
#6 16.77 Selecting previously unselected package mailcap.
#6 16.77 Preparing to unpack .../31-mailcap_3.69_all.deb ...
#6 16.77 Unpacking mailcap (3.69) ...
#6 16.79 Selecting previously unselected package mime-support.
#6 16.79 Preparing to unpack .../32-mime-support_3.66_all.deb ...
#6 16.79 Unpacking mime-support (3.66) ...
#6 16.82 Selecting previously unselected package libncurses6:i386.
#6 16.82 Preparing to unpack .../33-libncurses6_6.2+20201114-2_i386.deb ...
#6 16.82 Unpacking libncurses6:i386 (6.2+20201114-2) ...
#6 16.85 Selecting previously unselected package libncursesw6:i386.
#6 16.85 Preparing to unpack .../34-libncursesw6_6.2+20201114-2_i386.deb ...
#6 16.85 Unpacking libncursesw6:i386 (6.2+20201114-2) ...
#6 16.89 Selecting previously unselected package libprocps8:i386.
#6 16.89 Preparing to unpack .../35-libprocps8_2%3a3.3.17-5_i386.deb ...
#6 16.89 Unpacking libprocps8:i386 (2:3.3.17-5) ...
#6 16.92 Selecting previously unselected package procps.
#6 16.92 Preparing to unpack .../36-procps_2%3a3.3.17-5_i386.deb ...
#6 16.93 Unpacking procps (2:3.3.17-5) ...
#6 17.01 Selecting previously unselected package apache2.
#6 17.01 Preparing to unpack .../37-apache2_2.4.54-1~deb11u1_i386.deb ...
#6 17.02 Unpacking apache2 (2.4.54-1~deb11u1) ...
#6 17.07 Selecting previously unselected package fonts-droid-fallback.
#6 17.07 Preparing to unpack .../38-fonts-droid-fallback_1%3a6.0.1r16-1.1_all.deb ...
#6 17.09 Unpacking fonts-droid-fallback (1:6.0.1r16-1.1) ...
#6 17.33 Selecting previously unselected package libgomp1:i386.
#6 17.33 Preparing to unpack .../39-libgomp1_10.2.1-6_i386.deb ...
#6 17.34 Unpacking libgomp1:i386 (10.2.1-6) ...
#6 17.37 Selecting previously unselected package libfftw3-double3:i386.
#6 17.37 Preparing to unpack .../40-libfftw3-double3_3.3.8-2_i386.deb ...
#6 17.37 Unpacking libfftw3-double3:i386 (3.3.8-2) ...
#6 17.47 Selecting previously unselected package libpng16-16:i386.
#6 17.47 Preparing to unpack .../41-libpng16-16_1.6.37-3_i386.deb ...
#6 17.47 Unpacking libpng16-16:i386 (1.6.37-3) ...
#6 17.51 Selecting previously unselected package libfreetype6:i386.
#6 17.51 Preparing to unpack .../42-libfreetype6_2.10.4+dfsg-1+deb11u1_i386.deb ...
#6 17.52 Unpacking libfreetype6:i386 (2.10.4+dfsg-1+deb11u1) ...
#6 17.58 Selecting previously unselected package sensible-utils.
#6 17.59 Preparing to unpack .../43-sensible-utils_0.0.14_all.deb ...
#6 17.59 Unpacking sensible-utils (0.0.14) ...
#6 17.61 Selecting previously unselected package ucf.
#6 17.62 Preparing to unpack .../44-ucf_3.0043_all.deb ...
#6 17.62 Moving old data out of the way
#6 17.62 Unpacking ucf (3.0043) ...
#6 17.64 Selecting previously unselected package fonts-dejavu-core.
#6 17.64 Preparing to unpack .../45-fonts-dejavu-core_2.37-2_all.deb ...
#6 17.64 Unpacking fonts-dejavu-core (2.37-2) ...
#6 17.79 Selecting previously unselected package fonts-urw-base35.
#6 17.79 Preparing to unpack .../46-fonts-urw-base35_20200910-1_all.deb ...
#6 17.84 Unpacking fonts-urw-base35 (20200910-1) ...
#6 18.34 Selecting previously unselected package fontconfig-config.
#6 18.34 Preparing to unpack .../47-fontconfig-config_2.13.1-4.2_all.deb ...
#6 18.45 Unpacking fontconfig-config (2.13.1-4.2) ...
#6 18.48 Selecting previously unselected package libfontconfig1:i386.
#6 18.49 Preparing to unpack .../48-libfontconfig1_2.13.1-4.2_i386.deb ...
#6 18.49 Unpacking libfontconfig1:i386 (2.13.1-4.2) ...
#6 18.53 Selecting previously unselected package libaom0:i386.
#6 18.53 Preparing to unpack .../49-libaom0_1.0.0.errata1-3_i386.deb ...
#6 18.53 Unpacking libaom0:i386 (1.0.0.errata1-3) ...
#6 18.68 Selecting previously unselected package libdav1d4:i386.
#6 18.68 Preparing to unpack .../50-libdav1d4_0.7.1-3_i386.deb ...
#6 18.69 Unpacking libdav1d4:i386 (0.7.1-3) ...
#6 18.74 Selecting previously unselected package libde265-0:i386.
#6 18.74 Preparing to unpack .../51-libde265-0_1.0.11-0+deb11u1_i386.deb ...
#6 18.74 Unpacking libde265-0:i386 (1.0.11-0+deb11u1) ...
#6 18.78 Selecting previously unselected package libnuma1:i386.
#6 18.78 Preparing to unpack .../52-libnuma1_2.0.12-1+b1_i386.deb ...
#6 18.78 Unpacking libnuma1:i386 (2.0.12-1+b1) ...
#6 18.81 Selecting previously unselected package libx265-192:i386.
#6 18.81 Preparing to unpack .../53-libx265-192_3.4-2_i386.deb ...
#6 18.81 Unpacking libx265-192:i386 (3.4-2) ...
#6 18.91 Selecting previously unselected package libheif1:i386.
#6 18.91 Preparing to unpack .../54-libheif1_1.11.0-1_i386.deb ...
#6 18.91 Unpacking libheif1:i386 (1.11.0-1) ...
#6 18.95 Selecting previously unselected package libjbig0:i386.
#6 18.95 Preparing to unpack .../55-libjbig0_2.1-3.1+b2_i386.deb ...
#6 18.95 Unpacking libjbig0:i386 (2.1-3.1+b2) ...
#6 18.97 Selecting previously unselected package libjpeg62-turbo:i386.
#6 18.97 Preparing to unpack .../56-libjpeg62-turbo_1%3a2.0.6-4_i386.deb ...
#6 18.98 Unpacking libjpeg62-turbo:i386 (1:2.0.6-4) ...
#6 19.01 Selecting previously unselected package liblcms2-2:i386.
#6 19.01 Preparing to unpack .../57-liblcms2-2_2.12~rc1-2_i386.deb ...
#6 19.01 Unpacking liblcms2-2:i386 (2.12~rc1-2) ...
#6 19.06 Selecting previously unselected package libglib2.0-0:i386.
#6 19.06 Preparing to unpack .../58-libglib2.0-0_2.66.8-1_i386.deb ...
#6 19.06 Unpacking libglib2.0-0:i386 (2.66.8-1) ...
#6 19.24 Selecting previously unselected package liblqr-1-0:i386.
#6 19.24 Preparing to unpack .../59-liblqr-1-0_0.4.2-2.1_i386.deb ...
#6 19.24 Unpacking liblqr-1-0:i386 (0.4.2-2.1) ...
#6 19.26 Selecting previously unselected package libltdl7:i386.
#6 19.26 Preparing to unpack .../60-libltdl7_2.4.6-15_i386.deb ...
#6 19.26 Unpacking libltdl7:i386 (2.4.6-15) ...
#6 19.29 Selecting previously unselected package libopenjp2-7:i386.
#6 19.29 Preparing to unpack .../61-libopenjp2-7_2.4.0-3_i386.deb ...
#6 19.30 Unpacking libopenjp2-7:i386 (2.4.0-3) ...
#6 19.34 Selecting previously unselected package libdeflate0:i386.
#6 19.34 Preparing to unpack .../62-libdeflate0_1.7-1_i386.deb ...
#6 19.34 Unpacking libdeflate0:i386 (1.7-1) ...
#6 19.36 Selecting previously unselected package libwebp6:i386.
#6 19.36 Preparing to unpack .../63-libwebp6_0.6.1-2.1_i386.deb ...
#6 19.37 Unpacking libwebp6:i386 (0.6.1-2.1) ...
#6 19.42 Selecting previously unselected package libtiff5:i386.
#6 19.42 Preparing to unpack .../64-libtiff5_4.2.0-1+deb11u4_i386.deb ...
#6 19.42 Unpacking libtiff5:i386 (4.2.0-1+deb11u4) ...
#6 19.47 Selecting previously unselected package libwebpdemux2:i386.
#6 19.47 Preparing to unpack .../65-libwebpdemux2_0.6.1-2.1_i386.deb ...
#6 19.47 Unpacking libwebpdemux2:i386 (0.6.1-2.1) ...
#6 19.50 Selecting previously unselected package libwebpmux3:i386.
#6 19.50 Preparing to unpack .../66-libwebpmux3_0.6.1-2.1_i386.deb ...
#6 19.50 Unpacking libwebpmux3:i386 (0.6.1-2.1) ...
#6 19.53 Selecting previously unselected package libxau6:i386.
#6 19.53 Preparing to unpack .../67-libxau6_1%3a1.0.9-1_i386.deb ...
#6 19.53 Unpacking libxau6:i386 (1:1.0.9-1) ...
#6 19.55 Selecting previously unselected package libmd0:i386.
#6 19.55 Preparing to unpack .../68-libmd0_1.0.3-3_i386.deb ...
#6 19.55 Unpacking libmd0:i386 (1.0.3-3) ...
#6 19.58 Selecting previously unselected package libbsd0:i386.
#6 19.58 Preparing to unpack .../69-libbsd0_0.11.3-1_i386.deb ...
#6 19.58 Unpacking libbsd0:i386 (0.11.3-1) ...
#6 19.61 Selecting previously unselected package libxdmcp6:i386.
#6 19.61 Preparing to unpack .../70-libxdmcp6_1%3a1.1.2-3_i386.deb ...
#6 19.61 Unpacking libxdmcp6:i386 (1:1.1.2-3) ...
#6 19.63 Selecting previously unselected package libxcb1:i386.
#6 19.64 Preparing to unpack .../71-libxcb1_1.14-3_i386.deb ...
#6 19.64 Unpacking libxcb1:i386 (1.14-3) ...
#6 19.67 Selecting previously unselected package libx11-data.
#6 19.67 Preparing to unpack .../72-libx11-data_2%3a1.7.2-1_all.deb ...
#6 19.67 Unpacking libx11-data (2:1.7.2-1) ...
#6 19.74 Selecting previously unselected package libx11-6:i386.
#6 19.74 Preparing to unpack .../73-libx11-6_2%3a1.7.2-1_i386.deb ...
#6 19.74 Unpacking libx11-6:i386 (2:1.7.2-1) ...
#6 19.84 Selecting previously unselected package libxext6:i386.
#6 19.84 Preparing to unpack .../74-libxext6_2%3a1.3.3-1.1_i386.deb ...
#6 19.84 Unpacking libxext6:i386 (2:1.3.3-1.1) ...
#6 19.86 Selecting previously unselected package imagemagick-6-common.
#6 19.86 Preparing to unpack .../75-imagemagick-6-common_8%3a6.9.11.60+dfsg-1.3+deb11u1_all.deb ...
#6 19.86 Unpacking imagemagick-6-common (8:6.9.11.60+dfsg-1.3+deb11u1) ...
#6 19.89 Selecting previously unselected package libmagickcore-6.q16-6:i386.
#6 19.89 Preparing to unpack .../76-libmagickcore-6.q16-6_8%3a6.9.11.60+dfsg-1.3+deb11u1_i386.deb ...
#6 19.90 Unpacking libmagickcore-6.q16-6:i386 (8:6.9.11.60+dfsg-1.3+deb11u1) ...
#6 20.14 Selecting previously unselected package libmagickwand-6.q16-6:i386.
#6 20.14 Preparing to unpack .../77-libmagickwand-6.q16-6_8%3a6.9.11.60+dfsg-1.3+deb11u1_i386.deb ...
#6 20.14 Unpacking libmagickwand-6.q16-6:i386 (8:6.9.11.60+dfsg-1.3+deb11u1) ...
#6 20.21 Selecting previously unselected package psmisc.
#6 20.21 Preparing to unpack .../78-psmisc_23.4-2_i386.deb ...
#6 20.21 Unpacking psmisc (23.4-2) ...
#6 20.25 Selecting previously unselected package php-common.
#6 20.26 Preparing to unpack .../79-php-common_2%3a76_all.deb ...
#6 20.26 Unpacking php-common (2:76) ...
#6 20.28 Selecting previously unselected package libedit2:i386.
#6 20.28 Preparing to unpack .../80-libedit2_3.1-20191231-2+b1_i386.deb ...
#6 20.28 Unpacking libedit2:i386 (3.1-20191231-2+b1) ...
#6 20.31 Selecting previously unselected package libmagic-mgc.
#6 20.31 Preparing to unpack .../81-libmagic-mgc_1%3a5.39-3_i386.deb ...
#6 20.31 Unpacking libmagic-mgc (1:5.39-3) ...
#6 20.38 Selecting previously unselected package libmagic1:i386.
#6 20.38 Preparing to unpack .../82-libmagic1_1%3a5.39-3_i386.deb ...
#6 20.38 Unpacking libmagic1:i386 (1:5.39-3) ...
#6 20.42 Selecting previously unselected package php7.4-common.
#6 20.42 Preparing to unpack .../83-php7.4-common_7.4.33-1+deb11u3_i386.deb ...
#6 20.43 Unpacking php7.4-common (7.4.33-1+deb11u3) ...
#6 20.55 Selecting previously unselected package php7.4-json.
#6 20.55 Preparing to unpack .../84-php7.4-json_7.4.33-1+deb11u3_i386.deb ...
#6 20.56 Unpacking php7.4-json (7.4.33-1+deb11u3) ...
#6 20.58 Selecting previously unselected package php7.4-opcache.
#6 20.58 Preparing to unpack .../85-php7.4-opcache_7.4.33-1+deb11u3_i386.deb ...
#6 20.58 Unpacking php7.4-opcache (7.4.33-1+deb11u3) ...
#6 20.63 Selecting previously unselected package php7.4-readline.
#6 20.63 Preparing to unpack .../86-php7.4-readline_7.4.33-1+deb11u3_i386.deb ...
#6 20.63 Unpacking php7.4-readline (7.4.33-1+deb11u3) ...
#6 20.65 Selecting previously unselected package libargon2-1:i386.
#6 20.65 Preparing to unpack .../87-libargon2-1_0~20171227-0.2_i386.deb ...
#6 20.65 Unpacking libargon2-1:i386 (0~20171227-0.2) ...
#6 20.67 Selecting previously unselected package libsodium23:i386.
#6 20.67 Preparing to unpack .../88-libsodium23_1.0.18-1_i386.deb ...
#6 20.68 Unpacking libsodium23:i386 (1.0.18-1) ...
#6 20.71 Selecting previously unselected package php7.4-cli.
#6 20.71 Preparing to unpack .../89-php7.4-cli_7.4.33-1+deb11u3_i386.deb ...
#6 20.72 Unpacking php7.4-cli (7.4.33-1+deb11u3) ...
#6 20.91 Selecting previously unselected package libapache2-mod-php7.4.
#6 20.91 Preparing to unpack .../90-libapache2-mod-php7.4_7.4.33-1+deb11u3_i386.deb ...
#6 20.91 Unpacking libapache2-mod-php7.4 (7.4.33-1+deb11u3) ...
#6 21.11 Setting up psmisc (23.4-2) ...
#6 21.12 Setting up php-common (2:76) ...
#6 21.31 Selecting previously unselected package php-imagick.
#6 21.31 (Reading database ... (Reading database ... 5%(Reading database ... 10%(Reading database ... 15%(Reading database ... 20%(Reading database ... 25%(Reading database ... 30%(Reading database ... 35%(Reading database ... 40%(Reading database ... 45%(Reading database ... 50%(Reading database ... 55%(Reading database ... 60%(Reading database ... 65%(Reading database ... 70%(Reading database ... 75%(Reading database ... 80%(Reading database ... 85%(Reading database ... 90%(Reading database ... 95%(Reading database ... 100%(Reading database ... 11073 files and directories currently installed.)
#6 21.32 Preparing to unpack .../000-php-imagick_3.4.4+php8.0+3.4.4-2+deb11u2_i386.deb ...
#6 21.33 Unpacking php-imagick (3.4.4+php8.0+3.4.4-2+deb11u2) ...
#6 21.36 Selecting previously unselected package poppler-data.
#6 21.36 Preparing to unpack .../001-poppler-data_0.4.10-1_all.deb ...
#6 21.37 Unpacking poppler-data (0.4.10-1) ...
#6 21.68 Selecting previously unselected package less.
#6 21.69 Preparing to unpack .../002-less_551-2_i386.deb ...
#6 21.69 Unpacking less (551-2) ...
#6 21.72 Selecting previously unselected package netbase.
#6 21.73 Preparing to unpack .../003-netbase_6.3_all.deb ...
#6 21.73 Unpacking netbase (6.3) ...
#6 21.74 Selecting previously unselected package bzip2.
#6 21.75 Preparing to unpack .../004-bzip2_1.0.8-4_i386.deb ...
#6 21.75 Unpacking bzip2 (1.0.8-4) ...
#6 21.77 Selecting previously unselected package openssl.
#6 21.77 Preparing to unpack .../005-openssl_1.1.1n-0+deb11u4_i386.deb ...
#6 21.77 Unpacking openssl (1.1.1n-0+deb11u4) ...
#6 21.88 Selecting previously unselected package ca-certificates.
#6 21.88 Preparing to unpack .../006-ca-certificates_20210119_all.deb ...
#6 21.88 Unpacking ca-certificates (20210119) ...
#6 21.93 Selecting previously unselected package file.
#6 21.93 Preparing to unpack .../007-file_1%3a5.39-3_i386.deb ...
#6 21.93 Unpacking file (1:5.39-3) ...
#6 21.96 Selecting previously unselected package libcbor0:i386.
#6 21.96 Preparing to unpack .../008-libcbor0_0.5.0+dfsg-2_i386.deb ...
#6 21.96 Unpacking libcbor0:i386 (0.5.0+dfsg-2) ...
#6 21.99 Selecting previously unselected package libfido2-1:i386.
#6 21.99 Preparing to unpack .../009-libfido2-1_1.6.0-2_i386.deb ...
#6 21.99 Unpacking libfido2-1:i386 (1.6.0-2) ...
#6 22.02 Selecting previously unselected package openssh-client.
#6 22.02 Preparing to unpack .../010-openssh-client_1%3a8.4p1-5+deb11u1_i386.deb ...
#6 22.03 Unpacking openssh-client (1:8.4p1-5+deb11u1) ...
#6 22.15 Selecting previously unselected package xz-utils.
#6 22.15 Preparing to unpack .../011-xz-utils_5.2.5-2.1~deb11u1_i386.deb ...
#6 22.15 Unpacking xz-utils (5.2.5-2.1~deb11u1) ...
#6 22.20 Selecting previously unselected package fontconfig.
#6 22.20 Preparing to unpack .../012-fontconfig_2.13.1-4.2_i386.deb ...
#6 22.20 Unpacking fontconfig (2.13.1-4.2) ...
#6 22.24 Selecting previously unselected package fonts-noto-mono.
#6 22.24 Preparing to unpack .../013-fonts-noto-mono_20201225-1_all.deb ...
#6 22.25 Unpacking fonts-noto-mono (20201225-1) ...
#6 22.31 Selecting previously unselected package libgs9-common.
#6 22.31 Preparing to unpack .../014-libgs9-common_9.53.3~dfsg-7+deb11u2_all.deb ...
#6 22.31 Unpacking libgs9-common (9.53.3~dfsg-7+deb11u2) ...
#6 22.45 Selecting previously unselected package libavahi-common-data:i386.
#6 22.45 Preparing to unpack .../015-libavahi-common-data_0.8-5+deb11u1_i386.deb ...
#6 22.45 Unpacking libavahi-common-data:i386 (0.8-5+deb11u1) ...
#6 22.49 Selecting previously unselected package libavahi-common3:i386.
#6 22.49 Preparing to unpack .../016-libavahi-common3_0.8-5+deb11u1_i386.deb ...
#6 22.49 Unpacking libavahi-common3:i386 (0.8-5+deb11u1) ...
#6 22.51 Selecting previously unselected package libavahi-client3:i386.
#6 22.51 Preparing to unpack .../017-libavahi-client3_0.8-5+deb11u1_i386.deb ...
#6 22.52 Unpacking libavahi-client3:i386 (0.8-5+deb11u1) ...
#6 22.54 Selecting previously unselected package libcups2:i386.
#6 22.54 Preparing to unpack .../018-libcups2_2.3.3op2-3+deb11u2_i386.deb ...
#6 22.55 Unpacking libcups2:i386 (2.3.3op2-3+deb11u2) ...
#6 22.60 Selecting previously unselected package libidn11:i386.
#6 22.60 Preparing to unpack .../019-libidn11_1.33-3_i386.deb ...
#6 22.60 Unpacking libidn11:i386 (1.33-3) ...
#6 22.64 Selecting previously unselected package libijs-0.35:i386.
#6 22.64 Preparing to unpack .../020-libijs-0.35_0.35-15_i386.deb ...
#6 22.64 Unpacking libijs-0.35:i386 (0.35-15) ...
#6 22.66 Selecting previously unselected package libjbig2dec0:i386.
#6 22.66 Preparing to unpack .../021-libjbig2dec0_0.19-2_i386.deb ...
#6 22.67 Unpacking libjbig2dec0:i386 (0.19-2) ...
#6 22.70 Selecting previously unselected package libpaper1:i386.
#6 22.70 Preparing to unpack .../022-libpaper1_1.1.28+b1_i386.deb ...
#6 22.70 Unpacking libpaper1:i386 (1.1.28+b1) ...
#6 22.73 Selecting previously unselected package libgs9:i386.
#6 22.73 Preparing to unpack .../023-libgs9_9.53.3~dfsg-7+deb11u2_i386.deb ...
#6 22.73 Unpacking libgs9:i386 (9.53.3~dfsg-7+deb11u2) ...
#6 23.04 Selecting previously unselected package ghostscript.
#6 23.04 Preparing to unpack .../024-ghostscript_9.53.3~dfsg-7+deb11u2_i386.deb ...
#6 23.04 Unpacking ghostscript (9.53.3~dfsg-7+deb11u2) ...
#6 23.07 Selecting previously unselected package libcurl3-gnutls:i386.
#6 23.08 Preparing to unpack .../025-libcurl3-gnutls_7.74.0-1.3+deb11u7_i386.deb ...
#6 23.08 Unpacking libcurl3-gnutls:i386 (7.74.0-1.3+deb11u7) ...
#6 23.14 Selecting previously unselected package liberror-perl.
#6 23.14 Preparing to unpack .../026-liberror-perl_0.17029-1_all.deb ...
#6 23.14 Unpacking liberror-perl (0.17029-1) ...
#6 23.16 Selecting previously unselected package git-man.
#6 23.16 Preparing to unpack .../027-git-man_1%3a2.30.2-1+deb11u2_all.deb ...
#6 23.16 Unpacking git-man (1:2.30.2-1+deb11u2) ...
#6 23.31 Selecting previously unselected package git.
#6 23.31 Preparing to unpack .../028-git_1%3a2.30.2-1+deb11u2_i386.deb ...
#6 23.33 Unpacking git (1:2.30.2-1+deb11u2) ...
#6 24.07 Selecting previously unselected package gsfonts.
#6 24.07 Preparing to unpack .../029-gsfonts_1%3a8.11+urwcyr1.0.7~pre44-4.5_all.deb ...
#6 24.08 Unpacking gsfonts (1:8.11+urwcyr1.0.7~pre44-4.5) ...
#6 24.37 Selecting previously unselected package javascript-common.
#6 24.37 Preparing to unpack .../030-javascript-common_11+nmu1_all.deb ...
#6 24.38 Unpacking javascript-common (11+nmu1) ...
#6 24.40 Selecting previously unselected package libpixman-1-0:i386.
#6 24.40 Preparing to unpack .../031-libpixman-1-0_0.40.0-1.1~deb11u1_i386.deb ...
#6 24.40 Unpacking libpixman-1-0:i386 (0.40.0-1.1~deb11u1) ...
#6 24.46 Selecting previously unselected package libxcb-render0:i386.
#6 24.46 Preparing to unpack .../032-libxcb-render0_1.14-3_i386.deb ...
#6 24.46 Unpacking libxcb-render0:i386 (1.14-3) ...
#6 24.50 Selecting previously unselected package libxcb-shm0:i386.
#6 24.50 Preparing to unpack .../033-libxcb-shm0_1.14-3_i386.deb ...
#6 24.50 Unpacking libxcb-shm0:i386 (1.14-3) ...
#6 24.53 Selecting previously unselected package libxrender1:i386.
#6 24.53 Preparing to unpack .../034-libxrender1_1%3a0.9.10-1_i386.deb ...
#6 24.53 Unpacking libxrender1:i386 (1:0.9.10-1) ...
#6 24.55 Selecting previously unselected package libcairo2:i386.
#6 24.55 Preparing to unpack .../035-libcairo2_1.16.0-5_i386.deb ...
#6 24.56 Unpacking libcairo2:i386 (1.16.0-5) ...
#6 24.66 Selecting previously unselected package libdatrie1:i386.
#6 24.66 Preparing to unpack .../036-libdatrie1_0.2.13-1_i386.deb ...
#6 24.66 Unpacking libdatrie1:i386 (0.2.13-1) ...
#6 24.68 Selecting previously unselected package libdjvulibre-text.
#6 24.68 Preparing to unpack .../037-libdjvulibre-text_3.5.28-2_all.deb ...
#6 24.69 Unpacking libdjvulibre-text (3.5.28-2) ...
#6 24.72 Selecting previously unselected package libdjvulibre21:i386.
#6 24.72 Preparing to unpack .../038-libdjvulibre21_3.5.28-2_i386.deb ...
#6 24.72 Unpacking libdjvulibre21:i386 (3.5.28-2) ...
#6 24.83 Selecting previously unselected package libfribidi0:i386.
#6 24.83 Preparing to unpack .../039-libfribidi0_1.0.8-2+deb11u1_i386.deb ...
#6 24.83 Unpacking libfribidi0:i386 (1.0.8-2+deb11u1) ...
#6 24.86 Selecting previously unselected package libxpm4:i386.
#6 24.86 Preparing to unpack .../040-libxpm4_1%3a3.5.12-1_i386.deb ...
#6 24.86 Unpacking libxpm4:i386 (1:3.5.12-1) ...
#6 24.89 Selecting previously unselected package libgd3:i386.
#6 24.89 Preparing to unpack .../041-libgd3_2.3.0-2_i386.deb ...
#6 24.89 Unpacking libgd3:i386 (2.3.0-2) ...
#6 24.92 Selecting previously unselected package libglib2.0-data.
#6 24.92 Preparing to unpack .../042-libglib2.0-data_2.66.8-1_all.deb ...
#6 24.93 Unpacking libglib2.0-data (2.66.8-1) ...
#6 25.10 Selecting previously unselected package libgpm2:i386.
#6 25.10 Preparing to unpack .../043-libgpm2_1.20.7-8_i386.deb ...
#6 25.10 Unpacking libgpm2:i386 (1.20.7-8) ...
#6 25.12 Selecting previously unselected package libgraphite2-3:i386.
#6 25.12 Preparing to unpack .../044-libgraphite2-3_1.3.14-1_i386.deb ...
#6 25.13 Unpacking libgraphite2-3:i386 (1.3.14-1) ...
#6 25.16 Selecting previously unselected package libharfbuzz0b:i386.
#6 25.16 Preparing to unpack .../045-libharfbuzz0b_2.7.4-1_i386.deb ...
#6 25.16 Unpacking libharfbuzz0b:i386 (2.7.4-1) ...
#6 25.23 Selecting previously unselected package libilmbase25:i386.
#6 25.23 Preparing to unpack .../046-libilmbase25_2.5.4-1_i386.deb ...
#6 25.23 Unpacking libilmbase25:i386 (2.5.4-1) ...
#6 25.28 Selecting previously unselected package libjs-popper.js.
#6 25.28 Preparing to unpack .../047-libjs-popper.js_1.16.1+ds-3_all.deb ...
#6 25.28 Unpacking libjs-popper.js (1.16.1+ds-3) ...
#6 25.31 Selecting previously unselected package libjs-bootstrap4.
#6 25.31 Preparing to unpack .../048-libjs-bootstrap4_4.5.2+dfsg1-8~deb11u1_all.deb ...
#6 25.32 Unpacking libjs-bootstrap4 (4.5.2+dfsg1-8~deb11u1) ...
#6 25.59 Selecting previously unselected package libjs-d3.
#6 25.59 Preparing to unpack .../049-libjs-d3_3.5.17-4_all.deb ...
#6 25.59 Unpacking libjs-d3 (3.5.17-4) ...
#6 25.62 Selecting previously unselected package libjs-jquery.
#6 25.62 Preparing to unpack .../050-libjs-jquery_3.5.1+dfsg+~3.5.5-7_all.deb ...
#6 25.63 Unpacking libjs-jquery (3.5.1+dfsg+~3.5.5-7) ...
#6 25.74 Selecting previously unselected package libjs-sizzle.
#6 25.75 Preparing to unpack .../051-libjs-sizzle_2.3.5+ds-2_all.deb ...
#6 25.75 Unpacking libjs-sizzle (2.3.5+ds-2) ...
#6 25.83 Selecting previously unselected package libjxr0:i386.
#6 25.83 Preparing to unpack .../052-libjxr0_1.1-6+b1_i386.deb ...
#6 25.83 Unpacking libjxr0:i386 (1.1-6+b1) ...
#6 25.88 Selecting previously unselected package libjxr-tools.
#6 25.88 Preparing to unpack .../053-libjxr-tools_1.1-6+b1_i386.deb ...
#6 25.88 Unpacking libjxr-tools (1.1-6+b1) ...
#6 25.90 Selecting previously unselected package libldap-common.
#6 25.90 Preparing to unpack .../054-libldap-common_2.4.57+dfsg-3+deb11u1_all.deb ...
#6 25.90 Unpacking libldap-common (2.4.57+dfsg-3+deb11u1) ...
#6 25.93 Selecting previously unselected package libopenexr25:i386.
#6 25.93 Preparing to unpack .../055-libopenexr25_2.5.4-2+deb11u1_i386.deb ...
#6 25.93 Unpacking libopenexr25:i386 (2.5.4-2+deb11u1) ...
#6 26.04 Selecting previously unselected package libthai-data.
#6 26.04 Preparing to unpack .../056-libthai-data_0.1.28-3_all.deb ...
#6 26.04 Unpacking libthai-data (0.1.28-3) ...
#6 26.09 Selecting previously unselected package libthai0:i386.
#6 26.09 Preparing to unpack .../057-libthai0_0.1.28-3_i386.deb ...
#6 26.09 Unpacking libthai0:i386 (0.1.28-3) ...
#6 26.12 Selecting previously unselected package libpango-1.0-0:i386.
#6 26.12 Preparing to unpack .../058-libpango-1.0-0_1.46.2-3_i386.deb ...
#6 26.12 Unpacking libpango-1.0-0:i386 (1.46.2-3) ...
#6 26.16 Selecting previously unselected package libpangoft2-1.0-0:i386.
#6 26.16 Preparing to unpack .../059-libpangoft2-1.0-0_1.46.2-3_i386.deb ...
#6 26.17 Unpacking libpangoft2-1.0-0:i386 (1.46.2-3) ...
#6 26.19 Selecting previously unselected package libpangocairo-1.0-0:i386.
#6 26.19 Preparing to unpack .../060-libpangocairo-1.0-0_1.46.2-3_i386.deb ...
#6 26.20 Unpacking libpangocairo-1.0-0:i386 (1.46.2-3) ...
#6 26.22 Selecting previously unselected package libwmf0.2-7:i386.
#6 26.22 Preparing to unpack .../061-libwmf0.2-7_0.2.8.4-17_i386.deb ...
#6 26.22 Unpacking libwmf0.2-7:i386 (0.2.8.4-17) ...
#6 26.26 Selecting previously unselected package libmagickcore-6.q16-6-extra:i386.
#6 26.26 Preparing to unpack .../062-libmagickcore-6.q16-6-extra_8%3a6.9.11.60+dfsg-1.3+deb11u1_i386.deb ...
#6 26.26 Unpacking libmagickcore-6.q16-6-extra:i386 (8:6.9.11.60+dfsg-1.3+deb11u1) ...
#6 26.29 Selecting previously unselected package libonig5:i386.
#6 26.29 Preparing to unpack .../063-libonig5_6.9.6-1.1_i386.deb ...
#6 26.30 Unpacking libonig5:i386 (6.9.6-1.1) ...
#6 26.34 Selecting previously unselected package libpaper-utils.
#6 26.34 Preparing to unpack .../064-libpaper-utils_1.1.28+b1_i386.deb ...
#6 26.34 Unpacking libpaper-utils (1.1.28+b1) ...
#6 26.36 Selecting previously unselected package libsasl2-modules:i386.
#6 26.37 Preparing to unpack .../065-libsasl2-modules_2.1.27+dfsg-2.1+deb11u1_i386.deb ...
#6 26.37 Unpacking libsasl2-modules:i386 (2.1.27+dfsg-2.1+deb11u1) ...
#6 26.40 Selecting previously unselected package libxmuu1:i386.
#6 26.40 Preparing to unpack .../066-libxmuu1_2%3a1.1.2-2+b3_i386.deb ...
#6 26.40 Unpacking libxmuu1:i386 (2:1.1.2-2+b3) ...
#6 26.43 Selecting previously unselected package libxslt1.1:i386.
#6 26.43 Preparing to unpack .../067-libxslt1.1_1.1.34-4+deb11u1_i386.deb ...
#6 26.43 Unpacking libxslt1.1:i386 (1.1.34-4+deb11u1) ...
#6 26.47 Selecting previously unselected package libzip4:i386.
#6 26.47 Preparing to unpack .../068-libzip4_1.7.3-1_i386.deb ...
#6 26.47 Unpacking libzip4:i386 (1.7.3-1) ...
#6 26.50 Selecting previously unselected package node-jquery.
#6 26.50 Preparing to unpack .../069-node-jquery_3.5.1+dfsg+~3.5.5-7_all.deb ...
#6 26.50 Unpacking node-jquery (3.5.1+dfsg+~3.5.5-7) ...
#6 26.54 Selecting previously unselected package patch.
#6 26.54 Preparing to unpack .../070-patch_2.7.6-7_i386.deb ...
#6 26.54 Unpacking patch (2.7.6-7) ...
#6 26.57 Selecting previously unselected package php7.4.
#6 26.58 Preparing to unpack .../071-php7.4_7.4.33-1+deb11u3_all.deb ...
#6 26.58 Unpacking php7.4 (7.4.33-1+deb11u3) ...
#6 26.60 Selecting previously unselected package php.
#6 26.60 Preparing to unpack .../072-php_2%3a7.4+76_all.deb ...
#6 26.60 Unpacking php (2:7.4+76) ...
#6 26.63 Selecting previously unselected package php7.4-xml.
#6 26.63 Preparing to unpack .../073-php7.4-xml_7.4.33-1+deb11u3_i386.deb ...
#6 26.63 Unpacking php7.4-xml (7.4.33-1+deb11u3) ...
#6 26.66 Selecting previously unselected package php-xml.
#6 26.66 Preparing to unpack .../074-php-xml_2%3a7.4+76_all.deb ...
#6 26.66 Unpacking php-xml (2:7.4+76) ...
#6 26.68 Selecting previously unselected package php-parser.
#6 26.68 Preparing to unpack .../075-php-parser_4.10.4-1_all.deb ...
#6 26.68 Unpacking php-parser (4.10.4-1) ...
#6 26.74 Selecting previously unselected package php-file-iterator.
#6 26.75 Preparing to unpack .../076-php-file-iterator_3.0.5-2_all.deb ...
#6 26.75 Unpacking php-file-iterator (3.0.5-2) ...
#6 26.77 Selecting previously unselected package php-text-template.
#6 26.77 Preparing to unpack .../077-php-text-template_2.0.4-1_all.deb ...
#6 26.77 Unpacking php-text-template (2.0.4-1) ...
#6 26.78 Selecting previously unselected package phpunit-code-unit-reverse-lookup.
#6 26.79 Preparing to unpack .../078-phpunit-code-unit-reverse-lookup_2.0.3-2_all.deb ...
#6 26.79 Unpacking phpunit-code-unit-reverse-lookup (2.0.3-2) ...
#6 26.81 Selecting previously unselected package phpunit-complexity.
#6 26.81 Preparing to unpack .../079-phpunit-complexity_2.0.2-1_all.deb ...
#6 26.81 Unpacking phpunit-complexity (2.0.2-1) ...
#6 26.83 Selecting previously unselected package phpunit-environment.
#6 26.83 Preparing to unpack .../080-phpunit-environment_5.1.3-2_all.deb ...
#6 26.83 Unpacking phpunit-environment (5.1.3-2) ...
#6 26.85 Selecting previously unselected package phpunit-lines-of-code.
#6 26.85 Preparing to unpack .../081-phpunit-lines-of-code_1.0.3-1_all.deb ...
#6 26.85 Unpacking phpunit-lines-of-code (1.0.3-1) ...
#6 26.86 Selecting previously unselected package phpunit-version.
#6 26.87 Preparing to unpack .../082-phpunit-version_3.0.2-2_all.deb ...
#6 26.87 Unpacking phpunit-version (3.0.2-2) ...
#6 26.89 Selecting previously unselected package php-tokenizer.
#6 26.89 Preparing to unpack .../083-php-tokenizer_1.2.0-1_all.deb ...
#6 26.89 Unpacking php-tokenizer (1.2.0-1) ...
#6 26.92 Selecting previously unselected package php-codecoverage.
#6 26.93 Preparing to unpack .../084-php-codecoverage_9.2.5+dfsg-3_all.deb ...
#6 26.93 Unpacking php-codecoverage (9.2.5+dfsg-3) ...
#6 26.97 Selecting previously unselected package php-deepcopy.
#6 26.97 Preparing to unpack .../085-php-deepcopy_1.10.2-3_all.deb ...
#6 26.97 Unpacking php-deepcopy (1.10.2-3) ...
#6 26.99 Selecting previously unselected package php-doctrine-instantiator.
#6 27.00 Preparing to unpack .../086-php-doctrine-instantiator_1.4.0-1_all.deb ...
#6 27.00 Unpacking php-doctrine-instantiator (1.4.0-1) ...
#6 27.02 Selecting previously unselected package php-invoker.
#6 27.02 Preparing to unpack .../087-php-invoker_3.1.1-2_all.deb ...
#6 27.02 Unpacking php-invoker (3.1.1-2) ...
#6 27.04 Selecting previously unselected package php7.4-mbstring.
#6 27.04 Preparing to unpack .../088-php7.4-mbstring_7.4.33-1+deb11u3_i386.deb ...
#6 27.05 Unpacking php7.4-mbstring (7.4.33-1+deb11u3) ...
#6 27.11 Selecting previously unselected package php-mbstring.
#6 27.11 Preparing to unpack .../089-php-mbstring_2%3a7.4+76_all.deb ...
#6 27.11 Unpacking php-mbstring (2:7.4+76) ...
#6 27.13 Selecting previously unselected package php-phar-io-version.
#6 27.13 Preparing to unpack .../090-php-phar-io-version_3.0.4-1_all.deb ...
#6 27.13 Unpacking php-phar-io-version (3.0.4-1) ...
#6 27.15 Selecting previously unselected package php-phar-io-manifest.
#6 27.15 Preparing to unpack .../091-php-phar-io-manifest_2.0.1-2_all.deb ...
#6 27.16 Unpacking php-phar-io-manifest (2.0.1-2) ...
#6 27.18 Selecting previously unselected package php-phpdocumentor-reflection-common.
#6 27.18 Preparing to unpack .../092-php-phpdocumentor-reflection-common_2.2.0-1_all.deb ...
#6 27.18 Unpacking php-phpdocumentor-reflection-common (2.2.0-1) ...
#6 27.20 Selecting previously unselected package php-phpdocumentor-type-resolver.
#6 27.21 Preparing to unpack .../093-php-phpdocumentor-type-resolver_1.4.0-2_all.deb ...
#6 27.21 Unpacking php-phpdocumentor-type-resolver (1.4.0-2) ...
#6 27.23 Selecting previously unselected package php-webmozart-assert.
#6 27.23 Preparing to unpack .../094-php-webmozart-assert_1.9.1-2_all.deb ...
#6 27.23 Unpacking php-webmozart-assert (1.9.1-2) ...
#6 27.25 Selecting previously unselected package php-phpdocumentor-reflection-docblock.
#6 27.25 Preparing to unpack .../095-php-phpdocumentor-reflection-docblock_5.2.2-1_all.deb ...
#6 27.25 Unpacking php-phpdocumentor-reflection-docblock (5.2.2-1) ...
#6 27.28 Selecting previously unselected package phpunit-diff.
#6 27.28 Preparing to unpack .../096-phpunit-diff_4.0.4-1_all.deb ...
#6 27.28 Unpacking phpunit-diff (4.0.4-1) ...
#6 27.30 Selecting previously unselected package phpunit-recursion-context.
#6 27.30 Preparing to unpack .../097-phpunit-recursion-context_4.0.4-1_all.deb ...
#6 27.30 Unpacking phpunit-recursion-context (4.0.4-1) ...
#6 27.32 Selecting previously unselected package phpunit-exporter.
#6 27.32 Preparing to unpack .../098-phpunit-exporter_4.0.3-2_all.deb ...
#6 27.32 Unpacking phpunit-exporter (4.0.3-2) ...
#6 27.35 Selecting previously unselected package phpunit-comparator.
#6 27.35 Preparing to unpack .../099-phpunit-comparator_4.0.6-1_all.deb ...
#6 27.35 Unpacking phpunit-comparator (4.0.6-1) ...
#6 27.37 Selecting previously unselected package php-phpspec-prophecy.
#6 27.37 Preparing to unpack .../100-php-phpspec-prophecy_1.12.2-1_all.deb ...
#6 27.38 Unpacking php-phpspec-prophecy (1.12.2-1) ...
#6 27.41 Selecting previously unselected package php-timer.
#6 27.41 Preparing to unpack .../101-php-timer_5.0.3-2_all.deb ...
#6 27.41 Unpacking php-timer (5.0.3-2) ...
#6 27.44 Selecting previously unselected package php7.4-curl.
#6 27.44 Preparing to unpack .../102-php7.4-curl_7.4.33-1+deb11u3_i386.deb ...
#6 27.44 Unpacking php7.4-curl (7.4.33-1+deb11u3) ...
#6 27.47 Selecting previously unselected package php7.4-gd.
#6 27.47 Preparing to unpack .../103-php7.4-gd_7.4.33-1+deb11u3_i386.deb ...
#6 27.47 Unpacking php7.4-gd (7.4.33-1+deb11u3) ...
#6 27.50 Selecting previously unselected package php7.4-intl.
#6 27.50 Preparing to unpack .../104-php7.4-intl_7.4.33-1+deb11u3_i386.deb ...
#6 27.50 Unpacking php7.4-intl (7.4.33-1+deb11u3) ...
#6 27.54 Selecting previously unselected package php7.4-sqlite3.
#6 27.54 Preparing to unpack .../105-php7.4-sqlite3_7.4.33-1+deb11u3_i386.deb ...
#6 27.54 Unpacking php7.4-sqlite3 (7.4.33-1+deb11u3) ...
#6 27.56 Selecting previously unselected package php7.4-zip.
#6 27.57 Preparing to unpack .../106-php7.4-zip_7.4.33-1+deb11u3_i386.deb ...
#6 27.57 Unpacking php7.4-zip (7.4.33-1+deb11u3) ...
#6 27.59 Selecting previously unselected package phpunit-cli-parser.
#6 27.59 Preparing to unpack .../107-phpunit-cli-parser_1.0.1-1_all.deb ...
#6 27.59 Unpacking phpunit-cli-parser (1.0.1-1) ...
#6 27.61 Selecting previously unselected package phpunit-code-unit.
#6 27.61 Preparing to unpack .../108-phpunit-code-unit_1.0.8-1_all.deb ...
#6 27.61 Unpacking phpunit-code-unit (1.0.8-1) ...
#6 27.63 Selecting previously unselected package phpunit-object-reflector.
#6 27.63 Preparing to unpack .../109-phpunit-object-reflector_2.0.4-1_all.deb ...
#6 27.64 Unpacking phpunit-object-reflector (2.0.4-1) ...
#6 27.65 Selecting previously unselected package phpunit-global-state.
#6 27.66 Preparing to unpack .../110-phpunit-global-state_5.0.2-1_all.deb ...
#6 27.66 Unpacking phpunit-global-state (5.0.2-1) ...
#6 27.67 Selecting previously unselected package phpunit-object-enumerator.
#6 27.68 Preparing to unpack .../111-phpunit-object-enumerator_4.0.4-1_all.deb ...
#6 27.68 Unpacking phpunit-object-enumerator (4.0.4-1) ...
#6 27.70 Selecting previously unselected package phpunit-resource-operations.
#6 27.70 Preparing to unpack .../112-phpunit-resource-operations_3.0.3-2_all.deb ...
#6 27.70 Unpacking phpunit-resource-operations (3.0.3-2) ...
#6 27.72 Selecting previously unselected package phpunit-type.
#6 27.72 Preparing to unpack .../113-phpunit-type_2.3.1-1_all.deb ...
#6 27.72 Unpacking phpunit-type (2.3.1-1) ...
#6 27.74 Selecting previously unselected package phpunit.
#6 27.74 Preparing to unpack .../114-phpunit_9.5.2-1_all.deb ...
#6 27.74 Unpacking phpunit (9.5.2-1) ...
#6 27.82 Selecting previously unselected package publicsuffix.
#6 27.82 Preparing to unpack .../115-publicsuffix_20220811.1734-0+deb11u1_all.deb ...
#6 27.82 Unpacking publicsuffix (20220811.1734-0+deb11u1) ...
#6 27.86 Selecting previously unselected package shared-mime-info.
#6 27.86 Preparing to unpack .../116-shared-mime-info_2.0-1_i386.deb ...
#6 27.86 Unpacking shared-mime-info (2.0-1) ...
#6 27.97 Selecting previously unselected package ssl-cert.
#6 27.97 Preparing to unpack .../117-ssl-cert_1.1.0+nmu1_all.deb ...
#6 27.97 Unpacking ssl-cert (1.1.0+nmu1) ...
#6 27.98 Selecting previously unselected package xauth.
#6 27.99 Preparing to unpack .../118-xauth_1%3a1.1-1_i386.deb ...
#6 27.99 Unpacking xauth (1:1.1-1) ...
#6 28.01 Selecting previously unselected package xdg-user-dirs.
#6 28.01 Preparing to unpack .../119-xdg-user-dirs_0.17-2_i386.deb ...
#6 28.02 Unpacking xdg-user-dirs (0.17-2) ...
#6 28.06 Setting up php-phpdocumentor-reflection-common (2.2.0-1) ...
#6 28.06 Setting up libexpat1:i386 (2.2.10-2+deb11u5) ...
#6 28.07 Setting up media-types (4.0.0) ...
#6 28.07 Setting up javascript-common (11+nmu1) ...
#6 28.09 Package apache2 is not configured yet. Will defer actions by package javascript-common.
#6 28.10 Setting up libgraphite2-3:i386 (1.3.14-1) ...
#6 28.10 Setting up php-phpdocumentor-type-resolver (1.4.0-2) ...
#6 28.11 Setting up liblcms2-2:i386 (2.12~rc1-2) ...
#6 28.11 Setting up libpixman-1-0:i386 (0.40.0-1.1~deb11u1) ...
#6 28.12 Setting up libxau6:i386 (1:1.0.9-1) ...
#6 28.12 Setting up imagemagick-6-common (8:6.9.11.60+dfsg-1.3+deb11u1) ...
#6 28.15 Setting up libapparmor1:i386 (2.13.6-10) ...
#6 28.16 Setting up libpsl5:i386 (0.21.0-1.2) ...
#6 28.16 Setting up libsodium23:i386 (1.0.18-1) ...
#6 28.17 Setting up libgpm2:i386 (1.20.7-8) ...
#6 28.17 Setting up fonts-noto-mono (20201225-1) ...
#6 28.18 Setting up phpunit-type (2.3.1-1) ...
#6 28.18 Setting up libicu67:i386 (67.1-7) ...
#6 28.19 Setting up libdatrie1:i386 (0.2.13-1) ...
#6 28.19 Setting up xdg-user-dirs (0.17-2) ...
#6 28.20 Setting up libjs-popper.js (1.16.1+ds-3) ...
#6 28.21 Setting up libmagic-mgc (1:5.39-3) ...
#6 28.22 Setting up libglib2.0-0:i386 (2.66.8-1) ...
#6 28.24 No schema files found: doing nothing.
#6 28.25 Setting up libargon2-1:i386 (0~20171227-0.2) ...
#6 28.25 Setting up libzip4:i386 (1.7.3-1) ...
#6 28.26 Setting up libijs-0.35:i386 (0.35-15) ...
#6 28.26 Setting up libjxr0:i386 (1.1-6+b1) ...
#6 28.27 Setting up perl-modules-5.32 (5.32.1-4+deb11u2) ...
#6 28.27 Setting up libaom0:i386 (1.0.0.errata1-3) ...
#6 28.28 Setting up libbrotli1:i386 (1.0.9-2+b2) ...
#6 28.28 Setting up libsqlite3-0:i386 (3.34.1-3) ...
#6 28.29 Setting up libcbor0:i386 (0.5.0+dfsg-2) ...
#6 28.29 Setting up libsasl2-modules:i386 (2.1.27+dfsg-2.1+deb11u1) ...
#6 28.30 Setting up libnghttp2-14:i386 (1.43.0-1) ...
#6 28.31 Setting up libmagic1:i386 (1:5.39-3) ...
#6 28.31 Setting up libdeflate0:i386 (1.7-1) ...
#6 28.32 Setting up libapr1:i386 (1.7.0-6+deb11u2) ...
#6 28.32 Setting up less (551-2) ...
#6 28.33 Setting up phpunit-resource-operations (3.0.3-2) ...
#6 28.33 Setting up phpunit-code-unit (1.0.8-1) ...
#6 28.34 Setting up libilmbase25:i386 (2.5.4-1) ...
#6 28.34 Setting up file (1:5.39-3) ...
#6 28.35 Setting up fonts-urw-base35 (20200910-1) ...
#6 28.41 Setting up libgomp1:i386 (10.2.1-6) ...
#6 28.41 Setting up phpunit-object-reflector (2.0.4-1) ...
#6 28.42 Setting up bzip2 (1.0.8-4) ...
#6 28.42 Setting up libldap-common (2.4.57+dfsg-3+deb11u1) ...
#6 28.43 Setting up libjs-sizzle (2.3.5+ds-2) ...
#6 28.43 Setting up libjbig0:i386 (2.1-3.1+b2) ...
#6 28.43 Setting up phpunit-diff (4.0.4-1) ...
#6 28.44 Setting up php-phar-io-version (3.0.4-1) ...
#6 28.44 Setting up libjansson4:i386 (2.13.1-1.1) ...
#6 28.45 Setting up poppler-data (0.4.10-1) ...
#6 28.47 Setting up libsasl2-modules-db:i386 (2.1.27+dfsg-2.1+deb11u1) ...
#6 28.47 Setting up libopenexr25:i386 (2.5.4-2+deb11u1) ...
#6 28.47 Setting up libglib2.0-data (2.66.8-1) ...
#6 28.48 Setting up libjpeg62-turbo:i386 (1:2.0.6-4) ...
#6 28.48 Setting up libx11-data (2:1.7.2-1) ...
#6 28.49 Setting up libjbig2dec0:i386 (0.19-2) ...
#6 28.49 Setting up librtmp1:i386 (2.4+20151223.gitfa8646d.1-2+b2) ...
#6 28.50 Setting up libidn11:i386 (1.33-3) ...
#6 28.50 Setting up gsfonts (1:8.11+urwcyr1.0.7~pre44-4.5) ...
#6 28.51 Setting up libavahi-common-data:i386 (0.8-5+deb11u1) ...
#6 28.52 Setting up libncurses6:i386 (6.2+20201114-2) ...
#6 28.52 Setting up libdbus-1-3:i386 (1.12.24-0+deb11u1) ...
#6 28.52 Setting up dbus (1.12.24-0+deb11u1) ...
#6 28.63 invoke-rc.d: could not determine current runlevel
#6 28.64 invoke-rc.d: policy-rc.d denied execution of start.
#6 28.64 Setting up xz-utils (5.2.5-2.1~deb11u1) ...
#6 28.65 update-alternatives: using /usr/bin/xz to provide /usr/bin/lzma (lzma) in auto mode
#6 28.65 update-alternatives: warning: skip creation of /usr/share/man/man1/lzma.1.gz because associated file /usr/share/man/man1/xz.1.gz (of link group lzma) doesn't exist
#6 28.65 update-alternatives: warning: skip creation of /usr/share/man/man1/unlzma.1.gz because associated file /usr/share/man/man1/unxz.1.gz (of link group lzma) doesn't exist
#6 28.65 update-alternatives: warning: skip creation of /usr/share/man/man1/lzcat.1.gz because associated file /usr/share/man/man1/xzcat.1.gz (of link group lzma) doesn't exist
#6 28.65 update-alternatives: warning: skip creation of /usr/share/man/man1/lzmore.1.gz because associated file /usr/share/man/man1/xzmore.1.gz (of link group lzma) doesn't exist
#6 28.65 update-alternatives: warning: skip creation of /usr/share/man/man1/lzless.1.gz because associated file /usr/share/man/man1/xzless.1.gz (of link group lzma) doesn't exist
#6 28.65 update-alternatives: warning: skip creation of /usr/share/man/man1/lzdiff.1.gz because associated file /usr/share/man/man1/xzdiff.1.gz (of link group lzma) doesn't exist
#6 28.65 update-alternatives: warning: skip creation of /usr/share/man/man1/lzcmp.1.gz because associated file /usr/share/man/man1/xzcmp.1.gz (of link group lzma) doesn't exist
#6 28.65 update-alternatives: warning: skip creation of /usr/share/man/man1/lzgrep.1.gz because associated file /usr/share/man/man1/xzgrep.1.gz (of link group lzma) doesn't exist
#6 28.65 update-alternatives: warning: skip creation of /usr/share/man/man1/lzegrep.1.gz because associated file /usr/share/man/man1/xzegrep.1.gz (of link group lzma) doesn't exist
#6 28.65 update-alternatives: warning: skip creation of /usr/share/man/man1/lzfgrep.1.gz because associated file /usr/share/man/man1/xzfgrep.1.gz (of link group lzma) doesn't exist
#6 28.65 Setting up libfribidi0:i386 (1.0.8-2+deb11u1) ...
#6 28.66 Setting up libjs-d3 (3.5.17-4) ...
#6 28.66 Setting up libpng16-16:i386 (1.6.37-3) ...
#6 28.67 Setting up php-file-iterator (3.0.5-2) ...
#6 28.67 Setting up patch (2.7.6-7) ...
#6 28.68 Setting up libwebp6:i386 (0.6.1-2.1) ...
#6 28.68 Setting up php-webmozart-assert (1.9.1-2) ...
#6 28.70 Setting up fonts-dejavu-core (2.37-2) ...
#6 28.72 Setting up php-deepcopy (1.10.2-3) ...
#6 28.73 Setting up php-text-template (2.0.4-1) ...
#6 28.73 Setting up libncursesw6:i386 (6.2+20201114-2) ...
#6 28.74 Setting up libltdl7:i386 (2.4.6-15) ...
#6 28.74 Setting up libfftw3-double3:i386 (3.3.8-2) ...
#6 28.74 Setting up libsasl2-2:i386 (2.1.27+dfsg-2.1+deb11u1) ...
#6 28.75 Setting up phpunit-recursion-context (4.0.4-1) ...
#6 28.76 Setting up libnuma1:i386 (2.0.12-1+b1) ...
#6 28.76 Setting up libmd0:i386 (1.0.3-3) ...
#6 28.76 Setting up liblqr-1-0:i386 (0.4.2-2.1) ...
#6 28.77 Setting up sensible-utils (0.0.14) ...
#6 28.77 Setting up php-doctrine-instantiator (1.4.0-1) ...
#6 28.78 Setting up liblua5.3-0:i386 (5.3.3-1.1+b1) ...
#6 28.78 Setting up libdav1d4:i386 (0.7.1-3) ...
#6 28.79 Setting up libopenjp2-7:i386 (2.4.0-3) ...
#6 28.79 Setting up git-man (1:2.30.2-1+deb11u2) ...
#6 28.79 Setting up libthai-data (0.1.28-3) ...
#6 28.80 Setting up libssh2-1:i386 (1.9.0-2) ...
#6 28.80 Setting up netbase (6.3) ...
#6 28.82 Setting up phpunit-object-enumerator (4.0.4-1) ...
#6 28.82 Setting up libtiff5:i386 (4.2.0-1+deb11u4) ...
#6 28.83 Setting up php-invoker (3.1.1-2) ...
#6 28.83 Setting up apache2-data (2.4.54-1~deb11u1) ...
#6 28.83 Setting up fonts-droid-fallback (1:6.0.1r16-1.1) ...
#6 28.86 Setting up libjs-bootstrap4 (4.5.2+dfsg1-8~deb11u1) ...
#6 28.87 Setting up libdjvulibre-text (3.5.28-2) ...
#6 28.88 Setting up libjs-jquery (3.5.1+dfsg+~3.5.5-7) ...
#6 28.89 Setting up libfido2-1:i386 (1.6.0-2) ...
#6 28.89 Setting up libde265-0:i386 (1.0.11-0+deb11u1) ...
#6 28.89 Setting up phpunit-environment (5.1.3-2) ...
#6 28.90 Setting up openssl (1.1.1n-0+deb11u4) ...
#6 28.91 Setting up libwebpmux3:i386 (0.6.1-2.1) ...
#6 28.92 Setting up libbsd0:i386 (0.11.3-1) ...
#6 28.92 Setting up php-timer (5.0.3-2) ...
#6 28.92 Setting up phpunit-cli-parser (1.0.1-1) ...
#6 28.93 Setting up publicsuffix (20220811.1734-0+deb11u1) ...
#6 28.93 Setting up libxml2:i386 (2.9.10+dfsg-6.7+deb11u3) ...
#6 28.94 Setting up phpunit-global-state (5.0.2-1) ...
#6 28.94 Setting up libonig5:i386 (6.9.6-1.1) ...
#6 28.95 Setting up libprocps8:i386 (2:3.3.17-5) ...
#6 28.95 Setting up node-jquery (3.5.1+dfsg+~3.5.5-7) ...
#6 28.95 Setting up phpunit-code-unit-reverse-lookup (2.0.3-2) ...
#6 28.96 Setting up libgdbm6:i386 (1.19-2) ...
#6 28.96 Setting up libaprutil1:i386 (1.6.1-5+deb11u1) ...
#6 28.97 Setting up phpunit-version (3.0.2-2) ...
#6 28.97 Setting up libgs9-common (9.53.3~dfsg-7+deb11u2) ...
#6 28.97 Setting up libxdmcp6:i386 (1:1.1.2-3) ...
#6 28.98 Setting up libxcb1:i386 (1.14-3) ...
#6 28.98 Setting up libjxr-tools (1.1-6+b1) ...
#6 28.99 Setting up libxcb-render0:i386 (1.14-3) ...
#6 28.99 Setting up libwebpdemux2:i386 (0.6.1-2.1) ...
#6 29.00 Setting up libedit2:i386 (3.1-20191231-2+b1) ...
#6 29.00 Setting up libdjvulibre21:i386 (3.5.28-2) ...
#6 29.01 Setting up libavahi-common3:i386 (0.8-5+deb11u1) ...
#6 29.01 Setting up libx265-192:i386 (3.4-2) ...
#6 29.02 Setting up libldap-2.4-2:i386 (2.4.57+dfsg-3+deb11u1) ...
#6 29.02 Setting up libcurl3-gnutls:i386 (7.74.0-1.3+deb11u7) ...
#6 29.03 Setting up libxcb-shm0:i386 (1.14-3) ...
#6 29.03 Setting up libaprutil1-ldap:i386 (1.6.1-5+deb11u1) ...
#6 29.04 Setting up php-phpdocumentor-reflection-docblock (5.2.2-1) ...
#6 29.04 Setting up libaprutil1-dbd-sqlite3:i386 (1.6.1-5+deb11u1) ...
#6 29.05 Setting up phpunit-exporter (4.0.3-2) ...
#6 29.05 Setting up libthai0:i386 (0.1.28-3) ...
#6 29.06 Setting up ca-certificates (20210119) ...
#6 29.15 debconf: unable to initialize frontend: Dialog
#6 29.15 debconf: (TERM is not set, so the dialog frontend is not usable.)
#6 29.15 debconf: falling back to frontend: Readline
#6 29.55 Updating certificates in /etc/ssl/certs...
#6 30.08 129 added, 0 removed; done.
#6 30.10 Setting up libfreetype6:i386 (2.10.4+dfsg-1+deb11u1) ...
#6 30.11 Setting up ssl-cert (1.1.0+nmu1) ...
#6 30.20 debconf: unable to initialize frontend: Dialog
#6 30.20 debconf: (TERM is not set, so the dialog frontend is not usable.)
#6 30.20 debconf: falling back to frontend: Readline
#6 30.98 Setting up shared-mime-info (2.0-1) ...
#6 32.64 Setting up libgdbm-compat4:i386 (1.19-2) ...
#6 32.65 Setting up ucf (3.0043) ...
#6 32.74 debconf: unable to initialize frontend: Dialog
#6 32.74 debconf: (TERM is not set, so the dialog frontend is not usable.)
#6 32.74 debconf: falling back to frontend: Readline
#6 32.77 Setting up libperl5.32:i386 (5.32.1-4+deb11u2) ...
#6 32.78 Setting up procps (2:3.3.17-5) ...
#6 32.80 Setting up libxslt1.1:i386 (1.1.34-4+deb11u1) ...
#6 32.81 Setting up libcurl4:i386 (7.74.0-1.3+deb11u7) ...
#6 32.81 Setting up libx11-6:i386 (2:1.7.2-1) ...
#6 32.81 Setting up libharfbuzz0b:i386 (2.7.4-1) ...
#6 32.83 Setting up libavahi-client3:i386 (0.8-5+deb11u1) ...
#6 32.83 Setting up libxmuu1:i386 (2:1.1.2-2+b3) ...
#6 32.84 Setting up apache2-utils (2.4.54-1~deb11u1) ...
#6 32.84 Setting up libpaper1:i386 (1.1.28+b1) ...
#6 32.93 debconf: unable to initialize frontend: Dialog
#6 32.93 debconf: (TERM is not set, so the dialog frontend is not usable.)
#6 32.93 debconf: falling back to frontend: Readline
#6 32.99 
#6 32.99 Creating config file /etc/papersize with new version
#6 33.02 Setting up php7.4-common (7.4.33-1+deb11u3) ...
#6 33.13 debconf: unable to initialize frontend: Dialog
#6 33.13 debconf: (TERM is not set, so the dialog frontend is not usable.)
#6 33.13 debconf: falling back to frontend: Readline
#6 33.17 
#6 33.17 Creating config file /etc/php/7.4/mods-available/calendar.ini with new version
#6 33.40 debconf: unable to initialize frontend: Dialog
#6 33.40 debconf: (TERM is not set, so the dialog frontend is not usable.)
#6 33.40 debconf: falling back to frontend: Readline
#6 33.44 
#6 33.44 Creating config file /etc/php/7.4/mods-available/ctype.ini with new version
#6 33.67 debconf: unable to initialize frontend: Dialog
#6 33.67 debconf: (TERM is not set, so the dialog frontend is not usable.)
#6 33.67 debconf: falling back to frontend: Readline
#6 33.72 
#6 33.72 Creating config file /etc/php/7.4/mods-available/exif.ini with new version
#6 33.94 debconf: unable to initialize frontend: Dialog
#6 33.94 debconf: (TERM is not set, so the dialog frontend is not usable.)
#6 33.94 debconf: falling back to frontend: Readline
#6 33.99 
#6 33.99 Creating config file /etc/php/7.4/mods-available/fileinfo.ini with new version
#6 34.22 debconf: unable to initialize frontend: Dialog
#6 34.22 debconf: (TERM is not set, so the dialog frontend is not usable.)
#6 34.22 debconf: falling back to frontend: Readline
#6 34.27 
#6 34.27 Creating config file /etc/php/7.4/mods-available/ffi.ini with new version
#6 34.50 debconf: unable to initialize frontend: Dialog
#6 34.50 debconf: (TERM is not set, so the dialog frontend is not usable.)
#6 34.50 debconf: falling back to frontend: Readline
#6 34.55 
#6 34.55 Creating config file /etc/php/7.4/mods-available/ftp.ini with new version
#6 34.79 debconf: unable to initialize frontend: Dialog
#6 34.79 debconf: (TERM is not set, so the dialog frontend is not usable.)
#6 34.79 debconf: falling back to frontend: Readline
#6 34.84 
#6 34.84 Creating config file /etc/php/7.4/mods-available/gettext.ini with new version
#6 35.07 debconf: unable to initialize frontend: Dialog
#6 35.07 debconf: (TERM is not set, so the dialog frontend is not usable.)
#6 35.07 debconf: falling back to frontend: Readline
#6 35.12 
#6 35.12 Creating config file /etc/php/7.4/mods-available/iconv.ini with new version
#6 35.35 debconf: unable to initialize frontend: Dialog
#6 35.35 debconf: (TERM is not set, so the dialog frontend is not usable.)
#6 35.35 debconf: falling back to frontend: Readline
#6 35.40 
#6 35.40 Creating config file /etc/php/7.4/mods-available/pdo.ini with new version
#6 35.64 debconf: unable to initialize frontend: Dialog
#6 35.64 debconf: (TERM is not set, so the dialog frontend is not usable.)
#6 35.64 debconf: falling back to frontend: Readline
#6 35.69 
#6 35.69 Creating config file /etc/php/7.4/mods-available/phar.ini with new version
#6 35.92 debconf: unable to initialize frontend: Dialog
#6 35.92 debconf: (TERM is not set, so the dialog frontend is not usable.)
#6 35.92 debconf: falling back to frontend: Readline
#6 35.96 
#6 35.96 Creating config file /etc/php/7.4/mods-available/posix.ini with new version
#6 36.20 debconf: unable to initialize frontend: Dialog
#6 36.20 debconf: (TERM is not set, so the dialog frontend is not usable.)
#6 36.20 debconf: falling back to frontend: Readline
#6 36.25 
#6 36.25 Creating config file /etc/php/7.4/mods-available/shmop.ini with new version
#6 36.48 debconf: unable to initialize frontend: Dialog
#6 36.48 debconf: (TERM is not set, so the dialog frontend is not usable.)
#6 36.48 debconf: falling back to frontend: Readline
#6 36.52 
#6 36.52 Creating config file /etc/php/7.4/mods-available/sockets.ini with new version
#6 36.76 debconf: unable to initialize frontend: Dialog
#6 36.76 debconf: (TERM is not set, so the dialog frontend is not usable.)
#6 36.76 debconf: falling back to frontend: Readline
#6 36.80 
#6 36.80 Creating config file /etc/php/7.4/mods-available/sysvmsg.ini with new version
#6 37.04 debconf: unable to initialize frontend: Dialog
#6 37.04 debconf: (TERM is not set, so the dialog frontend is not usable.)
#6 37.04 debconf: falling back to frontend: Readline
#6 37.08 
#6 37.08 Creating config file /etc/php/7.4/mods-available/sysvsem.ini with new version
#6 37.32 debconf: unable to initialize frontend: Dialog
#6 37.32 debconf: (TERM is not set, so the dialog frontend is not usable.)
#6 37.32 debconf: falling back to frontend: Readline
#6 37.36 
#6 37.36 Creating config file /etc/php/7.4/mods-available/sysvshm.ini with new version
#6 37.60 debconf: unable to initialize frontend: Dialog
#6 37.60 debconf: (TERM is not set, so the dialog frontend is not usable.)
#6 37.60 debconf: falling back to frontend: Readline
#6 37.65 
#6 37.65 Creating config file /etc/php/7.4/mods-available/tokenizer.ini with new version
#6 37.77 Setting up libxpm4:i386 (1:3.5.12-1) ...
#6 37.78 Setting up php7.4-curl (7.4.33-1+deb11u3) ...
#6 37.89 debconf: unable to initialize frontend: Dialog
#6 37.89 debconf: (TERM is not set, so the dialog frontend is not usable.)
#6 37.89 debconf: falling back to frontend: Readline
#6 37.93 
#6 37.93 Creating config file /etc/php/7.4/mods-available/curl.ini with new version
#6 38.07 Setting up libxrender1:i386 (1:0.9.10-1) ...
#6 38.07 Setting up libwmf0.2-7:i386 (0.2.8.4-17) ...
#6 38.08 Setting up fontconfig-config (2.13.1-4.2) ...
#6 38.16 debconf: unable to initialize frontend: Dialog
#6 38.16 debconf: (TERM is not set, so the dialog frontend is not usable.)
#6 38.17 debconf: falling back to frontend: Readline
#6 38.32 Setting up openssh-client (1:8.4p1-5+deb11u1) ...
#6 38.39 Setting up libheif1:i386 (1.11.0-1) ...
#6 38.40 Setting up libxext6:i386 (2:1.3.3-1.1) ...
#6 38.40 Setting up php7.4-readline (7.4.33-1+deb11u3) ...
#6 38.52 debconf: unable to initialize frontend: Dialog
#6 38.52 debconf: (TERM is not set, so the dialog frontend is not usable.)
#6 38.52 debconf: falling back to frontend: Readline
#6 38.57 
#6 38.57 Creating config file /etc/php/7.4/mods-available/readline.ini with new version
#6 38.71 Setting up php7.4-mbstring (7.4.33-1+deb11u3) ...
#6 38.83 debconf: unable to initialize frontend: Dialog
#6 38.83 debconf: (TERM is not set, so the dialog frontend is not usable.)
#6 38.83 debconf: falling back to frontend: Readline
#6 38.87 
#6 38.87 Creating config file /etc/php/7.4/mods-available/mbstring.ini with new version
#6 39.00 Setting up libpaper-utils (1.1.28+b1) ...
#6 39.01 Setting up php-mbstring (2:7.4+76) ...
#6 39.01 Setting up php7.4-intl (7.4.33-1+deb11u3) ...
#6 39.13 debconf: unable to initialize frontend: Dialog
#6 39.13 debconf: (TERM is not set, so the dialog frontend is not usable.)
#6 39.13 debconf: falling back to frontend: Readline
#6 39.18 
#6 39.18 Creating config file /etc/php/7.4/mods-available/intl.ini with new version
#6 39.31 Setting up phpunit-comparator (4.0.6-1) ...
#6 39.31 Setting up perl (5.32.1-4+deb11u2) ...
#6 39.32 Setting up php7.4-zip (7.4.33-1+deb11u3) ...
#6 39.43 debconf: unable to initialize frontend: Dialog
#6 39.43 debconf: (TERM is not set, so the dialog frontend is not usable.)
#6 39.43 debconf: falling back to frontend: Readline
#6 39.48 
#6 39.48 Creating config file /etc/php/7.4/mods-available/zip.ini with new version
#6 39.62 Setting up libcups2:i386 (2.3.3op2-3+deb11u2) ...
#6 39.63 Setting up xauth (1:1.1-1) ...
#6 39.63 Setting up php7.4-opcache (7.4.33-1+deb11u3) ...
#6 39.76 debconf: unable to initialize frontend: Dialog
#6 39.76 debconf: (TERM is not set, so the dialog frontend is not usable.)
#6 39.76 debconf: falling back to frontend: Readline
#6 39.81 
#6 39.81 Creating config file /etc/php/7.4/mods-available/opcache.ini with new version
#6 39.94 Setting up libfontconfig1:i386 (2.13.1-4.2) ...
#6 39.94 Setting up php7.4-sqlite3 (7.4.33-1+deb11u3) ...
#6 40.06 debconf: unable to initialize frontend: Dialog
#6 40.06 debconf: (TERM is not set, so the dialog frontend is not usable.)
#6 40.06 debconf: falling back to frontend: Readline
#6 40.10 
#6 40.10 Creating config file /etc/php/7.4/mods-available/sqlite3.ini with new version
#6 40.34 debconf: unable to initialize frontend: Dialog
#6 40.34 debconf: (TERM is not set, so the dialog frontend is not usable.)
#6 40.34 debconf: falling back to frontend: Readline
#6 40.39 
#6 40.39 Creating config file /etc/php/7.4/mods-available/pdo_sqlite.ini with new version
#6 40.52 Setting up mailcap (3.69) ...
#6 40.54 Setting up php-phpspec-prophecy (1.12.2-1) ...
#6 40.54 Setting up fontconfig (2.13.1-4.2) ...
#6 40.55 Regenerating fonts cache... done.
#6 42.97 Setting up php7.4-json (7.4.33-1+deb11u3) ...
#6 43.08 debconf: unable to initialize frontend: Dialog
#6 43.08 debconf: (TERM is not set, so the dialog frontend is not usable.)
#6 43.08 debconf: falling back to frontend: Readline
#6 43.13 
#6 43.13 Creating config file /etc/php/7.4/mods-available/json.ini with new version
#6 43.27 Setting up php7.4-xml (7.4.33-1+deb11u3) ...
#6 43.38 debconf: unable to initialize frontend: Dialog
#6 43.38 debconf: (TERM is not set, so the dialog frontend is not usable.)
#6 43.38 debconf: falling back to frontend: Readline
#6 43.43 
#6 43.43 Creating config file /etc/php/7.4/mods-available/dom.ini with new version
#6 43.67 debconf: unable to initialize frontend: Dialog
#6 43.67 debconf: (TERM is not set, so the dialog frontend is not usable.)
#6 43.67 debconf: falling back to frontend: Readline
#6 43.72 
#6 43.72 Creating config file /etc/php/7.4/mods-available/simplexml.ini with new version
#6 43.95 debconf: unable to initialize frontend: Dialog
#6 43.95 debconf: (TERM is not set, so the dialog frontend is not usable.)
#6 43.95 debconf: falling back to frontend: Readline
#6 44.00 
#6 44.00 Creating config file /etc/php/7.4/mods-available/xml.ini with new version
#6 44.24 debconf: unable to initialize frontend: Dialog
#6 44.24 debconf: (TERM is not set, so the dialog frontend is not usable.)
#6 44.24 debconf: falling back to frontend: Readline
#6 44.29 
#6 44.29 Creating config file /etc/php/7.4/mods-available/xmlreader.ini with new version
#6 44.54 debconf: unable to initialize frontend: Dialog
#6 44.54 debconf: (TERM is not set, so the dialog frontend is not usable.)
#6 44.54 debconf: falling back to frontend: Readline
#6 44.59 
#6 44.59 Creating config file /etc/php/7.4/mods-available/xmlwriter.ini with new version
#6 44.83 debconf: unable to initialize frontend: Dialog
#6 44.83 debconf: (TERM is not set, so the dialog frontend is not usable.)
#6 44.83 debconf: falling back to frontend: Readline
#6 44.88 
#6 44.88 Creating config file /etc/php/7.4/mods-available/xsl.ini with new version
#6 45.01 Setting up mime-support (3.66) ...
#6 45.01 Setting up libgs9:i386 (9.53.3~dfsg-7+deb11u2) ...
#6 45.01 Setting up libpango-1.0-0:i386 (1.46.2-3) ...
#6 45.02 Setting up php-phar-io-manifest (2.0.1-2) ...
#6 45.02 Setting up php7.4-cli (7.4.33-1+deb11u3) ...
#6 45.03 update-alternatives: using /usr/bin/php7.4 to provide /usr/bin/php (php) in auto mode
#6 45.03 update-alternatives: warning: skip creation of /usr/share/man/man1/php.1.gz because associated file /usr/share/man/man1/php7.4.1.gz (of link group php) doesn't exist
#6 45.03 update-alternatives: using /usr/bin/phar7.4 to provide /usr/bin/phar (phar) in auto mode
#6 45.03 update-alternatives: warning: skip creation of /usr/share/man/man1/phar.1.gz because associated file /usr/share/man/man1/phar7.4.1.gz (of link group phar) doesn't exist
#6 45.03 update-alternatives: using /usr/bin/phar.phar7.4 to provide /usr/bin/phar.phar (phar.phar) in auto mode
#6 45.03 update-alternatives: warning: skip creation of /usr/share/man/man1/phar.phar.1.gz because associated file /usr/share/man/man1/phar.phar7.4.1.gz (of link group phar.phar) doesn't exist
#6 45.15 debconf: unable to initialize frontend: Dialog
#6 45.15 debconf: (TERM is not set, so the dialog frontend is not usable.)
#6 45.15 debconf: falling back to frontend: Readline
#6 45.20 
#6 45.20 Creating config file /etc/php/7.4/cli/php.ini with new version
#6 45.89 Setting up ghostscript (9.53.3~dfsg-7+deb11u2) ...
#6 45.90 Setting up apache2-bin (2.4.54-1~deb11u1) ...
#6 45.91 Setting up libcairo2:i386 (1.16.0-5) ...
#6 45.91 Setting up liberror-perl (0.17029-1) ...
#6 45.92 Setting up libmagickcore-6.q16-6:i386 (8:6.9.11.60+dfsg-1.3+deb11u1) ...
#6 45.92 Setting up php-parser (4.10.4-1) ...
#6 45.93 Setting up libgd3:i386 (2.3.0-2) ...
#6 45.93 Setting up phpunit-lines-of-code (1.0.3-1) ...
#6 45.94 Setting up git (1:2.30.2-1+deb11u2) ...
#6 45.96 Setting up libmagickwand-6.q16-6:i386 (8:6.9.11.60+dfsg-1.3+deb11u1) ...
#6 45.96 Setting up libpangoft2-1.0-0:i386 (1.46.2-3) ...
#6 45.97 Setting up php-imagick (3.4.4+php8.0+3.4.4-2+deb11u2) ...
#6 46.06 Setting up php-tokenizer (1.2.0-1) ...
#6 46.06 Setting up php7.4-gd (7.4.33-1+deb11u3) ...
#6 46.18 debconf: unable to initialize frontend: Dialog
#6 46.18 debconf: (TERM is not set, so the dialog frontend is not usable.)
#6 46.18 debconf: falling back to frontend: Readline
#6 46.23 
#6 46.23 Creating config file /etc/php/7.4/mods-available/gd.ini with new version
#6 46.37 Setting up libpangocairo-1.0-0:i386 (1.46.2-3) ...
#6 46.38 Setting up libapache2-mod-php7.4 (7.4.33-1+deb11u3) ...
#6 46.40 Package apache2 is not configured yet. Will defer actions by package libapache2-mod-php7.4.
#6 46.51 debconf: unable to initialize frontend: Dialog
#6 46.51 debconf: (TERM is not set, so the dialog frontend is not usable.)
#6 46.51 debconf: falling back to frontend: Readline
#6 46.57 
#6 46.57 Creating config file /etc/php/7.4/apache2/php.ini with new version
#6 47.36 No module matches 
#6 47.41 Setting up php-xml (2:7.4+76) ...
#6 47.42 Setting up libmagickcore-6.q16-6-extra:i386 (8:6.9.11.60+dfsg-1.3+deb11u1) ...
#6 47.42 Setting up apache2 (2.4.54-1~deb11u1) ...
#6 47.72 Enabling module mpm_event.
#6 47.76 Enabling module authz_core.
#6 47.76 Enabling module authz_host.
#6 47.80 Enabling module authn_core.
#6 47.81 Enabling module auth_basic.
#6 47.84 Enabling module access_compat.
#6 47.88 Enabling module authn_file.
#6 47.92 Enabling module authz_user.
#6 47.95 Enabling module alias.
#6 47.99 Enabling module dir.
#6 48.03 Enabling module autoindex.
#6 48.06 Enabling module env.
#6 48.10 Enabling module mime.
#6 48.14 Enabling module negotiation.
#6 48.17 Enabling module setenvif.
#6 48.21 Enabling module filter.
#6 48.25 Enabling module deflate.
#6 48.29 Enabling module status.
#6 48.33 Enabling module reqtimeout.
#6 48.37 Enabling conf charset.
#6 48.41 Enabling conf localized-error-pages.
#6 48.45 Enabling conf other-vhosts-access-log.
#6 48.48 Enabling conf security.
#6 48.52 Enabling conf serve-cgi-bin.
#6 48.56 Enabling site 000-default.
#6 48.58 info: Executing deferred 'a2enconf javascript-common' for package javascript-common
#6 48.61 Enabling conf javascript-common.
#6 48.63 info: Switch to mpm prefork for package libapache2-mod-php7.4
#6 48.67 Module mpm_event disabled.
#6 48.71 Enabling module mpm_prefork.
#6 48.72 info: Executing deferred 'a2enmod php7.4' for package libapache2-mod-php7.4
#6 48.76 Enabling module php7.4.
#6 48.78 invoke-rc.d: could not determine current runlevel
#6 48.78 invoke-rc.d: policy-rc.d denied execution of start.
#6 49.18 Setting up phpunit-complexity (2.0.2-1) ...
#6 49.19 Setting up php-codecoverage (9.2.5+dfsg-3) ...
#6 49.19 Setting up php7.4 (7.4.33-1+deb11u3) ...
#6 49.20 Setting up php (2:7.4+76) ...
#6 49.20 Setting up phpunit (9.5.2-1) ...
#6 49.21 Processing triggers for libc-bin (2.31-13+deb11u5) ...
#6 49.22 Processing triggers for ca-certificates (20210119) ...
#6 49.23 Updating certificates in /etc/ssl/certs...
#6 49.67 0 added, 0 removed; done.
#6 49.67 Running hooks in /etc/ca-certificates/update.d...
#6 49.67 done.
#6 49.67 Processing triggers for php7.4-cli (7.4.33-1+deb11u3) ...
#6 49.68 Processing triggers for libapache2-mod-php7.4 (7.4.33-1+deb11u3) ...
#6 DONE 49.8s

#7 [3/6] RUN git clone --depth=1 --branch=stable25 https://github.com/nextcloud/server.git
#7 0.360 Cloning into 'server'...
#7 7.505 Updating files:  74% (7459/9960)Updating files:  75% (7470/9960)Updating files:  76% (7570/9960)Updating files:  77% (7670/9960)Updating files:  78% (7769/9960)Updating files:  79% (7869/9960)Updating files:  80% (7968/9960)Updating files:  81% (8068/9960)Updating files:  82% (8168/9960)Updating files:  83% (8267/9960)Updating files:  84% (8367/9960)Updating files:  85% (8466/9960)Updating files:  86% (8566/9960)Updating files:  87% (8666/9960)Updating files:  88% (8765/9960)Updating files:  89% (8865/9960)Updating files:  90% (8964/9960)Updating files:  91% (9064/9960)Updating files:  92% (9164/9960)Updating files:  93% (9263/9960)Updating files:  94% (9363/9960)Updating files:  95% (9462/9960)Updating files:  96% (9562/9960)Updating files:  97% (9662/9960)Updating files:  98% (9761/9960)Updating files:  99% (9861/9960)Updating files: 100% (9960/9960)Updating files: 100% (9960/9960), done.
#7 DONE 8.7s

#8 [4/6] WORKDIR server
#8 DONE 0.0s

#9 [5/6] RUN git submodule update --init
#9 0.331 Submodule '3rdparty' (https://github.com/nextcloud/3rdparty.git) registered for path '3rdparty'
#9 0.338 Cloning into '/server/3rdparty'...
#9 7.045 Submodule path '3rdparty': checked out '8663b86ca8c73f524d27b1b9d5d48a4c629b4a35'
#9 DONE 7.4s

#10 [6/6] RUN ./autotest.sh sqlite
#10 0.328 Using PHP executable /usr/bin/php
#10 0.376 Using database oc_autotest
#10 0.378 Setup environment for sqlite testing on local storage ...
#10 0.390 Updated 0 paths from the index
#10 0.771 Installing ....
#10 3.423 Nextcloud was successfully installed
#10 3.433 Testing with sqlite ...
#10 3.613 /usr/bin/php /usr/bin/phpunit --configuration phpunit-autotest.xml --coverage-clover autotest-clover-sqlite.xml --coverage-html coverage-html-sqlite --log-junit autotest-results-sqlite.xml  
#10 5.968 PHPUnit 9.5.2 by Sebastian Bergmann and contributors.
#10 6.504 
#10 6.504 Runtime:       PHP 7.4.33
#10 6.504 Configuration: phpunit-autotest.xml
#10 6.504 Warning:       No code coverage driver available
#10 6.504 
#10 6.580 ...........................................................    59 / 14663 (  0%)
#10 6.687 ...................................S.......................   118 / 14663 (  0%)
#10 6.723 ...........................................................   177 / 14663 (  1%)
#10 6.760 ...........................................................   236 / 14663 (  1%)
#10 6.773 ...........................................................   295 / 14663 (  2%)
#10 6.818 ...........................................................   354 / 14663 (  2%)
#10 6.904 ............................WWWWWWWWWWW...WWW..............   413 / 14663 (  2%)
#10 6.941 ...........................................................   472 / 14663 (  3%)
#10 6.949 ...........................................................   531 / 14663 (  3%)
#10 6.965 ...........................................................   590 / 14663 (  4%)
#10 6.980 ...........................................................   649 / 14663 (  4%)
#10 6.991 ...........................................................   708 / 14663 (  4%)
#10 7.000 ...........................................................   767 / 14663 (  5%)
#10 7.011 ...........................................................   826 / 14663 (  5%)
#10 7.035 ...........................................................   885 / 14663 (  6%)
#10 7.046 ...........................................................   944 / 14663 (  6%)
#10 7.183 ...........................................................  1003 / 14663 (  6%)
#10 7.205 ...........................................................  1062 / 14663 (  7%)
#10 7.214 ...........................................................  1121 / 14663 (  7%)
#10 24.01 ...........................................................  1180 / 14663 (  8%)
#10 24.04 .................................W.....W...................  1239 / 14663 (  8%)
#10 30.82 ...........................................................  1298 / 14663 (  8%)
#10 30.85 ....................S......................................  1357 / 14663 (  9%)
#10 31.35 ...........................................................  1416 / 14663 (  9%)
#10 31.51 ...........................................................  1475 / 14663 ( 10%)
#10 31.54 ...........................................................  1534 / 14663 ( 10%)
#10 31.56 ...........................................................  1593 / 14663 ( 10%)
#10 31.58 ...........................................................  1652 / 14663 ( 11%)
#10 31.60 ...........................................................  1711 / 14663 ( 11%)
#10 31.61 ...........................................................  1770 / 14663 ( 12%)
#10 31.65 ...........................................................  1829 / 14663 ( 12%)
#10 31.79 ...........................................................  1888 / 14663 ( 12%)
#10 32.64 ...........................................................  1947 / 14663 ( 13%)
#10 32.77 ...........................................................  2006 / 14663 ( 13%)
#10 32.80 ...............S...........................................  2065 / 14663 ( 14%)
#10 33.41 ...........................................................  2124 / 14663 ( 14%)
#10 33.42 ...........................................................  2183 / 14663 ( 14%)
#10 33.46 ...........................................................  2242 / 14663 ( 15%)
#10 33.49 ...........................................................  2301 / 14663 ( 15%)
#10 33.51 ...........................................................  2360 / 14663 ( 16%)
#10 33.52 ...........................................................  2419 / 14663 ( 16%)
#10 33.58 ...........................................................  2478 / 14663 ( 16%)
#10 33.59 ...........................................................  2537 / 14663 ( 17%)
#10 33.60 ...........................................................  2596 / 14663 ( 17%)
#10 33.61 ...........................................................  2655 / 14663 ( 18%)
#10 33.62 ...........................................................  2714 / 14663 ( 18%)
#10 33.63 ...........................................................  2773 / 14663 ( 18%)
#10 33.63 ...........................................................  2832 / 14663 ( 19%)
#10 33.64 ...........................................................  2891 / 14663 ( 19%)
#10 33.65 ...........................................................  2950 / 14663 ( 20%)
#10 33.66 ...........................................................  3009 / 14663 ( 20%)
#10 33.67 ...........................................................  3068 / 14663 ( 20%)
#10 33.67 ...........................................................  3127 / 14663 ( 21%)
#10 33.68 ...........................................................  3186 / 14663 ( 21%)
#10 33.69 ...........................................................  3245 / 14663 ( 22%)
#10 33.70 ...........................................................  3304 / 14663 ( 22%)
#10 33.71 ...........................................................  3363 / 14663 ( 22%)
#10 33.71 ...........................................................  3422 / 14663 ( 23%)
#10 33.72 ...........................................................  3481 / 14663 ( 23%)
#10 33.73 ...........................................................  3540 / 14663 ( 24%)
#10 33.74 ...........................................................  3599 / 14663 ( 24%)
#10 33.75 ...........................................................  3658 / 14663 ( 24%)
#10 33.76 ...........................................................  3717 / 14663 ( 25%)
#10 33.76 ...........................................................  3776 / 14663 ( 25%)
#10 33.77 ...........................................................  3835 / 14663 ( 26%)
#10 33.78 ...........................................................  3894 / 14663 ( 26%)
#10 33.79 ...........................................................  3953 / 14663 ( 26%)
#10 33.80 ...........................................................  4012 / 14663 ( 27%)
#10 33.80 ...........................................................  4071 / 14663 ( 27%)
#10 33.81 ...........................................................  4130 / 14663 ( 28%)
#10 33.82 ...........................................................  4189 / 14663 ( 28%)
#10 33.83 ...........................................................  4248 / 14663 ( 28%)
#10 33.84 ...........................................................  4307 / 14663 ( 29%)
#10 33.85 ...........................................................  4366 / 14663 ( 29%)
#10 33.85 ...........................................................  4425 / 14663 ( 30%)
#10 33.86 ...........................................................  4484 / 14663 ( 30%)
#10 33.87 ...........................................................  4543 / 14663 ( 30%)
#10 33.88 ...........................................................  4602 / 14663 ( 31%)
#10 33.89 ...........................................................  4661 / 14663 ( 31%)
#10 33.89 ...........................................................  4720 / 14663 ( 32%)
#10 33.90 ...........................................................  4779 / 14663 ( 32%)
#10 33.91 ...........................................................  4838 / 14663 ( 32%)
#10 33.92 ...........................................................  4897 / 14663 ( 33%)
#10 33.93 ...........................................................  4956 / 14663 ( 33%)
#10 33.94 ...........................................................  5015 / 14663 ( 34%)
#10 33.94 ...........................................................  5074 / 14663 ( 34%)
#10 33.95 ...........................................................  5133 / 14663 ( 35%)
#10 33.96 ...........................................................  5192 / 14663 ( 35%)
#10 33.97 ...........................................................  5251 / 14663 ( 35%)
#10 33.98 ...........................................................  5310 / 14663 ( 36%)
#10 33.98 ...........................................................  5369 / 14663 ( 36%)
#10 33.99 ...........................................................  5428 / 14663 ( 37%)
#10 34.00 ...........................................................  5487 / 14663 ( 37%)
#10 34.06 ...........................................................  5546 / 14663 ( 37%)
#10 34.10 ...........................................................  5605 / 14663 ( 38%)
#10 34.12 .........................................S.................  5664 / 14663 ( 38%)
#10 35.13 .......................S...................................  5723 / 14663 ( 39%)
#10 36.42 ...........................................................  5782 / 14663 ( 39%)
#10 43.22 .............S.............................................  5841 / 14663 ( 39%)
#10 45.13 ...S.......................................................  5900 / 14663 ( 40%)
#10 45.28 ...........................................................  5959 / 14663 ( 40%)
#10 45.29 ............................S..............................  6018 / 14663 ( 41%)
#10 45.38 ...........................................................  6077 / 14663 ( 41%)
#10 45.43 ...........................................................  6136 / 14663 ( 41%)
#10 45.74 ..........SSSSSSS..................S.......................  6195 / 14663 ( 42%)
#10 46.03 ...........................................................  6254 / 14663 ( 42%)
#10 46.41 ......SSSSSSSSSSSSSSSSSSSSSSS..............................  6313 / 14663 ( 43%)
#10 46.45 ...........................................................  6372 / 14663 ( 43%)
#10 46.55 ...........................................................  6431 / 14663 ( 43%)
#10 46.62 ...........................................................  6490 / 14663 ( 44%)
#10 46.67 ...........................................................  6549 / 14663 ( 44%)
#10 46.72 ...........................................................  6608 / 14663 ( 45%)
#10 46.79 ...........................................................  6667 / 14663 ( 45%)
#10 46.87 ...........................................................  6726 / 14663 ( 45%)
#10 46.93 ...........................................................  6785 / 14663 ( 46%)
#10 46.99 ...................................S.......................  6844 / 14663 ( 46%)
#10 47.05 ...........................................................  6903 / 14663 ( 47%)
#10 47.11 ...........................................................  6962 / 14663 ( 47%)
#10 47.17 ............S..............................................  7021 / 14663 ( 47%)
#10 47.26 ..........................................S................  7080 / 14663 ( 48%)
#10 47.32 ...........................................................  7139 / 14663 ( 48%)
#10 47.41 ...........................S...............................  7198 / 14663 ( 49%)
#10 47.46 ...........................................................  7257 / 14663 ( 49%)
#10 47.59 ..............S............................................  7316 / 14663 ( 49%)
#10 47.71 ...........................................S...............  7375 / 14663 ( 50%)
#10 47.77 ...........................................................  7434 / 14663 ( 50%)
#10 47.83 ..........................S................................  7493 / 14663 ( 51%)
#10 48.69 ...........................................................  7552 / 14663 ( 51%)
#10 49.77 ...........................................................  7611 / 14663 ( 51%)
#10 50.56 ...........................................................  7670 / 14663 ( 52%)
#10 51.50 .....................................................S.....  7729 / 14663 ( 52%)
#10 52.52 ...S.......................................................  7788 / 14663 ( 53%)
#10 53.62 ...........................................................  7847 / 14663 ( 53%)
#10 53.65 ...........................................................  7906 / 14663 ( 53%)
#10 53.74 ...........................................................  7965 / 14663 ( 54%)
#10 53.76 ...........................................................  8024 / 14663 ( 54%)
#10 53.78 ...........................................................  8083 / 14663 ( 55%)
#10 53.81 ...........................................................  8142 / 14663 ( 55%)
#10 54.99 .....W.....................................................  8201 / 14663 ( 55%)
#10 59.11 ...........................................................  8260 / 14663 ( 56%)
#10 59.13 ...........................................................  8319 / 14663 ( 56%)
#10 59.15 ...........................................................  8378 / 14663 ( 57%)
#10 59.18 ...........................................................  8437 / 14663 ( 57%)
#10 59.21 ...........................................................  8496 / 14663 ( 57%)
#10 59.22 ...........................................................  8555 / 14663 ( 58%)
#10 59.24 .............................................SSSSSSSSSSSSSS  8614 / 14663 ( 58%)
#10 59.28 SSSSSS............................SSSSSSSSSSSSSSSSSSSSSSSSS  8673 / 14663 ( 59%)
#10 59.29 SSSSSSSSSSS....E...........................................  8732 / 14663 ( 59%)
#10 59.36 ...........................................................  8791 / 14663 ( 59%)
#10 59.38 ....................................................SSSS...  8850 / 14663 ( 60%)
#10 62.38 .................................FFFFSSSSSSSS..............  8909 / 14663 ( 60%)
#10 77.50 ..................S.......................................F  8968 / 14663 ( 61%)
#10 77.72 ...........................................................  9027 / 14663 ( 61%)
#10 77.87 ...........................................................  9086 / 14663 ( 61%)
#10 90.10 ...........................................................  9145 / 14663 ( 62%)
#10 108.8 ...........................................................  9204 / 14663 ( 62%)
#10 108.9 ...........................................................  9263 / 14663 ( 63%)
#10 109.0 ...........................................................  9322 / 14663 ( 63%)
#10 109.1 ...........................................................  9381 / 14663 ( 63%)
#10 109.1 ...........................................................  9440 / 14663 ( 64%)
#10 109.9 ...........................................................  9499 / 14663 ( 64%)
#10 110.0 ...........................................................  9558 / 14663 ( 65%)
#10 110.1 ...........................................................  9617 / 14663 ( 65%)
#10 110.2 ...........................................................  9676 / 14663 ( 65%)
#10 110.2 ...........................................................  9735 / 14663 ( 66%)
#10 110.2 ...........................................................  9794 / 14663 ( 66%)
#10 110.5 ...........................................................  9853 / 14663 ( 67%)
#10 110.6 .................................SS........................  9912 / 14663 ( 67%)
#10 110.7 ...........................................................  9971 / 14663 ( 68%)
#10 110.7 ........................................................... 10030 / 14663 ( 68%)
#10 131.6 ........................................................... 10089 / 14663 ( 68%)
#10 131.8 .......................................F..F...........S.... 10148 / 14663 ( 69%)
#10 131.8 ....................................................WWWWWWW 10207 / 14663 ( 69%)
#10 131.8 WWWWWWWWWWWWWWW............................................ 10266 / 14663 ( 70%)
#10 134.1 ........................................................... 10325 / 14663 ( 70%)
#10 134.1 ....................W....................WWW..W..WWWWWW.... 10384 / 14663 ( 70%)
#10 134.2 .....WWW......................W...................W.WW.W... 10443 / 14663 ( 71%)
#10 134.2 ....WWWWW.................................................. 10502 / 14663 ( 71%)
#10 134.3 ........................................................... 10561 / 14663 ( 72%)
#10 134.5 ...............................................WWWWW....... 10620 / 14663 ( 72%)
#10 134.6 ..................W.W..........................W........... 10679 / 14663 ( 72%)
#10 134.6 ............................W.............................. 10738 / 14663 ( 73%)
#10 134.8 ......................................................FF... 10797 / 14663 ( 73%)
#10 134.9 ........................................................... 10856 / 14663 ( 74%)
#10 135.1 ...................................WW..............W...WWWW 10915 / 14663 ( 74%)
#10 135.1 ..WW...WW.WW............................................... 10974 / 14663 ( 74%)
#10 135.2 ...............................WWW......W.W............W... 11033 / 14663 ( 75%)
#10 135.2 ........................................................... 11092 / 14663 ( 75%)
#10 135.3 ..WW....................................................... 11151 / 14663 ( 76%)
#10 135.3 ...W..W.................................................... 11210 / 14663 ( 76%)
#10 136.0 ........................................................... 11269 / 14663 ( 76%)
#10 136.9 ........................................................... 11328 / 14663 ( 77%)
#10 226.3 .................................................WWW....... 11387 / 14663 ( 77%)
#10 226.3 ..W..WWWW.........W........................................ 11446 / 14663 ( 78%)
#10 226.4 ...........WW.W..W.WW..WWWWWWWWWW....W..................... 11505 / 14663 ( 78%)
#10 226.5 ........................................................... 11564 / 14663 ( 78%)
#10 226.5 .......................WW.................................. 11623 / 14663 ( 79%)
#10 226.6 ........FF................................W................ 11682 / 14663 ( 79%)
#10 227.0 .......W...........................W.W.................WWW. 11741 / 14663 ( 80%)
#10 227.0 W.............................WWWWWWWWWW.WW................ 11800 / 14663 ( 80%)
#10 227.1 ........................................................... 11859 / 14663 ( 80%)
#10 227.2 .....................................W.WWW................. 11918 / 14663 ( 81%)
#10 227.2 ..W........W..............................W................ 11977 / 14663 ( 81%)
#10 227.3 .............................................W...........W. 12036 / 14663 ( 82%)
#10 227.3 ...WWWW...........................................WWWWWWWWW 12095 / 14663 ( 82%)
#10 227.5 WW...............W.................................W..W.WWW 12154 / 14663 ( 82%)
#10 227.6 W.....WW.W.............WWWW................................ 12213 / 14663 ( 83%)
#10 227.7 ....W...................................................... 12272 / 14663 ( 83%)
#10 227.7 ...................WW...................................... 12331 / 14663 ( 84%)
#10 227.9 ........................................................... 12390 / 14663 ( 84%)
#10 228.2 ........................................................... 12449 / 14663 ( 84%)
#10 262.5 ........................................................... 12508 / 14663 ( 85%)
#10 286.8 ........................................................... 12567 / 14663 ( 85%)
#10 286.9 ........................................................... 12626 / 14663 ( 86%)
#10 286.9 ........................................................... 12685 / 14663 ( 86%)
#10 286.9 ........................................................... 12744 / 14663 ( 86%)
#10 286.9 ........................................................... 12803 / 14663 ( 87%)
#10 287.0 ........................................................... 12862 / 14663 ( 87%)
#10 287.1 ......................................S.................... 12921 / 14663 ( 88%)
#10 319.1 .FF....FSS........S......F..F.............................. 12980 / 14663 ( 88%)
#10 323.0 ........................................................... 13039 / 14663 ( 88%)
#10 323.1 ........................................................... 13098 / 14663 ( 89%)
#10 323.2 ........................................................... 13157 / 14663 ( 89%)
#10 329.6 ............S...........................W.................. 13216 / 14663 ( 90%)
#10 334.9 ........................................................... 13275 / 14663 ( 90%)
#10 338.1 ........................................................... 13334 / 14663 ( 90%)
#10 363.1 ........................................................... 13393 / 14663 ( 91%)
#10 398.3 ..........................................EE............... 13452 / 14663 ( 91%)
#10 403.3 ........................................S..............E... 13511 / 14663 ( 92%)
#10 404.9 ........................................................... 13570 / 14663 ( 92%)
#10 405.0 ............................................E.............. 13629 / 14663 ( 92%)
#10 405.0 ........................................................... 13688 / 14663 ( 93%)
#10 405.0 ........................................................... 13747 / 14663 ( 93%)
#10 405.1 ........................................................... 13806 / 14663 ( 94%)
#10 406.9 ........................................................... 13865 / 14663 ( 94%)
#10 407.0 ........................................................... 13924 / 14663 ( 94%)
#10 407.0 ........................................................... 13983 / 14663 ( 95%)
#10 407.2 ........................................................... 14042 / 14663 ( 95%)
#10 407.2 ........................................................... 14101 / 14663 ( 96%)
#10 407.2 ........................................................... 14160 / 14663 ( 96%)
#10 409.6 .......................................WW.................. 14219 / 14663 ( 96%)
#10 409.7 ........................................................... 14278 / 14663 ( 97%)
#10 425.0 ........................................................... 14337 / 14663 ( 97%)
#10 425.2 ........................................................... 14396 / 14663 ( 98%)
#10 425.2 ........................................................... 14455 / 14663 ( 98%)
#10 425.2 ........................................................... 14514 / 14663 ( 98%)
#10 425.2 ........................................................... 14573 / 14663 ( 99%)
#10 425.2 ........................................................... 14632 / 14663 ( 99%)
#10 425.3 ...............................                             14663 / 14663 (100%)
#10 425.4 
#10 425.4 Time: 06:59.400, Memory: 366.01 MB
#10 425.4 
#10 425.4 There were 5 errors:
#10 425.4 
#10 425.4 1) Test\MemoryInfoTest::testMemoryLimit with data set "2G" ('2G', 2147483648.0)
#10 425.4 TypeError: Argument 2 passed to Test\MemoryInfoTest::testMemoryLimit() must be of the type int, float given, called in /usr/share/php/PHPUnit/Framework/TestCase.php on line 1526
#10 425.4 
#10 425.4 /server/tests/lib/MemoryInfoTest.php:77
#10 425.4 
#10 425.4 2) OCA\Files_Trashbin\Tests\BackgroundJob\ExpireTrashTest::testConstructAndRun
#10 425.4 PHPUnit\Framework\MockObject\IncompatibleReturnValueException: Method getTime may not return value of type double, its return declaration is "int"
#10 425.4 
#10 425.4 /server/apps/files_trashbin/tests/BackgroundJob/ExpireTrashTest.php:64
#10 425.4 
#10 425.4 3) OCA\Files_Trashbin\Tests\BackgroundJob\ExpireTrashTest::testBackgroundJobDeactivated
#10 425.4 PHPUnit\Framework\MockObject\IncompatibleReturnValueException: Method getTime may not return value of type double, its return declaration is "int"
#10 425.4 
#10 425.4 /server/apps/files_trashbin/tests/BackgroundJob/ExpireTrashTest.php:64
#10 425.4 
#10 425.4 4) OCA\Files_Versions\Tests\BackgroundJob\ExpireVersionsTest::testBackgroundJobDeactivated
#10 425.4 PHPUnit\Framework\MockObject\IncompatibleReturnValueException: Method getTime may not return value of type double, its return declaration is "int"
#10 425.4 
#10 425.4 /server/apps/files_versions/tests/BackgroundJob/ExpireVersionsTest.php:73
#10 425.4 
#10 425.4 5) OCA\Provisioning_API\Tests\Controller\UsersControllerTest::testAddUserSuccessfulGenerateUserID
#10 425.4 rand() expects parameter 2 to be int, float given
#10 425.4 
#10 425.4 /server/apps/provisioning_api/tests/Controller/UsersControllerTest.php:500
#10 425.4 /server/apps/provisioning_api/lib/Controller/UsersController.php:309
#10 425.4 /server/apps/provisioning_api/lib/Controller/UsersController.php:348
#10 425.4 /server/apps/provisioning_api/tests/Controller/UsersControllerTest.php:505
#10 425.4 
#10 425.4 --
#10 425.4 
#10 425.4 There were 187 warnings:
#10 425.4 
#10 425.4 1) Test\AppFramework\Db\MapperTest::testFindQuery
#10 425.4 The at() matcher has been deprecated. It will be removed in PHPUnit 10. Please refactor your test to not rely on the order in which methods are invoked.
#10 425.4 
#10 425.4 2) Test\AppFramework\Db\MapperTest::testFindEntity
#10 425.4 The at() matcher has been deprecated. It will be removed in PHPUnit 10. Please refactor your test to not rely on the order in which methods are invoked.
#10 425.4 
#10 425.4 3) Test\AppFramework\Db\MapperTest::testFindNotFound
#10 425.4 The at() matcher has been deprecated. It will be removed in PHPUnit 10. Please refactor your test to not rely on the order in which methods are invoked.
#10 425.4 
#10 425.4 4) Test\AppFramework\Db\MapperTest::testFindEntityNotFound
#10 425.4 The at() matcher has been deprecated. It will be removed in PHPUnit 10. Please refactor your test to not rely on the order in which methods are invoked.
#10 425.4 
#10 425.4 5) Test\AppFramework\Db\MapperTest::testFindMultiple
#10 425.4 The at() matcher has been deprecated. It will be removed in PHPUnit 10. Please refactor your test to not rely on the order in which methods are invoked.
#10 425.4 
#10 425.4 6) Test\AppFramework\Db\MapperTest::testFindEntityMultiple
#10 425.4 The at() matcher has been deprecated. It will be removed in PHPUnit 10. Please refactor your test to not rely on the order in which methods are invoked.
#10 425.4 
#10 425.4 7) Test\AppFramework\Db\MapperTest::testDelete
#10 425.4 The at() matcher has been deprecated. It will be removed in PHPUnit 10. Please refactor your test to not rely on the order in which methods are invoked.
#10 425.4 
#10 425.4 8) Test\AppFramework\Db\MapperTest::testCreate
#10 425.4 The at() matcher has been deprecated. It will be removed in PHPUnit 10. Please refactor your test to not rely on the order in which methods are invoked.
#10 425.4 
#10 425.4 9) Test\AppFramework\Db\MapperTest::testCreateShouldReturnItemWithCorrectInsertId
#10 425.4 The at() matcher has been deprecated. It will be removed in PHPUnit 10. Please refactor your test to not rely on the order in which methods are invoked.
#10 425.4 
#10 425.4 10) Test\AppFramework\Db\MapperTest::testAssocParameters
#10 425.4 The at() matcher has been deprecated. It will be removed in PHPUnit 10. Please refactor your test to not rely on the order in which methods are invoked.
#10 425.4 
#10 425.4 11) Test\AppFramework\Db\MapperTest::testUpdate
#10 425.4 The at() matcher has been deprecated. It will be removed in PHPUnit 10. Please refactor your test to not rely on the order in which methods are invoked.
#10 425.4 
#10 425.4 12) Test\AppFramework\Db\MapperTest::testFindEntities
#10 425.4 The at() matcher has been deprecated. It will be removed in PHPUnit 10. Please refactor your test to not rely on the order in which methods are invoked.
#10 425.4 
#10 425.4 13) Test\AppFramework\Db\MapperTest::testFindEntitiesNotFound
#10 425.4 The at() matcher has been deprecated. It will be removed in PHPUnit 10. Please refactor your test to not rely on the order in which methods are invoked.
#10 425.4 
#10 425.4 14) Test\AppFramework\Db\MapperTest::testFindEntitiesMultiple
#10 425.4 The at() matcher has been deprecated. It will be removed in PHPUnit 10. Please refactor your test to not rely on the order in which methods are invoked.
#10 425.4 
#10 425.4 15) Test\Authentication\Token\PublicKeyTokenProviderTest::testInvalidateToken
#10 425.4 The at() matcher has been deprecated. It will be removed in PHPUnit 10. Please refactor your test to not rely on the order in which methods are invoked.
#10 425.4 
#10 425.4 16) Test\Authentication\Token\PublicKeyTokenProviderTest::testGetInvalidToken
#10 425.4 The at() matcher has been deprecated. It will be removed in PHPUnit 10. Please refactor your test to not rely on the order in which methods are invoked.
#10 425.4 
#10 425.4 17) Test\InstallerTest::testDownloadAppWithDowngrade
#10 425.4 The at() matcher has been deprecated. It will be removed in PHPUnit 10. Please refactor your test to not rely on the order in which methods are invoked.
#10 425.4 
#10 425.4 18) Tests\Core\Command\Config\AppsDisableTest::testCommandInput with data set #0 (array('admin_audit'), 0, 'admin_audit ([\d\.]*) disabled')
#10 425.4 assertRegExp() is deprecated and will be removed in PHPUnit 10. Refactor your code to use assertMatchesRegularExpression() instead.
#10 425.4 
#10 425.4 19) Tests\Core\Command\Config\AppsDisableTest::testCommandInput with data set #1 (array('comments'), 0, 'comments ([\d\.]*) disabled')
#10 425.4 assertRegExp() is deprecated and will be removed in PHPUnit 10. Refactor your code to use assertMatchesRegularExpression() instead.
#10 425.4 
#10 425.4 20) Tests\Core\Command\Config\AppsDisableTest::testCommandInput with data set #2 (array('invalid_app'), 0, 'No such app enabled: invalid_app')
#10 425.4 assertRegExp() is deprecated and will be removed in PHPUnit 10. Refactor your code to use assertMatchesRegularExpression() instead.
#10 425.4 
#10 425.4 21) Tests\Core\Command\Config\AppsDisableTest::testCommandInput with data set #3 (array('admin_audit', 'comments'), 0, 'admin_audit ([\d\.]*) disable...sabled')
#10 425.4 assertRegExp() is deprecated and will be removed in PHPUnit 10. Refactor your code to use assertMatchesRegularExpression() instead.
#10 425.4 
#10 425.4 22) Tests\Core\Command\Config\AppsDisableTest::testCommandInput with data set #4 (array('admin_audit', 'comments', 'invalid_app'), 0, 'admin_audit ([\d\.]*) disable...id_app')
#10 425.4 assertRegExp() is deprecated and will be removed in PHPUnit 10. Refactor your code to use assertMatchesRegularExpression() instead.
#10 425.4 
#10 425.4 23) Tests\Core\Command\Config\AppsDisableTest::testCommandInput with data set #5 (array('files'), 2, 'files can't be disabled')
#10 425.4 assertRegExp() is deprecated and will be removed in PHPUnit 10. Refactor your code to use assertMatchesRegularExpression() instead.
#10 425.4 
#10 425.4 24) Tests\Core\Command\Config\AppsDisableTest::testCommandInput with data set #6 (array('provisioning_api'), 2, 'provisioning_api can't be disabled')
#10 425.4 assertRegExp() is deprecated and will be removed in PHPUnit 10. Refactor your code to use assertMatchesRegularExpression() instead.
#10 425.4 
#10 425.4 25) Tests\Core\Command\Config\AppsDisableTest::testCommandInput with data set #7 (array('files', 'admin_audit'), 2, 'files can't be disabled.\nadm...sabled')
#10 425.4 assertRegExp() is deprecated and will be removed in PHPUnit 10. Refactor your code to use assertMatchesRegularExpression() instead.
#10 425.4 
#10 425.4 26) Tests\Core\Command\Config\AppsDisableTest::testCommandInput with data set #8 (array('provisioning_api', 'comments'), 2, 'provisioning_api can't be dis...sabled')
#10 425.4 assertRegExp() is deprecated and will be removed in PHPUnit 10. Refactor your code to use assertMatchesRegularExpression() instead.
#10 425.4 
#10 425.4 27) Tests\Core\Command\Config\AppsEnableTest::testCommandInput with data set #0 (array('admin_audit'), null, 0, 'admin_audit ([\d\.]*) enabled')
#10 425.4 assertRegExp() is deprecated and will be removed in PHPUnit 10. Refactor your code to use assertMatchesRegularExpression() instead.
#10 425.4 
#10 425.4 28) Tests\Core\Command\Config\AppsEnableTest::testCommandInput with data set #1 (array('comments'), null, 0, 'comments ([\d\.]*) enabled')
#10 425.4 assertRegExp() is deprecated and will be removed in PHPUnit 10. Refactor your code to use assertMatchesRegularExpression() instead.
#10 425.4 
#10 425.4 29) Tests\Core\Command\Config\AppsEnableTest::testCommandInput with data set #2 (array('comments', 'comments'), null, 0, 'comments ([\d\.]*) enabled\nc...nabled')
#10 425.4 assertRegExp() is deprecated and will be removed in PHPUnit 10. Refactor your code to use assertMatchesRegularExpression() instead.
#10 425.4 
#10 425.4 30) Tests\Core\Command\Config\AppsEnableTest::testCommandInput with data set #3 (array('invalid_app'), null, 1, 'Could not download app invalid_app')
#10 425.4 assertRegExp() is deprecated and will be removed in PHPUnit 10. Refactor your code to use assertMatchesRegularExpression() instead.
#10 425.4 
#10 425.4 31) Tests\Core\Command\Config\AppsEnableTest::testCommandInput with data set #4 (array('admin_audit', 'comments'), null, 0, 'admin_audit ([\d\.]*) enabled...nabled')
#10 425.4 assertRegExp() is deprecated and will be removed in PHPUnit 10. Refactor your code to use assertMatchesRegularExpression() instead.
#10 425.4 
#10 425.4 32) Tests\Core\Command\Config\AppsEnableTest::testCommandInput with data set #5 (array('admin_audit', 'comments', 'invalid_app'), null, 1, 'admin_audit ([\d\.]*) enabled...id_app')
#10 425.4 assertRegExp() is deprecated and will be removed in PHPUnit 10. Refactor your code to use assertMatchesRegularExpression() instead.
#10 425.4 
#10 425.4 33) Tests\Core\Command\Config\AppsEnableTest::testCommandInput with data set #6 (array('admin_audit'), array('admin'), 1, 'admin_audit can't be enabled ...groups')
#10 425.4 assertRegExp() is deprecated and will be removed in PHPUnit 10. Refactor your code to use assertMatchesRegularExpression() instead.
#10 425.4 
#10 425.4 34) Tests\Core\Command\Config\AppsEnableTest::testCommandInput with data set #7 (array('comments'), array('admin'), 1, 'comments can't be enabled for groups')
#10 425.4 assertRegExp() is deprecated and will be removed in PHPUnit 10. Refactor your code to use assertMatchesRegularExpression() instead.
#10 425.4 
#10 425.4 35) Tests\Core\Command\Config\AppsEnableTest::testCommandInput with data set #8 (array('updatenotification'), array('admin'), 0, 'updatenotification ([\d\.]*) ... admin')
#10 425.4 assertRegExp() is deprecated and will be removed in PHPUnit 10. Refactor your code to use assertMatchesRegularExpression() instead.
#10 425.4 
#10 425.4 36) Tests\Core\Command\Config\AppsEnableTest::testCommandInput with data set #9 (array('updatenotification', 'dashboard'), array('admin'), 0, 'updatenotification ([\d\.]*) ... admin')
#10 425.4 assertRegExp() is deprecated and will be removed in PHPUnit 10. Refactor your code to use assertMatchesRegularExpression() instead.
#10 425.4 
#10 425.4 37) Tests\Core\Command\Config\AppsEnableTest::testCommandInput with data set #10 (array('updatenotification'), array('admin', 'invalid_group'), 0, 'updatenotification ([\d\.]*) ... admin')
#10 425.4 assertRegExp() is deprecated and will be removed in PHPUnit 10. Refactor your code to use assertMatchesRegularExpression() instead.
#10 425.4 
#10 425.4 38) Tests\Core\Command\Config\AppsEnableTest::testCommandInput with data set #11 (array('updatenotification', 'dashboard'), array('admin', 'invalid_group'), 0, 'updatenotification ([\d\.]*) ... admin')
#10 425.4 assertRegExp() is deprecated and will be removed in PHPUnit 10. Refactor your code to use assertMatchesRegularExpression() instead.
#10 425.4 
#10 425.4 39) Tests\Core\Command\Config\AppsEnableTest::testCommandInput with data set #12 (array('updatenotification', 'dashboard', 'invalid_app'), array('admin', 'invalid_group'), 1, 'updatenotification ([\d\.]*) ...id_app')
#10 425.4 assertRegExp() is deprecated and will be removed in PHPUnit 10. Refactor your code to use assertMatchesRegularExpression() instead.
#10 425.4 
#10 425.4 40) Tests\Core\Command\Encryption\ChangeKeyStorageRootTest::testMoveAllKeys
#10 425.4 The at() matcher has been deprecated. It will be removed in PHPUnit 10. Please refactor your test to not rely on the order in which methods are invoked.
#10 425.4 
#10 425.4 41) Tests\Core\Command\Encryption\DecryptAllTest::testMaintenanceAndTrashbin
#10 425.4 The at() matcher has been deprecated. It will be removed in PHPUnit 10. Please refactor your test to not rely on the order in which methods are invoked.
#10 425.4 
#10 425.4 42) Tests\Core\Command\Encryption\DecryptAllTest::testExecute with data set #0 (true, true)
#10 425.4 The at() matcher has been deprecated. It will be removed in PHPUnit 10. Please refactor your test to not rely on the order in which methods are invoked.
#10 425.4 
#10 425.4 43) Tests\Core\Command\Encryption\DecryptAllTest::testExecute with data set #1 (true, false)
#10 425.4 The at() matcher has been deprecated. It will be removed in PHPUnit 10. Please refactor your test to not rely on the order in which methods are invoked.
#10 425.4 
#10 425.4 44) Tests\Core\Command\Encryption\DecryptAllTest::testExecuteFailure
#10 425.4 The at() matcher has been deprecated. It will be removed in PHPUnit 10. Please refactor your test to not rely on the order in which methods are invoked.
#10 425.4 
#10 425.4 45) Tests\Core\Command\Encryption\EnableTest::testEnable with data set #0 ('no', null, array(), true, 'Encryption enabled', 'No encryption module is loaded')
#10 425.4 The at() matcher has been deprecated. It will be removed in PHPUnit 10. Please refactor your test to not rely on the order in which methods are invoked.
#10 425.4 
#10 425.4 46) Tests\Core\Command\Encryption\EnableTest::testEnable with data set #1 ('yes', null, array(), false, 'Encryption is already enabled', 'No encryption module is loaded')
#10 425.4 The at() matcher has been deprecated. It will be removed in PHPUnit 10. Please refactor your test to not rely on the order in which methods are invoked.
#10 425.4 
#10 425.4 47) Tests\Core\Command\Encryption\EnableTest::testEnable with data set #2 ('no', null, array(array()), true, 'Encryption enabled', 'No default module is set')
#10 425.4 The at() matcher has been deprecated. It will be removed in PHPUnit 10. Please refactor your test to not rely on the order in which methods are invoked.
#10 425.4 
#10 425.4 48) Tests\Core\Command\Encryption\EnableTest::testEnable with data set #3 ('no', 'OC_NO_MODULE', array(array()), true, 'Encryption enabled', 'The current default module do...MODULE')
#10 425.4 The at() matcher has been deprecated. It will be removed in PHPUnit 10. Please refactor your test to not rely on the order in which methods are invoked.
#10 425.4 
#10 425.4 49) Tests\Core\Command\Encryption\EnableTest::testEnable with data set #4 ('no', 'OC_TEST_MODULE', array(array()), true, 'Encryption enabled', 'Default module: OC_TEST_MODULE')
#10 425.4 The at() matcher has been deprecated. It will be removed in PHPUnit 10. Please refactor your test to not rely on the order in which methods are invoked.
#10 425.4 
#10 425.4 50) Tests\Core\Command\Encryption\EncryptAllTest::testEncryptAll
#10 425.4 The at() matcher has been deprecated. It will be removed in PHPUnit 10. Please refactor your test to not rely on the order in which methods are invoked.
#10 425.4 
#10 425.4 51) Tests\Core\Command\Encryption\SetDefaultModuleTest::testMaintenanceMode with data set #0 ('ID0', 'ID0', null, null, 'already')
#10 425.4 The at() matcher has been deprecated. It will be removed in PHPUnit 10. Please refactor your test to not rely on the order in which methods are invoked.
#10 425.4 
#10 425.4 52) Tests\Core\Command\Encryption\SetDefaultModuleTest::testMaintenanceMode with data set #1 ('ID0', 'ID1', 'ID1', true, 'info')
#10 425.4 The at() matcher has been deprecated. It will be removed in PHPUnit 10. Please refactor your test to not rely on the order in which methods are invoked.
#10 425.4 
#10 425.4 53) Tests\Core\Command\Encryption\SetDefaultModuleTest::testMaintenanceMode with data set #2 ('ID0', 'ID1', 'ID1', false, 'error')
#10 425.4 The at() matcher has been deprecated. It will be removed in PHPUnit 10. Please refactor your test to not rely on the order in which methods are invoked.
#10 425.4 
#10 425.4 54) Tests\Core\Command\Log\FileTest::testGetConfiguration
#10 425.4 The at() matcher has been deprecated. It will be removed in PHPUnit 10. Please refactor your test to not rely on the order in which methods are invoked.
#10 425.4 
#10 425.4 55) Tests\Core\Command\Log\ManageTest::testGetConfiguration
#10 425.4 The at() matcher has been deprecated. It will be removed in PHPUnit 10. Please refactor your test to not rely on the order in which methods are invoked.
#10 425.4 
#10 425.4 56) Tests\Core\Command\Maintenance\Mimetype\UpdateDBTest::testNoop
#10 425.4 The at() matcher has been deprecated. It will be removed in PHPUnit 10. Please refactor your test to not rely on the order in which methods are invoked.
#10 425.4 
#10 425.4 57) Tests\Core\Command\Maintenance\Mimetype\UpdateDBTest::testAddMimetype
#10 425.4 The at() matcher has been deprecated. It will be removed in PHPUnit 10. Please refactor your test to not rely on the order in which methods are invoked.
#10 425.4 
#10 425.4 58) Tests\Core\Command\Maintenance\Mimetype\UpdateDBTest::testRepairFilecache
#10 425.4 The at() matcher has been deprecated. It will be removed in PHPUnit 10. Please refactor your test to not rely on the order in which methods are invoked.
#10 425.4 
#10 425.4 59) Tests\Core\Command\Preview\RepairTest::testEmptyExecute with data set #0 (array(), 'All previews are already migrated.')
#10 425.4 The at() matcher has been deprecated. It will be removed in PHPUnit 10. Please refactor your test to not rely on the order in which methods are invoked.
#10 425.4 
#10 425.4 60) Tests\Core\Command\Preview\RepairTest::testEmptyExecute with data set #1 (array(array('a'), array('b'), array('c')), 'All previews are already migrated.')
#10 425.4 The at() matcher has been deprecated. It will be removed in PHPUnit 10. Please refactor your test to not rely on the order in which methods are invoked.
#10 425.4 
#10 425.4 61) Tests\Core\Command\Preview\RepairTest::testEmptyExecute with data set #2 (array(array('0', array('folder', 'folder')), array('b'), array('c')), 'All previews are already migrated.')
#10 425.4 The at() matcher has been deprecated. It will be removed in PHPUnit 10. Please refactor your test to not rely on the order in which methods are invoked.
#10 425.4 
#10 425.4 62) Tests\Core\Command\Preview\RepairTest::testEmptyExecute with data set #3 (array(array('0', array('file', 'folder', 'folder')), array('b'), array('c')), 'A total of 1 preview files ne...rated.')
#10 425.4 The at() matcher has been deprecated. It will be removed in PHPUnit 10. Please refactor your test to not rely on the order in which methods are invoked.
#10 425.4 
#10 425.4 63) Tests\Core\Command\Preview\RepairTest::testEmptyExecute with data set #4 (array(array('23'), array('b'), array('c')), 'A total of 1 preview files ne...rated.')
#10 425.4 The at() matcher has been deprecated. It will be removed in PHPUnit 10. Please refactor your test to not rely on the order in which methods are invoked.
#10 425.4 
#10 425.4 64) Tests\Core\Controller\LoginControllerTest::testShowLoginFormWithErrorsInSession
#10 425.4 The at() matcher has been deprecated. It will be removed in PHPUnit 10. Please refactor your test to not rely on the order in which methods are invoked.
#10 425.4 
#10 425.4 65) Tests\Core\Controller\LoginControllerTest::testShowLoginFormForFlowAuth
#10 425.4 The at() matcher has been deprecated. It will be removed in PHPUnit 10. Please refactor your test to not rely on the order in which methods are invoked.
#10 425.4 
#10 425.4 66) Tests\Core\Controller\LoginControllerTest::testShowLoginFormWithPasswordResetOption with data set #0 (true, true)
#10 425.4 The at() matcher has been deprecated. It will be removed in PHPUnit 10. Please refactor your test to not rely on the order in which methods are invoked.
#10 425.4 
#10 425.4 67) Tests\Core\Controller\LoginControllerTest::testShowLoginFormWithPasswordResetOption with data set #1 (false, false)
#10 425.4 The at() matcher has been deprecated. It will be removed in PHPUnit 10. Please refactor your test to not rely on the order in which methods are invoked.
#10 425.4 
#10 425.4 68) Tests\Core\Controller\LoginControllerTest::testShowLoginFormForUserNamed0
#10 425.4 The at() matcher has been deprecated. It will be removed in PHPUnit 10. Please refactor your test to not rely on the order in which methods are invoked.
#10 425.4 
#10 425.4 69) Tests\Core\Controller\NavigationControllerTest::testGetAppNavigation with data set #1 (true)
#10 425.4 The at() matcher has been deprecated. It will be removed in PHPUnit 10. Please refactor your test to not rely on the order in which methods are invoked.
#10 425.4 
#10 425.4 70) Tests\Core\Controller\NavigationControllerTest::testGetSettingsNavigation with data set #1 (true)
#10 425.4 The at() matcher has been deprecated. It will be removed in PHPUnit 10. Please refactor your test to not rely on the order in which methods are invoked.
#10 425.4 
#10 425.4 71) Test\Core\Controller\TwoFactorChallengeControllerTest::testSolveChallengeTwoFactorException
#10 425.4 The at() matcher has been deprecated. It will be removed in PHPUnit 10. Please refactor your test to not rely on the order in which methods are invoked.
#10 425.4 
#10 425.4 72) Tests\Core\Data\LoginFlowV2ServiceUnitTest::testFlowDone
#10 425.4 assertRegExp() is deprecated and will be removed in PHPUnit 10. Refactor your code to use assertMatchesRegularExpression() instead.
#10 425.4 
#10 425.4 73) OCA\DAV\Tests\unit\Connector\Sabre\TagsPluginTest::testUpdateTags
#10 425.4 The at() matcher has been deprecated. It will be removed in PHPUnit 10. Please refactor your test to not rely on the order in which methods are invoked.
#10 425.4 
#10 425.4 74) OCA\DAV\Tests\unit\Connector\Sabre\TagsPluginTest::testUpdateTagsFromScratch
#10 425.4 The at() matcher has been deprecated. It will be removed in PHPUnit 10. Please refactor your test to not rely on the order in which methods are invoked.
#10 425.4 
#10 425.4 75) OCA\DAV\Tests\unit\Connector\Sabre\PrincipalTest::testSetGroupMembershipProxy
#10 425.4 The at() matcher has been deprecated. It will be removed in PHPUnit 10. Please refactor your test to not rely on the order in which methods are invoked.
#10 425.4 
#10 425.4 76) OCA\DAV\Tests\unit\Connector\Sabre\PrincipalTest::testSearchPrincipals with data set #0 (true, false, 'allof', array('principals/users/user3'))
#10 425.4 The at() matcher has been deprecated. It will be removed in PHPUnit 10. Please refactor your test to not rely on the order in which methods are invoked.
#10 425.4 
#10 425.4 77) OCA\DAV\Tests\unit\Connector\Sabre\PrincipalTest::testSearchPrincipals with data set #1 (true, false, 'anyof', array('principals/users/user2', 'principals/users/user3', 'principals/users/user4'))
#10 425.4 The at() matcher has been deprecated. It will be removed in PHPUnit 10. Please refactor your test to not rely on the order in which methods are invoked.
#10 425.4 
#10 425.4 78) OCA\DAV\Tests\unit\Connector\Sabre\PrincipalTest::testSearchPrincipals with data set #2 (true, true, 'allof', array())
#10 425.4 The at() matcher has been deprecated. It will be removed in PHPUnit 10. Please refactor your test to not rely on the order in which methods are invoked.
#10 425.4 
#10 425.4 79) OCA\DAV\Tests\unit\Connector\Sabre\PrincipalTest::testSearchPrincipals with data set #3 (true, true, 'anyof', array('principals/users/user2', 'principals/users/user4'))
#10 425.4 The at() matcher has been deprecated. It will be removed in PHPUnit 10. Please refactor your test to not rely on the order in which methods are invoked.
#10 425.4 
#10 425.4 80) OCA\DAV\Tests\unit\Connector\Sabre\PrincipalTest::testSearchPrincipalByCalendarUserAddressSet
#10 425.4 The at() matcher has been deprecated. It will be removed in PHPUnit 10. Please refactor your test to not rely on the order in which methods are invoked.
#10 425.4 
#10 425.4 81) OCA\DAV\Tests\unit\Connector\Sabre\PrincipalTest::testSearchPrincipalWithEnumerationDisabledDisplayname
#10 425.4 The at() matcher has been deprecated. It will be removed in PHPUnit 10. Please refactor your test to not rely on the order in which methods are invoked.
#10 425.4 
#10 425.4 82) OCA\DAV\Tests\unit\Connector\Sabre\PrincipalTest::testSearchPrincipalWithEnumerationLimitedDisplayname
#10 425.4 The at() matcher has been deprecated. It will be removed in PHPUnit 10. Please refactor your test to not rely on the order in which methods are invoked.
#10 425.4 
#10 425.4 83) OCA\DAV\Tests\unit\Connector\Sabre\PrincipalTest::testSearchPrincipalWithEnumerationLimitedMail
#10 425.4 The at() matcher has been deprecated. It will be removed in PHPUnit 10. Please refactor your test to not rely on the order in which methods are invoked.
#10 425.4 
#10 425.4 84) OCA\DAV\Tests\unit\Connector\Sabre\PrincipalTest::testFindByUriWithGroupRestriction with data set #0 ('mailto:user2@foo.bar', 'user2@foo.bar', 'principals/users/user2')
#10 425.4 The at() matcher has been deprecated. It will be removed in PHPUnit 10. Please refactor your test to not rely on the order in which methods are invoked.
#10 425.4 
#10 425.4 85) OCA\DAV\Tests\unit\Connector\Sabre\PrincipalTest::testFindByUriWithGroupRestriction with data set #1 ('mailto:user3@foo.bar', 'user3@foo.bar', null)
#10 425.4 The at() matcher has been deprecated. It will be removed in PHPUnit 10. Please refactor your test to not rely on the order in which methods are invoked.
#10 425.4 
#10 425.4 86) OCA\DAV\Tests\unit\Connector\Sabre\FilesReportPluginTest::testOnReport
#10 425.4 The at() matcher has been deprecated. It will be removed in PHPUnit 10. Please refactor your test to not rely on the order in which methods are invoked.
#10 425.4 
#10 425.4 87) OCA\DAV\Tests\unit\Connector\Sabre\FilesReportPluginTest::testFindNodesByFileIdsRoot
#10 425.4 The at() matcher has been deprecated. It will be removed in PHPUnit 10. Please refactor your test to not rely on the order in which methods are invoked.
#10 425.4 
#10 425.4 88) OCA\DAV\Tests\unit\Connector\Sabre\FilesReportPluginTest::testFindNodesByFileIdsSubDir
#10 425.4 The at() matcher has been deprecated. It will be removed in PHPUnit 10. Please refactor your test to not rely on the order in which methods are invoked.
#10 425.4 
#10 425.4 89) OCA\DAV\Tests\unit\Connector\Sabre\FilesReportPluginTest::testProcessFilterRulesInvisibleTagAsAdmin
#10 425.4 The at() matcher has been deprecated. It will be removed in PHPUnit 10. Please refactor your test to not rely on the order in which methods are invoked.
#10 425.4 
#10 425.4 90) OCA\DAV\Tests\unit\Connector\Sabre\FilesReportPluginTest::testProcessFilterRulesVisibleTagAsUser
#10 425.4 The at() matcher has been deprecated. It will be removed in PHPUnit 10. Please refactor your test to not rely on the order in which methods are invoked.
#10 425.4 
#10 425.4 91) OCA\DAV\Tests\unit\Connector\Sabre\BearerAuthTest::testValidateBearerToken
#10 425.4 The at() matcher has been deprecated. It will be removed in PHPUnit 10. Please refactor your test to not rely on the order in which methods are invoked.
#10 425.4 
#10 425.4 92) OCA\DAV\Tests\unit\Connector\Sabre\AuthTest::testAuthenticateValidCredentials
#10 425.4 The at() matcher has been deprecated. It will be removed in PHPUnit 10. Please refactor your test to not rely on the order in which methods are invoked.
#10 425.4 
#10 425.4 93) OCA\DAV\Tests\unit\Connector\Sabre\AuthTest::testAuthenticateInvalidCredentials
#10 425.4 The at() matcher has been deprecated. It will be removed in PHPUnit 10. Please refactor your test to not rely on the order in which methods are invoked.
#10 425.4 
#10 425.4 94) OCA\DAV\Tests\unit\Connector\Sabre\FakeLockerPluginTest::testInitialize
#10 425.4 The at() matcher has been deprecated. It will be removed in PHPUnit 10. Please refactor your test to not rely on the order in which methods are invoked.
#10 425.4 
#10 425.4 95) OCA\DAV\Tests\unit\Connector\Sabre\FakeLockerPluginTest::testPropFind
#10 425.4 The at() matcher has been deprecated. It will be removed in PHPUnit 10. Please refactor your test to not rely on the order in which methods are invoked.
#10 425.4 
#10 425.4 96) OCA\DAV\Tests\unit\CalDAV\CalendarHomeTest::testGetChildren
#10 425.4 The at() matcher has been deprecated. It will be removed in PHPUnit 10. Please refactor your test to not rely on the order in which methods are invoked.
#10 425.4 
#10 425.4 97) OCA\DAV\Tests\unit\CalDAV\CalendarHomeTest::testGetChildNonAppGenerated
#10 425.4 The at() matcher has been deprecated. It will be removed in PHPUnit 10. Please refactor your test to not rely on the order in which methods are invoked.
#10 425.4 
#10 425.4 98) OCA\DAV\Tests\unit\CalDAV\CalendarHomeTest::testGetChildAppGenerated
#10 425.4 The at() matcher has been deprecated. It will be removed in PHPUnit 10. Please refactor your test to not rely on the order in which methods are invoked.
#10 425.4 
#10 425.4 99) OCA\DAV\Tests\unit\CalDAV\Reminder\NotificationProvider\AudioProviderTest::testSend
#10 425.4 The at() matcher has been deprecated. It will be removed in PHPUnit 10. Please refactor your test to not rely on the order in which methods are invoked.
#10 425.4 
#10 425.4 100) OCA\DAV\Tests\unit\CalDAV\Reminder\NotificationProvider\PushProviderTest::testSend
#10 425.4 The at() matcher has been deprecated. It will be removed in PHPUnit 10. Please refactor your test to not rely on the order in which methods are invoked.
#10 425.4 
#10 425.4 101) OCA\DAV\Tests\unit\CalDAV\Reminder\NotificationProvider\EmailProviderTest::testSendWithoutAttendees
#10 425.4 The at() matcher has been deprecated. It will be removed in PHPUnit 10. Please refactor your test to not rely on the order in which methods are invoked.
#10 425.4 
#10 425.4 102) OCA\DAV\Tests\unit\CalDAV\Reminder\NotificationProvider\EmailProviderTest::testSendWithAttendeesWhenOwnerIsOrganizer
#10 425.4 The at() matcher has been deprecated. It will be removed in PHPUnit 10. Please refactor your test to not rely on the order in which methods are invoked.
#10 425.4 
#10 425.4 103) OCA\DAV\Tests\unit\CalDAV\Reminder\NotificationProvider\EmailProviderTest::testSendWithAttendeesWhenOwnerIsAttendee
#10 425.4 The at() matcher has been deprecated. It will be removed in PHPUnit 10. Please refactor your test to not rely on the order in which methods are invoked.
#10 425.4 
#10 425.4 104) OCA\DAV\Tests\unit\CalDAV\Reminder\ReminderServiceTest::testProcessReminders
#10 425.4 The at() matcher has been deprecated. It will be removed in PHPUnit 10. Please refactor your test to not rely on the order in which methods are invoked.
#10 425.4 
#10 425.4 105) OCA\DAV\Tests\unit\CalDAV\Schedule\IMipPluginTest::testDelivery
#10 425.4 The at() matcher has been deprecated. It will be removed in PHPUnit 10. Please refactor your test to not rely on the order in which methods are invoked.
#10 425.4 
#10 425.4 106) OCA\DAV\Tests\unit\CalDAV\Schedule\IMipPluginTest::testFailedDelivery
#10 425.4 The at() matcher has been deprecated. It will be removed in PHPUnit 10. Please refactor your test to not rely on the order in which methods are invoked.
#10 425.4 
#10 425.4 107) OCA\DAV\Tests\unit\CalDAV\Schedule\IMipPluginTest::testDeliveryWithNoCommonName
#10 425.4 The at() matcher has been deprecated. It will be removed in PHPUnit 10. Please refactor your test to not rely on the order in which methods are invoked.
#10 425.4 
#10 425.4 108) OCA\DAV\Tests\unit\CalDAV\Schedule\IMipPluginTest::testNoMessageSendForPastEvents with data set #2 (array(DateTime Object (...), DateTime Object (...)), true)
#10 425.4 The at() matcher has been deprecated. It will be removed in PHPUnit 10. Please refactor your test to not rely on the order in which methods are invoked.
#10 425.4 
#10 425.4 109) OCA\DAV\Tests\unit\CalDAV\Schedule\IMipPluginTest::testNoMessageSendForPastEvents with data set #4 (array(DateTime Object (...), 'P52W'), true)
#10 425.4 The at() matcher has been deprecated. It will be removed in PHPUnit 10. Please refactor your test to not rely on the order in which methods are invoked.
#10 425.4 
#10 425.4 110) OCA\DAV\Tests\unit\CalDAV\Schedule\IMipPluginTest::testNoMessageSendForPastEvents with data set #5 (array(DateTime Object (...), DateTime Object (...), 'FREQ=WEEKLY'), true)
#10 425.4 The at() matcher has been deprecated. It will be removed in PHPUnit 10. Please refactor your test to not rely on the order in which methods are invoked.
#10 425.4 
#10 425.4 111) OCA\DAV\Tests\unit\CalDAV\Schedule\IMipPluginTest::testNoMessageSendForPastEvents with data set #8 (array(DateTime Object (...), DateTime Object (...), 'FREQ=WEEKLY;COUNT=33'), true)
#10 425.4 The at() matcher has been deprecated. It will be removed in PHPUnit 10. Please refactor your test to not rely on the order in which methods are invoked.
#10 425.4 
#10 425.4 112) OCA\DAV\Tests\unit\CalDAV\Schedule\IMipPluginTest::testNoMessageSendForPastEvents with data set #9 (array(DateTime Object (...), DateTime Object (...), 'FREQ=WEEKLY;UNTIL=20171001T000000Z'), true)
#10 425.4 The at() matcher has been deprecated. It will be removed in PHPUnit 10. Please refactor your test to not rely on the order in which methods are invoked.
#10 425.4 
#10 425.4 113) OCA\DAV\Tests\unit\CalDAV\Schedule\IMipPluginTest::testIncludeResponseButtons with data set #0 ('yes', 'joe@internal.com', true)
#10 425.4 The at() matcher has been deprecated. It will be removed in PHPUnit 10. Please refactor your test to not rely on the order in which methods are invoked.
#10 425.4 
#10 425.4 114) OCA\DAV\Tests\unit\CalDAV\Schedule\IMipPluginTest::testIncludeResponseButtons with data set #1 ('joe@internal.com', 'joe@internal.com', true)
#10 425.4 The at() matcher has been deprecated. It will be removed in PHPUnit 10. Please refactor your test to not rely on the order in which methods are invoked.
#10 425.4 
#10 425.4 115) OCA\DAV\Tests\unit\CalDAV\Schedule\IMipPluginTest::testIncludeResponseButtons with data set #2 ('internal.com', 'joe@internal.com', true)
#10 425.4 The at() matcher has been deprecated. It will be removed in PHPUnit 10. Please refactor your test to not rely on the order in which methods are invoked.
#10 425.4 
#10 425.4 116) OCA\DAV\Tests\unit\CalDAV\Schedule\IMipPluginTest::testIncludeResponseButtons with data set #3 ('pete@otherinternal.com,internal.com', 'joe@internal.com', true)
#10 425.4 The at() matcher has been deprecated. It will be removed in PHPUnit 10. Please refactor your test to not rely on the order in which methods are invoked.
#10 425.4 
#10 425.4 117) OCA\DAV\Tests\unit\CalDAV\Schedule\IMipPluginTest::testIncludeResponseButtons with data set #4 ('no', 'joe@internal.com', false)
#10 425.4 The at() matcher has been deprecated. It will be removed in PHPUnit 10. Please refactor your test to not rely on the order in which methods are invoked.
#10 425.4 
#10 425.4 118) OCA\DAV\Tests\unit\CalDAV\Schedule\IMipPluginTest::testIncludeResponseButtons with data set #5 ('internal.com', 'joe@external.com', false)
#10 425.4 The at() matcher has been deprecated. It will be removed in PHPUnit 10. Please refactor your test to not rely on the order in which methods are invoked.
#10 425.4 
#10 425.4 119) OCA\DAV\Tests\unit\CalDAV\Schedule\IMipPluginTest::testIncludeResponseButtons with data set #6 ('jane@otherinternal.com,internal.com', 'joe@otherinternal.com', false)
#10 425.4 The at() matcher has been deprecated. It will be removed in PHPUnit 10. Please refactor your test to not rely on the order in which methods are invoked.
#10 425.4 
#10 425.4 120) OCA\DAV\Tests\unit\CalDAV\Schedule\IMipPluginTest::testMessageSendWhenEventWithoutName
#10 425.4 The at() matcher has been deprecated. It will be removed in PHPUnit 10. Please refactor your test to not rely on the order in which methods are invoked.
#10 425.4 
#10 425.4 121) OCA\DAV\Tests\unit\CalDAV\CalendarManagerTest::testSetupCalendarProvider
#10 425.4 The at() matcher has been deprecated. It will be removed in PHPUnit 10. Please refactor your test to not rely on the order in which methods are invoked.
#10 425.4 
#10 425.4 122) OCA\DAV\Tests\unit\CalDAV\WebcalCaching\PluginTest::testDisabled
#10 425.4 The at() matcher has been deprecated. It will be removed in PHPUnit 10. Please refactor your test to not rely on the order in which methods are invoked.
#10 425.4 
#10 425.4 123) OCA\DAV\Tests\unit\CalDAV\WebcalCaching\PluginTest::testEnabled
#10 425.4 The at() matcher has been deprecated. It will be removed in PHPUnit 10. Please refactor your test to not rely on the order in which methods are invoked.
#10 425.4 
#10 425.4 124) OCA\DAV\Tests\unit\CalDAV\ResourceBooking\ResourcePrincipalBackendTest::testSetGroupMemberSet
#10 425.4 The at() matcher has been deprecated. It will be removed in PHPUnit 10. Please refactor your test to not rely on the order in which methods are invoked.
#10 425.4 
#10 425.4 125) OCA\DAV\Tests\unit\CalDAV\ResourceBooking\RoomPrincipalBackendTest::testSetGroupMemberSet
#10 425.4 The at() matcher has been deprecated. It will be removed in PHPUnit 10. Please refactor your test to not rely on the order in which methods are invoked.
#10 425.4 
#10 425.4 126) OCA\DAV\Tests\unit\CalDAV\Search\SearchPluginTest::testInitialize
#10 425.4 The at() matcher has been deprecated. It will be removed in PHPUnit 10. Please refactor your test to not rely on the order in which methods are invoked.
#10 425.4 
#10 425.4 127) OCA\DAV\Tests\unit\CalDAV\Search\SearchPluginTest::testReport
#10 425.4 The at() matcher has been deprecated. It will be removed in PHPUnit 10. Please refactor your test to not rely on the order in which methods are invoked.
#10 425.4 
#10 425.4 128) OCA\DAV\Tests\unit\CalDAV\CachedSubscriptionTest::testGetChild
#10 425.4 The at() matcher has been deprecated. It will be removed in PHPUnit 10. Please refactor your test to not rely on the order in which methods are invoked.
#10 425.4 
#10 425.4 129) OCA\DAV\Tests\unit\CalDAV\CachedSubscriptionTest::testGetChildren
#10 425.4 The at() matcher has been deprecated. It will be removed in PHPUnit 10. Please refactor your test to not rely on the order in which methods are invoked.
#10 425.4 
#10 425.4 130) OCA\DAV\Tests\unit\CalDAV\CachedSubscriptionTest::testGetMultipleChildren
#10 425.4 The at() matcher has been deprecated. It will be removed in PHPUnit 10. Please refactor your test to not rely on the order in which methods are invoked.
#10 425.4 
#10 425.4 131) OCA\DAV\Tests\unit\CalDAV\CachedSubscriptionTest::testChildExists
#10 425.4 The at() matcher has been deprecated. It will be removed in PHPUnit 10. Please refactor your test to not rely on the order in which methods are invoked.
#10 425.4 
#10 425.4 132) OCA\DAV\Tests\Unit\DAV\Controller\InvitationResponseControllerTest::testAccept with data set "local attendee" (false)
#10 425.4 The at() matcher has been deprecated. It will be removed in PHPUnit 10. Please refactor your test to not rely on the order in which methods are invoked.
#10 425.4 
#10 425.4 133) OCA\DAV\Tests\Unit\DAV\Controller\InvitationResponseControllerTest::testAccept with data set "external attendee" (true)
#10 425.4 The at() matcher has been deprecated. It will be removed in PHPUnit 10. Please refactor your test to not rely on the order in which methods are invoked.
#10 425.4 
#10 425.4 134) OCA\DAV\Tests\Unit\DAV\Controller\InvitationResponseControllerTest::testAcceptSequence with data set "local attendee" (false)
#10 425.4 The at() matcher has been deprecated. It will be removed in PHPUnit 10. Please refactor your test to not rely on the order in which methods are invoked.
#10 425.4 
#10 425.4 135) OCA\DAV\Tests\Unit\DAV\Controller\InvitationResponseControllerTest::testAcceptSequence with data set "external attendee" (true)
#10 425.4 The at() matcher has been deprecated. It will be removed in PHPUnit 10. Please refactor your test to not rely on the order in which methods are invoked.
#10 425.4 
#10 425.4 136) OCA\DAV\Tests\Unit\DAV\Controller\InvitationResponseControllerTest::testAcceptRecurrenceId with data set "local attendee" (false)
#10 425.4 The at() matcher has been deprecated. It will be removed in PHPUnit 10. Please refactor your test to not rely on the order in which methods are invoked.
#10 425.4 
#10 425.4 137) OCA\DAV\Tests\Unit\DAV\Controller\InvitationResponseControllerTest::testAcceptRecurrenceId with data set "external attendee" (true)
#10 425.4 The at() matcher has been deprecated. It will be removed in PHPUnit 10. Please refactor your test to not rely on the order in which methods are invoked.
#10 425.4 
#10 425.4 138) OCA\DAV\Tests\Unit\DAV\Controller\InvitationResponseControllerTest::testAcceptTokenNotFound
#10 425.4 The at() matcher has been deprecated. It will be removed in PHPUnit 10. Please refactor your test to not rely on the order in which methods are invoked.
#10 425.4 
#10 425.4 139) OCA\DAV\Tests\Unit\DAV\Controller\InvitationResponseControllerTest::testAcceptExpiredToken
#10 425.4 The at() matcher has been deprecated. It will be removed in PHPUnit 10. Please refactor your test to not rely on the order in which methods are invoked.
#10 425.4 
#10 425.4 140) OCA\DAV\Tests\Unit\DAV\Controller\InvitationResponseControllerTest::testDecline with data set "local attendee" (false)
#10 425.4 The at() matcher has been deprecated. It will be removed in PHPUnit 10. Please refactor your test to not rely on the order in which methods are invoked.
#10 425.4 
#10 425.4 141) OCA\DAV\Tests\Unit\DAV\Controller\InvitationResponseControllerTest::testDecline with data set "external attendee" (true)
#10 425.4 The at() matcher has been deprecated. It will be removed in PHPUnit 10. Please refactor your test to not rely on the order in which methods are invoked.
#10 425.4 
#10 425.4 142) OCA\DAV\Tests\Unit\DAV\Controller\InvitationResponseControllerTest::testProcessMoreOptionsResult with data set "local attendee" (false)
#10 425.4 The at() matcher has been deprecated. It will be removed in PHPUnit 10. Please refactor your test to not rely on the order in which methods are invoked.
#10 425.4 
#10 425.4 143) OCA\DAV\Tests\Unit\DAV\Controller\InvitationResponseControllerTest::testProcessMoreOptionsResult with data set "external attendee" (true)
#10 425.4 The at() matcher has been deprecated. It will be removed in PHPUnit 10. Please refactor your test to not rely on the order in which methods are invoked.
#10 425.4 
#10 425.4 144) OCA\DAV\Tests\unit\Provisioning\Apple\AppleProvisioningNodeTest::testGetProperties
#10 425.4 The at() matcher has been deprecated. It will be removed in PHPUnit 10. Please refactor your test to not rely on the order in which methods are invoked.
#10 425.4 
#10 425.4 145) OCA\DAV\Tests\unit\Provisioning\Apple\AppleProvisioningPluginTest::testInitialize
#10 425.4 The at() matcher has been deprecated. It will be removed in PHPUnit 10. Please refactor your test to not rely on the order in which methods are invoked.
#10 425.4 
#10 425.4 146) OCA\DAV\Tests\unit\Provisioning\Apple\AppleProvisioningPluginTest::testHttpGetOnHttp
#10 425.4 The at() matcher has been deprecated. It will be removed in PHPUnit 10. Please refactor your test to not rely on the order in which methods are invoked.
#10 425.4 
#10 425.4 147) OCA\DAV\Tests\unit\Provisioning\Apple\AppleProvisioningPluginTest::testHttpGetOnHttps
#10 425.4 The at() matcher has been deprecated. It will be removed in PHPUnit 10. Please refactor your test to not rely on the order in which methods are invoked.
#10 425.4 
#10 425.4 148) OCA\DAV\Tests\unit\CardDAV\AddressBookImplTest::testCreateUid
#10 425.4 The at() matcher has been deprecated. It will be removed in PHPUnit 10. Please refactor your test to not rely on the order in which methods are invoked.
#10 425.4 
#10 425.4 149) OCA\DAV\Tests\unit\CardDAV\CardDavBackendTest::testCardOperations
#10 425.4 The at() matcher has been deprecated. It will be removed in PHPUnit 10. Please refactor your test to not rely on the order in which methods are invoked.
#10 425.4 
#10 425.4 150) OCA\DAV\Tests\unit\CardDAV\SyncServiceTest::testEnsureSystemAddressBookExists
#10 425.4 The at() matcher has been deprecated. It will be removed in PHPUnit 10. Please refactor your test to not rely on the order in which methods are invoked.
#10 425.4 
#10 425.4 151) OCA\DAV\Tests\unit\CardDAV\BirthdayServiceTest::testOnCardDeleted
#10 425.4 The at() matcher has been deprecated. It will be removed in PHPUnit 10. Please refactor your test to not rely on the order in which methods are invoked.
#10 425.4 
#10 425.4 152) OCA\DAV\Tests\unit\CardDAV\BirthdayServiceTest::testResetForUser
#10 425.4 The at() matcher has been deprecated. It will be removed in PHPUnit 10. Please refactor your test to not rely on the order in which methods are invoked.
#10 425.4 
#10 425.4 153) OCA\DAV\Tests\unit\CardDAV\ImageExportPluginTest::testCard with data set #0 (null, false)
#10 425.4 The at() matcher has been deprecated. It will be removed in PHPUnit 10. Please refactor your test to not rely on the order in which methods are invoked.
#10 425.4 
#10 425.4 154) OCA\DAV\Tests\unit\CardDAV\ImageExportPluginTest::testCard with data set #1 (null, true)
#10 425.4 The at() matcher has been deprecated. It will be removed in PHPUnit 10. Please refactor your test to not rely on the order in which methods are invoked.
#10 425.4 
#10 425.4 155) OCA\DAV\Tests\unit\CardDAV\ImageExportPluginTest::testCard with data set #2 (32, false)
#10 425.4 The at() matcher has been deprecated. It will be removed in PHPUnit 10. Please refactor your test to not rely on the order in which methods are invoked.
#10 425.4 
#10 425.4 156) OCA\DAV\Tests\unit\CardDAV\ImageExportPluginTest::testCard with data set #3 (32, true)
#10 425.4 The at() matcher has been deprecated. It will be removed in PHPUnit 10. Please refactor your test to not rely on the order in which methods are invoked.
#10 425.4 
#10 425.4 157) OCA\DAV\Tests\Command\MoveCalendarTest::testWithBadUserOrigin with data set #0 (false, true)
#10 425.4 The at() matcher has been deprecated. It will be removed in PHPUnit 10. Please refactor your test to not rely on the order in which methods are invoked.
#10 425.4 
#10 425.4 158) OCA\DAV\Tests\Command\MoveCalendarTest::testWithBadUserOrigin with data set #1 (true, false)
#10 425.4 The at() matcher has been deprecated. It will be removed in PHPUnit 10. Please refactor your test to not rely on the order in which methods are invoked.
#10 425.4 
#10 425.4 159) OCA\DAV\Tests\Command\MoveCalendarTest::testMoveWithInexistantCalendar
#10 425.4 The at() matcher has been deprecated. It will be removed in PHPUnit 10. Please refactor your test to not rely on the order in which methods are invoked.
#10 425.4 
#10 425.4 160) OCA\DAV\Tests\Command\MoveCalendarTest::testMoveWithExistingDestinationCalendar
#10 425.4 The at() matcher has been deprecated. It will be removed in PHPUnit 10. Please refactor your test to not rely on the order in which methods are invoked.
#10 425.4 
#10 425.4 161) OCA\DAV\Tests\Command\MoveCalendarTest::testMove
#10 425.4 The at() matcher has been deprecated. It will be removed in PHPUnit 10. Please refactor your test to not rely on the order in which methods are invoked.
#10 425.4 
#10 425.4 162) OCA\DAV\Tests\Command\MoveCalendarTest::testMoveWithDestinationNotPartOfGroup with data set #0 (true)
#10 425.4 The at() matcher has been deprecated. It will be removed in PHPUnit 10. Please refactor your test to not rely on the order in which methods are invoked.
#10 425.4 
#10 425.4 163) OCA\DAV\Tests\Command\MoveCalendarTest::testMoveWithDestinationNotPartOfGroup with data set #1 (false)
#10 425.4 The at() matcher has been deprecated. It will be removed in PHPUnit 10. Please refactor your test to not rely on the order in which methods are invoked.
#10 425.4 
#10 425.4 164) OCA\DAV\Tests\Command\MoveCalendarTest::testMoveWithDestinationPartOfGroup
#10 425.4 The at() matcher has been deprecated. It will be removed in PHPUnit 10. Please refactor your test to not rely on the order in which methods are invoked.
#10 425.4 
#10 425.4 165) OCA\DAV\Tests\Command\MoveCalendarTest::testMoveWithDestinationNotPartOfGroupAndForce
#10 425.4 The at() matcher has been deprecated. It will be removed in PHPUnit 10. Please refactor your test to not rely on the order in which methods are invoked.
#10 425.4 
#10 425.4 166) OCA\DAV\Tests\Command\MoveCalendarTest::testMoveWithCalendarAlreadySharedToDestination with data set #0 (true)
#10 425.4 The at() matcher has been deprecated. It will be removed in PHPUnit 10. Please refactor your test to not rely on the order in which methods are invoked.
#10 425.4 
#10 425.4 167) OCA\DAV\Tests\Command\MoveCalendarTest::testMoveWithCalendarAlreadySharedToDestination with data set #1 (false)
#10 425.4 The at() matcher has been deprecated. It will be removed in PHPUnit 10. Please refactor your test to not rely on the order in which methods are invoked.
#10 425.4 
#10 425.4 168) OCA\DAV\Tests\unit\Search\EventsSearchProviderTest::testGetDeepLinkToCalendarApp
#10 425.4 The at() matcher has been deprecated. It will be removed in PHPUnit 10. Please refactor your test to not rely on the order in which methods are invoked.
#10 425.4 
#10 425.4 169) OCA\DAV\Tests\unit\BackgroundJob\CleanupInvitationTokenJobTest::testRun
#10 425.4 The at() matcher has been deprecated. It will be removed in PHPUnit 10. Please refactor your test to not rely on the order in which methods are invoked.
#10 425.4 
#10 425.4 170) OCA\DAV\Tests\unit\BackgroundJob\RegisterRegenerateBirthdayCalendarsTest::testRun
#10 425.4 The at() matcher has been deprecated. It will be removed in PHPUnit 10. Please refactor your test to not rely on the order in which methods are invoked.
#10 425.4 
#10 425.4 171) OCA\DAV\Tests\unit\BackgroundJob\EventReminderJobTest::testRun with data set #0 (true, true, true)
#10 425.4 The at() matcher has been deprecated. It will be removed in PHPUnit 10. Please refactor your test to not rely on the order in which methods are invoked.
#10 425.4 
#10 425.4 172) OCA\DAV\Tests\unit\BackgroundJob\EventReminderJobTest::testRun with data set #1 (true, false, false)
#10 425.4 The at() matcher has been deprecated. It will be removed in PHPUnit 10. Please refactor your test to not rely on the order in which methods are invoked.
#10 425.4 
#10 425.4 173) OCA\DAV\Tests\unit\BackgroundJob\EventReminderJobTest::testRun with data set #2 (false, true, false)
#10 425.4 The at() matcher has been deprecated. It will be removed in PHPUnit 10. Please refactor your test to not rely on the order in which methods are invoked.
#10 425.4 
#10 425.4 174) OCA\DAV\Tests\unit\BackgroundJob\EventReminderJobTest::testRun with data set #3 (false, false, false)
#10 425.4 The at() matcher has been deprecated. It will be removed in PHPUnit 10. Please refactor your test to not rely on the order in which methods are invoked.
#10 425.4 
#10 425.4 175) OCA\DAV\Tests\unit\DAV\Migration\RemoveDeletedUsersCalendarSubscriptionsTest::testRun with data set #0 (array(), array(), 0)
#10 425.4 The at() matcher has been deprecated. It will be removed in PHPUnit 10. Please refactor your test to not rely on the order in which methods are invoked.
#10 425.4 
#10 425.4 176) OCA\DAV\Tests\unit\DAV\Migration\RemoveDeletedUsersCalendarSubscriptionsTest::testRun with data set #1 (array(array(1, 'users/principals/foo1'), array(2, 'users/principals/bar1'), array(3, 'users/principals/bar1')), array(true, false), 2)
#10 425.4 The at() matcher has been deprecated. It will be removed in PHPUnit 10. Please refactor your test to not rely on the order in which methods are invoked.
#10 425.4 
#10 425.4 177) OCA\DAV\Tests\unit\DAV\Migration\RefreshWebcalJobRegistrarTest::testRun
#10 425.4 The at() matcher has been deprecated. It will be removed in PHPUnit 10. Please refactor your test to not rely on the order in which methods are invoked.
#10 425.4 
#10 425.4 178) OCA\DAV\Tests\unit\Upload\ChunkingPluginTest::testBeforeMoveDestinationIsDirectory
#10 425.4 The at() matcher has been deprecated. It will be removed in PHPUnit 10. Please refactor your test to not rely on the order in which methods are invoked.
#10 425.4 
#10 425.4 179) OCA\DAV\Tests\unit\Upload\ChunkingPluginTest::testBeforeMoveFutureFileSkipNonExisting
#10 425.4 The at() matcher has been deprecated. It will be removed in PHPUnit 10. Please refactor your test to not rely on the order in which methods are invoked.
#10 425.4 
#10 425.4 180) OCA\DAV\Tests\unit\Upload\ChunkingPluginTest::testBeforeMoveFutureFileMoveIt
#10 425.4 The at() matcher has been deprecated. It will be removed in PHPUnit 10. Please refactor your test to not rely on the order in which methods are invoked.
#10 425.4 
#10 425.4 181) OCA\DAV\Tests\unit\Upload\ChunkingPluginTest::testBeforeMoveSizeIsWrong
#10 425.4 The at() matcher has been deprecated. It will be removed in PHPUnit 10. Please refactor your test to not rely on the order in which methods are invoked.
#10 425.4 
#10 425.4 182) OCA\DAV\Tests\DAV\CustomPropertiesBackendTest::testPropFindNoDbCalls
#10 425.4 The at() matcher has been deprecated. It will be removed in PHPUnit 10. Please refactor your test to not rely on the order in which methods are invoked.
#10 425.4 
#10 425.4 183) OCA\DAV\Tests\unit\DAV\GroupPrincipalTest::testFindByUri with data set #8 (true, true, true, 'principal:principals/groups/group1', 'principals/groups/group1')
#10 425.4 The at() matcher has been deprecated. It will be removed in PHPUnit 10. Please refactor your test to not rely on the order in which methods are invoked.
#10 425.4 
#10 425.4 184) OCA\DAV\Tests\unit\DAV\GroupPrincipalTest::testFindByUri with data set #9 (true, true, true, 'principal:principals/groups/group3', null)
#10 425.4 The at() matcher has been deprecated. It will be removed in PHPUnit 10. Please refactor your test to not rely on the order in which methods are invoked.
#10 425.4 
#10 425.4 185) OCA\Files_Sharing\Tests\External\ManagerTest::testAddUserShare
#10 425.4 The at() matcher has been deprecated. It will be removed in PHPUnit 10. Please refactor your test to not rely on the order in which methods are invoked.
#10 425.4 
#10 425.4 186) OCA\Theming\Tests\ThemingDefaultsTest::testGetColorPrimaryWithDefault
#10 425.4 The at() matcher has been deprecated. It will be removed in PHPUnit 10. Please refactor your test to not rely on the order in which methods are invoked.
#10 425.4 
#10 425.4 187) OCA\Theming\Tests\ThemingDefaultsTest::testGetColorPrimaryWithCustom
#10 425.4 The at() matcher has been deprecated. It will be removed in PHPUnit 10. Please refactor your test to not rely on the order in which methods are invoked.
#10 425.4 
#10 425.4 --
#10 425.4 
#10 425.4 There were 16 failures:
#10 425.4 
#10 425.4 1) Test\Preview\MP3Test::testGetThumbnail with data set #0 (-45, -34)
#10 425.4 Failed asserting that null is not equal to false.
#10 425.4 
#10 425.4 /server/tests/lib/Preview/Provider.php:148
#10 425.4 /server/tests/lib/Preview/Provider.php:105
#10 425.4 
#10 425.4 2) Test\Preview\MP3Test::testGetThumbnail with data set #1 (92, 16)
#10 425.4 Failed asserting that null is not equal to false.
#10 425.4 
#10 425.4 /server/tests/lib/Preview/Provider.php:148
#10 425.4 /server/tests/lib/Preview/Provider.php:105
#10 425.4 
#10 425.4 3) Test\Preview\MP3Test::testGetThumbnail with data set #2 (-75, 19)
#10 425.4 Failed asserting that null is not equal to false.
#10 425.4 
#10 425.4 /server/tests/lib/Preview/Provider.php:148
#10 425.4 /server/tests/lib/Preview/Provider.php:105
#10 425.4 
#10 425.4 4) Test\Preview\MP3Test::testGetThumbnail with data set #3 (11, -15)
#10 425.4 Failed asserting that null is not equal to false.
#10 425.4 
#10 425.4 /server/tests/lib/Preview/Provider.php:148
#10 425.4 /server/tests/lib/Preview/Provider.php:105
#10 425.4 
#10 425.4 5) Test\Route\RouterTest::testGenerateConsecutively
#10 425.4 Failed asserting that two strings are equal.
#10 425.4 --- Expected
#10 425.4 +++ Actual
#10 425.4 @@ @@
#10 425.4 -'/index.php/apps/files/'
#10 425.4 +''
#10 425.4 
#10 425.4 /server/tests/lib/Route/RouterTest.php:41
#10 425.4 
#10 425.4 6) Test\User\UserTest::testSetQuota
#10 425.4 Expectation failed for method name is "setUserValue" when invoked 1 time(s)
#10 425.4 Parameter 3 for invocation OCP\IConfig::setUserValue('foo', 'files', 'quota', '0 B', null) does not match expected value.
#10 425.4 Failed asserting that two strings are equal.
#10 425.4 --- Expected
#10 425.4 +++ Actual
#10 425.4 @@ @@
#10 425.4 -'23 TB'
#10 425.4 +'0 B'
#10 425.4 
#10 425.4 /server/lib/private/User/User.php:526
#10 425.4 /server/tests/lib/User/UserTest.php:744
#10 425.4 
#10 425.4 7) Test\User\UserTest::testSetQuotaAddressNoChange
#10 425.4 OCP\IConfig::setUserValue('foo', 'files', 'quota', '0 B', null) was not expected to be called.
#10 425.4 
#10 425.4 /server/lib/private/User/User.php:526
#10 425.4 /server/tests/lib/User/UserTest.php:831
#10 425.4 
#10 425.4 8) HelperTest::testSortByName with data set #4 ('mtime', false, array('o.txt', 'subdir', 'subdir2', 'q.txt', 'b.txt', 'a.txt'))
#10 425.4 Failed asserting that two arrays are equal.
#10 425.4 --- Expected
#10 425.4 +++ Actual
#10 425.4 @@ @@
#10 425.4  Array (
#10 425.4 -    0 => 'o.txt'
#10 425.4 -    1 => 'subdir'
#10 425.4 -    2 => 'subdir2'
#10 425.4 -    3 => 'q.txt'
#10 425.4 -    4 => 'b.txt'
#10 425.4 -    5 => 'a.txt'
#10 425.4 +    0 => 'a.txt'
#10 425.4 +    1 => 'o.txt'
#10 425.4 +    2 => 'subdir'
#10 425.4 +    3 => 'subdir2'
#10 425.4 +    4 => 'q.txt'
#10 425.4 +    5 => 'b.txt'
#10 425.4  )
#10 425.4 
#10 425.4 /server/apps/files/tests/HelperTest.php:104
#10 425.4 
#10 425.4 9) HelperTest::testSortByName with data set #5 ('mtime', true, array('a.txt', 'b.txt', 'q.txt', 'subdir2', 'subdir', 'o.txt'))
#10 425.4 Failed asserting that two arrays are equal.
#10 425.4 --- Expected
#10 425.4 +++ Actual
#10 425.4 @@ @@
#10 425.4  Array (
#10 425.4 -    0 => 'a.txt'
#10 425.4 -    1 => 'b.txt'
#10 425.4 -    2 => 'q.txt'
#10 425.4 -    3 => 'subdir2'
#10 425.4 -    4 => 'subdir'
#10 425.4 -    5 => 'o.txt'
#10 425.4 +    0 => 'b.txt'
#10 425.4 +    1 => 'q.txt'
#10 425.4 +    2 => 'subdir2'
#10 425.4 +    3 => 'subdir'
#10 425.4 +    4 => 'o.txt'
#10 425.4 +    5 => 'a.txt'
#10 425.4  )
#10 425.4 
#10 425.4 /server/apps/files/tests/HelperTest.php:104
#10 425.4 
#10 425.4 10) OCA\DAV\Tests\unit\CalDAV\CalDavBackendTest::testCalendarQuery with data set "end" (array(0), array(), array(array('VEVENT', false, array(), array(null, DateTime Object (...)), array())))
#10 425.4 Failed asserting that two arrays are equal.
#10 425.4 --- Expected
#10 425.4 +++ Actual
#10 425.4 @@ @@
#10 425.4  Array (
#10 425.4      0 => 'eventELkCKD3HlJouU'
#10 425.4 +    1 => 'eventk5gPIFK3TUgoG'
#10 425.4  )
#10 425.4 
#10 425.4 /server/apps/dav/tests/unit/CalDAV/CalDavBackendTest.php:437
#10 425.4 
#10 425.4 11) OCA\DAV\Tests\unit\CalDAV\CalDavBackendTest::testCalendarQuery with data set "future" (array(3), array(), array(array('VEVENT', false, array(), array(DateTime Object (...), null), array())))
#10 425.4 Failed asserting that two arrays are equal.
#10 425.4 --- Expected
#10 425.4 +++ Actual
#10 425.4 @@ @@
#10 425.4  Array (
#10 425.4 -    0 => 'eventFD4ljk44QvzVQ'
#10 425.4  )
#10 425.4 
#10 425.4 /server/apps/dav/tests/unit/CalDAV/CalDavBackendTest.php:437
#10 425.4 
#10 425.4 12) OCA\Files_Sharing\Tests\ApiTest::testCreateShareLink
#10 425.4 Failed asserting that two strings are equal.
#10 425.4 --- Expected
#10 425.4 +++ Actual
#10 425.4 @@ @@
#10 425.4 -'http://localhost/index.php/s/2Zb5CYWQiWKwZfZ'
#10 425.4 +'http://localhost/'
#10 425.4 
#10 425.4 /server/apps/files_sharing/tests/ApiTest.php:222
#10 425.4 
#10 425.4 13) OCA\Files_Sharing\Tests\ApiTest::testCreateShareLinkPublicUpload
#10 425.4 Failed asserting that two strings are equal.
#10 425.4 --- Expected
#10 425.4 +++ Actual
#10 425.4 @@ @@
#10 425.4 -'http://localhost/index.php/s/DHyzgpStNRAS4Rg'
#10 425.4 +'http://localhost/'
#10 425.4 
#10 425.4 /server/apps/files_sharing/tests/ApiTest.php:250
#10 425.4 
#10 425.4 14) OCA\Files_Sharing\Tests\ApiTest::testPublicLinkUrl
#10 425.4 Failed asserting that two strings are equal.
#10 425.4 --- Expected
#10 425.4 +++ Actual
#10 425.4 @@ @@
#10 425.4 -'http://localhost/index.php/s/cMjq5xWrwranAQ4'
#10 425.4 +'http://localhost/'
#10 425.4 
#10 425.4 /server/apps/files_sharing/tests/ApiTest.php:437
#10 425.4 
#10 425.4 15) OCA\Files_Sharing\Tests\ApiTest::testPublicLinkExpireDate with data set #0 ('2023-03-24', true)
#10 425.4 Failed asserting that two strings are equal.
#10 425.4 --- Expected
#10 425.4 +++ Actual
#10 425.4 @@ @@
#10 425.4 -'http://localhost/index.php/s/N77zsxTc9wjLo3f'
#10 425.4 +'http://localhost/'
#10 425.4 
#10 425.4 /server/apps/files_sharing/tests/ApiTest.php:1315
#10 425.4 
#10 425.4 16) OCA\Files_Sharing\Tests\ApiTest::testCreatePublicLinkExpireDateValid
#10 425.4 Failed asserting that two strings are equal.
#10 425.4 --- Expected
#10 425.4 +++ Actual
#10 425.4 @@ @@
#10 425.4 -'http://localhost/index.php/s/gYwc9DLnKc3zkdm'
#10 425.4 +'http://localhost/'
#10 425.4 
#10 425.4 /server/apps/files_sharing/tests/ApiTest.php:1344
#10 425.4 
#10 425.4 --
#10 425.4 
#10 425.4 There were 126 skipped tests:
#10 425.4 
#10 425.4 1) Test\AllConfigTest::testSetUserValueUnchanged
#10 425.4 Skipped because this is just testable if database connection can be injected
#10 425.4 
#10 425.4 /server/tests/lib/AllConfigTest.php:189
#10 425.4 
#10 425.4 2) Test\Avatar\GuestAvatarTest::testGet
#10 425.4 TODO: Disable because fails on drone
#10 425.4 
#10 425.4 /server/tests/lib/Avatar/GuestAvatarTest.php:63
#10 425.4 
#10 425.4 3) Test\DB\MigrationsTest::testEnsureOracleConstraintsNoPrimaryKey
#10 425.4 Test disabled for now due to multiple reasons, see https://github.com/nextcloud/server/pull/31580#issuecomment-1069182234 for details.
#10 425.4 
#10 425.4 /server/tests/lib/DB/MigrationsTest.php:613
#10 425.4 
#10 425.4 4) Test\Files\Cache\CacheTest::testWithNormalizer
#10 425.4 The 3rdparty Normalizer extension is not available.
#10 425.4 
#10 425.4 /server/tests/lib/Files/Cache/CacheTest.php:572
#10 425.4 
#10 425.4 5) Test\Files\Cache\MoveFromCacheTraitTest::testWithNormalizer
#10 425.4 The 3rdparty Normalizer extension is not available.
#10 425.4 
#10 425.4 /server/tests/lib/Files/Cache/CacheTest.php:572
#10 425.4 
#10 425.4 6) Test\Files\Cache\Wrapper\CacheJailTest::testWithNormalizer
#10 425.4 The 3rdparty Normalizer extension is not available.
#10 425.4 
#10 425.4 /server/tests/lib/Files/Cache/CacheTest.php:572
#10 425.4 
#10 425.4 7) Test\Files\Cache\Wrapper\CachePermissionsMaskTest::testWithNormalizer
#10 425.4 The 3rdparty Normalizer extension is not available.
#10 425.4 
#10 425.4 /server/tests/lib/Files/Cache/CacheTest.php:572
#10 425.4 
#10 425.4 8) Test\Files\FilesystemTest::testNormalizePathUTF8
#10 425.4 UTF8 normalizer Patchwork was not found
#10 425.4 
#10 425.4 /server/tests/lib/Files/FilesystemTest.php:300
#10 425.4 
#10 425.4 9) Test\Files\ObjectStore\AzureTest::testFseekSize
#10 425.4 azure does not support seeking at the moment
#10 425.4 
#10 425.4 /server/tests/lib/Files/ObjectStore/AzureTest.php:40
#10 425.4 
#10 425.4 10) Test\Files\ObjectStore\AzureTest::testWriteRead
#10 425.4 objectstore not configured for azure
#10 425.4 
#10 425.4 /server/tests/lib/Files/ObjectStore/AzureTest.php:33
#10 425.4 /server/tests/lib/Files/ObjectStore/ObjectStoreTest.php:60
#10 425.4 
#10 425.4 11) Test\Files\ObjectStore\AzureTest::testDelete
#10 425.4 objectstore not configured for azure
#10 425.4 
#10 425.4 /server/tests/lib/Files/ObjectStore/AzureTest.php:33
#10 425.4 /server/tests/lib/Files/ObjectStore/ObjectStoreTest.php:73
#10 425.4 
#10 425.4 12) Test\Files\ObjectStore\AzureTest::testReadNonExisting
#10 425.4 objectstore not configured for azure
#10 425.4 
#10 425.4 /server/tests/lib/Files/ObjectStore/AzureTest.php:33
#10 425.4 /server/tests/lib/Files/ObjectStore/ObjectStoreTest.php:90
#10 425.4 
#10 425.4 13) Test\Files\ObjectStore\AzureTest::testDeleteNonExisting
#10 425.4 objectstore not configured for azure
#10 425.4 
#10 425.4 /server/tests/lib/Files/ObjectStore/AzureTest.php:33
#10 425.4 /server/tests/lib/Files/ObjectStore/ObjectStoreTest.php:102
#10 425.4 
#10 425.4 14) Test\Files\ObjectStore\AzureTest::testExists
#10 425.4 objectstore not configured for azure
#10 425.4 
#10 425.4 /server/tests/lib/Files/ObjectStore/AzureTest.php:33
#10 425.4 /server/tests/lib/Files/ObjectStore/ObjectStoreTest.php:116
#10 425.4 
#10 425.4 15) Test\Files\ObjectStore\AzureTest::testCopy
#10 425.4 objectstore not configured for azure
#10 425.4 
#10 425.4 /server/tests/lib/Files/ObjectStore/AzureTest.php:33
#10 425.4 /server/tests/lib/Files/ObjectStore/ObjectStoreTest.php:134
#10 425.4 
#10 425.4 16) Test\Files\ObjectStore\ObjectStoreStorageTest::testCheckUpdate
#10 425.4 Detecting external changes is not supported on object storages
#10 425.4 
#10 425.4 /server/tests/lib/Files/ObjectStore/ObjectStoreStorageTest.php:84
#10 425.4 
#10 425.4 17) Test\Files\ObjectStore\S3Test::testUploadNonSeekable
#10 425.4 objectstore not configured for s3
#10 425.4 
#10 425.4 /server/tests/lib/Files/ObjectStore/S3Test.php:72
#10 425.4 /server/tests/lib/Files/ObjectStore/S3Test.php:65
#10 425.4 
#10 425.4 18) Test\Files\ObjectStore\S3Test::testSeek
#10 425.4 objectstore not configured for s3
#10 425.4 
#10 425.4 /server/tests/lib/Files/ObjectStore/S3Test.php:72
#10 425.4 /server/tests/lib/Files/ObjectStore/S3Test.php:65
#10 425.4 
#10 425.4 19) Test\Files\ObjectStore\S3Test::testEmptyUpload
#10 425.4 objectstore not configured for s3
#10 425.4 
#10 425.4 /server/tests/lib/Files/ObjectStore/S3Test.php:72
#10 425.4 /server/tests/lib/Files/ObjectStore/S3Test.php:65
#10 425.4 
#10 425.4 20) Test\Files\ObjectStore\S3Test::testFileSizes with data set #0 (1000000)
#10 425.4 objectstore not configured for s3
#10 425.4 
#10 425.4 /server/tests/lib/Files/ObjectStore/S3Test.php:72
#10 425.4 /server/tests/lib/Files/ObjectStore/S3Test.php:65
#10 425.4 
#10 425.4 21) Test\Files\ObjectStore\S3Test::testFileSizes with data set #1 (2000000)
#10 425.4 objectstore not configured for s3
#10 425.4 
#10 425.4 /server/tests/lib/Files/ObjectStore/S3Test.php:72
#10 425.4 /server/tests/lib/Files/ObjectStore/S3Test.php:65
#10 425.4 
#10 425.4 22) Test\Files\ObjectStore\S3Test::testFileSizes with data set #2 (5242879)
#10 425.4 objectstore not configured for s3
#10 425.4 
#10 425.4 /server/tests/lib/Files/ObjectStore/S3Test.php:72
#10 425.4 /server/tests/lib/Files/ObjectStore/S3Test.php:65
#10 425.4 
#10 425.4 23) Test\Files\ObjectStore\S3Test::testFileSizes with data set #3 (5242880)
#10 425.4 objectstore not configured for s3
#10 425.4 
#10 425.4 /server/tests/lib/Files/ObjectStore/S3Test.php:72
#10 425.4 /server/tests/lib/Files/ObjectStore/S3Test.php:65
#10 425.4 
#10 425.4 24) Test\Files\ObjectStore\S3Test::testFileSizes with data set #4 (5242881)
#10 425.4 objectstore not configured for s3
#10 425.4 
#10 425.4 /server/tests/lib/Files/ObjectStore/S3Test.php:72
#10 425.4 /server/tests/lib/Files/ObjectStore/S3Test.php:65
#10 425.4 
#10 425.4 25) Test\Files\ObjectStore\S3Test::testFileSizes with data set #5 (10000000)
#10 425.4 objectstore not configured for s3
#10 425.4 
#10 425.4 /server/tests/lib/Files/ObjectStore/S3Test.php:72
#10 425.4 /server/tests/lib/Files/ObjectStore/S3Test.php:65
#10 425.4 
#10 425.4 26) Test\Files\ObjectStore\S3Test::testWriteRead
#10 425.4 objectstore not configured for s3
#10 425.4 
#10 425.4 /server/tests/lib/Files/ObjectStore/S3Test.php:72
#10 425.4 /server/tests/lib/Files/ObjectStore/S3Test.php:65
#10 425.4 
#10 425.4 27) Test\Files\ObjectStore\S3Test::testDelete
#10 425.4 objectstore not configured for s3
#10 425.4 
#10 425.4 /server/tests/lib/Files/ObjectStore/S3Test.php:72
#10 425.4 /server/tests/lib/Files/ObjectStore/S3Test.php:65
#10 425.4 
#10 425.4 28) Test\Files\ObjectStore\S3Test::testReadNonExisting
#10 425.4 objectstore not configured for s3
#10 425.4 
#10 425.4 /server/tests/lib/Files/ObjectStore/S3Test.php:72
#10 425.4 /server/tests/lib/Files/ObjectStore/S3Test.php:65
#10 425.4 
#10 425.4 29) Test\Files\ObjectStore\S3Test::testDeleteNonExisting
#10 425.4 objectstore not configured for s3
#10 425.4 
#10 425.4 /server/tests/lib/Files/ObjectStore/S3Test.php:72
#10 425.4 /server/tests/lib/Files/ObjectStore/S3Test.php:65
#10 425.4 
#10 425.4 30) Test\Files\ObjectStore\S3Test::testExists
#10 425.4 objectstore not configured for s3
#10 425.4 
#10 425.4 /server/tests/lib/Files/ObjectStore/S3Test.php:72
#10 425.4 /server/tests/lib/Files/ObjectStore/S3Test.php:65
#10 425.4 
#10 425.4 31) Test\Files\ObjectStore\S3Test::testCopy
#10 425.4 objectstore not configured for s3
#10 425.4 
#10 425.4 /server/tests/lib/Files/ObjectStore/S3Test.php:72
#10 425.4 /server/tests/lib/Files/ObjectStore/S3Test.php:65
#10 425.4 
#10 425.4 32) Test\Files\ObjectStore\S3Test::testFseekSize
#10 425.4 objectstore not configured for s3
#10 425.4 
#10 425.4 /server/tests/lib/Files/ObjectStore/S3Test.php:72
#10 425.4 /server/tests/lib/Files/ObjectStore/S3Test.php:65
#10 425.4 
#10 425.4 33) Test\Files\ObjectStore\SwiftTest::testWriteRead
#10 425.4 objectstore not configured for swift
#10 425.4 
#10 425.4 /server/tests/lib/Files/ObjectStore/SwiftTest.php:36
#10 425.4 /server/tests/lib/Files/ObjectStore/ObjectStoreTest.php:60
#10 425.4 
#10 425.4 34) Test\Files\ObjectStore\SwiftTest::testDelete
#10 425.4 objectstore not configured for swift
#10 425.4 
#10 425.4 /server/tests/lib/Files/ObjectStore/SwiftTest.php:36
#10 425.4 /server/tests/lib/Files/ObjectStore/ObjectStoreTest.php:73
#10 425.4 
#10 425.4 35) Test\Files\ObjectStore\SwiftTest::testReadNonExisting
#10 425.4 objectstore not configured for swift
#10 425.4 
#10 425.4 /server/tests/lib/Files/ObjectStore/SwiftTest.php:36
#10 425.4 /server/tests/lib/Files/ObjectStore/ObjectStoreTest.php:90
#10 425.4 
#10 425.4 36) Test\Files\ObjectStore\SwiftTest::testDeleteNonExisting
#10 425.4 objectstore not configured for swift
#10 425.4 
#10 425.4 /server/tests/lib/Files/ObjectStore/SwiftTest.php:36
#10 425.4 /server/tests/lib/Files/ObjectStore/ObjectStoreTest.php:102
#10 425.4 
#10 425.4 37) Test\Files\ObjectStore\SwiftTest::testExists
#10 425.4 objectstore not configured for swift
#10 425.4 
#10 425.4 /server/tests/lib/Files/ObjectStore/SwiftTest.php:36
#10 425.4 /server/tests/lib/Files/ObjectStore/ObjectStoreTest.php:116
#10 425.4 
#10 425.4 38) Test\Files\ObjectStore\SwiftTest::testCopy
#10 425.4 objectstore not configured for swift
#10 425.4 
#10 425.4 /server/tests/lib/Files/ObjectStore/SwiftTest.php:36
#10 425.4 /server/tests/lib/Files/ObjectStore/ObjectStoreTest.php:134
#10 425.4 
#10 425.4 39) Test\Files\ObjectStore\SwiftTest::testFseekSize
#10 425.4 objectstore not configured for swift
#10 425.4 
#10 425.4 /server/tests/lib/Files/ObjectStore/SwiftTest.php:36
#10 425.4 /server/tests/lib/Files/ObjectStore/ObjectStoreTest.php:148
#10 425.4 
#10 425.4 40) Test\Files\Storage\Wrapper\EncodingTest::testCheckUpdate
#10 425.4 Cannot test update check on wrappers
#10 425.4 
#10 425.4 /server/tests/lib/Files/Storage/Storage.php:344
#10 425.4 
#10 425.4 41) Test\Files\Storage\Wrapper\EncryptionTest::testCheckUpdate
#10 425.4 Cannot test update check on wrappers
#10 425.4 
#10 425.4 /server/tests/lib/Files/Storage/Storage.php:344
#10 425.4 
#10 425.4 42) Test\Files\Storage\Wrapper\JailTest::testCheckUpdate
#10 425.4 Cannot test update check on wrappers
#10 425.4 
#10 425.4 /server/tests/lib/Files/Storage/Storage.php:344
#10 425.4 
#10 425.4 43) Test\Files\Storage\Wrapper\PermissionsMaskTest::testCheckUpdate
#10 425.4 Cannot test update check on wrappers
#10 425.4 
#10 425.4 /server/tests/lib/Files/Storage/Storage.php:344
#10 425.4 
#10 425.4 44) Test\Files\Storage\Wrapper\QuotaTest::testCheckUpdate
#10 425.4 Cannot test update check on wrappers
#10 425.4 
#10 425.4 /server/tests/lib/Files/Storage/Storage.php:344
#10 425.4 
#10 425.4 45) Test\Files\Storage\Wrapper\WrapperTest::testCheckUpdate
#10 425.4 Cannot test update check on wrappers
#10 425.4 
#10 425.4 /server/tests/lib/Files/Storage/Storage.php:344
#10 425.4 
#10 425.4 46) Test\Files\Type\DetectionTest::testMimeTypeIcon
#10 425.4 Package vfsStream not installed
#10 425.4 
#10 425.4 /server/tests/lib/Files/Type/DetectionTest.php:136
#10 425.4 
#10 425.4 47) Test\Files\ViewTest::testLockBasicOperationUnlocksAfterException with data set #0 ('touch', array('touch-create.txt'), 'touch-create.txt', 'create', 1, 2, 1)
#10 425.4 touch handles storage exceptions internally
#10 425.4 
#10 425.4 /server/tests/lib/Files/ViewTest.php:1979
#10 425.4 
#10 425.4 48) Test\Files\ViewTest::testLockBasicOperationUnlocksAfterException with data set #9 ('touch', array('test.txt'), 'test.txt', 'touch', null, null, null)
#10 425.4 touch handles storage exceptions internally
#10 425.4 
#10 425.4 /server/tests/lib/Files/ViewTest.php:1979
#10 425.4 
#10 425.4 49) Test\Memcache\APCuTest::testCasIntChanged
#10 425.4 The APCu extension is not available.
#10 425.4 
#10 425.4 /server/tests/lib/Memcache/APCuTest.php:17
#10 425.4 
#10 425.4 50) Test\Memcache\APCuTest::testCasIntNotChanged
#10 425.4 The APCu extension is not available.
#10 425.4 
#10 425.4 /server/tests/lib/Memcache/APCuTest.php:17
#10 425.4 
#10 425.4 51) Test\Memcache\APCuTest::testExistsAfterSet
#10 425.4 The APCu extension is not available.
#10 425.4 
#10 425.4 /server/tests/lib/Memcache/APCuTest.php:17
#10 425.4 
#10 425.4 52) Test\Memcache\APCuTest::testGetAfterSet
#10 425.4 The APCu extension is not available.
#10 425.4 
#10 425.4 /server/tests/lib/Memcache/APCuTest.php:17
#10 425.4 
#10 425.4 53) Test\Memcache\APCuTest::testGetArrayAfterSet
#10 425.4 The APCu extension is not available.
#10 425.4 
#10 425.4 /server/tests/lib/Memcache/APCuTest.php:17
#10 425.4 
#10 425.4 54) Test\Memcache\APCuTest::testDoesNotExistAfterRemove
#10 425.4 The APCu extension is not available.
#10 425.4 
#10 425.4 /server/tests/lib/Memcache/APCuTest.php:17
#10 425.4 
#10 425.4 55) Test\Memcache\APCuTest::testRemoveNonExisting
#10 425.4 The APCu extension is not available.
#10 425.4 
#10 425.4 /server/tests/lib/Memcache/APCuTest.php:17
#10 425.4 
#10 425.4 56) Test\Memcache\APCuTest::testArrayAccessSet
#10 425.4 The APCu extension is not available.
#10 425.4 
#10 425.4 /server/tests/lib/Memcache/APCuTest.php:17
#10 425.4 
#10 425.4 57) Test\Memcache\APCuTest::testArrayAccessGet
#10 425.4 The APCu extension is not available.
#10 425.4 
#10 425.4 /server/tests/lib/Memcache/APCuTest.php:17
#10 425.4 
#10 425.4 58) Test\Memcache\APCuTest::testArrayAccessExists
#10 425.4 The APCu extension is not available.
#10 425.4 
#10 425.4 /server/tests/lib/Memcache/APCuTest.php:17
#10 425.4 
#10 425.4 59) Test\Memcache\APCuTest::testArrayAccessUnset
#10 425.4 The APCu extension is not available.
#10 425.4 
#10 425.4 /server/tests/lib/Memcache/APCuTest.php:17
#10 425.4 
#10 425.4 60) Test\Memcache\APCuTest::testAdd
#10 425.4 The APCu extension is not available.
#10 425.4 
#10 425.4 /server/tests/lib/Memcache/APCuTest.php:17
#10 425.4 
#10 425.4 61) Test\Memcache\APCuTest::testInc
#10 425.4 The APCu extension is not available.
#10 425.4 
#10 425.4 /server/tests/lib/Memcache/APCuTest.php:17
#10 425.4 
#10 425.4 62) Test\Memcache\APCuTest::testDec
#10 425.4 The APCu extension is not available.
#10 425.4 
#10 425.4 /server/tests/lib/Memcache/APCuTest.php:17
#10 425.4 
#10 425.4 63) Test\Memcache\APCuTest::testCasNotChanged
#10 425.4 The APCu extension is not available.
#10 425.4 
#10 425.4 /server/tests/lib/Memcache/APCuTest.php:17
#10 425.4 
#10 425.4 64) Test\Memcache\APCuTest::testCasChanged
#10 425.4 The APCu extension is not available.
#10 425.4 
#10 425.4 /server/tests/lib/Memcache/APCuTest.php:17
#10 425.4 
#10 425.4 65) Test\Memcache\APCuTest::testCadNotChanged
#10 425.4 The APCu extension is not available.
#10 425.4 
#10 425.4 /server/tests/lib/Memcache/APCuTest.php:17
#10 425.4 
#10 425.4 66) Test\Memcache\APCuTest::testCadChanged
#10 425.4 The APCu extension is not available.
#10 425.4 
#10 425.4 /server/tests/lib/Memcache/APCuTest.php:17
#10 425.4 
#10 425.4 67) Test\Memcache\APCuTest::testSimple
#10 425.4 The APCu extension is not available.
#10 425.4 
#10 425.4 /server/tests/lib/Memcache/APCuTest.php:17
#10 425.4 
#10 425.4 68) Test\Memcache\APCuTest::testClear
#10 425.4 The APCu extension is not available.
#10 425.4 
#10 425.4 /server/tests/lib/Memcache/APCuTest.php:17
#10 425.4 
#10 425.4 69) Test\Memcache\MemcachedTest::testClear
#10 425.4 The memcached extension is not available.
#10 425.4 
#10 425.4 /server/tests/lib/Memcache/MemcachedTest.php:17
#10 425.4 
#10 425.4 70) Test\Memcache\MemcachedTest::testExistsAfterSet
#10 425.4 Test skipped because of an error in hook method
#10 425.4 
#10 425.4 71) Test\Memcache\MemcachedTest::testGetAfterSet
#10 425.4 Test skipped because of an error in hook method
#10 425.4 
#10 425.4 72) Test\Memcache\MemcachedTest::testGetArrayAfterSet
#10 425.4 Test skipped because of an error in hook method
#10 425.4 
#10 425.4 73) Test\Memcache\MemcachedTest::testDoesNotExistAfterRemove
#10 425.4 Test skipped because of an error in hook method
#10 425.4 
#10 425.4 74) Test\Memcache\MemcachedTest::testRemoveNonExisting
#10 425.4 Test skipped because of an error in hook method
#10 425.4 
#10 425.4 75) Test\Memcache\MemcachedTest::testArrayAccessSet
#10 425.4 Test skipped because of an error in hook method
#10 425.4 
#10 425.4 76) Test\Memcache\MemcachedTest::testArrayAccessGet
#10 425.4 Test skipped because of an error in hook method
#10 425.4 
#10 425.4 77) Test\Memcache\MemcachedTest::testArrayAccessExists
#10 425.4 Test skipped because of an error in hook method
#10 425.4 
#10 425.4 78) Test\Memcache\MemcachedTest::testArrayAccessUnset
#10 425.4 Test skipped because of an error in hook method
#10 425.4 
#10 425.4 79) Test\Memcache\MemcachedTest::testAdd
#10 425.4 Test skipped because of an error in hook method
#10 425.4 
#10 425.4 80) Test\Memcache\MemcachedTest::testInc
#10 425.4 Test skipped because of an error in hook method
#10 425.4 
#10 425.4 81) Test\Memcache\MemcachedTest::testDec
#10 425.4 Test skipped because of an error in hook method
#10 425.4 
#10 425.4 82) Test\Memcache\MemcachedTest::testCasNotChanged
#10 425.4 Test skipped because of an error in hook method
#10 425.4 
#10 425.4 83) Test\Memcache\MemcachedTest::testCasChanged
#10 425.4 Test skipped because of an error in hook method
#10 425.4 
#10 425.4 84) Test\Memcache\MemcachedTest::testCadNotChanged
#10 425.4 Test skipped because of an error in hook method
#10 425.4 
#10 425.4 85) Test\Memcache\MemcachedTest::testCadChanged
#10 425.4 Test skipped because of an error in hook method
#10 425.4 
#10 425.4 86) Test\Memcache\MemcachedTest::testSimple
#10 425.4 Test skipped because of an error in hook method
#10 425.4 
#10 425.4 87) Test\Memcache\RedisTest::testExistsAfterSet
#10 425.4 The redis extension is not available.
#10 425.4 
#10 425.4 /server/tests/lib/Memcache/RedisTest.php:17
#10 425.4 
#10 425.4 88) Test\Memcache\RedisTest::testGetAfterSet
#10 425.4 Test skipped because of an error in hook method
#10 425.4 
#10 425.4 89) Test\Memcache\RedisTest::testGetArrayAfterSet
#10 425.4 Test skipped because of an error in hook method
#10 425.4 
#10 425.4 90) Test\Memcache\RedisTest::testDoesNotExistAfterRemove
#10 425.4 Test skipped because of an error in hook method
#10 425.4 
#10 425.4 91) Test\Memcache\RedisTest::testRemoveNonExisting
#10 425.4 Test skipped because of an error in hook method
#10 425.4 
#10 425.4 92) Test\Memcache\RedisTest::testArrayAccessSet
#10 425.4 Test skipped because of an error in hook method
#10 425.4 
#10 425.4 93) Test\Memcache\RedisTest::testArrayAccessGet
#10 425.4 Test skipped because of an error in hook method
#10 425.4 
#10 425.4 94) Test\Memcache\RedisTest::testArrayAccessExists
#10 425.4 Test skipped because of an error in hook method
#10 425.4 
#10 425.4 95) Test\Memcache\RedisTest::testArrayAccessUnset
#10 425.4 Test skipped because of an error in hook method
#10 425.4 
#10 425.4 96) Test\Memcache\RedisTest::testAdd
#10 425.4 Test skipped because of an error in hook method
#10 425.4 
#10 425.4 97) Test\Memcache\RedisTest::testInc
#10 425.4 Test skipped because of an error in hook method
#10 425.4 
#10 425.4 98) Test\Memcache\RedisTest::testDec
#10 425.4 Test skipped because of an error in hook method
#10 425.4 
#10 425.4 99) Test\Memcache\RedisTest::testCasNotChanged
#10 425.4 Test skipped because of an error in hook method
#10 425.4 
#10 425.4 100) Test\Memcache\RedisTest::testCasChanged
#10 425.4 Test skipped because of an error in hook method
#10 425.4 
#10 425.4 101) Test\Memcache\RedisTest::testCadNotChanged
#10 425.4 Test skipped because of an error in hook method
#10 425.4 
#10 425.4 102) Test\Memcache\RedisTest::testCadChanged
#10 425.4 Test skipped because of an error in hook method
#10 425.4 
#10 425.4 103) Test\Memcache\RedisTest::testSimple
#10 425.4 Test skipped because of an error in hook method
#10 425.4 
#10 425.4 104) Test\Memcache\RedisTest::testClear
#10 425.4 Test skipped because of an error in hook method
#10 425.4 
#10 425.4 105) Test\Preview\BitmapTest::testGetThumbnail with data set #0 (-33, -37)
#10 425.4 An error occured while operating with Imagick.
#10 425.4 
#10 425.4 /server/tests/lib/Preview/Provider.php:145
#10 425.4 /server/tests/lib/Preview/Provider.php:105
#10 425.4 
#10 425.4 106) Test\Preview\BitmapTest::testGetThumbnail with data set #1 (73, 93)
#10 425.4 An error occured while operating with Imagick.
#10 425.4 
#10 425.4 /server/tests/lib/Preview/Provider.php:145
#10 425.4 /server/tests/lib/Preview/Provider.php:105
#10 425.4 
#10 425.4 107) Test\Preview\BitmapTest::testGetThumbnail with data set #2 (-27, 47)
#10 425.4 An error occured while operating with Imagick.
#10 425.4 
#10 425.4 /server/tests/lib/Preview/Provider.php:145
#10 425.4 /server/tests/lib/Preview/Provider.php:105
#10 425.4 
#10 425.4 108) Test\Preview\BitmapTest::testGetThumbnail with data set #3 (8, -28)
#10 425.4 An error occured while operating with Imagick.
#10 425.4 
#10 425.4 /server/tests/lib/Preview/Provider.php:145
#10 425.4 /server/tests/lib/Preview/Provider.php:105
#10 425.4 
#10 425.4 109) Test\Preview\MovieTest::testGetThumbnail with data set #0 (-71, -81)
#10 425.4 No Movie provider present
#10 425.4 
#10 425.4 /server/tests/lib/Preview/MovieTest.php:48
#10 425.4 
#10 425.4 110) Test\Preview\MovieTest::testGetThumbnail with data set #1 (17, 42)
#10 425.4 No Movie provider present
#10 425.4 
#10 425.4 /server/tests/lib/Preview/MovieTest.php:48
#10 425.4 
#10 425.4 111) Test\Preview\MovieTest::testGetThumbnail with data set #2 (-21, 15)
#10 425.4 No Movie provider present
#10 425.4 
#10 425.4 /server/tests/lib/Preview/MovieTest.php:48
#10 425.4 
#10 425.4 112) Test\Preview\MovieTest::testGetThumbnail with data set #3 (67, -73)
#10 425.4 No Movie provider present
#10 425.4 
#10 425.4 /server/tests/lib/Preview/MovieTest.php:48
#10 425.4 
#10 425.4 113) Test\Preview\OfficeTest::testGetThumbnail with data set #0 (-12, -73)
#10 425.4 No Office provider present
#10 425.4 
#10 425.4 /server/tests/lib/Preview/OfficeTest.php:45
#10 425.4 
#10 425.4 114) Test\Preview\OfficeTest::testGetThumbnail with data set #1 (95, 42)
#10 425.4 No Office provider present
#10 425.4 
#10 425.4 /server/tests/lib/Preview/OfficeTest.php:45
#10 425.4 
#10 425.4 115) Test\Preview\OfficeTest::testGetThumbnail with data set #2 (-50, 35)
#10 425.4 No Office provider present
#10 425.4 
#10 425.4 /server/tests/lib/Preview/OfficeTest.php:45
#10 425.4 
#10 425.4 116) Test\Preview\OfficeTest::testGetThumbnail with data set #3 (75, -67)
#10 425.4 No Office provider present
#10 425.4 
#10 425.4 /server/tests/lib/Preview/OfficeTest.php:45
#10 425.4 
#10 425.4 117) Test\Repair\RepairCollationTest::testCollationConvert
#10 425.4 Test only relevant on MySql
#10 425.4 
#10 425.4 /server/tests/lib/Repair/RepairCollationTest.php:67
#10 425.4 
#10 425.4 118) Test\TempManagerTest::testLogCantCreateFile
#10 425.4 TODO: Disable because fails on drone
#10 425.4 
#10 425.4 /server/tests/lib/TempManagerTest.php:135
#10 425.4 
#10 425.4 119) Test\TempManagerTest::testLogCantCreateFolder
#10 425.4 TODO: Disable because fails on drone
#10 425.4 
#10 425.4 /server/tests/lib/TempManagerTest.php:147
#10 425.4 
#10 425.4 120) Test\UtilCheckServerTest::testDataDirNotWritable
#10 425.4 TODO: Disable because fails on drone
#10 425.4 
#10 425.4 /server/tests/lib/UtilCheckServerTest.php:147
#10 425.4 
#10 425.4 121) OCA\Files_Sharing\Tests\UpdaterTest::testMovedIntoShareChangeOwner
#10 425.4 Skipped because this is failing with S3 as primary as file id are change when moved.
#10 425.4 
#10 425.4 /server/apps/files_sharing/tests/UpdaterTest.php:253
#10 425.4 
#10 425.4 122) OCA\Files_Sharing\Tests\ApiTest::testGetShareFromSource
#10 425.4 This test depends on "OCA\Files_Sharing\Tests\ApiTest::testCreateShareLink" to pass.
#10 425.4 
#10 425.4 123) OCA\Files_Sharing\Tests\ApiTest::testGetShareFromSourceWithReshares
#10 425.4 This test depends on "OCA\Files_Sharing\Tests\ApiTest::testCreateShareLink" to pass.
#10 425.4 
#10 425.4 124) OCA\Files_Sharing\Tests\ApiTest::testUpdateShare
#10 425.4 This test depends on "OCA\Files_Sharing\Tests\ApiTest::testCreateShareLink" to pass.
#10 425.4 
#10 425.4 125) OCA\Files_Sharing\Tests\ShareTest::testShareWithGroupUniqueName
#10 425.4 TODO: Disable because fails on drone
#10 425.4 
#10 425.4 /server/apps/files_sharing/tests/ShareTest.php:162
#10 425.4 
#10 425.4 126) OCA\Files_Versions\Tests\VersioningTest::testRestoreMovedShare
#10 425.4 Unreliable test
#10 425.4 
#10 425.4 /server/apps/files_versions/tests/VersioningTest.php:690
#10 425.4 
#10 425.4 ERRORS!
#10 425.4 Tests: 14663, Assertions: 37837, Errors: 5, Failures: 16, Warnings: 187, Skipped: 126.
#10 ERROR: process "/bin/sh -c ./autotest.sh sqlite" did not complete successfully: exit code: 2
------
 > [6/6] RUN ./autotest.sh sqlite:
#10 425.4 
#10 425.4 /server/apps/files_sharing/tests/ShareTest.php:162
#10 425.4 
#10 425.4 126) OCA\Files_Versions\Tests\VersioningTest::testRestoreMovedShare
#10 425.4 Unreliable test
#10 425.4 
#10 425.4 /server/apps/files_versions/tests/VersioningTest.php:690
#10 425.4 
#10 425.4 ERRORS!
#10 425.4 Tests: 14663, Assertions: 37837, Errors: 5, Failures: 16, Warnings: 187, Skipped: 126.
------
Dockerfile:21
--------------------
  19 |     RUN git submodule update --init
  20 |     
  21 | >>> RUN ./autotest.sh sqlite
  22 |     
--------------------
ERROR: failed to solve: process "/bin/sh -c ./autotest.sh sqlite" did not complete successfully: exit code: 2
