#1 [internal] load build definition from Dockerfile
#1 transferring dockerfile: 526B done
#1 DONE 0.0s

#2 [internal] load .dockerignore
#2 transferring context: 2B done
#2 DONE 0.0s

#3 [internal] load metadata for docker.io/library/debian:unstable-slim
#3 ...

#4 [auth] library/debian:pull token for registry-1.docker.io
#4 DONE 0.0s

#3 [internal] load metadata for docker.io/library/debian:unstable-slim
#3 DONE 0.9s

#5 [1/6] FROM docker.io/library/debian:unstable-slim@sha256:c237b20c3fe433a4f48620adf5c48750c0134a0d701c0da90caeab7c96980690
#5 resolve docker.io/library/debian:unstable-slim@sha256:c237b20c3fe433a4f48620adf5c48750c0134a0d701c0da90caeab7c96980690 done
#5 sha256:4a14f10dc3cc69a353b8d5b400e8d94efbde967ea71a51069df7fa41a70587d5 1.46kB / 1.46kB done
#5 sha256:294ff46fee21d195789cc350be706bc74ad09607e5d6366c4eda17ab7c3e944f 0B / 29.07MB 0.2s
#5 sha256:c237b20c3fe433a4f48620adf5c48750c0134a0d701c0da90caeab7c96980690 2.07kB / 2.07kB done
#5 sha256:0c3a58c6b28ecab7ecd2dd40ed98170cd1288180430cb03869b73816e6956a77 529B / 529B done
#5 sha256:294ff46fee21d195789cc350be706bc74ad09607e5d6366c4eda17ab7c3e944f 2.10MB / 29.07MB 0.3s
#5 sha256:294ff46fee21d195789cc350be706bc74ad09607e5d6366c4eda17ab7c3e944f 9.44MB / 29.07MB 0.5s
#5 sha256:294ff46fee21d195789cc350be706bc74ad09607e5d6366c4eda17ab7c3e944f 24.12MB / 29.07MB 0.6s
#5 sha256:294ff46fee21d195789cc350be706bc74ad09607e5d6366c4eda17ab7c3e944f 29.07MB / 29.07MB 0.7s done
#5 extracting sha256:294ff46fee21d195789cc350be706bc74ad09607e5d6366c4eda17ab7c3e944f
#5 extracting sha256:294ff46fee21d195789cc350be706bc74ad09607e5d6366c4eda17ab7c3e944f 1.1s done
#5 DONE 1.8s

#6 [2/6] RUN apt-get update &&     apt-get install -y       git       libmagickcore-6.q16-6-extra       php       php-imagick       php-zip       php-gd       php-curl       php-sqlite3       php-intl       phpunit
#6 0.415 Get:1 http://deb.debian.org/debian unstable InRelease [180 kB]
#6 0.503 Get:2 http://deb.debian.org/debian unstable/main amd64 Packages [9432 kB]
#6 1.848 Fetched 9612 kB in 2s (5982 kB/s)
#6 1.848 Reading package lists...
#6 2.419 Reading package lists...
#6 2.977 Building dependency tree...
#6 3.078 Reading state information...
#6 3.223 The following additional packages will be installed:
#6 3.223   adduser apache2 apache2-bin apache2-data apache2-utils ca-certificates dbus
#6 3.223   dbus-bin dbus-daemon dbus-session-bus-common dbus-system-bus-common
#6 3.223   fontconfig fontconfig-config fonts-dejavu-core fonts-droid-fallback
#6 3.223   fonts-noto-mono fonts-urw-base35 ghostscript git-man gsfonts
#6 3.223   imagemagick-6-common javascript-common krb5-locales less libabsl20220623
#6 3.223   libaom3 libapache2-mod-php8.2 libapparmor1 libapr1 libaprutil1
#6 3.223   libaprutil1-dbd-sqlite3 libaprutil1-ldap libargon2-1 libavahi-client3
#6 3.223   libavahi-common-data libavahi-common3 libavif15 libbrotli1 libbsd0 libcairo2
#6 3.223   libcbor0.8 libcups2 libcurl3-gnutls libcurl4 libdatrie1 libdav1d6
#6 3.223   libdbus-1-3 libde265-0 libdeflate0 libdjvulibre-text libdjvulibre21 libedit2
#6 3.223   liberror-perl libexpat1 libfftw3-double3 libfido2-1 libfontconfig1
#6 3.223   libfontenc1 libfreetype6 libfribidi0 libgav1-1 libgd3 libgdbm-compat4
#6 3.223   libgdbm6 libglib2.0-0 libglib2.0-data libgomp1 libgpm2 libgraphite2-3
#6 3.223   libgs-common libgs10 libgs10-common libgssapi-krb5-2 libharfbuzz0b libheif1
#6 3.223   libice6 libicu72 libidn12 libijs-0.35 libimath-3-1-29 libjansson4 libjbig0
#6 3.223   libjbig2dec0 libjpeg62-turbo libjs-bootstrap4 libjs-d3 libjs-jquery
#6 3.223   libjs-popper.js libjs-sizzle libjxr-tools libjxr0 libk5crypto3 libkeyutils1
#6 3.223   libkrb5-3 libkrb5support0 liblcms2-2 libldap-2.5-0 libldap-common liblerc4
#6 3.223   liblqr-1-0 libltdl7 liblua5.3-0 libmagic-mgc libmagic1 libmagickcore-6.q16-6
#6 3.224   libmagickwand-6.q16-6 libncursesw6 libnghttp2-14 libnuma1 libonig5
#6 3.224   libopenexr-3-1-30 libopenjp2-7 libpango-1.0-0 libpangocairo-1.0-0
#6 3.224   libpangoft2-1.0-0 libpaper-utils libpaper1 libperl5.36 libpixman-1-0
#6 3.224   libpng16-16 libproc2-0 libpsl5 librav1e0 librtmp1 libsasl2-2
#6 3.224   libsasl2-modules libsasl2-modules-db libsm6 libsodium23 libsqlite3-0
#6 3.224   libssh2-1 libssl3 libsvtav1enc1 libthai-data libthai0 libtiff6 libwebp7
#6 3.224   libwebpdemux2 libwebpmux3 libwmflite-0.2-7 libx11-6 libx11-data libx265-199
#6 3.224   libxau6 libxcb-render0 libxcb-shm0 libxcb1 libxdmcp6 libxext6 libxml2
#6 3.224   libxmuu1 libxpm4 libxrender1 libxslt1.1 libxt6 libyuv0 libzip4 media-types
#6 3.224   netbase node-jquery openssh-client openssl patch perl perl-modules-5.36
#6 3.224   php-codecoverage php-common php-deepcopy php-doctrine-instantiator
#6 3.224   php-file-iterator php-invoker php-mbstring php-parser php-phar-io-manifest
#6 3.224   php-phar-io-version php-text-template php-timer php-tokenizer php-xml php8.2
#6 3.224   php8.2-cli php8.2-common php8.2-curl php8.2-gd php8.2-imagick php8.2-intl
#6 3.224   php8.2-mbstring php8.2-opcache php8.2-readline php8.2-sqlite3 php8.2-xml
#6 3.224   php8.2-zip phpunit-cli-parser phpunit-code-unit
#6 3.224   phpunit-code-unit-reverse-lookup phpunit-comparator phpunit-complexity
#6 3.224   phpunit-diff phpunit-environment phpunit-exporter phpunit-global-state
#6 3.224   phpunit-lines-of-code phpunit-object-enumerator phpunit-object-reflector
#6 3.224   phpunit-recursion-context phpunit-resource-operations phpunit-type
#6 3.224   phpunit-version poppler-data procps psmisc publicsuffix sensible-utils
#6 3.224   shared-mime-info ssl-cert ucf x11-common xauth xdg-user-dirs
#6 3.224   xfonts-encodings xfonts-utils
#6 3.225 Suggested packages:
#6 3.225   liblocale-gettext-perl cron quota apache2-doc apache2-suexec-pristine
#6 3.225   | apache2-suexec-custom www-browser default-dbus-session-bus
#6 3.225   | dbus-session-bus fonts-noto fonts-freefont-otf | fonts-freefont-ttf
#6 3.225   fonts-texgyre gettext-base git-daemon-run | git-daemon-sysvinit git-doc
#6 3.225   git-email git-gui gitk gitweb git-cvs git-mediawiki git-svn php-pear
#6 3.225   cups-common libfftw3-bin libfftw3-dev libgd-tools gdbm-l10n
#6 3.225   low-memory-monitor gpm krb5-doc krb5-user liblcms2-utils file inkscape
#6 3.225   libsasl2-modules-gssapi-mit | libsasl2-modules-gssapi-heimdal
#6 3.225   libsasl2-modules-ldap libsasl2-modules-otp libsasl2-modules-sql keychain
#6 3.225   libpam-ssh monkeysphere ssh-askpass ed diffutils-doc perl-doc
#6 3.225   libterm-readline-gnu-perl | libterm-readline-perl-perl make
#6 3.225   libtap-harness-archive-perl php-pcov php-xdebug php-soap php-uopz
#6 3.225   poppler-utils fonts-japanese-mincho | fonts-ipafont-mincho
#6 3.225   fonts-japanese-gothic | fonts-ipafont-gothic fonts-arphic-ukai
#6 3.225   fonts-arphic-uming fonts-nanum
#6 4.555 The following NEW packages will be installed:
#6 4.555   adduser apache2 apache2-bin apache2-data apache2-utils ca-certificates dbus
#6 4.555   dbus-bin dbus-daemon dbus-session-bus-common dbus-system-bus-common
#6 4.555   fontconfig fontconfig-config fonts-dejavu-core fonts-droid-fallback
#6 4.555   fonts-noto-mono fonts-urw-base35 ghostscript git git-man gsfonts
#6 4.555   imagemagick-6-common javascript-common krb5-locales less libabsl20220623
#6 4.555   libaom3 libapache2-mod-php8.2 libapparmor1 libapr1 libaprutil1
#6 4.555   libaprutil1-dbd-sqlite3 libaprutil1-ldap libargon2-1 libavahi-client3
#6 4.555   libavahi-common-data libavahi-common3 libavif15 libbrotli1 libbsd0 libcairo2
#6 4.555   libcbor0.8 libcups2 libcurl3-gnutls libcurl4 libdatrie1 libdav1d6
#6 4.555   libdbus-1-3 libde265-0 libdeflate0 libdjvulibre-text libdjvulibre21 libedit2
#6 4.555   liberror-perl libexpat1 libfftw3-double3 libfido2-1 libfontconfig1
#6 4.555   libfontenc1 libfreetype6 libfribidi0 libgav1-1 libgd3 libgdbm-compat4
#6 4.555   libgdbm6 libglib2.0-0 libglib2.0-data libgomp1 libgpm2 libgraphite2-3
#6 4.555   libgs-common libgs10 libgs10-common libgssapi-krb5-2 libharfbuzz0b libheif1
#6 4.555   libice6 libicu72 libidn12 libijs-0.35 libimath-3-1-29 libjansson4 libjbig0
#6 4.555   libjbig2dec0 libjpeg62-turbo libjs-bootstrap4 libjs-d3 libjs-jquery
#6 4.555   libjs-popper.js libjs-sizzle libjxr-tools libjxr0 libk5crypto3 libkeyutils1
#6 4.555   libkrb5-3 libkrb5support0 liblcms2-2 libldap-2.5-0 libldap-common liblerc4
#6 4.555   liblqr-1-0 libltdl7 liblua5.3-0 libmagic-mgc libmagic1 libmagickcore-6.q16-6
#6 4.556   libmagickcore-6.q16-6-extra libmagickwand-6.q16-6 libncursesw6 libnghttp2-14
#6 4.556   libnuma1 libonig5 libopenexr-3-1-30 libopenjp2-7 libpango-1.0-0
#6 4.556   libpangocairo-1.0-0 libpangoft2-1.0-0 libpaper-utils libpaper1 libperl5.36
#6 4.556   libpixman-1-0 libpng16-16 libproc2-0 libpsl5 librav1e0 librtmp1 libsasl2-2
#6 4.556   libsasl2-modules libsasl2-modules-db libsm6 libsodium23 libsqlite3-0
#6 4.556   libssh2-1 libssl3 libsvtav1enc1 libthai-data libthai0 libtiff6 libwebp7
#6 4.556   libwebpdemux2 libwebpmux3 libwmflite-0.2-7 libx11-6 libx11-data libx265-199
#6 4.556   libxau6 libxcb-render0 libxcb-shm0 libxcb1 libxdmcp6 libxext6 libxml2
#6 4.556   libxmuu1 libxpm4 libxrender1 libxslt1.1 libxt6 libyuv0 libzip4 media-types
#6 4.556   netbase node-jquery openssh-client openssl patch perl perl-modules-5.36 php
#6 4.556   php-codecoverage php-common php-curl php-deepcopy php-doctrine-instantiator
#6 4.556   php-file-iterator php-gd php-imagick php-intl php-invoker php-mbstring
#6 4.556   php-parser php-phar-io-manifest php-phar-io-version php-sqlite3
#6 4.556   php-text-template php-timer php-tokenizer php-xml php-zip php8.2 php8.2-cli
#6 4.556   php8.2-common php8.2-curl php8.2-gd php8.2-imagick php8.2-intl
#6 4.556   php8.2-mbstring php8.2-opcache php8.2-readline php8.2-sqlite3 php8.2-xml
#6 4.556   php8.2-zip phpunit phpunit-cli-parser phpunit-code-unit
#6 4.556   phpunit-code-unit-reverse-lookup phpunit-comparator phpunit-complexity
#6 4.556   phpunit-diff phpunit-environment phpunit-exporter phpunit-global-state
#6 4.556   phpunit-lines-of-code phpunit-object-enumerator phpunit-object-reflector
#6 4.556   phpunit-recursion-context phpunit-resource-operations phpunit-type
#6 4.556   phpunit-version poppler-data procps psmisc publicsuffix sensible-utils
#6 4.556   shared-mime-info ssl-cert ucf x11-common xauth xdg-user-dirs
#6 4.556   xfonts-encodings xfonts-utils
#6 4.607 0 upgraded, 231 newly installed, 0 to remove and 12 not upgraded.
#6 4.607 Need to get 95.0 MB of archives.
#6 4.607 After this operation, 391 MB of additional disk space will be used.
#6 4.607 Get:1 http://deb.debian.org/debian unstable/main amd64 libdbus-1-3 amd64 1.14.6-1 [200 kB]
#6 4.634 Get:2 http://deb.debian.org/debian unstable/main amd64 dbus-bin amd64 1.14.6-1 [104 kB]
#6 4.636 Get:3 http://deb.debian.org/debian unstable/main amd64 dbus-session-bus-common all 1.14.6-1 [76.6 kB]
#6 4.638 Get:4 http://deb.debian.org/debian unstable/main amd64 libapparmor1 amd64 3.0.8-3 [41.2 kB]
#6 4.642 Get:5 http://deb.debian.org/debian unstable/main amd64 libexpat1 amd64 2.5.0-1 [99.3 kB]
#6 4.643 Get:6 http://deb.debian.org/debian unstable/main amd64 dbus-daemon amd64 1.14.6-1 [182 kB]
#6 4.646 Get:7 http://deb.debian.org/debian unstable/main amd64 adduser all 3.132 [183 kB]
#6 4.651 Get:8 http://deb.debian.org/debian unstable/main amd64 dbus-system-bus-common all 1.14.6-1 [77.7 kB]
#6 4.651 Get:9 http://deb.debian.org/debian unstable/main amd64 dbus amd64 1.14.6-1 [95.7 kB]
#6 4.652 Get:10 http://deb.debian.org/debian unstable/main amd64 perl-modules-5.36 all 5.36.0-7 [2815 kB]
#6 4.672 Get:11 http://deb.debian.org/debian unstable/main amd64 libgdbm6 amd64 1.23-3 [72.2 kB]
#6 4.673 Get:12 http://deb.debian.org/debian unstable/main amd64 libgdbm-compat4 amd64 1.23-3 [48.2 kB]
#6 4.673 Get:13 http://deb.debian.org/debian unstable/main amd64 libperl5.36 amd64 5.36.0-7 [4218 kB]
#6 4.702 Get:14 http://deb.debian.org/debian unstable/main amd64 perl amd64 5.36.0-7 [239 kB]
#6 4.704 Get:15 http://deb.debian.org/debian unstable/main amd64 libapr1 amd64 1.7.2-3 [102 kB]
#6 4.705 Get:16 http://deb.debian.org/debian unstable/main amd64 libssl3 amd64 3.0.8-1 [2013 kB]
#6 4.719 Get:17 http://deb.debian.org/debian unstable/main amd64 libaprutil1 amd64 1.6.3-1 [87.8 kB]
#6 4.720 Get:18 http://deb.debian.org/debian unstable/main amd64 libsqlite3-0 amd64 3.40.1-2 [837 kB]
#6 4.725 Get:19 http://deb.debian.org/debian unstable/main amd64 libaprutil1-dbd-sqlite3 amd64 1.6.3-1 [13.6 kB]
#6 4.726 Get:20 http://deb.debian.org/debian unstable/main amd64 libsasl2-modules-db amd64 2.1.28+dfsg-11 [20.1 kB]
#6 4.726 Get:21 http://deb.debian.org/debian unstable/main amd64 libsasl2-2 amd64 2.1.28+dfsg-11 [59.5 kB]
#6 4.727 Get:22 http://deb.debian.org/debian unstable/main amd64 libldap-2.5-0 amd64 2.5.13+dfsg-5 [183 kB]
#6 4.728 Get:23 http://deb.debian.org/debian unstable/main amd64 libaprutil1-ldap amd64 1.6.3-1 [11.8 kB]
#6 4.729 Get:24 http://deb.debian.org/debian unstable/main amd64 libbrotli1 amd64 1.0.9-2+b6 [275 kB]
#6 4.731 Get:25 http://deb.debian.org/debian unstable/main amd64 libkrb5support0 amd64 1.20.1-1 [32.2 kB]
#6 4.731 Get:26 http://deb.debian.org/debian unstable/main amd64 libk5crypto3 amd64 1.20.1-1 [78.6 kB]
#6 4.736 Get:27 http://deb.debian.org/debian unstable/main amd64 libkeyutils1 amd64 1.6.3-2 [8808 B]
#6 4.737 Get:28 http://deb.debian.org/debian unstable/main amd64 libkrb5-3 amd64 1.20.1-1 [331 kB]
#6 4.743 Get:29 http://deb.debian.org/debian unstable/main amd64 libgssapi-krb5-2 amd64 1.20.1-1 [134 kB]
#6 4.745 Get:30 http://deb.debian.org/debian unstable/main amd64 libnghttp2-14 amd64 1.52.0-1 [72.3 kB]
#6 4.746 Get:31 http://deb.debian.org/debian unstable/main amd64 libpsl5 amd64 0.21.2-1 [58.7 kB]
#6 4.748 Get:32 http://deb.debian.org/debian unstable/main amd64 librtmp1 amd64 2.4+20151223.gitfa8646d.1-2+b2 [60.8 kB]
#6 4.749 Get:33 http://deb.debian.org/debian unstable/main amd64 libssh2-1 amd64 1.10.0-3+b1 [179 kB]
#6 4.760 Get:34 http://deb.debian.org/debian unstable/main amd64 libcurl4 amd64 7.88.1-6 [385 kB]
#6 4.765 Get:35 http://deb.debian.org/debian unstable/main amd64 libjansson4 amd64 2.14-2 [40.8 kB]
#6 4.766 Get:36 http://deb.debian.org/debian unstable/main amd64 liblua5.3-0 amd64 5.3.6-2 [123 kB]
#6 4.767 Get:37 http://deb.debian.org/debian unstable/main amd64 libicu72 amd64 72.1-3 [9376 kB]
#6 4.832 Get:38 http://deb.debian.org/debian unstable/main amd64 libxml2 amd64 2.9.14+dfsg-1.1+b3 [687 kB]
#6 4.838 Get:39 http://deb.debian.org/debian unstable/main amd64 apache2-bin amd64 2.4.56-1 [1362 kB]
#6 4.847 Get:40 http://deb.debian.org/debian unstable/main amd64 apache2-data all 2.4.56-1 [160 kB]
#6 4.848 Get:41 http://deb.debian.org/debian unstable/main amd64 apache2-utils amd64 2.4.56-1 [200 kB]
#6 4.850 Get:42 http://deb.debian.org/debian unstable/main amd64 media-types all 10.0.0 [26.1 kB]
#6 4.851 Get:43 http://deb.debian.org/debian unstable/main amd64 libncursesw6 amd64 6.4-2 [134 kB]
#6 4.851 Get:44 http://deb.debian.org/debian unstable/main amd64 libproc2-0 amd64 2:4.0.3-1 [63.2 kB]
#6 4.852 Get:45 http://deb.debian.org/debian unstable/main amd64 procps amd64 2:4.0.3-1 [762 kB]
#6 4.857 Get:46 http://deb.debian.org/debian unstable/main amd64 apache2 amd64 2.4.56-1 [214 kB]
#6 4.859 Get:47 http://deb.debian.org/debian unstable/main amd64 fonts-droid-fallback all 1:6.0.1r16-1.1 [1807 kB]
#6 4.871 Get:48 http://deb.debian.org/debian unstable/main amd64 libgomp1 amd64 12.2.0-14 [116 kB]
#6 4.872 Get:49 http://deb.debian.org/debian unstable/main amd64 libfftw3-double3 amd64 3.3.10-1 [776 kB]
#6 4.878 Get:50 http://deb.debian.org/debian unstable/main amd64 libpng16-16 amd64 1.6.39-2 [276 kB]
#6 4.880 Get:51 http://deb.debian.org/debian unstable/main amd64 libfreetype6 amd64 2.12.1+dfsg-4 [399 kB]
#6 4.883 Get:52 http://deb.debian.org/debian unstable/main amd64 fonts-dejavu-core all 2.37-6 [1068 kB]
#6 4.890 Get:53 http://deb.debian.org/debian unstable/main amd64 libfontenc1 amd64 1:1.1.4-1 [24.3 kB]
#6 4.891 Get:54 http://deb.debian.org/debian unstable/main amd64 x11-common all 1:7.7+23 [252 kB]
#6 4.893 Get:55 http://deb.debian.org/debian unstable/main amd64 xfonts-encodings all 1:1.0.4-2.2 [577 kB]
#6 4.897 Get:56 http://deb.debian.org/debian unstable/main amd64 xfonts-utils amd64 1:7.7+6 [93.0 kB]
#6 4.898 Get:57 http://deb.debian.org/debian unstable/main amd64 fonts-urw-base35 all 20200910-7 [10.8 MB]
#6 4.972 Get:58 http://deb.debian.org/debian unstable/main amd64 fontconfig-config amd64 2.14.1-4 [315 kB]
#6 4.974 Get:59 http://deb.debian.org/debian unstable/main amd64 libfontconfig1 amd64 2.14.1-4 [386 kB]
#6 4.977 Get:60 http://deb.debian.org/debian unstable/main amd64 libaom3 amd64 3.6.0-1 [1851 kB]
#6 4.990 Get:61 http://deb.debian.org/debian unstable/main amd64 libdav1d6 amd64 1.0.0-2 [495 kB]
#6 4.994 Get:62 http://deb.debian.org/debian unstable/main amd64 libde265-0 amd64 1.0.11-1 [185 kB]
#6 4.995 Get:63 http://deb.debian.org/debian unstable/main amd64 libnuma1 amd64 2.0.16-1 [21.0 kB]
#6 4.995 Get:64 http://deb.debian.org/debian unstable/main amd64 libx265-199 amd64 3.5-2+b1 [1150 kB]
#6 5.003 Get:65 http://deb.debian.org/debian unstable/main amd64 libheif1 amd64 1.15.1-1 [215 kB]
#6 5.005 Get:66 http://deb.debian.org/debian unstable/main amd64 libjbig0 amd64 2.1-6.1 [31.7 kB]
#6 5.005 Get:67 http://deb.debian.org/debian unstable/main amd64 libjpeg62-turbo amd64 1:2.1.5-2 [166 kB]
#6 5.006 Get:68 http://deb.debian.org/debian unstable/main amd64 liblcms2-2 amd64 2.14-2 [154 kB]
#6 5.008 Get:69 http://deb.debian.org/debian unstable/main amd64 libglib2.0-0 amd64 2.74.6-1 [1397 kB]
#6 5.017 Get:70 http://deb.debian.org/debian unstable/main amd64 liblqr-1-0 amd64 0.4.2-2.1 [29.1 kB]
#6 5.017 Get:71 http://deb.debian.org/debian unstable/main amd64 libltdl7 amd64 2.4.7-5 [393 kB]
#6 5.021 Get:72 http://deb.debian.org/debian unstable/main amd64 libopenjp2-7 amd64 2.5.0-1+b1 [189 kB]
#6 5.022 Get:73 http://deb.debian.org/debian unstable/main amd64 libdeflate0 amd64 1.14-1 [61.4 kB]
#6 5.023 Get:74 http://deb.debian.org/debian unstable/main amd64 liblerc4 amd64 4.0.0+ds-2 [170 kB]
#6 5.028 Get:75 http://deb.debian.org/debian unstable/main amd64 libwebp7 amd64 1.2.4-0.1 [285 kB]
#6 5.031 Get:76 http://deb.debian.org/debian unstable/main amd64 libtiff6 amd64 4.5.0-5 [316 kB]
#6 5.034 Get:77 http://deb.debian.org/debian unstable/main amd64 libwebpdemux2 amd64 1.2.4-0.1 [99.2 kB]
#6 5.035 Get:78 http://deb.debian.org/debian unstable/main amd64 libwebpmux3 amd64 1.2.4-0.1 [109 kB]
#6 5.036 Get:79 http://deb.debian.org/debian unstable/main amd64 libxau6 amd64 1:1.0.9-1 [19.7 kB]
#6 5.036 Get:80 http://deb.debian.org/debian unstable/main amd64 libbsd0 amd64 0.11.7-4 [115 kB]
#6 5.038 Get:81 http://deb.debian.org/debian unstable/main amd64 libxdmcp6 amd64 1:1.1.2-3 [26.3 kB]
#6 5.039 Get:82 http://deb.debian.org/debian unstable/main amd64 libxcb1 amd64 1.15-1 [144 kB]
#6 5.040 Get:83 http://deb.debian.org/debian unstable/main amd64 libx11-data all 2:1.8.4-2 [292 kB]
#6 5.043 Get:84 http://deb.debian.org/debian unstable/main amd64 libx11-6 amd64 2:1.8.4-2 [759 kB]
#6 5.048 Get:85 http://deb.debian.org/debian unstable/main amd64 libxext6 amd64 2:1.3.4-1+b1 [52.9 kB]
#6 5.049 Get:86 http://deb.debian.org/debian unstable/main amd64 imagemagick-6-common all 8:6.9.11.60+dfsg-1.6 [165 kB]
#6 5.051 Get:87 http://deb.debian.org/debian unstable/main amd64 libmagickcore-6.q16-6 amd64 8:6.9.11.60+dfsg-1.6 [1781 kB]
#6 5.064 Get:88 http://deb.debian.org/debian unstable/main amd64 libmagickwand-6.q16-6 amd64 8:6.9.11.60+dfsg-1.6 [408 kB]
#6 5.067 Get:89 http://deb.debian.org/debian unstable/main amd64 psmisc amd64 23.6-1 [259 kB]
#6 5.069 Get:90 http://deb.debian.org/debian unstable/main amd64 php-common all 2:93 [13.1 kB]
#6 5.069 Get:91 http://deb.debian.org/debian unstable/main amd64 sensible-utils all 0.0.17+nmu1 [19.0 kB]
#6 5.070 Get:92 http://deb.debian.org/debian unstable/main amd64 ucf all 3.0043+nmu1 [55.2 kB]
#6 5.070 Get:93 http://deb.debian.org/debian unstable/main amd64 php8.2-common amd64 8.2.4-1 [664 kB]
#6 5.075 Get:94 http://deb.debian.org/debian unstable/main amd64 libedit2 amd64 3.1-20221030-2 [93.0 kB]
#6 5.076 Get:95 http://deb.debian.org/debian unstable/main amd64 libmagic-mgc amd64 1:5.44-3 [305 kB]
#6 5.078 Get:96 http://deb.debian.org/debian unstable/main amd64 libmagic1 amd64 1:5.44-3 [104 kB]
#6 5.079 Get:97 http://deb.debian.org/debian unstable/main amd64 php8.2-opcache amd64 8.2.4-1 [344 kB]
#6 5.082 Get:98 http://deb.debian.org/debian unstable/main amd64 php8.2-readline amd64 8.2.4-1 [12.4 kB]
#6 5.082 Get:99 http://deb.debian.org/debian unstable/main amd64 libargon2-1 amd64 0~20190702+dfsg-2 [19.6 kB]
#6 5.083 Get:100 http://deb.debian.org/debian unstable/main amd64 libsodium23 amd64 1.0.18-1 [161 kB]
#6 5.084 Get:101 http://deb.debian.org/debian unstable/main amd64 php8.2-cli amd64 8.2.4-1 [1732 kB]
#6 5.097 Get:102 http://deb.debian.org/debian unstable/main amd64 libapache2-mod-php8.2 amd64 8.2.4-1 [1674 kB]
#6 5.108 Get:103 http://deb.debian.org/debian unstable/main amd64 php8.2-imagick amd64 3.7.0-4 [98.4 kB]
#6 5.109 Get:104 http://deb.debian.org/debian unstable/main amd64 php-imagick amd64 3.7.0-4 [6476 B]
#6 5.110 Get:105 http://deb.debian.org/debian unstable/main amd64 poppler-data all 0.4.12-1 [1601 kB]
#6 5.121 Get:106 http://deb.debian.org/debian unstable/main amd64 less amd64 590-2 [131 kB]
#6 5.122 Get:107 http://deb.debian.org/debian unstable/main amd64 netbase all 6.4 [12.8 kB]
#6 5.122 Get:108 http://deb.debian.org/debian unstable/main amd64 openssl amd64 3.0.8-1 [1407 kB]
#6 5.132 Get:109 http://deb.debian.org/debian unstable/main amd64 ca-certificates all 20230311 [153 kB]
#6 5.133 Get:110 http://deb.debian.org/debian unstable/main amd64 krb5-locales all 1.20.1-1 [62.4 kB]
#6 5.134 Get:111 http://deb.debian.org/debian unstable/main amd64 libcbor0.8 amd64 0.8.0-2+b1 [27.4 kB]
#6 5.134 Get:112 http://deb.debian.org/debian unstable/main amd64 libfido2-1 amd64 1.12.0-2 [76.8 kB]
#6 5.135 Get:113 http://deb.debian.org/debian unstable/main amd64 openssh-client amd64 1:9.2p1-2 [988 kB]
#6 5.142 Get:114 http://deb.debian.org/debian unstable/main amd64 fontconfig amd64 2.14.1-4 [449 kB]
#6 5.145 Get:115 http://deb.debian.org/debian unstable/main amd64 fonts-noto-mono all 20201225-1 [402 kB]
#6 5.148 Get:116 http://deb.debian.org/debian unstable/main amd64 libgs-common all 10.0.0~dfsg-9 [148 kB]
#6 5.149 Get:117 http://deb.debian.org/debian unstable/main amd64 libgs10-common all 10.0.0~dfsg-9 [586 kB]
#6 5.153 Get:118 http://deb.debian.org/debian unstable/main amd64 libavahi-common-data amd64 0.8-9 [107 kB]
#6 5.154 Get:119 http://deb.debian.org/debian unstable/main amd64 libavahi-common3 amd64 0.8-9 [41.3 kB]
#6 5.154 Get:120 http://deb.debian.org/debian unstable/main amd64 libavahi-client3 amd64 0.8-9 [45.1 kB]
#6 5.156 Get:121 http://deb.debian.org/debian unstable/main amd64 libcups2 amd64 2.4.2-2 [244 kB]
#6 5.158 Get:122 http://deb.debian.org/debian unstable/main amd64 libidn12 amd64 1.41-1 [83.8 kB]
#6 5.167 Get:123 http://deb.debian.org/debian unstable/main amd64 libijs-0.35 amd64 0.35-15 [16.4 kB]
#6 5.168 Get:124 http://deb.debian.org/debian unstable/main amd64 libjbig2dec0 amd64 0.19-3 [67.2 kB]
#6 5.170 Get:125 http://deb.debian.org/debian unstable/main amd64 libpaper1 amd64 1.1.29 [12.5 kB]
#6 5.171 Get:126 http://deb.debian.org/debian unstable/main amd64 libice6 amd64 2:1.0.10-1 [58.5 kB]
#6 5.172 Get:127 http://deb.debian.org/debian unstable/main amd64 libsm6 amd64 2:1.2.3-1 [35.1 kB]
#6 5.173 Get:128 http://deb.debian.org/debian unstable/main amd64 libxt6 amd64 1:1.2.1-1 [189 kB]
#6 5.175 Get:129 http://deb.debian.org/debian unstable/main amd64 libgs10 amd64 10.0.0~dfsg-9+b1 [2465 kB]
#6 5.196 Get:130 http://deb.debian.org/debian unstable/main amd64 ghostscript amd64 10.0.0~dfsg-9+b1 [56.8 kB]
#6 5.197 Get:131 http://deb.debian.org/debian unstable/main amd64 libcurl3-gnutls amd64 7.88.1-6 [380 kB]
#6 5.200 Get:132 http://deb.debian.org/debian unstable/main amd64 liberror-perl all 0.17029-2 [29.0 kB]
#6 5.200 Get:133 http://deb.debian.org/debian unstable/main amd64 git-man all 1:2.39.2-1.1 [2049 kB]
#6 5.215 Get:134 http://deb.debian.org/debian unstable/main amd64 git amd64 1:2.39.2-1.1 [7171 kB]
#6 5.269 Get:135 http://deb.debian.org/debian unstable/main amd64 gsfonts all 2:20200910-7 [18.5 kB]
#6 5.269 Get:136 http://deb.debian.org/debian unstable/main amd64 javascript-common all 11+nmu1 [6260 B]
#6 5.270 Get:137 http://deb.debian.org/debian unstable/main amd64 libabsl20220623 amd64 20220623.1-1 [391 kB]
#6 5.272 Get:138 http://deb.debian.org/debian unstable/main amd64 libgav1-1 amd64 0.18.0-1+b1 [332 kB]
#6 5.275 Get:139 http://deb.debian.org/debian unstable/main amd64 librav1e0 amd64 0.5.1-6 [763 kB]
#6 5.281 Get:140 http://deb.debian.org/debian unstable/main amd64 libsvtav1enc1 amd64 1.4.1+dfsg-1 [2121 kB]
#6 5.296 Get:141 http://deb.debian.org/debian unstable/main amd64 libyuv0 amd64 0.0~git20230123.b2528b0-1 [168 kB]
#6 5.297 Get:142 http://deb.debian.org/debian unstable/main amd64 libavif15 amd64 0.11.1-1 [93.8 kB]
#6 5.298 Get:143 http://deb.debian.org/debian unstable/main amd64 libpixman-1-0 amd64 0.42.2-1 [546 kB]
#6 5.302 Get:144 http://deb.debian.org/debian unstable/main amd64 libxcb-render0 amd64 1.15-1 [115 kB]
#6 5.303 Get:145 http://deb.debian.org/debian unstable/main amd64 libxcb-shm0 amd64 1.15-1 [105 kB]
#6 5.304 Get:146 http://deb.debian.org/debian unstable/main amd64 libxrender1 amd64 1:0.9.10-1.1 [33.2 kB]
#6 5.304 Get:147 http://deb.debian.org/debian unstable/main amd64 libcairo2 amd64 1.16.0-7 [575 kB]
#6 5.308 Get:148 http://deb.debian.org/debian unstable/main amd64 libdatrie1 amd64 0.2.13-2+b1 [43.3 kB]
#6 5.309 Get:149 http://deb.debian.org/debian unstable/main amd64 libdjvulibre-text all 3.5.28-2 [61.8 kB]
#6 5.310 Get:150 http://deb.debian.org/debian unstable/main amd64 libdjvulibre21 amd64 3.5.28-2+b1 [585 kB]
#6 5.316 Get:151 http://deb.debian.org/debian unstable/main amd64 libfribidi0 amd64 1.0.8-2.1 [65.0 kB]
#6 5.317 Get:152 http://deb.debian.org/debian unstable/main amd64 libxpm4 amd64 1:3.5.12-1.1 [48.4 kB]
#6 5.318 Get:153 http://deb.debian.org/debian unstable/main amd64 libgd3 amd64 2.3.3-9 [124 kB]
#6 5.319 Get:154 http://deb.debian.org/debian unstable/main amd64 libglib2.0-data all 2.74.6-1 [1208 kB]
#6 5.330 Get:155 http://deb.debian.org/debian unstable/main amd64 libgpm2 amd64 1.20.7-10+b1 [14.2 kB]
#6 5.330 Get:156 http://deb.debian.org/debian unstable/main amd64 libgraphite2-3 amd64 1.3.14-1 [81.2 kB]
#6 5.331 Get:157 http://deb.debian.org/debian unstable/main amd64 libharfbuzz0b amd64 6.0.0+dfsg-3 [1945 kB]
#6 5.346 Get:158 http://deb.debian.org/debian unstable/main amd64 libimath-3-1-29 amd64 3.1.6-1 [47.4 kB]
#6 5.346 Get:159 http://deb.debian.org/debian unstable/main amd64 libjs-popper.js all 1.16.1+ds-6 [52.4 kB]
#6 5.347 Get:160 http://deb.debian.org/debian unstable/main amd64 libjs-bootstrap4 all 4.6.1+dfsg1-4 [517 kB]
#6 5.350 Get:161 http://deb.debian.org/debian unstable/main amd64 libjs-d3 all 3.5.17-4 [132 kB]
#6 5.351 Get:162 http://deb.debian.org/debian unstable/main amd64 libjs-jquery all 3.6.1+dfsg+~3.5.14-1 [326 kB]
#6 5.354 Get:163 http://deb.debian.org/debian unstable/main amd64 libjs-sizzle all 2.3.6+ds+~2.3.3-2 [31.6 kB]
#6 5.354 Get:164 http://deb.debian.org/debian unstable/main amd64 libjxr0 amd64 1.2~git20170615.f752187-5 [162 kB]
#6 5.355 Get:165 http://deb.debian.org/debian unstable/main amd64 libjxr-tools amd64 1.2~git20170615.f752187-5 [17.3 kB]
#6 5.356 Get:166 http://deb.debian.org/debian unstable/main amd64 libldap-common all 2.5.13+dfsg-5 [29.3 kB]
#6 5.356 Get:167 http://deb.debian.org/debian unstable/main amd64 libopenexr-3-1-30 amd64 3.1.5-4 [928 kB]
#6 5.363 Get:168 http://deb.debian.org/debian unstable/main amd64 libthai-data all 0.1.29-1 [176 kB]
#6 5.365 Get:169 http://deb.debian.org/debian unstable/main amd64 libthai0 amd64 0.1.29-1 [57.5 kB]
#6 5.365 Get:170 http://deb.debian.org/debian unstable/main amd64 libpango-1.0-0 amd64 1.50.12+ds-1 [212 kB]
#6 5.367 Get:171 http://deb.debian.org/debian unstable/main amd64 libpangoft2-1.0-0 amd64 1.50.12+ds-1 [47.4 kB]
#6 5.370 Get:172 http://deb.debian.org/debian unstable/main amd64 libpangocairo-1.0-0 amd64 1.50.12+ds-1 [34.2 kB]
#6 5.371 Get:173 http://deb.debian.org/debian unstable/main amd64 libwmflite-0.2-7 amd64 0.2.12-5 [80.7 kB]
#6 5.372 Get:174 http://deb.debian.org/debian unstable/main amd64 libmagickcore-6.q16-6-extra amd64 8:6.9.11.60+dfsg-1.6 [172 kB]
#6 5.374 Get:175 http://deb.debian.org/debian unstable/main amd64 libonig5 amd64 6.9.8-1 [188 kB]
#6 5.377 Get:176 http://deb.debian.org/debian unstable/main amd64 libpaper-utils amd64 1.1.29 [8868 B]
#6 5.377 Get:177 http://deb.debian.org/debian unstable/main amd64 libsasl2-modules amd64 2.1.28+dfsg-11 [66.4 kB]
#6 5.380 Get:178 http://deb.debian.org/debian unstable/main amd64 libxmuu1 amd64 2:1.1.3-3 [23.9 kB]
#6 5.381 Get:179 http://deb.debian.org/debian unstable/main amd64 libxslt1.1 amd64 1.1.35-1 [242 kB]
#6 5.383 Get:180 http://deb.debian.org/debian unstable/main amd64 libzip4 amd64 1.7.3-1+b1 [55.5 kB]
#6 5.385 Get:181 http://deb.debian.org/debian unstable/main amd64 node-jquery all 3.6.1+dfsg+~3.5.14-1 [160 kB]
#6 5.387 Get:182 http://deb.debian.org/debian unstable/main amd64 patch amd64 2.7.6-7 [128 kB]
#6 5.388 Get:183 http://deb.debian.org/debian unstable/main amd64 php8.2 all 8.2.4-1 [25.4 kB]
#6 5.390 Get:184 http://deb.debian.org/debian unstable/main amd64 php all 2:8.2+93 [3628 B]
#6 5.393 Get:185 http://deb.debian.org/debian unstable/main amd64 php8.2-xml amd64 8.2.4-1 [108 kB]
#6 5.396 Get:186 http://deb.debian.org/debian unstable/main amd64 php-xml all 2:8.2+93 [3672 B]
#6 5.397 Get:187 http://deb.debian.org/debian unstable/main amd64 php-parser all 4.15.4-1 [156 kB]
#6 5.400 Get:188 http://deb.debian.org/debian unstable/main amd64 php-file-iterator all 3.0.6-2 [7792 B]
#6 5.401 Get:189 http://deb.debian.org/debian unstable/main amd64 php-text-template all 2.0.4-2 [5828 B]
#6 5.403 Get:190 http://deb.debian.org/debian unstable/main amd64 phpunit-code-unit-reverse-lookup all 2.0.3-5 [5284 B]
#6 5.404 Get:191 http://deb.debian.org/debian unstable/main amd64 phpunit-complexity all 2.0.2-2 [6056 B]
#6 5.405 Get:192 http://deb.debian.org/debian unstable/main amd64 phpunit-environment all 5.1.5-1 [9368 B]
#6 5.407 Get:193 http://deb.debian.org/debian unstable/main amd64 phpunit-lines-of-code all 1.0.3-2 [5544 B]
#6 5.409 Get:194 http://deb.debian.org/debian unstable/main amd64 phpunit-version all 3.0.2-3 [6004 B]
#6 5.411 Get:195 http://deb.debian.org/debian unstable/main amd64 php-tokenizer all 1.2.1-1 [7444 B]
#6 5.412 Get:196 http://deb.debian.org/debian unstable/main amd64 php-codecoverage all 9.2.26+dfsg-1 [92.5 kB]
#6 5.415 Get:197 http://deb.debian.org/debian unstable/main amd64 php8.2-curl amd64 8.2.4-1 [35.7 kB]
#6 5.416 Get:198 http://deb.debian.org/debian unstable/main amd64 php-curl all 2:8.2+93 [3656 B]
#6 5.417 Get:199 http://deb.debian.org/debian unstable/main amd64 php-deepcopy all 1.11.1-1 [48.7 kB]
#6 5.419 Get:200 http://deb.debian.org/debian unstable/main amd64 php-doctrine-instantiator all 1.5.0-1 [8244 B]
#6 5.420 Get:201 http://deb.debian.org/debian unstable/main amd64 php8.2-gd amd64 8.2.4-1 [28.7 kB]
#6 5.421 Get:202 http://deb.debian.org/debian unstable/main amd64 php-gd all 2:8.2+93 [3648 B]
#6 5.423 Get:203 http://deb.debian.org/debian unstable/main amd64 php8.2-intl amd64 8.2.4-1 [137 kB]
#6 5.424 Get:204 http://deb.debian.org/debian unstable/main amd64 php-intl all 2:8.2+93 [3664 B]
#6 5.426 Get:205 http://deb.debian.org/debian unstable/main amd64 php-invoker all 3.1.1-3 [5704 B]
#6 5.429 Get:206 http://deb.debian.org/debian unstable/main amd64 php8.2-mbstring amd64 8.2.4-1 [441 kB]
#6 5.433 Get:207 http://deb.debian.org/debian unstable/main amd64 php-mbstring all 2:8.2+93 [3664 B]
#6 5.434 Get:208 http://deb.debian.org/debian unstable/main amd64 php-phar-io-version all 3.2.1-1 [10.5 kB]
#6 5.435 Get:209 http://deb.debian.org/debian unstable/main amd64 php-phar-io-manifest all 2.0.3-1 [12.8 kB]
#6 5.436 Get:210 http://deb.debian.org/debian unstable/main amd64 php8.2-sqlite3 amd64 8.2.4-1 [30.1 kB]
#6 5.438 Get:211 http://deb.debian.org/debian unstable/main amd64 php-sqlite3 all 2:8.2+93 [3668 B]
#6 5.439 Get:212 http://deb.debian.org/debian unstable/main amd64 php-timer all 5.0.3-3 [8748 B]
#6 5.440 Get:213 http://deb.debian.org/debian unstable/main amd64 php8.2-zip amd64 8.2.4-1 [26.2 kB]
#6 5.441 Get:214 http://deb.debian.org/debian unstable/main amd64 php-zip all 2:8.2+93 [3656 B]
#6 5.442 Get:215 http://deb.debian.org/debian unstable/main amd64 phpunit-cli-parser all 1.0.1-3 [5380 B]
#6 5.444 Get:216 http://deb.debian.org/debian unstable/main amd64 phpunit-code-unit all 1.0.8-3 [7896 B]
#6 5.445 Get:217 http://deb.debian.org/debian unstable/main amd64 phpunit-diff all 4.0.4-2 [15.8 kB]
#6 5.447 Get:218 http://deb.debian.org/debian unstable/main amd64 phpunit-recursion-context all 4.0.5-1 [5792 B]
#6 5.448 Get:219 http://deb.debian.org/debian unstable/main amd64 phpunit-exporter all 4.0.5-1 [8780 B]
#6 5.451 Get:220 http://deb.debian.org/debian unstable/main amd64 phpunit-comparator all 4.0.8-1 [12.2 kB]
#6 5.452 Get:221 http://deb.debian.org/debian unstable/main amd64 phpunit-object-reflector all 2.0.4-3 [5112 B]
#6 5.453 Get:222 http://deb.debian.org/debian unstable/main amd64 phpunit-global-state all 5.0.5-1 [8980 B]
#6 5.454 Get:223 http://deb.debian.org/debian unstable/main amd64 phpunit-object-enumerator all 4.0.4-2 [5816 B]
#6 5.472 Get:224 http://deb.debian.org/debian unstable/main amd64 phpunit-resource-operations all 3.0.3-4 [15.1 kB]
#6 5.473 Get:225 http://deb.debian.org/debian unstable/main amd64 phpunit-type all 3.2.1-1 [10.8 kB]
#6 5.476 Get:226 http://deb.debian.org/debian unstable/main amd64 phpunit all 9.6.5-1 [166 kB]
#6 5.480 Get:227 http://deb.debian.org/debian unstable/main amd64 publicsuffix all 20230209.2326-1 [126 kB]
#6 5.483 Get:228 http://deb.debian.org/debian unstable/main amd64 shared-mime-info amd64 2.2-1 [729 kB]
#6 5.488 Get:229 http://deb.debian.org/debian unstable/main amd64 ssl-cert all 1.1.2 [21.1 kB]
#6 5.489 Get:230 http://deb.debian.org/debian unstable/main amd64 xauth amd64 1:1.1.2-1 [36.0 kB]
#6 5.493 Get:231 http://deb.debian.org/debian unstable/main amd64 xdg-user-dirs amd64 0.18-1 [54.4 kB]
#6 5.625 debconf: delaying package configuration, since apt-utils is not installed
#6 5.645 Fetched 95.0 MB in 1s (103 MB/s)
#6 5.657 Selecting previously unselected package libdbus-1-3:amd64.
#6 5.657 (Reading database ... (Reading database ... 5%(Reading database ... 10%(Reading database ... 15%(Reading database ... 20%(Reading database ... 25%(Reading database ... 30%(Reading database ... 35%(Reading database ... 40%(Reading database ... 45%(Reading database ... 50%(Reading database ... 55%(Reading database ... 60%(Reading database ... 65%(Reading database ... 70%(Reading database ... 75%(Reading database ... 80%(Reading database ... 85%(Reading database ... 90%(Reading database ... 95%(Reading database ... 100%(Reading database ... 6011 files and directories currently installed.)
#6 5.663 Preparing to unpack .../0-libdbus-1-3_1.14.6-1_amd64.deb ...
#6 5.665 Unpacking libdbus-1-3:amd64 (1.14.6-1) ...
#6 5.696 Selecting previously unselected package dbus-bin.
#6 5.696 Preparing to unpack .../1-dbus-bin_1.14.6-1_amd64.deb ...
#6 5.697 Unpacking dbus-bin (1.14.6-1) ...
#6 5.719 Selecting previously unselected package dbus-session-bus-common.
#6 5.719 Preparing to unpack .../2-dbus-session-bus-common_1.14.6-1_all.deb ...
#6 5.720 Unpacking dbus-session-bus-common (1.14.6-1) ...
#6 5.738 Selecting previously unselected package libapparmor1:amd64.
#6 5.740 Preparing to unpack .../3-libapparmor1_3.0.8-3_amd64.deb ...
#6 5.741 Unpacking libapparmor1:amd64 (3.0.8-3) ...
#6 5.757 Selecting previously unselected package libexpat1:amd64.
#6 5.757 Preparing to unpack .../4-libexpat1_2.5.0-1_amd64.deb ...
#6 5.758 Unpacking libexpat1:amd64 (2.5.0-1) ...
#6 5.780 Selecting previously unselected package dbus-daemon.
#6 5.781 Preparing to unpack .../5-dbus-daemon_1.14.6-1_amd64.deb ...
#6 5.782 Unpacking dbus-daemon (1.14.6-1) ...
#6 5.815 Selecting previously unselected package adduser.
#6 5.815 Preparing to unpack .../6-adduser_3.132_all.deb ...
#6 5.817 Unpacking adduser (3.132) ...
#6 5.850 Setting up adduser (3.132) ...
#6 5.870 Selecting previously unselected package dbus-system-bus-common.
#6 5.870 (Reading database ... (Reading database ... 5%(Reading database ... 10%(Reading database ... 15%(Reading database ... 20%(Reading database ... 25%(Reading database ... 30%(Reading database ... 35%(Reading database ... 40%(Reading database ... 45%(Reading database ... 50%(Reading database ... 55%(Reading database ... 60%(Reading database ... 65%(Reading database ... 70%(Reading database ... 75%(Reading database ... 80%(Reading database ... 85%(Reading database ... 90%(Reading database ... 95%(Reading database ... 100%(Reading database ... 6149 files and directories currently installed.)
#6 5.873 Preparing to unpack .../00-dbus-system-bus-common_1.14.6-1_all.deb ...
#6 5.874 Unpacking dbus-system-bus-common (1.14.6-1) ...
#6 5.897 Selecting previously unselected package dbus.
#6 5.897 Preparing to unpack .../01-dbus_1.14.6-1_amd64.deb ...
#6 5.898 Unpacking dbus (1.14.6-1) ...
#6 5.922 Selecting previously unselected package perl-modules-5.36.
#6 5.923 Preparing to unpack .../02-perl-modules-5.36_5.36.0-7_all.deb ...
#6 5.924 Unpacking perl-modules-5.36 (5.36.0-7) ...
#6 6.232 Selecting previously unselected package libgdbm6:amd64.
#6 6.234 Preparing to unpack .../03-libgdbm6_1.23-3_amd64.deb ...
#6 6.236 Unpacking libgdbm6:amd64 (1.23-3) ...
#6 6.256 Selecting previously unselected package libgdbm-compat4:amd64.
#6 6.258 Preparing to unpack .../04-libgdbm-compat4_1.23-3_amd64.deb ...
#6 6.261 Unpacking libgdbm-compat4:amd64 (1.23-3) ...
#6 6.286 Selecting previously unselected package libperl5.36:amd64.
#6 6.286 Preparing to unpack .../05-libperl5.36_5.36.0-7_amd64.deb ...
#6 6.288 Unpacking libperl5.36:amd64 (5.36.0-7) ...
#6 6.662 Selecting previously unselected package perl.
#6 6.662 Preparing to unpack .../06-perl_5.36.0-7_amd64.deb ...
#6 6.667 Unpacking perl (5.36.0-7) ...
#6 6.700 Selecting previously unselected package libapr1:amd64.
#6 6.702 Preparing to unpack .../07-libapr1_1.7.2-3_amd64.deb ...
#6 6.703 Unpacking libapr1:amd64 (1.7.2-3) ...
#6 6.727 Selecting previously unselected package libssl3:amd64.
#6 6.729 Preparing to unpack .../08-libssl3_3.0.8-1_amd64.deb ...
#6 6.730 Unpacking libssl3:amd64 (3.0.8-1) ...
#6 6.900 Selecting previously unselected package libaprutil1:amd64.
#6 6.900 Preparing to unpack .../09-libaprutil1_1.6.3-1_amd64.deb ...
#6 6.901 Unpacking libaprutil1:amd64 (1.6.3-1) ...
#6 6.923 Selecting previously unselected package libsqlite3-0:amd64.
#6 6.925 Preparing to unpack .../10-libsqlite3-0_3.40.1-2_amd64.deb ...
#6 6.926 Unpacking libsqlite3-0:amd64 (3.40.1-2) ...
#6 6.995 Selecting previously unselected package libaprutil1-dbd-sqlite3:amd64.
#6 6.995 Preparing to unpack .../11-libaprutil1-dbd-sqlite3_1.6.3-1_amd64.deb ...
#6 6.997 Unpacking libaprutil1-dbd-sqlite3:amd64 (1.6.3-1) ...
#6 7.013 Selecting previously unselected package libsasl2-modules-db:amd64.
#6 7.015 Preparing to unpack .../12-libsasl2-modules-db_2.1.28+dfsg-11_amd64.deb ...
#6 7.016 Unpacking libsasl2-modules-db:amd64 (2.1.28+dfsg-11) ...
#6 7.032 Selecting previously unselected package libsasl2-2:amd64.
#6 7.033 Preparing to unpack .../13-libsasl2-2_2.1.28+dfsg-11_amd64.deb ...
#6 7.035 Unpacking libsasl2-2:amd64 (2.1.28+dfsg-11) ...
#6 7.054 Selecting previously unselected package libldap-2.5-0:amd64.
#6 7.056 Preparing to unpack .../14-libldap-2.5-0_2.5.13+dfsg-5_amd64.deb ...
#6 7.059 Unpacking libldap-2.5-0:amd64 (2.5.13+dfsg-5) ...
#6 7.088 Selecting previously unselected package libaprutil1-ldap:amd64.
#6 7.090 Preparing to unpack .../15-libaprutil1-ldap_1.6.3-1_amd64.deb ...
#6 7.091 Unpacking libaprutil1-ldap:amd64 (1.6.3-1) ...
#6 7.110 Selecting previously unselected package libbrotli1:amd64.
#6 7.110 Preparing to unpack .../16-libbrotli1_1.0.9-2+b6_amd64.deb ...
#6 7.111 Unpacking libbrotli1:amd64 (1.0.9-2+b6) ...
#6 7.151 Selecting previously unselected package libkrb5support0:amd64.
#6 7.153 Preparing to unpack .../17-libkrb5support0_1.20.1-1_amd64.deb ...
#6 7.155 Unpacking libkrb5support0:amd64 (1.20.1-1) ...
#6 7.172 Selecting previously unselected package libk5crypto3:amd64.
#6 7.174 Preparing to unpack .../18-libk5crypto3_1.20.1-1_amd64.deb ...
#6 7.175 Unpacking libk5crypto3:amd64 (1.20.1-1) ...
#6 7.204 Selecting previously unselected package libkeyutils1:amd64.
#6 7.204 Preparing to unpack .../19-libkeyutils1_1.6.3-2_amd64.deb ...
#6 7.205 Unpacking libkeyutils1:amd64 (1.6.3-2) ...
#6 7.224 Selecting previously unselected package libkrb5-3:amd64.
#6 7.226 Preparing to unpack .../20-libkrb5-3_1.20.1-1_amd64.deb ...
#6 7.227 Unpacking libkrb5-3:amd64 (1.20.1-1) ...
#6 7.276 Selecting previously unselected package libgssapi-krb5-2:amd64.
#6 7.278 Preparing to unpack .../21-libgssapi-krb5-2_1.20.1-1_amd64.deb ...
#6 7.279 Unpacking libgssapi-krb5-2:amd64 (1.20.1-1) ...
#6 7.305 Selecting previously unselected package libnghttp2-14:amd64.
#6 7.307 Preparing to unpack .../22-libnghttp2-14_1.52.0-1_amd64.deb ...
#6 7.308 Unpacking libnghttp2-14:amd64 (1.52.0-1) ...
#6 7.336 Selecting previously unselected package libpsl5:amd64.
#6 7.337 Preparing to unpack .../23-libpsl5_0.21.2-1_amd64.deb ...
#6 7.339 Unpacking libpsl5:amd64 (0.21.2-1) ...
#6 7.361 Selecting previously unselected package librtmp1:amd64.
#6 7.363 Preparing to unpack .../24-librtmp1_2.4+20151223.gitfa8646d.1-2+b2_amd64.deb ...
#6 7.365 Unpacking librtmp1:amd64 (2.4+20151223.gitfa8646d.1-2+b2) ...
#6 7.390 Selecting previously unselected package libssh2-1:amd64.
#6 7.390 Preparing to unpack .../25-libssh2-1_1.10.0-3+b1_amd64.deb ...
#6 7.391 Unpacking libssh2-1:amd64 (1.10.0-3+b1) ...
#6 7.423 Selecting previously unselected package libcurl4:amd64.
#6 7.425 Preparing to unpack .../26-libcurl4_7.88.1-6_amd64.deb ...
#6 7.427 Unpacking libcurl4:amd64 (7.88.1-6) ...
#6 7.469 Selecting previously unselected package libjansson4:amd64.
#6 7.471 Preparing to unpack .../27-libjansson4_2.14-2_amd64.deb ...
#6 7.472 Unpacking libjansson4:amd64 (2.14-2) ...
#6 7.490 Selecting previously unselected package liblua5.3-0:amd64.
#6 7.491 Preparing to unpack .../28-liblua5.3-0_5.3.6-2_amd64.deb ...
#6 7.493 Unpacking liblua5.3-0:amd64 (5.3.6-2) ...
#6 7.520 Selecting previously unselected package libicu72:amd64.
#6 7.521 Preparing to unpack .../29-libicu72_72.1-3_amd64.deb ...
#6 7.522 Unpacking libicu72:amd64 (72.1-3) ...
#6 8.174 Selecting previously unselected package libxml2:amd64.
#6 8.174 Preparing to unpack .../30-libxml2_2.9.14+dfsg-1.1+b3_amd64.deb ...
#6 8.175 Unpacking libxml2:amd64 (2.9.14+dfsg-1.1+b3) ...
#6 8.331 Selecting previously unselected package apache2-bin.
#6 8.331 Preparing to unpack .../31-apache2-bin_2.4.56-1_amd64.deb ...
#6 8.331 Unpacking apache2-bin (2.4.56-1) ...
#6 8.461 Selecting previously unselected package apache2-data.
#6 8.463 Preparing to unpack .../32-apache2-data_2.4.56-1_all.deb ...
#6 8.464 Unpacking apache2-data (2.4.56-1) ...
#6 8.511 Selecting previously unselected package apache2-utils.
#6 8.512 Preparing to unpack .../33-apache2-utils_2.4.56-1_amd64.deb ...
#6 8.513 Unpacking apache2-utils (2.4.56-1) ...
#6 8.542 Selecting previously unselected package media-types.
#6 8.544 Preparing to unpack .../34-media-types_10.0.0_all.deb ...
#6 8.545 Unpacking media-types (10.0.0) ...
#6 8.564 Selecting previously unselected package libncursesw6:amd64.
#6 8.564 Preparing to unpack .../35-libncursesw6_6.4-2_amd64.deb ...
#6 8.566 Unpacking libncursesw6:amd64 (6.4-2) ...
#6 8.592 Selecting previously unselected package libproc2-0:amd64.
#6 8.593 Preparing to unpack .../36-libproc2-0_2%3a4.0.3-1_amd64.deb ...
#6 8.595 Unpacking libproc2-0:amd64 (2:4.0.3-1) ...
#6 8.618 Selecting previously unselected package procps.
#6 8.618 Preparing to unpack .../37-procps_2%3a4.0.3-1_amd64.deb ...
#6 8.625 Unpacking procps (2:4.0.3-1) ...
#6 8.708 Selecting previously unselected package apache2.
#6 8.710 Preparing to unpack .../38-apache2_2.4.56-1_amd64.deb ...
#6 8.714 Unpacking apache2 (2.4.56-1) ...
#6 8.749 Selecting previously unselected package fonts-droid-fallback.
#6 8.749 Preparing to unpack .../39-fonts-droid-fallback_1%3a6.0.1r16-1.1_all.deb ...
#6 8.765 Unpacking fonts-droid-fallback (1:6.0.1r16-1.1) ...
#6 8.950 Selecting previously unselected package libgomp1:amd64.
#6 8.950 Preparing to unpack .../40-libgomp1_12.2.0-14_amd64.deb ...
#6 8.951 Unpacking libgomp1:amd64 (12.2.0-14) ...
#6 8.978 Selecting previously unselected package libfftw3-double3:amd64.
#6 8.978 Preparing to unpack .../41-libfftw3-double3_3.3.10-1_amd64.deb ...
#6 8.980 Unpacking libfftw3-double3:amd64 (3.3.10-1) ...
#6 9.063 Selecting previously unselected package libpng16-16:amd64.
#6 9.063 Preparing to unpack .../42-libpng16-16_1.6.39-2_amd64.deb ...
#6 9.064 Unpacking libpng16-16:amd64 (1.6.39-2) ...
#6 9.101 Selecting previously unselected package libfreetype6:amd64.
#6 9.101 Preparing to unpack .../43-libfreetype6_2.12.1+dfsg-4_amd64.deb ...
#6 9.102 Unpacking libfreetype6:amd64 (2.12.1+dfsg-4) ...
#6 9.149 Selecting previously unselected package fonts-dejavu-core.
#6 9.151 Preparing to unpack .../44-fonts-dejavu-core_2.37-6_all.deb ...
#6 9.152 Unpacking fonts-dejavu-core (2.37-6) ...
#6 9.262 Selecting previously unselected package libfontenc1:amd64.
#6 9.264 Preparing to unpack .../45-libfontenc1_1%3a1.1.4-1_amd64.deb ...
#6 9.265 Unpacking libfontenc1:amd64 (1:1.1.4-1) ...
#6 9.284 Selecting previously unselected package x11-common.
#6 9.284 Preparing to unpack .../46-x11-common_1%3a7.7+23_all.deb ...
#6 9.285 Unpacking x11-common (1:7.7+23) ...
#6 9.312 Selecting previously unselected package xfonts-encodings.
#6 9.313 Preparing to unpack .../47-xfonts-encodings_1%3a1.0.4-2.2_all.deb ...
#6 9.314 Unpacking xfonts-encodings (1:1.0.4-2.2) ...
#6 9.383 Selecting previously unselected package xfonts-utils.
#6 9.385 Preparing to unpack .../48-xfonts-utils_1%3a7.7+6_amd64.deb ...
#6 9.386 Unpacking xfonts-utils (1:7.7+6) ...
#6 9.412 Selecting previously unselected package fonts-urw-base35.
#6 9.414 Preparing to unpack .../49-fonts-urw-base35_20200910-7_all.deb ...
#6 9.468 Unpacking fonts-urw-base35 (20200910-7) ...
#6 10.02 Selecting previously unselected package fontconfig-config.
#6 10.03 Preparing to unpack .../50-fontconfig-config_2.14.1-4_amd64.deb ...
#6 10.11 Unpacking fontconfig-config (2.14.1-4) ...
#6 10.14 Selecting previously unselected package libfontconfig1:amd64.
#6 10.14 Preparing to unpack .../51-libfontconfig1_2.14.1-4_amd64.deb ...
#6 10.14 Unpacking libfontconfig1:amd64 (2.14.1-4) ...
#6 10.17 Selecting previously unselected package libaom3:amd64.
#6 10.17 Preparing to unpack .../52-libaom3_3.6.0-1_amd64.deb ...
#6 10.17 Unpacking libaom3:amd64 (3.6.0-1) ...
#6 10.35 Selecting previously unselected package libdav1d6:amd64.
#6 10.35 Preparing to unpack .../53-libdav1d6_1.0.0-2_amd64.deb ...
#6 10.35 Unpacking libdav1d6:amd64 (1.0.0-2) ...
#6 10.41 Selecting previously unselected package libde265-0:amd64.
#6 10.41 Preparing to unpack .../54-libde265-0_1.0.11-1_amd64.deb ...
#6 10.41 Unpacking libde265-0:amd64 (1.0.11-1) ...
#6 10.45 Selecting previously unselected package libnuma1:amd64.
#6 10.45 Preparing to unpack .../55-libnuma1_2.0.16-1_amd64.deb ...
#6 10.45 Unpacking libnuma1:amd64 (2.0.16-1) ...
#6 10.47 Selecting previously unselected package libx265-199:amd64.
#6 10.47 Preparing to unpack .../56-libx265-199_3.5-2+b1_amd64.deb ...
#6 10.47 Unpacking libx265-199:amd64 (3.5-2+b1) ...
#6 10.59 Selecting previously unselected package libheif1:amd64.
#6 10.59 Preparing to unpack .../57-libheif1_1.15.1-1_amd64.deb ...
#6 10.60 Unpacking libheif1:amd64 (1.15.1-1) ...
#6 10.63 Selecting previously unselected package libjbig0:amd64.
#6 10.63 Preparing to unpack .../58-libjbig0_2.1-6.1_amd64.deb ...
#6 10.64 Unpacking libjbig0:amd64 (2.1-6.1) ...
#6 10.65 Selecting previously unselected package libjpeg62-turbo:amd64.
#6 10.65 Preparing to unpack .../59-libjpeg62-turbo_1%3a2.1.5-2_amd64.deb ...
#6 10.65 Unpacking libjpeg62-turbo:amd64 (1:2.1.5-2) ...
#6 10.68 Selecting previously unselected package liblcms2-2:amd64.
#6 10.68 Preparing to unpack .../60-liblcms2-2_2.14-2_amd64.deb ...
#6 10.68 Unpacking liblcms2-2:amd64 (2.14-2) ...
#6 10.71 Selecting previously unselected package libglib2.0-0:amd64.
#6 10.72 Preparing to unpack .../61-libglib2.0-0_2.74.6-1_amd64.deb ...
#6 10.72 Unpacking libglib2.0-0:amd64 (2.74.6-1) ...
#6 10.84 Selecting previously unselected package liblqr-1-0:amd64.
#6 10.84 Preparing to unpack .../62-liblqr-1-0_0.4.2-2.1_amd64.deb ...
#6 10.84 Unpacking liblqr-1-0:amd64 (0.4.2-2.1) ...
#6 10.86 Selecting previously unselected package libltdl7:amd64.
#6 10.86 Preparing to unpack .../63-libltdl7_2.4.7-5_amd64.deb ...
#6 10.86 Unpacking libltdl7:amd64 (2.4.7-5) ...
#6 10.89 Selecting previously unselected package libopenjp2-7:amd64.
#6 10.89 Preparing to unpack .../64-libopenjp2-7_2.5.0-1+b1_amd64.deb ...
#6 10.89 Unpacking libopenjp2-7:amd64 (2.5.0-1+b1) ...
#6 10.92 Selecting previously unselected package libdeflate0:amd64.
#6 10.92 Preparing to unpack .../65-libdeflate0_1.14-1_amd64.deb ...
#6 10.92 Unpacking libdeflate0:amd64 (1.14-1) ...
#6 10.95 Selecting previously unselected package liblerc4:amd64.
#6 10.95 Preparing to unpack .../66-liblerc4_4.0.0+ds-2_amd64.deb ...
#6 10.95 Unpacking liblerc4:amd64 (4.0.0+ds-2) ...
#6 10.98 Selecting previously unselected package libwebp7:amd64.
#6 10.98 Preparing to unpack .../67-libwebp7_1.2.4-0.1_amd64.deb ...
#6 10.98 Unpacking libwebp7:amd64 (1.2.4-0.1) ...
#6 11.02 Selecting previously unselected package libtiff6:amd64.
#6 11.02 Preparing to unpack .../68-libtiff6_4.5.0-5_amd64.deb ...
#6 11.02 Unpacking libtiff6:amd64 (4.5.0-5) ...
#6 11.05 Selecting previously unselected package libwebpdemux2:amd64.
#6 11.05 Preparing to unpack .../69-libwebpdemux2_1.2.4-0.1_amd64.deb ...
#6 11.05 Unpacking libwebpdemux2:amd64 (1.2.4-0.1) ...
#6 11.08 Selecting previously unselected package libwebpmux3:amd64.
#6 11.08 Preparing to unpack .../70-libwebpmux3_1.2.4-0.1_amd64.deb ...
#6 11.08 Unpacking libwebpmux3:amd64 (1.2.4-0.1) ...
#6 11.11 Selecting previously unselected package libxau6:amd64.
#6 11.11 Preparing to unpack .../71-libxau6_1%3a1.0.9-1_amd64.deb ...
#6 11.11 Unpacking libxau6:amd64 (1:1.0.9-1) ...
#6 11.12 Selecting previously unselected package libbsd0:amd64.
#6 11.12 Preparing to unpack .../72-libbsd0_0.11.7-4_amd64.deb ...
#6 11.13 Unpacking libbsd0:amd64 (0.11.7-4) ...
#6 11.15 Selecting previously unselected package libxdmcp6:amd64.
#6 11.16 Preparing to unpack .../73-libxdmcp6_1%3a1.1.2-3_amd64.deb ...
#6 11.16 Unpacking libxdmcp6:amd64 (1:1.1.2-3) ...
#6 11.18 Selecting previously unselected package libxcb1:amd64.
#6 11.18 Preparing to unpack .../74-libxcb1_1.15-1_amd64.deb ...
#6 11.18 Unpacking libxcb1:amd64 (1.15-1) ...
#6 11.20 Selecting previously unselected package libx11-data.
#6 11.20 Preparing to unpack .../75-libx11-data_2%3a1.8.4-2_all.deb ...
#6 11.21 Unpacking libx11-data (2:1.8.4-2) ...
#6 11.26 Selecting previously unselected package libx11-6:amd64.
#6 11.26 Preparing to unpack .../76-libx11-6_2%3a1.8.4-2_amd64.deb ...
#6 11.26 Unpacking libx11-6:amd64 (2:1.8.4-2) ...
#6 11.33 Selecting previously unselected package libxext6:amd64.
#6 11.33 Preparing to unpack .../77-libxext6_2%3a1.3.4-1+b1_amd64.deb ...
#6 11.34 Unpacking libxext6:amd64 (2:1.3.4-1+b1) ...
#6 11.36 Selecting previously unselected package imagemagick-6-common.
#6 11.36 Preparing to unpack .../78-imagemagick-6-common_8%3a6.9.11.60+dfsg-1.6_all.deb ...
#6 11.36 Unpacking imagemagick-6-common (8:6.9.11.60+dfsg-1.6) ...
#6 11.39 Selecting previously unselected package libmagickcore-6.q16-6:amd64.
#6 11.39 Preparing to unpack .../79-libmagickcore-6.q16-6_8%3a6.9.11.60+dfsg-1.6_amd64.deb ...
#6 11.39 Unpacking libmagickcore-6.q16-6:amd64 (8:6.9.11.60+dfsg-1.6) ...
#6 11.56 Selecting previously unselected package libmagickwand-6.q16-6:amd64.
#6 11.56 Preparing to unpack .../80-libmagickwand-6.q16-6_8%3a6.9.11.60+dfsg-1.6_amd64.deb ...
#6 11.56 Unpacking libmagickwand-6.q16-6:amd64 (8:6.9.11.60+dfsg-1.6) ...
#6 11.61 Selecting previously unselected package psmisc.
#6 11.61 Preparing to unpack .../81-psmisc_23.6-1_amd64.deb ...
#6 11.61 Unpacking psmisc (23.6-1) ...
#6 11.65 Selecting previously unselected package php-common.
#6 11.65 Preparing to unpack .../82-php-common_2%3a93_all.deb ...
#6 11.65 Unpacking php-common (2:93) ...
#6 11.67 Selecting previously unselected package sensible-utils.
#6 11.67 Preparing to unpack .../83-sensible-utils_0.0.17+nmu1_all.deb ...
#6 11.67 Unpacking sensible-utils (0.0.17+nmu1) ...
#6 11.70 Selecting previously unselected package ucf.
#6 11.70 Preparing to unpack .../84-ucf_3.0043+nmu1_all.deb ...
#6 11.70 Moving old data out of the way
#6 11.70 Unpacking ucf (3.0043+nmu1) ...
#6 11.73 Selecting previously unselected package php8.2-common.
#6 11.73 Preparing to unpack .../85-php8.2-common_8.2.4-1_amd64.deb ...
#6 11.73 Unpacking php8.2-common (8.2.4-1) ...
#6 11.81 Selecting previously unselected package libedit2:amd64.
#6 11.81 Preparing to unpack .../86-libedit2_3.1-20221030-2_amd64.deb ...
#6 11.81 Unpacking libedit2:amd64 (3.1-20221030-2) ...
#6 11.83 Selecting previously unselected package libmagic-mgc.
#6 11.83 Preparing to unpack .../87-libmagic-mgc_1%3a5.44-3_amd64.deb ...
#6 11.83 Unpacking libmagic-mgc (1:5.44-3) ...
#6 11.88 Selecting previously unselected package libmagic1:amd64.
#6 11.88 Preparing to unpack .../88-libmagic1_1%3a5.44-3_amd64.deb ...
#6 11.88 Unpacking libmagic1:amd64 (1:5.44-3) ...
#6 11.91 Selecting previously unselected package php8.2-opcache.
#6 11.91 Preparing to unpack .../89-php8.2-opcache_8.2.4-1_amd64.deb ...
#6 11.91 Unpacking php8.2-opcache (8.2.4-1) ...
#6 11.96 Selecting previously unselected package php8.2-readline.
#6 11.96 Preparing to unpack .../90-php8.2-readline_8.2.4-1_amd64.deb ...
#6 11.96 Unpacking php8.2-readline (8.2.4-1) ...
#6 11.98 Selecting previously unselected package libargon2-1:amd64.
#6 11.99 Preparing to unpack .../91-libargon2-1_0~20190702+dfsg-2_amd64.deb ...
#6 11.99 Unpacking libargon2-1:amd64 (0~20190702+dfsg-2) ...
#6 12.00 Selecting previously unselected package libsodium23:amd64.
#6 12.01 Preparing to unpack .../92-libsodium23_1.0.18-1_amd64.deb ...
#6 12.01 Unpacking libsodium23:amd64 (1.0.18-1) ...
#6 12.04 Selecting previously unselected package php8.2-cli.
#6 12.04 Preparing to unpack .../93-php8.2-cli_8.2.4-1_amd64.deb ...
#6 12.04 Unpacking php8.2-cli (8.2.4-1) ...
#6 12.21 Selecting previously unselected package libapache2-mod-php8.2.
#6 12.21 Preparing to unpack .../94-libapache2-mod-php8.2_8.2.4-1_amd64.deb ...
#6 12.22 Unpacking libapache2-mod-php8.2 (8.2.4-1) ...
#6 12.38 Setting up psmisc (23.6-1) ...
#6 12.39 Setting up php-common (2:93) ...
#6 12.54 Selecting previously unselected package php8.2-imagick.
#6 12.54 (Reading database ... (Reading database ... 5%(Reading database ... 10%(Reading database ... 15%(Reading database ... 20%(Reading database ... 25%(Reading database ... 30%(Reading database ... 35%(Reading database ... 40%(Reading database ... 45%(Reading database ... 50%(Reading database ... 55%(Reading database ... 60%(Reading database ... 65%(Reading database ... 70%(Reading database ... 75%(Reading database ... 80%(Reading database ... 85%(Reading database ... 90%(Reading database ... 95%(Reading database ... 100%(Reading database ... 10832 files and directories currently installed.)
#6 12.55 Preparing to unpack .../000-php8.2-imagick_3.7.0-4_amd64.deb ...
#6 12.55 Unpacking php8.2-imagick (3.7.0-4) ...
#6 12.57 Selecting previously unselected package php-imagick.
#6 12.57 Preparing to unpack .../001-php-imagick_3.7.0-4_amd64.deb ...
#6 12.57 Unpacking php-imagick (3.7.0-4) ...
#6 12.59 Selecting previously unselected package poppler-data.
#6 12.59 Preparing to unpack .../002-poppler-data_0.4.12-1_all.deb ...
#6 12.59 Unpacking poppler-data (0.4.12-1) ...
#6 12.80 Selecting previously unselected package less.
#6 12.81 Preparing to unpack .../003-less_590-2_amd64.deb ...
#6 12.81 Unpacking less (590-2) ...
#6 12.84 Selecting previously unselected package netbase.
#6 12.84 Preparing to unpack .../004-netbase_6.4_all.deb ...
#6 12.84 Unpacking netbase (6.4) ...
#6 12.86 Selecting previously unselected package openssl.
#6 12.86 Preparing to unpack .../005-openssl_3.0.8-1_amd64.deb ...
#6 12.86 Unpacking openssl (3.0.8-1) ...
#6 12.99 Selecting previously unselected package ca-certificates.
#6 12.99 Preparing to unpack .../006-ca-certificates_20230311_all.deb ...
#6 12.99 Unpacking ca-certificates (20230311) ...
#6 13.03 Selecting previously unselected package krb5-locales.
#6 13.03 Preparing to unpack .../007-krb5-locales_1.20.1-1_all.deb ...
#6 13.03 Unpacking krb5-locales (1.20.1-1) ...
#6 13.05 Selecting previously unselected package libcbor0.8:amd64.
#6 13.05 Preparing to unpack .../008-libcbor0.8_0.8.0-2+b1_amd64.deb ...
#6 13.05 Unpacking libcbor0.8:amd64 (0.8.0-2+b1) ...
#6 13.07 Selecting previously unselected package libfido2-1:amd64.
#6 13.07 Preparing to unpack .../009-libfido2-1_1.12.0-2_amd64.deb ...
#6 13.08 Unpacking libfido2-1:amd64 (1.12.0-2) ...
#6 13.10 Selecting previously unselected package openssh-client.
#6 13.10 Preparing to unpack .../010-openssh-client_1%3a9.2p1-2_amd64.deb ...
#6 13.11 Unpacking openssh-client (1:9.2p1-2) ...
#6 13.21 Selecting previously unselected package fontconfig.
#6 13.21 Preparing to unpack .../011-fontconfig_2.14.1-4_amd64.deb ...
#6 13.21 Unpacking fontconfig (2.14.1-4) ...
#6 13.24 Selecting previously unselected package fonts-noto-mono.
#6 13.24 Preparing to unpack .../012-fonts-noto-mono_20201225-1_all.deb ...
#6 13.24 Unpacking fonts-noto-mono (20201225-1) ...
#6 13.30 Selecting previously unselected package libgs-common.
#6 13.30 Preparing to unpack .../013-libgs-common_10.0.0~dfsg-9_all.deb ...
#6 13.30 Unpacking libgs-common (10.0.0~dfsg-9) ...
#6 13.34 Selecting previously unselected package libgs10-common.
#6 13.34 Preparing to unpack .../014-libgs10-common_10.0.0~dfsg-9_all.deb ...
#6 13.35 Unpacking libgs10-common (10.0.0~dfsg-9) ...
#6 13.42 Selecting previously unselected package libavahi-common-data:amd64.
#6 13.42 Preparing to unpack .../015-libavahi-common-data_0.8-9_amd64.deb ...
#6 13.43 Unpacking libavahi-common-data:amd64 (0.8-9) ...
#6 13.45 Selecting previously unselected package libavahi-common3:amd64.
#6 13.45 Preparing to unpack .../016-libavahi-common3_0.8-9_amd64.deb ...
#6 13.45 Unpacking libavahi-common3:amd64 (0.8-9) ...
#6 13.47 Selecting previously unselected package libavahi-client3:amd64.
#6 13.48 Preparing to unpack .../017-libavahi-client3_0.8-9_amd64.deb ...
#6 13.48 Unpacking libavahi-client3:amd64 (0.8-9) ...
#6 13.50 Selecting previously unselected package libcups2:amd64.
#6 13.50 Preparing to unpack .../018-libcups2_2.4.2-2_amd64.deb ...
#6 13.50 Unpacking libcups2:amd64 (2.4.2-2) ...
#6 13.54 Selecting previously unselected package libidn12:amd64.
#6 13.54 Preparing to unpack .../019-libidn12_1.41-1_amd64.deb ...
#6 13.54 Unpacking libidn12:amd64 (1.41-1) ...
#6 13.56 Selecting previously unselected package libijs-0.35:amd64.
#6 13.56 Preparing to unpack .../020-libijs-0.35_0.35-15_amd64.deb ...
#6 13.56 Unpacking libijs-0.35:amd64 (0.35-15) ...
#6 13.58 Selecting previously unselected package libjbig2dec0:amd64.
#6 13.58 Preparing to unpack .../021-libjbig2dec0_0.19-3_amd64.deb ...
#6 13.58 Unpacking libjbig2dec0:amd64 (0.19-3) ...
#6 13.61 Selecting previously unselected package libpaper1:amd64.
#6 13.61 Preparing to unpack .../022-libpaper1_1.1.29_amd64.deb ...
#6 13.61 Unpacking libpaper1:amd64 (1.1.29) ...
#6 13.63 Selecting previously unselected package libice6:amd64.
#6 13.63 Preparing to unpack .../023-libice6_2%3a1.0.10-1_amd64.deb ...
#6 13.63 Unpacking libice6:amd64 (2:1.0.10-1) ...
#6 13.65 Selecting previously unselected package libsm6:amd64.
#6 13.65 Preparing to unpack .../024-libsm6_2%3a1.2.3-1_amd64.deb ...
#6 13.65 Unpacking libsm6:amd64 (2:1.2.3-1) ...
#6 13.67 Selecting previously unselected package libxt6:amd64.
#6 13.67 Preparing to unpack .../025-libxt6_1%3a1.2.1-1_amd64.deb ...
#6 13.67 Unpacking libxt6:amd64 (1:1.2.1-1) ...
#6 13.71 Selecting previously unselected package libgs10:amd64.
#6 13.71 Preparing to unpack .../026-libgs10_10.0.0~dfsg-9+b1_amd64.deb ...
#6 13.71 Unpacking libgs10:amd64 (10.0.0~dfsg-9+b1) ...
#6 13.97 Selecting previously unselected package ghostscript.
#6 13.97 Preparing to unpack .../027-ghostscript_10.0.0~dfsg-9+b1_amd64.deb ...
#6 13.97 Unpacking ghostscript (10.0.0~dfsg-9+b1) ...
#6 14.00 Selecting previously unselected package libcurl3-gnutls:amd64.
#6 14.00 Preparing to unpack .../028-libcurl3-gnutls_7.88.1-6_amd64.deb ...
#6 14.01 Unpacking libcurl3-gnutls:amd64 (7.88.1-6) ...
#6 14.05 Selecting previously unselected package liberror-perl.
#6 14.05 Preparing to unpack .../029-liberror-perl_0.17029-2_all.deb ...
#6 14.05 Unpacking liberror-perl (0.17029-2) ...
#6 14.07 Selecting previously unselected package git-man.
#6 14.07 Preparing to unpack .../030-git-man_1%3a2.39.2-1.1_all.deb ...
#6 14.08 Unpacking git-man (1:2.39.2-1.1) ...
#6 14.19 Selecting previously unselected package git.
#6 14.20 Preparing to unpack .../031-git_1%3a2.39.2-1.1_amd64.deb ...
#6 14.20 Unpacking git (1:2.39.2-1.1) ...
#6 14.64 Selecting previously unselected package gsfonts.
#6 14.65 Preparing to unpack .../032-gsfonts_2%3a20200910-7_all.deb ...
#6 14.65 Unpacking gsfonts (2:20200910-7) ...
#6 14.68 Selecting previously unselected package javascript-common.
#6 14.68 Preparing to unpack .../033-javascript-common_11+nmu1_all.deb ...
#6 14.69 Unpacking javascript-common (11+nmu1) ...
#6 14.70 Selecting previously unselected package libabsl20220623:amd64.
#6 14.70 Preparing to unpack .../034-libabsl20220623_20220623.1-1_amd64.deb ...
#6 14.70 Unpacking libabsl20220623:amd64 (20220623.1-1) ...
#6 14.77 Selecting previously unselected package libgav1-1:amd64.
#6 14.77 Preparing to unpack .../035-libgav1-1_0.18.0-1+b1_amd64.deb ...
#6 14.77 Unpacking libgav1-1:amd64 (0.18.0-1+b1) ...
#6 14.81 Selecting previously unselected package librav1e0:amd64.
#6 14.81 Preparing to unpack .../036-librav1e0_0.5.1-6_amd64.deb ...
#6 14.82 Unpacking librav1e0:amd64 (0.5.1-6) ...
#6 14.90 Selecting previously unselected package libsvtav1enc1:amd64.
#6 14.90 Preparing to unpack .../037-libsvtav1enc1_1.4.1+dfsg-1_amd64.deb ...
#6 14.90 Unpacking libsvtav1enc1:amd64 (1.4.1+dfsg-1) ...
#6 15.10 Selecting previously unselected package libyuv0:amd64.
#6 15.10 Preparing to unpack .../038-libyuv0_0.0~git20230123.b2528b0-1_amd64.deb ...
#6 15.10 Unpacking libyuv0:amd64 (0.0~git20230123.b2528b0-1) ...
#6 15.17 Selecting previously unselected package libavif15:amd64.
#6 15.17 Preparing to unpack .../039-libavif15_0.11.1-1_amd64.deb ...
#6 15.17 Unpacking libavif15:amd64 (0.11.1-1) ...
#6 15.19 Selecting previously unselected package libpixman-1-0:amd64.
#6 15.19 Preparing to unpack .../040-libpixman-1-0_0.42.2-1_amd64.deb ...
#6 15.19 Unpacking libpixman-1-0:amd64 (0.42.2-1) ...
#6 15.24 Selecting previously unselected package libxcb-render0:amd64.
#6 15.24 Preparing to unpack .../041-libxcb-render0_1.15-1_amd64.deb ...
#6 15.24 Unpacking libxcb-render0:amd64 (1.15-1) ...
#6 15.26 Selecting previously unselected package libxcb-shm0:amd64.
#6 15.27 Preparing to unpack .../042-libxcb-shm0_1.15-1_amd64.deb ...
#6 15.27 Unpacking libxcb-shm0:amd64 (1.15-1) ...
#6 15.29 Selecting previously unselected package libxrender1:amd64.
#6 15.29 Preparing to unpack .../043-libxrender1_1%3a0.9.10-1.1_amd64.deb ...
#6 15.29 Unpacking libxrender1:amd64 (1:0.9.10-1.1) ...
#6 15.31 Selecting previously unselected package libcairo2:amd64.
#6 15.31 Preparing to unpack .../044-libcairo2_1.16.0-7_amd64.deb ...
#6 15.31 Unpacking libcairo2:amd64 (1.16.0-7) ...
#6 15.38 Selecting previously unselected package libdatrie1:amd64.
#6 15.38 Preparing to unpack .../045-libdatrie1_0.2.13-2+b1_amd64.deb ...
#6 15.40 Unpacking libdatrie1:amd64 (0.2.13-2+b1) ...
#6 15.56 Selecting previously unselected package libdjvulibre-text.
#6 15.56 Preparing to unpack .../046-libdjvulibre-text_3.5.28-2_all.deb ...
#6 15.56 Unpacking libdjvulibre-text (3.5.28-2) ...
#6 15.58 Selecting previously unselected package libdjvulibre21:amd64.
#6 15.58 Preparing to unpack .../047-libdjvulibre21_3.5.28-2+b1_amd64.deb ...
#6 15.58 Unpacking libdjvulibre21:amd64 (3.5.28-2+b1) ...
#6 15.65 Selecting previously unselected package libfribidi0:amd64.
#6 15.65 Preparing to unpack .../048-libfribidi0_1.0.8-2.1_amd64.deb ...
#6 15.65 Unpacking libfribidi0:amd64 (1.0.8-2.1) ...
#6 15.67 Selecting previously unselected package libxpm4:amd64.
#6 15.67 Preparing to unpack .../049-libxpm4_1%3a3.5.12-1.1_amd64.deb ...
#6 15.68 Unpacking libxpm4:amd64 (1:3.5.12-1.1) ...
#6 15.69 Selecting previously unselected package libgd3:amd64.
#6 15.70 Preparing to unpack .../050-libgd3_2.3.3-9_amd64.deb ...
#6 15.70 Unpacking libgd3:amd64 (2.3.3-9) ...
#6 15.72 Selecting previously unselected package libglib2.0-data.
#6 15.73 Preparing to unpack .../051-libglib2.0-data_2.74.6-1_all.deb ...
#6 15.73 Unpacking libglib2.0-data (2.74.6-1) ...
#6 15.86 Selecting previously unselected package libgpm2:amd64.
#6 15.86 Preparing to unpack .../052-libgpm2_1.20.7-10+b1_amd64.deb ...
#6 15.86 Unpacking libgpm2:amd64 (1.20.7-10+b1) ...
#6 15.87 Selecting previously unselected package libgraphite2-3:amd64.
#6 15.88 Preparing to unpack .../053-libgraphite2-3_1.3.14-1_amd64.deb ...
#6 15.88 Unpacking libgraphite2-3:amd64 (1.3.14-1) ...
#6 15.90 Selecting previously unselected package libharfbuzz0b:amd64.
#6 15.90 Preparing to unpack .../054-libharfbuzz0b_6.0.0+dfsg-3_amd64.deb ...
#6 15.90 Unpacking libharfbuzz0b:amd64 (6.0.0+dfsg-3) ...
#6 15.97 Selecting previously unselected package libimath-3-1-29:amd64.
#6 15.97 Preparing to unpack .../055-libimath-3-1-29_3.1.6-1_amd64.deb ...
#6 15.97 Unpacking libimath-3-1-29:amd64 (3.1.6-1) ...
#6 15.99 Selecting previously unselected package libjs-popper.js.
#6 16.00 Preparing to unpack .../056-libjs-popper.js_1.16.1+ds-6_all.deb ...
#6 16.00 Unpacking libjs-popper.js (1.16.1+ds-6) ...
#6 16.03 Selecting previously unselected package libjs-bootstrap4.
#6 16.04 Preparing to unpack .../057-libjs-bootstrap4_4.6.1+dfsg1-4_all.deb ...
#6 16.04 Unpacking libjs-bootstrap4 (4.6.1+dfsg1-4) ...
#6 16.12 Selecting previously unselected package libjs-d3.
#6 16.12 Preparing to unpack .../058-libjs-d3_3.5.17-4_all.deb ...
#6 16.12 Unpacking libjs-d3 (3.5.17-4) ...
#6 16.15 Selecting previously unselected package libjs-jquery.
#6 16.15 Preparing to unpack .../059-libjs-jquery_3.6.1+dfsg+~3.5.14-1_all.deb ...
#6 16.16 Unpacking libjs-jquery (3.6.1+dfsg+~3.5.14-1) ...
#6 16.19 Selecting previously unselected package libjs-sizzle.
#6 16.19 Preparing to unpack .../060-libjs-sizzle_2.3.6+ds+~2.3.3-2_all.deb ...
#6 16.19 Unpacking libjs-sizzle (2.3.6+ds+~2.3.3-2) ...
#6 16.22 Selecting previously unselected package libjxr0:amd64.
#6 16.22 Preparing to unpack .../061-libjxr0_1.2~git20170615.f752187-5_amd64.deb ...
#6 16.22 Unpacking libjxr0:amd64 (1.2~git20170615.f752187-5) ...
#6 16.25 Selecting previously unselected package libjxr-tools.
#6 16.25 Preparing to unpack .../062-libjxr-tools_1.2~git20170615.f752187-5_amd64.deb ...
#6 16.25 Unpacking libjxr-tools (1.2~git20170615.f752187-5) ...
#6 16.27 Selecting previously unselected package libldap-common.
#6 16.27 Preparing to unpack .../063-libldap-common_2.5.13+dfsg-5_all.deb ...
#6 16.27 Unpacking libldap-common (2.5.13+dfsg-5) ...
#6 16.29 Selecting previously unselected package libopenexr-3-1-30:amd64.
#6 16.29 Preparing to unpack .../064-libopenexr-3-1-30_3.1.5-4_amd64.deb ...
#6 16.29 Unpacking libopenexr-3-1-30:amd64 (3.1.5-4) ...
#6 16.39 Selecting previously unselected package libthai-data.
#6 16.40 Preparing to unpack .../065-libthai-data_0.1.29-1_all.deb ...
#6 16.40 Unpacking libthai-data (0.1.29-1) ...
#6 16.43 Selecting previously unselected package libthai0:amd64.
#6 16.43 Preparing to unpack .../066-libthai0_0.1.29-1_amd64.deb ...
#6 16.43 Unpacking libthai0:amd64 (0.1.29-1) ...
#6 16.46 Selecting previously unselected package libpango-1.0-0:amd64.
#6 16.46 Preparing to unpack .../067-libpango-1.0-0_1.50.12+ds-1_amd64.deb ...
#6 16.46 Unpacking libpango-1.0-0:amd64 (1.50.12+ds-1) ...
#6 16.49 Selecting previously unselected package libpangoft2-1.0-0:amd64.
#6 16.50 Preparing to unpack .../068-libpangoft2-1.0-0_1.50.12+ds-1_amd64.deb ...
#6 16.50 Unpacking libpangoft2-1.0-0:amd64 (1.50.12+ds-1) ...
#6 16.52 Selecting previously unselected package libpangocairo-1.0-0:amd64.
#6 16.52 Preparing to unpack .../069-libpangocairo-1.0-0_1.50.12+ds-1_amd64.deb ...
#6 16.52 Unpacking libpangocairo-1.0-0:amd64 (1.50.12+ds-1) ...
#6 16.54 Selecting previously unselected package libwmflite-0.2-7:amd64.
#6 16.54 Preparing to unpack .../070-libwmflite-0.2-7_0.2.12-5_amd64.deb ...
#6 16.54 Unpacking libwmflite-0.2-7:amd64 (0.2.12-5) ...
#6 16.56 Selecting previously unselected package libmagickcore-6.q16-6-extra:amd64.
#6 16.56 Preparing to unpack .../071-libmagickcore-6.q16-6-extra_8%3a6.9.11.60+dfsg-1.6_amd64.deb ...
#6 16.57 Unpacking libmagickcore-6.q16-6-extra:amd64 (8:6.9.11.60+dfsg-1.6) ...
#6 16.59 Selecting previously unselected package libonig5:amd64.
#6 16.59 Preparing to unpack .../072-libonig5_6.9.8-1_amd64.deb ...
#6 16.60 Unpacking libonig5:amd64 (6.9.8-1) ...
#6 16.63 Selecting previously unselected package libpaper-utils.
#6 16.63 Preparing to unpack .../073-libpaper-utils_1.1.29_amd64.deb ...
#6 16.63 Unpacking libpaper-utils (1.1.29) ...
#6 16.65 Selecting previously unselected package libsasl2-modules:amd64.
#6 16.65 Preparing to unpack .../074-libsasl2-modules_2.1.28+dfsg-11_amd64.deb ...
#6 16.65 Unpacking libsasl2-modules:amd64 (2.1.28+dfsg-11) ...
#6 16.67 Selecting previously unselected package libxmuu1:amd64.
#6 16.68 Preparing to unpack .../075-libxmuu1_2%3a1.1.3-3_amd64.deb ...
#6 16.68 Unpacking libxmuu1:amd64 (2:1.1.3-3) ...
#6 16.70 Selecting previously unselected package libxslt1.1:amd64.
#6 16.70 Preparing to unpack .../076-libxslt1.1_1.1.35-1_amd64.deb ...
#6 16.70 Unpacking libxslt1.1:amd64 (1.1.35-1) ...
#6 16.73 Selecting previously unselected package libzip4:amd64.
#6 16.74 Preparing to unpack .../077-libzip4_1.7.3-1+b1_amd64.deb ...
#6 16.74 Unpacking libzip4:amd64 (1.7.3-1+b1) ...
#6 16.76 Selecting previously unselected package node-jquery.
#6 16.76 Preparing to unpack .../078-node-jquery_3.6.1+dfsg+~3.5.14-1_all.deb ...
#6 16.76 Unpacking node-jquery (3.6.1+dfsg+~3.5.14-1) ...
#6 16.78 Selecting previously unselected package patch.
#6 16.78 Preparing to unpack .../079-patch_2.7.6-7_amd64.deb ...
#6 16.78 Unpacking patch (2.7.6-7) ...
#6 16.81 Selecting previously unselected package php8.2.
#6 16.81 Preparing to unpack .../080-php8.2_8.2.4-1_all.deb ...
#6 16.81 Unpacking php8.2 (8.2.4-1) ...
#6 16.82 Selecting previously unselected package php.
#6 16.83 Preparing to unpack .../081-php_2%3a8.2+93_all.deb ...
#6 16.83 Unpacking php (2:8.2+93) ...
#6 16.84 Selecting previously unselected package php8.2-xml.
#6 16.84 Preparing to unpack .../082-php8.2-xml_8.2.4-1_amd64.deb ...
#6 16.84 Unpacking php8.2-xml (8.2.4-1) ...
#6 16.87 Selecting previously unselected package php-xml.
#6 16.87 Preparing to unpack .../083-php-xml_2%3a8.2+93_all.deb ...
#6 16.87 Unpacking php-xml (2:8.2+93) ...
#6 16.89 Selecting previously unselected package php-parser.
#6 16.89 Preparing to unpack .../084-php-parser_4.15.4-1_all.deb ...
#6 16.90 Unpacking php-parser (4.15.4-1) ...
#6 16.95 Selecting previously unselected package php-file-iterator.
#6 16.95 Preparing to unpack .../085-php-file-iterator_3.0.6-2_all.deb ...
#6 16.95 Unpacking php-file-iterator (3.0.6-2) ...
#6 16.97 Selecting previously unselected package php-text-template.
#6 16.97 Preparing to unpack .../086-php-text-template_2.0.4-2_all.deb ...
#6 16.97 Unpacking php-text-template (2.0.4-2) ...
#6 16.99 Selecting previously unselected package phpunit-code-unit-reverse-lookup.
#6 16.99 Preparing to unpack .../087-phpunit-code-unit-reverse-lookup_2.0.3-5_all.deb ...
#6 16.99 Unpacking phpunit-code-unit-reverse-lookup (2.0.3-5) ...
#6 17.01 Selecting previously unselected package phpunit-complexity.
#6 17.01 Preparing to unpack .../088-phpunit-complexity_2.0.2-2_all.deb ...
#6 17.01 Unpacking phpunit-complexity (2.0.2-2) ...
#6 17.02 Selecting previously unselected package phpunit-environment.
#6 17.03 Preparing to unpack .../089-phpunit-environment_5.1.5-1_all.deb ...
#6 17.03 Unpacking phpunit-environment (5.1.5-1) ...
#6 17.04 Selecting previously unselected package phpunit-lines-of-code.
#6 17.05 Preparing to unpack .../090-phpunit-lines-of-code_1.0.3-2_all.deb ...
#6 17.05 Unpacking phpunit-lines-of-code (1.0.3-2) ...
#6 17.07 Selecting previously unselected package phpunit-version.
#6 17.07 Preparing to unpack .../091-phpunit-version_3.0.2-3_all.deb ...
#6 17.07 Unpacking phpunit-version (3.0.2-3) ...
#6 17.09 Selecting previously unselected package php-tokenizer.
#6 17.09 Preparing to unpack .../092-php-tokenizer_1.2.1-1_all.deb ...
#6 17.09 Unpacking php-tokenizer (1.2.1-1) ...
#6 17.11 Selecting previously unselected package php-codecoverage.
#6 17.11 Preparing to unpack .../093-php-codecoverage_9.2.26+dfsg-1_all.deb ...
#6 17.11 Unpacking php-codecoverage (9.2.26+dfsg-1) ...
#6 17.14 Selecting previously unselected package php8.2-curl.
#6 17.14 Preparing to unpack .../094-php8.2-curl_8.2.4-1_amd64.deb ...
#6 17.14 Unpacking php8.2-curl (8.2.4-1) ...
#6 17.17 Selecting previously unselected package php-curl.
#6 17.17 Preparing to unpack .../095-php-curl_2%3a8.2+93_all.deb ...
#6 17.17 Unpacking php-curl (2:8.2+93) ...
#6 17.19 Selecting previously unselected package php-deepcopy.
#6 17.19 Preparing to unpack .../096-php-deepcopy_1.11.1-1_all.deb ...
#6 17.19 Unpacking php-deepcopy (1.11.1-1) ...
#6 17.21 Selecting previously unselected package php-doctrine-instantiator.
#6 17.21 Preparing to unpack .../097-php-doctrine-instantiator_1.5.0-1_all.deb ...
#6 17.21 Unpacking php-doctrine-instantiator (1.5.0-1) ...
#6 17.23 Selecting previously unselected package php8.2-gd.
#6 17.23 Preparing to unpack .../098-php8.2-gd_8.2.4-1_amd64.deb ...
#6 17.24 Unpacking php8.2-gd (8.2.4-1) ...
#6 17.26 Selecting previously unselected package php-gd.
#6 17.26 Preparing to unpack .../099-php-gd_2%3a8.2+93_all.deb ...
#6 17.26 Unpacking php-gd (2:8.2+93) ...
#6 17.28 Selecting previously unselected package php8.2-intl.
#6 17.28 Preparing to unpack .../100-php8.2-intl_8.2.4-1_amd64.deb ...
#6 17.28 Unpacking php8.2-intl (8.2.4-1) ...
#6 17.31 Selecting previously unselected package php-intl.
#6 17.31 Preparing to unpack .../101-php-intl_2%3a8.2+93_all.deb ...
#6 17.31 Unpacking php-intl (2:8.2+93) ...
#6 17.33 Selecting previously unselected package php-invoker.
#6 17.33 Preparing to unpack .../102-php-invoker_3.1.1-3_all.deb ...
#6 17.33 Unpacking php-invoker (3.1.1-3) ...
#6 17.35 Selecting previously unselected package php8.2-mbstring.
#6 17.35 Preparing to unpack .../103-php8.2-mbstring_8.2.4-1_amd64.deb ...
#6 17.35 Unpacking php8.2-mbstring (8.2.4-1) ...
#6 17.41 Selecting previously unselected package php-mbstring.
#6 17.41 Preparing to unpack .../104-php-mbstring_2%3a8.2+93_all.deb ...
#6 17.41 Unpacking php-mbstring (2:8.2+93) ...
#6 17.43 Selecting previously unselected package php-phar-io-version.
#6 17.43 Preparing to unpack .../105-php-phar-io-version_3.2.1-1_all.deb ...
#6 17.43 Unpacking php-phar-io-version (3.2.1-1) ...
#6 17.44 Selecting previously unselected package php-phar-io-manifest.
#6 17.44 Preparing to unpack .../106-php-phar-io-manifest_2.0.3-1_all.deb ...
#6 17.45 Unpacking php-phar-io-manifest (2.0.3-1) ...
#6 17.47 Selecting previously unselected package php8.2-sqlite3.
#6 17.47 Preparing to unpack .../107-php8.2-sqlite3_8.2.4-1_amd64.deb ...
#6 17.47 Unpacking php8.2-sqlite3 (8.2.4-1) ...
#6 17.49 Selecting previously unselected package php-sqlite3.
#6 17.50 Preparing to unpack .../108-php-sqlite3_2%3a8.2+93_all.deb ...
#6 17.50 Unpacking php-sqlite3 (2:8.2+93) ...
#6 17.51 Selecting previously unselected package php-timer.
#6 17.51 Preparing to unpack .../109-php-timer_5.0.3-3_all.deb ...
#6 17.51 Unpacking php-timer (5.0.3-3) ...
#6 17.53 Selecting previously unselected package php8.2-zip.
#6 17.53 Preparing to unpack .../110-php8.2-zip_8.2.4-1_amd64.deb ...
#6 17.54 Unpacking php8.2-zip (8.2.4-1) ...
#6 17.55 Selecting previously unselected package php-zip.
#6 17.55 Preparing to unpack .../111-php-zip_2%3a8.2+93_all.deb ...
#6 17.56 Unpacking php-zip (2:8.2+93) ...
#6 17.57 Selecting previously unselected package phpunit-cli-parser.
#6 17.57 Preparing to unpack .../112-phpunit-cli-parser_1.0.1-3_all.deb ...
#6 17.57 Unpacking phpunit-cli-parser (1.0.1-3) ...
#6 17.59 Selecting previously unselected package phpunit-code-unit.
#6 17.59 Preparing to unpack .../113-phpunit-code-unit_1.0.8-3_all.deb ...
#6 17.59 Unpacking phpunit-code-unit (1.0.8-3) ...
#6 17.61 Selecting previously unselected package phpunit-diff.
#6 17.61 Preparing to unpack .../114-phpunit-diff_4.0.4-2_all.deb ...
#6 17.61 Unpacking phpunit-diff (4.0.4-2) ...
#6 17.63 Selecting previously unselected package phpunit-recursion-context.
#6 17.63 Preparing to unpack .../115-phpunit-recursion-context_4.0.5-1_all.deb ...
#6 17.63 Unpacking phpunit-recursion-context (4.0.5-1) ...
#6 17.65 Selecting previously unselected package phpunit-exporter.
#6 17.65 Preparing to unpack .../116-phpunit-exporter_4.0.5-1_all.deb ...
#6 17.65 Unpacking phpunit-exporter (4.0.5-1) ...
#6 17.67 Selecting previously unselected package phpunit-comparator.
#6 17.67 Preparing to unpack .../117-phpunit-comparator_4.0.8-1_all.deb ...
#6 17.67 Unpacking phpunit-comparator (4.0.8-1) ...
#6 17.69 Selecting previously unselected package phpunit-object-reflector.
#6 17.69 Preparing to unpack .../118-phpunit-object-reflector_2.0.4-3_all.deb ...
#6 17.69 Unpacking phpunit-object-reflector (2.0.4-3) ...
#6 17.71 Selecting previously unselected package phpunit-global-state.
#6 17.71 Preparing to unpack .../119-phpunit-global-state_5.0.5-1_all.deb ...
#6 17.71 Unpacking phpunit-global-state (5.0.5-1) ...
#6 17.73 Selecting previously unselected package phpunit-object-enumerator.
#6 17.73 Preparing to unpack .../120-phpunit-object-enumerator_4.0.4-2_all.deb ...
#6 17.73 Unpacking phpunit-object-enumerator (4.0.4-2) ...
#6 17.75 Selecting previously unselected package phpunit-resource-operations.
#6 17.75 Preparing to unpack .../121-phpunit-resource-operations_3.0.3-4_all.deb ...
#6 17.75 Unpacking phpunit-resource-operations (3.0.3-4) ...
#6 17.77 Selecting previously unselected package phpunit-type.
#6 17.77 Preparing to unpack .../122-phpunit-type_3.2.1-1_all.deb ...
#6 17.77 Unpacking phpunit-type (3.2.1-1) ...
#6 17.78 Selecting previously unselected package phpunit.
#6 17.79 Preparing to unpack .../123-phpunit_9.6.5-1_all.deb ...
#6 17.79 Unpacking phpunit (9.6.5-1) ...
#6 17.85 Selecting previously unselected package publicsuffix.
#6 17.85 Preparing to unpack .../124-publicsuffix_20230209.2326-1_all.deb ...
#6 17.85 Unpacking publicsuffix (20230209.2326-1) ...
#6 17.88 Selecting previously unselected package shared-mime-info.
#6 17.88 Preparing to unpack .../125-shared-mime-info_2.2-1_amd64.deb ...
#6 17.88 Unpacking shared-mime-info (2.2-1) ...
#6 17.96 Selecting previously unselected package ssl-cert.
#6 17.97 Preparing to unpack .../126-ssl-cert_1.1.2_all.deb ...
#6 17.97 Unpacking ssl-cert (1.1.2) ...
#6 17.99 Selecting previously unselected package xauth.
#6 17.99 Preparing to unpack .../127-xauth_1%3a1.1.2-1_amd64.deb ...
#6 17.99 Unpacking xauth (1:1.1.2-1) ...
#6 18.01 Selecting previously unselected package xdg-user-dirs.
#6 18.01 Preparing to unpack .../128-xdg-user-dirs_0.18-1_amd64.deb ...
#6 18.02 Unpacking xdg-user-dirs (0.18-1) ...
#6 18.05 Setting up libexpat1:amd64 (2.5.0-1) ...
#6 18.06 Setting up media-types (10.0.0) ...
#6 18.06 Setting up javascript-common (11+nmu1) ...
#6 18.08 Package apache2 is not configured yet. Will defer actions by package javascript-common.
#6 18.08 Setting up libgraphite2-3:amd64 (1.3.14-1) ...
#6 18.09 Setting up liblcms2-2:amd64 (2.14-2) ...
#6 18.09 Setting up libpixman-1-0:amd64 (0.42.2-1) ...
#6 18.10 Setting up libaom3:amd64 (3.6.0-1) ...
#6 18.10 Setting up libabsl20220623:amd64 (20220623.1-1) ...
#6 18.10 Setting up libxau6:amd64 (1:1.0.9-1) ...
#6 18.11 Setting up imagemagick-6-common (8:6.9.11.60+dfsg-1.6) ...
#6 18.13 Setting up libkeyutils1:amd64 (1.6.3-2) ...
#6 18.13 Setting up libapparmor1:amd64 (3.0.8-3) ...
#6 18.13 Setting up libpsl5:amd64 (0.21.2-1) ...
#6 18.14 Setting up libsodium23:amd64 (1.0.18-1) ...
#6 18.14 Setting up libgpm2:amd64 (1.20.7-10+b1) ...
#6 18.14 Setting up libicu72:amd64 (72.1-3) ...
#6 18.15 Setting up liblerc4:amd64 (4.0.0+ds-2) ...
#6 18.15 Setting up fonts-noto-mono (20201225-1) ...
#6 18.16 Setting up phpunit-type (3.2.1-1) ...
#6 18.16 Setting up libwmflite-0.2-7:amd64 (0.2.12-5) ...
#6 18.17 Setting up libdatrie1:amd64 (0.2.13-2+b1) ...
#6 18.17 Setting up xdg-user-dirs (0.18-1) ...
#6 18.18 Setting up libjs-popper.js (1.16.1+ds-6) ...
#6 18.19 Setting up libmagic-mgc (1:5.44-3) ...
#6 18.19 Setting up libglib2.0-0:amd64 (2.74.6-1) ...
#6 18.20 No schema files found: doing nothing.
#6 18.20 Setting up libargon2-1:amd64 (0~20190702+dfsg-2) ...
#6 18.21 Setting up libijs-0.35:amd64 (0.35-15) ...
#6 18.21 Setting up libjxr0:amd64 (1.2~git20170615.f752187-5) ...
#6 18.21 Setting up libcbor0.8:amd64 (0.8.0-2+b1) ...
#6 18.22 Setting up libgs-common (10.0.0~dfsg-9) ...
#6 18.22 Setting up libbrotli1:amd64 (1.0.9-2+b6) ...
#6 18.22 Setting up libsqlite3-0:amd64 (3.40.1-2) ...
#6 18.23 Setting up libssl3:amd64 (3.0.8-1) ...
#6 18.23 Setting up x11-common (1:7.7+23) ...
#6 18.32 debconf: unable to initialize frontend: Dialog
#6 18.32 debconf: (TERM is not set, so the dialog frontend is not usable.)
#6 18.32 debconf: falling back to frontend: Readline
#6 18.32 debconf: unable to initialize frontend: Readline
#6 18.32 debconf: (This frontend requires a controlling tty.)
#6 18.32 debconf: falling back to frontend: Teletype
#6 18.34 invoke-rc.d: could not determine current runlevel
#6 18.34 invoke-rc.d: policy-rc.d denied execution of restart.
#6 18.35 Setting up libnghttp2-14:amd64 (1.52.0-1) ...
#6 18.35 Setting up libmagic1:amd64 (1:5.44-3) ...
#6 18.36 Setting up libdeflate0:amd64 (1.14-1) ...
#6 18.36 Setting up libapr1:amd64 (1.7.2-3) ...
#6 18.36 Setting up less (590-2) ...
#6 18.37 Setting up phpunit-resource-operations (3.0.3-4) ...
#6 18.38 Setting up phpunit-code-unit (1.0.8-3) ...
#6 18.38 Setting up krb5-locales (1.20.1-1) ...
#6 18.38 Setting up libsvtav1enc1:amd64 (1.4.1+dfsg-1) ...
#6 18.39 Setting up libgomp1:amd64 (12.2.0-14) ...
#6 18.39 Setting up libimath-3-1-29:amd64 (3.1.6-1) ...
#6 18.39 Setting up phpunit-object-reflector (2.0.4-3) ...
#6 18.39 Setting up libldap-common (2.5.13+dfsg-5) ...
#6 18.40 Setting up libjs-sizzle (2.3.6+ds+~2.3.3-2) ...
#6 18.40 Setting up libjbig0:amd64 (2.1-6.1) ...
#6 18.40 Setting up phpunit-diff (4.0.4-2) ...
#6 18.41 Setting up librav1e0:amd64 (0.5.1-6) ...
#6 18.41 Setting up php-phar-io-version (3.2.1-1) ...
#6 18.41 Setting up libjansson4:amd64 (2.14-2) ...
#6 18.42 Setting up poppler-data (0.4.12-1) ...
#6 18.43 Setting up libkrb5support0:amd64 (1.20.1-1) ...
#6 18.43 Setting up libsasl2-modules-db:amd64 (2.1.28+dfsg-11) ...
#6 18.44 Setting up libfontenc1:amd64 (1:1.1.4-1) ...
#6 18.44 Setting up perl-modules-5.36 (5.36.0-7) ...
#6 18.44 Setting up libglib2.0-data (2.74.6-1) ...
#6 18.44 Setting up libjpeg62-turbo:amd64 (1:2.1.5-2) ...
#6 18.45 Setting up libx11-data (2:1.8.4-2) ...
#6 18.45 Setting up libjbig2dec0:amd64 (0.19-3) ...
#6 18.45 Setting up librtmp1:amd64 (2.4+20151223.gitfa8646d.1-2+b2) ...
#6 18.46 Setting up libavahi-common-data:amd64 (0.8-9) ...
#6 18.46 Setting up libdbus-1-3:amd64 (1.14.6-1) ...
#6 18.47 Setting up xfonts-encodings (1:1.0.4-2.2) ...
#6 18.47 Setting up libopenexr-3-1-30:amd64 (3.1.5-4) ...
#6 18.48 Setting up libfribidi0:amd64 (1.0.8-2.1) ...
#6 18.49 Setting up libproc2-0:amd64 (2:4.0.3-1) ...
#6 18.50 Setting up libjs-d3 (3.5.17-4) ...
#6 18.50 Setting up libpng16-16:amd64 (1.6.39-2) ...
#6 18.50 Setting up php-file-iterator (3.0.6-2) ...
#6 18.50 Setting up libidn12:amd64 (1.41-1) ...
#6 18.51 Setting up patch (2.7.6-7) ...
#6 18.51 Setting up fonts-dejavu-core (2.37-6) ...
#6 18.52 Setting up php-deepcopy (1.11.1-1) ...
#6 18.52 Setting up php-text-template (2.0.4-2) ...
#6 18.53 Setting up libgav1-1:amd64 (0.18.0-1+b1) ...
#6 18.53 Setting up libncursesw6:amd64 (6.4-2) ...
#6 18.53 Setting up libk5crypto3:amd64 (1.20.1-1) ...
#6 18.53 Setting up libdav1d6:amd64 (1.0.0-2) ...
#6 18.54 Setting up libltdl7:amd64 (2.4.7-5) ...
#6 18.54 Setting up libfftw3-double3:amd64 (3.3.10-1) ...
#6 18.54 Setting up libsasl2-2:amd64 (2.1.28+dfsg-11) ...
#6 18.54 Setting up libwebp7:amd64 (1.2.4-0.1) ...
#6 18.55 Setting up phpunit-recursion-context (4.0.5-1) ...
#6 18.55 Setting up libnuma1:amd64 (2.0.16-1) ...
#6 18.55 Setting up liblqr-1-0:amd64 (0.4.2-2.1) ...
#6 18.55 Setting up sensible-utils (0.0.17+nmu1) ...
#6 18.56 Setting up libtiff6:amd64 (4.5.0-5) ...
#6 18.56 Setting up dbus-session-bus-common (1.14.6-1) ...
#6 18.56 Setting up php-doctrine-instantiator (1.5.0-1) ...
#6 18.56 Setting up liblua5.3-0:amd64 (5.3.6-2) ...
#6 18.56 Setting up procps (2:4.0.3-1) ...
#6 18.58 Setting up libopenjp2-7:amd64 (2.5.0-1+b1) ...
#6 18.59 Setting up git-man (1:2.39.2-1.1) ...
#6 18.59 Setting up libthai-data (0.1.29-1) ...
#6 18.59 Setting up libssh2-1:amd64 (1.10.0-3+b1) ...
#6 18.59 Setting up netbase (6.4) ...
#6 18.60 Setting up phpunit-object-enumerator (4.0.4-2) ...
#6 18.60 Setting up libkrb5-3:amd64 (1.20.1-1) ...
#6 18.61 Setting up php-invoker (3.1.1-3) ...
#6 18.61 Setting up apache2-data (2.4.56-1) ...
#6 18.61 Setting up fonts-droid-fallback (1:6.0.1r16-1.1) ...
#6 18.63 Setting up libjs-bootstrap4 (4.6.1+dfsg1-4) ...
#6 18.64 Setting up libdjvulibre-text (3.5.28-2) ...
#6 18.64 Setting up libjs-jquery (3.6.1+dfsg+~3.5.14-1) ...
#6 18.65 Setting up dbus-system-bus-common (1.14.6-1) ...
#6 18.70 Setting up libfido2-1:amd64 (1.12.0-2) ...
#6 18.70 Setting up libde265-0:amd64 (1.0.11-1) ...
#6 18.70 Setting up phpunit-environment (5.1.5-1) ...
#6 18.71 Setting up openssl (3.0.8-1) ...
#6 18.71 Setting up libwebpmux3:amd64 (1.2.4-0.1) ...
#6 18.72 Setting up libbsd0:amd64 (0.11.7-4) ...
#6 18.72 Setting up php-timer (5.0.3-3) ...
#6 18.72 Setting up libyuv0:amd64 (0.0~git20230123.b2528b0-1) ...
#6 18.73 Setting up phpunit-cli-parser (1.0.1-3) ...
#6 18.73 Setting up publicsuffix (20230209.2326-1) ...
#6 18.73 Setting up libxml2:amd64 (2.9.14+dfsg-1.1+b3) ...
#6 18.74 Setting up phpunit-global-state (5.0.5-1) ...
#6 18.74 Setting up dbus-bin (1.14.6-1) ...
#6 18.74 Setting up libonig5:amd64 (6.9.8-1) ...
#6 18.74 Setting up node-jquery (3.6.1+dfsg+~3.5.14-1) ...
#6 18.75 Setting up phpunit-code-unit-reverse-lookup (2.0.3-5) ...
#6 18.75 Setting up libgdbm6:amd64 (1.23-3) ...
#6 18.75 Setting up libaprutil1:amd64 (1.6.3-1) ...
#6 18.75 Setting up phpunit-version (3.0.2-3) ...
#6 18.76 Setting up libice6:amd64 (2:1.0.10-1) ...
#6 18.76 Setting up libxdmcp6:amd64 (1:1.1.2-3) ...
#6 18.76 Setting up libxcb1:amd64 (1.15-1) ...
#6 18.77 Setting up libjxr-tools (1.2~git20170615.f752187-5) ...
#6 18.77 Setting up libavif15:amd64 (0.11.1-1) ...
#6 18.77 Setting up libxcb-render0:amd64 (1.15-1) ...
#6 18.77 Setting up fontconfig-config (2.14.1-4) ...
#6 18.84 debconf: unable to initialize frontend: Dialog
#6 18.84 debconf: (TERM is not set, so the dialog frontend is not usable.)
#6 18.84 debconf: falling back to frontend: Readline
#6 18.85 debconf: unable to initialize frontend: Readline
#6 18.85 debconf: (This frontend requires a controlling tty.)
#6 18.85 debconf: falling back to frontend: Teletype
#6 18.96 Setting up libzip4:amd64 (1.7.3-1+b1) ...
#6 18.97 Setting up libwebpdemux2:amd64 (1.2.4-0.1) ...
#6 18.98 Setting up libedit2:amd64 (3.1-20221030-2) ...
#6 18.98 Setting up libsasl2-modules:amd64 (2.1.28+dfsg-11) ...
#6 18.98 Setting up libdjvulibre21:amd64 (3.5.28-2+b1) ...
#6 18.99 Setting up libavahi-common3:amd64 (0.8-9) ...
#6 18.99 Setting up libxcb-shm0:amd64 (1.15-1) ...
#6 18.99 Setting up dbus-daemon (1.14.6-1) ...
#6 19.00 Setting up libaprutil1-dbd-sqlite3:amd64 (1.6.3-1) ...
#6 19.00 Setting up libldap-2.5-0:amd64 (2.5.13+dfsg-5) ...
#6 19.00 Setting up phpunit-exporter (4.0.5-1) ...
#6 19.02 Setting up libthai0:amd64 (0.1.29-1) ...
#6 19.02 Setting up ca-certificates (20230311) ...
#6 19.09 debconf: unable to initialize frontend: Dialog
#6 19.09 debconf: (TERM is not set, so the dialog frontend is not usable.)
#6 19.09 debconf: falling back to frontend: Readline
#6 19.10 debconf: unable to initialize frontend: Readline
#6 19.10 debconf: (This frontend requires a controlling tty.)
#6 19.10 debconf: falling back to frontend: Teletype
#6 19.43 Updating certificates in /etc/ssl/certs...
#6 19.89 140 added, 0 removed; done.
#6 19.91 Setting up libfreetype6:amd64 (2.12.1+dfsg-4) ...
#6 19.91 Setting up ssl-cert (1.1.2) ...
#6 19.98 debconf: unable to initialize frontend: Dialog
#6 19.98 debconf: (TERM is not set, so the dialog frontend is not usable.)
#6 19.98 debconf: falling back to frontend: Readline
#6 19.98 debconf: unable to initialize frontend: Readline
#6 19.98 debconf: (This frontend requires a controlling tty.)
#6 19.98 debconf: falling back to frontend: Teletype
#6 20.27 Setting up dbus (1.14.6-1) ...
#6 20.29 invoke-rc.d: could not determine current runlevel
#6 20.30 invoke-rc.d: policy-rc.d denied execution of start.
#6 20.30 Setting up shared-mime-info (2.2-1) ...
#6 21.97 Setting up libgssapi-krb5-2:amd64 (1.20.1-1) ...
#6 21.97 Setting up libgdbm-compat4:amd64 (1.23-3) ...
#6 21.97 Setting up ucf (3.0043+nmu1) ...
#6 22.04 debconf: unable to initialize frontend: Dialog
#6 22.04 debconf: (TERM is not set, so the dialog frontend is not usable.)
#6 22.04 debconf: falling back to frontend: Readline
#6 22.05 debconf: unable to initialize frontend: Readline
#6 22.05 debconf: (This frontend requires a controlling tty.)
#6 22.05 debconf: falling back to frontend: Teletype
#6 22.08 Setting up libx265-199:amd64 (3.5-2+b1) ...
#6 22.08 Setting up libxslt1.1:amd64 (1.1.35-1) ...
#6 22.08 Setting up libcurl4:amd64 (7.88.1-6) ...
#6 22.09 Setting up libx11-6:amd64 (2:1.8.4-2) ...
#6 22.09 Setting up libharfbuzz0b:amd64 (6.0.0+dfsg-3) ...
#6 22.09 Setting up libfontconfig1:amd64 (2.14.1-4) ...
#6 22.10 Setting up libsm6:amd64 (2:1.2.3-1) ...
#6 22.10 Setting up libavahi-client3:amd64 (0.8-9) ...
#6 22.11 Setting up libperl5.36:amd64 (5.36.0-7) ...
#6 22.11 Setting up libxmuu1:amd64 (2:1.1.3-3) ...
#6 22.11 Setting up apache2-utils (2.4.56-1) ...
#6 22.12 Setting up libpaper1:amd64 (1.1.29) ...
#6 22.19 debconf: unable to initialize frontend: Dialog
#6 22.19 debconf: (TERM is not set, so the dialog frontend is not usable.)
#6 22.19 debconf: falling back to frontend: Readline
#6 22.19 debconf: unable to initialize frontend: Readline
#6 22.19 debconf: (This frontend requires a controlling tty.)
#6 22.19 debconf: falling back to frontend: Teletype
#6 22.24 
#6 22.24 Creating config file /etc/papersize with new version
#6 22.26 Setting up fontconfig (2.14.1-4) ...
#6 22.26 Regenerating fonts cache... done.
#6 24.62 Setting up php8.2-common (8.2.4-1) ...
#6 24.70 debconf: unable to initialize frontend: Dialog
#6 24.70 debconf: (TERM is not set, so the dialog frontend is not usable.)
#6 24.70 debconf: falling back to frontend: Readline
#6 24.71 debconf: unable to initialize frontend: Readline
#6 24.71 debconf: (This frontend requires a controlling tty.)
#6 24.71 debconf: falling back to frontend: Teletype
#6 24.74 
#6 24.74 Creating config file /etc/php/8.2/mods-available/calendar.ini with new version
#6 24.92 debconf: unable to initialize frontend: Dialog
#6 24.92 debconf: (TERM is not set, so the dialog frontend is not usable.)
#6 24.92 debconf: falling back to frontend: Readline
#6 24.93 debconf: unable to initialize frontend: Readline
#6 24.93 debconf: (This frontend requires a controlling tty.)
#6 24.93 debconf: falling back to frontend: Teletype
#6 24.96 
#6 24.96 Creating config file /etc/php/8.2/mods-available/ctype.ini with new version
#6 25.14 debconf: unable to initialize frontend: Dialog
#6 25.14 debconf: (TERM is not set, so the dialog frontend is not usable.)
#6 25.14 debconf: falling back to frontend: Readline
#6 25.14 debconf: unable to initialize frontend: Readline
#6 25.14 debconf: (This frontend requires a controlling tty.)
#6 25.14 debconf: falling back to frontend: Teletype
#6 25.18 
#6 25.18 Creating config file /etc/php/8.2/mods-available/exif.ini with new version
#6 25.36 debconf: unable to initialize frontend: Dialog
#6 25.36 debconf: (TERM is not set, so the dialog frontend is not usable.)
#6 25.36 debconf: falling back to frontend: Readline
#6 25.36 debconf: unable to initialize frontend: Readline
#6 25.36 debconf: (This frontend requires a controlling tty.)
#6 25.36 debconf: falling back to frontend: Teletype
#6 25.40 
#6 25.40 Creating config file /etc/php/8.2/mods-available/fileinfo.ini with new version
#6 25.57 debconf: unable to initialize frontend: Dialog
#6 25.57 debconf: (TERM is not set, so the dialog frontend is not usable.)
#6 25.57 debconf: falling back to frontend: Readline
#6 25.58 debconf: unable to initialize frontend: Readline
#6 25.58 debconf: (This frontend requires a controlling tty.)
#6 25.58 debconf: falling back to frontend: Teletype
#6 25.62 
#6 25.62 Creating config file /etc/php/8.2/mods-available/ffi.ini with new version
#6 25.84 debconf: unable to initialize frontend: Dialog
#6 25.84 debconf: (TERM is not set, so the dialog frontend is not usable.)
#6 25.84 debconf: falling back to frontend: Readline
#6 25.84 debconf: unable to initialize frontend: Readline
#6 25.84 debconf: (This frontend requires a controlling tty.)
#6 25.84 debconf: falling back to frontend: Teletype
#6 25.88 
#6 25.88 Creating config file /etc/php/8.2/mods-available/ftp.ini with new version
#6 26.07 debconf: unable to initialize frontend: Dialog
#6 26.07 debconf: (TERM is not set, so the dialog frontend is not usable.)
#6 26.07 debconf: falling back to frontend: Readline
#6 26.07 debconf: unable to initialize frontend: Readline
#6 26.07 debconf: (This frontend requires a controlling tty.)
#6 26.07 debconf: falling back to frontend: Teletype
#6 26.11 
#6 26.11 Creating config file /etc/php/8.2/mods-available/gettext.ini with new version
#6 26.29 debconf: unable to initialize frontend: Dialog
#6 26.29 debconf: (TERM is not set, so the dialog frontend is not usable.)
#6 26.29 debconf: falling back to frontend: Readline
#6 26.30 debconf: unable to initialize frontend: Readline
#6 26.30 debconf: (This frontend requires a controlling tty.)
#6 26.30 debconf: falling back to frontend: Teletype
#6 26.33 
#6 26.33 Creating config file /etc/php/8.2/mods-available/iconv.ini with new version
#6 26.52 debconf: unable to initialize frontend: Dialog
#6 26.52 debconf: (TERM is not set, so the dialog frontend is not usable.)
#6 26.52 debconf: falling back to frontend: Readline
#6 26.53 debconf: unable to initialize frontend: Readline
#6 26.53 debconf: (This frontend requires a controlling tty.)
#6 26.53 debconf: falling back to frontend: Teletype
#6 26.56 
#6 26.56 Creating config file /etc/php/8.2/mods-available/pdo.ini with new version
#6 26.74 debconf: unable to initialize frontend: Dialog
#6 26.74 debconf: (TERM is not set, so the dialog frontend is not usable.)
#6 26.74 debconf: falling back to frontend: Readline
#6 26.75 debconf: unable to initialize frontend: Readline
#6 26.75 debconf: (This frontend requires a controlling tty.)
#6 26.75 debconf: falling back to frontend: Teletype
#6 26.78 
#6 26.78 Creating config file /etc/php/8.2/mods-available/phar.ini with new version
#6 26.97 debconf: unable to initialize frontend: Dialog
#6 26.97 debconf: (TERM is not set, so the dialog frontend is not usable.)
#6 26.97 debconf: falling back to frontend: Readline
#6 26.98 debconf: unable to initialize frontend: Readline
#6 26.98 debconf: (This frontend requires a controlling tty.)
#6 26.98 debconf: falling back to frontend: Teletype
#6 27.01 
#6 27.01 Creating config file /etc/php/8.2/mods-available/posix.ini with new version
#6 27.20 debconf: unable to initialize frontend: Dialog
#6 27.20 debconf: (TERM is not set, so the dialog frontend is not usable.)
#6 27.20 debconf: falling back to frontend: Readline
#6 27.20 debconf: unable to initialize frontend: Readline
#6 27.20 debconf: (This frontend requires a controlling tty.)
#6 27.20 debconf: falling back to frontend: Teletype
#6 27.24 
#6 27.24 Creating config file /etc/php/8.2/mods-available/shmop.ini with new version
#6 27.42 debconf: unable to initialize frontend: Dialog
#6 27.42 debconf: (TERM is not set, so the dialog frontend is not usable.)
#6 27.42 debconf: falling back to frontend: Readline
#6 27.43 debconf: unable to initialize frontend: Readline
#6 27.43 debconf: (This frontend requires a controlling tty.)
#6 27.43 debconf: falling back to frontend: Teletype
#6 27.46 
#6 27.46 Creating config file /etc/php/8.2/mods-available/sockets.ini with new version
#6 27.65 debconf: unable to initialize frontend: Dialog
#6 27.65 debconf: (TERM is not set, so the dialog frontend is not usable.)
#6 27.65 debconf: falling back to frontend: Readline
#6 27.66 debconf: unable to initialize frontend: Readline
#6 27.66 debconf: (This frontend requires a controlling tty.)
#6 27.66 debconf: falling back to frontend: Teletype
#6 27.69 
#6 27.69 Creating config file /etc/php/8.2/mods-available/sysvmsg.ini with new version
#6 27.88 debconf: unable to initialize frontend: Dialog
#6 27.88 debconf: (TERM is not set, so the dialog frontend is not usable.)
#6 27.88 debconf: falling back to frontend: Readline
#6 27.88 debconf: unable to initialize frontend: Readline
#6 27.88 debconf: (This frontend requires a controlling tty.)
#6 27.88 debconf: falling back to frontend: Teletype
#6 27.92 
#6 27.92 Creating config file /etc/php/8.2/mods-available/sysvsem.ini with new version
#6 28.10 debconf: unable to initialize frontend: Dialog
#6 28.10 debconf: (TERM is not set, so the dialog frontend is not usable.)
#6 28.10 debconf: falling back to frontend: Readline
#6 28.11 debconf: unable to initialize frontend: Readline
#6 28.11 debconf: (This frontend requires a controlling tty.)
#6 28.11 debconf: falling back to frontend: Teletype
#6 28.14 
#6 28.14 Creating config file /etc/php/8.2/mods-available/sysvshm.ini with new version
#6 28.33 debconf: unable to initialize frontend: Dialog
#6 28.33 debconf: (TERM is not set, so the dialog frontend is not usable.)
#6 28.33 debconf: falling back to frontend: Readline
#6 28.33 debconf: unable to initialize frontend: Readline
#6 28.33 debconf: (This frontend requires a controlling tty.)
#6 28.33 debconf: falling back to frontend: Teletype
#6 28.37 
#6 28.37 Creating config file /etc/php/8.2/mods-available/tokenizer.ini with new version
#6 28.47 Setting up libxpm4:amd64 (1:3.5.12-1.1) ...
#6 28.47 Setting up libxrender1:amd64 (1:0.9.10-1.1) ...
#6 28.47 Setting up php8.2-zip (8.2.4-1) ...
#6 28.56 debconf: unable to initialize frontend: Dialog
#6 28.56 debconf: (TERM is not set, so the dialog frontend is not usable.)
#6 28.56 debconf: falling back to frontend: Readline
#6 28.57 debconf: unable to initialize frontend: Readline
#6 28.57 debconf: (This frontend requires a controlling tty.)
#6 28.57 debconf: falling back to frontend: Teletype
#6 28.60 
#6 28.60 Creating config file /etc/php/8.2/mods-available/zip.ini with new version
#6 28.71 Setting up openssh-client (1:9.2p1-2) ...
#6 28.75 Setting up php8.2-opcache (8.2.4-1) ...
#6 28.84 debconf: unable to initialize frontend: Dialog
#6 28.84 debconf: (TERM is not set, so the dialog frontend is not usable.)
#6 28.84 debconf: falling back to frontend: Readline
#6 28.85 debconf: unable to initialize frontend: Readline
#6 28.85 debconf: (This frontend requires a controlling tty.)
#6 28.85 debconf: falling back to frontend: Teletype
#6 28.88 
#6 28.88 Creating config file /etc/php/8.2/mods-available/opcache.ini with new version
#6 28.98 Setting up php8.2-readline (8.2.4-1) ...
#6 29.07 debconf: unable to initialize frontend: Dialog
#6 29.07 debconf: (TERM is not set, so the dialog frontend is not usable.)
#6 29.07 debconf: falling back to frontend: Readline
#6 29.08 debconf: unable to initialize frontend: Readline
#6 29.08 debconf: (This frontend requires a controlling tty.)
#6 29.08 debconf: falling back to frontend: Teletype
#6 29.11 
#6 29.11 Creating config file /etc/php/8.2/mods-available/readline.ini with new version
#6 29.21 Setting up php8.2-mbstring (8.2.4-1) ...
#6 29.31 debconf: unable to initialize frontend: Dialog
#6 29.31 debconf: (TERM is not set, so the dialog frontend is not usable.)
#6 29.31 debconf: falling back to frontend: Readline
#6 29.31 debconf: unable to initialize frontend: Readline
#6 29.31 debconf: (This frontend requires a controlling tty.)
#6 29.31 debconf: falling back to frontend: Teletype
#6 29.35 
#6 29.35 Creating config file /etc/php/8.2/mods-available/mbstring.ini with new version
#6 29.45 Setting up libpango-1.0-0:amd64 (1.50.12+ds-1) ...
#6 29.46 Setting up libheif1:amd64 (1.15.1-1) ...
#6 29.46 Setting up libxext6:amd64 (2:1.3.4-1+b1) ...
#6 29.47 Setting up libcurl3-gnutls:amd64 (7.88.1-6) ...
#6 29.47 Setting up libpaper-utils (1.1.29) ...
#6 29.48 Setting up libaprutil1-ldap:amd64 (1.6.3-1) ...
#6 29.48 Setting up xfonts-utils (1:7.7+6) ...
#6 29.48 Setting up php-mbstring (2:8.2+93) ...
#6 29.48 Setting up php8.2-intl (8.2.4-1) ...
#6 29.57 debconf: unable to initialize frontend: Dialog
#6 29.57 debconf: (TERM is not set, so the dialog frontend is not usable.)
#6 29.57 debconf: falling back to frontend: Readline
#6 29.58 debconf: unable to initialize frontend: Readline
#6 29.58 debconf: (This frontend requires a controlling tty.)
#6 29.58 debconf: falling back to frontend: Teletype
#6 29.61 
#6 29.61 Creating config file /etc/php/8.2/mods-available/intl.ini with new version
#6 29.72 Setting up libcairo2:amd64 (1.16.0-7) ...
#6 29.72 Setting up phpunit-comparator (4.0.8-1) ...
#6 29.72 Setting up php-intl (2:8.2+93) ...
#6 29.73 Setting up libmagickcore-6.q16-6:amd64 (8:6.9.11.60+dfsg-1.6) ...
#6 29.73 Setting up perl (5.36.0-7) ...
#6 29.74 Setting up php8.2-curl (8.2.4-1) ...
#6 29.83 debconf: unable to initialize frontend: Dialog
#6 29.83 debconf: (TERM is not set, so the dialog frontend is not usable.)
#6 29.83 debconf: falling back to frontend: Readline
#6 29.83 debconf: unable to initialize frontend: Readline
#6 29.83 debconf: (This frontend requires a controlling tty.)
#6 29.83 debconf: falling back to frontend: Teletype
#6 29.87 
#6 29.87 Creating config file /etc/php/8.2/mods-available/curl.ini with new version
#6 29.97 Setting up php8.2-xml (8.2.4-1) ...
#6 30.06 debconf: unable to initialize frontend: Dialog
#6 30.06 debconf: (TERM is not set, so the dialog frontend is not usable.)
#6 30.06 debconf: falling back to frontend: Readline
#6 30.07 debconf: unable to initialize frontend: Readline
#6 30.07 debconf: (This frontend requires a controlling tty.)
#6 30.07 debconf: falling back to frontend: Teletype
#6 30.11 
#6 30.11 Creating config file /etc/php/8.2/mods-available/dom.ini with new version
#6 30.29 debconf: unable to initialize frontend: Dialog
#6 30.29 debconf: (TERM is not set, so the dialog frontend is not usable.)
#6 30.29 debconf: falling back to frontend: Readline
#6 30.30 debconf: unable to initialize frontend: Readline
#6 30.30 debconf: (This frontend requires a controlling tty.)
#6 30.30 debconf: falling back to frontend: Teletype
#6 30.34 
#6 30.34 Creating config file /etc/php/8.2/mods-available/simplexml.ini with new version
#6 30.52 debconf: unable to initialize frontend: Dialog
#6 30.52 debconf: (TERM is not set, so the dialog frontend is not usable.)
#6 30.52 debconf: falling back to frontend: Readline
#6 30.53 debconf: unable to initialize frontend: Readline
#6 30.53 debconf: (This frontend requires a controlling tty.)
#6 30.53 debconf: falling back to frontend: Teletype
#6 30.57 
#6 30.57 Creating config file /etc/php/8.2/mods-available/xml.ini with new version
#6 30.75 debconf: unable to initialize frontend: Dialog
#6 30.75 debconf: (TERM is not set, so the dialog frontend is not usable.)
#6 30.75 debconf: falling back to frontend: Readline
#6 30.76 debconf: unable to initialize frontend: Readline
#6 30.76 debconf: (This frontend requires a controlling tty.)
#6 30.76 debconf: falling back to frontend: Teletype
#6 30.80 
#6 30.80 Creating config file /etc/php/8.2/mods-available/xmlreader.ini with new version
#6 30.98 debconf: unable to initialize frontend: Dialog
#6 30.98 debconf: (TERM is not set, so the dialog frontend is not usable.)
#6 30.98 debconf: falling back to frontend: Readline
#6 30.99 debconf: unable to initialize frontend: Readline
#6 30.99 debconf: (This frontend requires a controlling tty.)
#6 30.99 debconf: falling back to frontend: Teletype
#6 31.03 
#6 31.03 Creating config file /etc/php/8.2/mods-available/xmlwriter.ini with new version
#6 31.21 debconf: unable to initialize frontend: Dialog
#6 31.21 debconf: (TERM is not set, so the dialog frontend is not usable.)
#6 31.21 debconf: falling back to frontend: Readline
#6 31.22 debconf: unable to initialize frontend: Readline
#6 31.22 debconf: (This frontend requires a controlling tty.)
#6 31.22 debconf: falling back to frontend: Teletype
#6 31.26 
#6 31.26 Creating config file /etc/php/8.2/mods-available/xsl.ini with new version
#6 31.36 Setting up libgd3:amd64 (2.3.3-9) ...
#6 31.36 Setting up libxt6:amd64 (1:1.2.1-1) ...
#6 31.37 Setting up libcups2:amd64 (2.4.2-2) ...
#6 31.37 Setting up xauth (1:1.1.2-1) ...
#6 31.37 Setting up php-zip (2:8.2+93) ...
#6 31.37 Setting up libmagickwand-6.q16-6:amd64 (8:6.9.11.60+dfsg-1.6) ...
#6 31.38 Setting up php8.2-gd (8.2.4-1) ...
#6 31.47 debconf: unable to initialize frontend: Dialog
#6 31.47 debconf: (TERM is not set, so the dialog frontend is not usable.)
#6 31.47 debconf: falling back to frontend: Readline
#6 31.47 debconf: unable to initialize frontend: Readline
#6 31.47 debconf: (This frontend requires a controlling tty.)
#6 31.47 debconf: falling back to frontend: Teletype
#6 31.51 
#6 31.51 Creating config file /etc/php/8.2/mods-available/gd.ini with new version
#6 31.61 Setting up php-gd (2:8.2+93) ...
#6 31.62 Setting up libpangoft2-1.0-0:amd64 (1.50.12+ds-1) ...
#6 31.62 Setting up php8.2-cli (8.2.4-1) ...
#6 31.62 update-alternatives: using /usr/bin/php8.2 to provide /usr/bin/php (php) in auto mode
#6 31.62 update-alternatives: warning: skip creation of /usr/share/man/man1/php.1.gz because associated file /usr/share/man/man1/php8.2.1.gz (of link group php) doesn't exist
#6 31.62 update-alternatives: using /usr/bin/phar8.2 to provide /usr/bin/phar (phar) in auto mode
#6 31.62 update-alternatives: warning: skip creation of /usr/share/man/man1/phar.1.gz because associated file /usr/share/man/man1/phar8.2.1.gz (of link group phar) doesn't exist
#6 31.62 update-alternatives: using /usr/bin/phar.phar8.2 to provide /usr/bin/phar.phar (phar.phar) in auto mode
#6 31.62 update-alternatives: warning: skip creation of /usr/share/man/man1/phar.phar.1.gz because associated file /usr/share/man/man1/phar.phar8.2.1.gz (of link group phar.phar) doesn't exist
#6 31.71 debconf: unable to initialize frontend: Dialog
#6 31.71 debconf: (TERM is not set, so the dialog frontend is not usable.)
#6 31.71 debconf: falling back to frontend: Readline
#6 31.72 debconf: unable to initialize frontend: Readline
#6 31.72 debconf: (This frontend requires a controlling tty.)
#6 31.72 debconf: falling back to frontend: Teletype
#6 31.76 
#6 31.76 Creating config file /etc/php/8.2/cli/php.ini with new version
#6 32.29 Setting up php8.2-sqlite3 (8.2.4-1) ...
#6 32.38 debconf: unable to initialize frontend: Dialog
#6 32.38 debconf: (TERM is not set, so the dialog frontend is not usable.)
#6 32.38 debconf: falling back to frontend: Readline
#6 32.38 debconf: unable to initialize frontend: Readline
#6 32.38 debconf: (This frontend requires a controlling tty.)
#6 32.38 debconf: falling back to frontend: Teletype
#6 32.42 
#6 32.42 Creating config file /etc/php/8.2/mods-available/sqlite3.ini with new version
#6 32.61 debconf: unable to initialize frontend: Dialog
#6 32.61 debconf: (TERM is not set, so the dialog frontend is not usable.)
#6 32.61 debconf: falling back to frontend: Readline
#6 32.61 debconf: unable to initialize frontend: Readline
#6 32.61 debconf: (This frontend requires a controlling tty.)
#6 32.61 debconf: falling back to frontend: Teletype
#6 32.65 
#6 32.65 Creating config file /etc/php/8.2/mods-available/pdo_sqlite.ini with new version
#6 32.75 Setting up php-tokenizer (1.2.1-1) ...
#6 32.76 Setting up libpangocairo-1.0-0:amd64 (1.50.12+ds-1) ...
#6 32.76 Setting up php-xml (2:8.2+93) ...
#6 32.76 Setting up php-curl (2:8.2+93) ...
#6 32.77 Setting up libmagickcore-6.q16-6-extra:amd64 (8:6.9.11.60+dfsg-1.6) ...
#6 32.77 Setting up php-phar-io-manifest (2.0.3-1) ...
#6 32.77 Setting up php-sqlite3 (2:8.2+93) ...
#6 32.77 Setting up fonts-urw-base35 (20200910-7) ...
#6 32.90 Setting up apache2-bin (2.4.56-1) ...
#6 32.90 Setting up liberror-perl (0.17029-2) ...
#6 32.91 Setting up php-parser (4.15.4-1) ...
#6 32.91 Setting up gsfonts (2:20200910-7) ...
#6 32.92 Setting up php8.2-imagick (3.7.0-4) ...
#6 32.99 Setting up phpunit-lines-of-code (1.0.3-2) ...
#6 33.00 Setting up libapache2-mod-php8.2 (8.2.4-1) ...
#6 33.01 Package apache2 is not configured yet. Will defer actions by package libapache2-mod-php8.2.
#6 33.10 debconf: unable to initialize frontend: Dialog
#6 33.10 debconf: (TERM is not set, so the dialog frontend is not usable.)
#6 33.10 debconf: falling back to frontend: Readline
#6 33.10 debconf: unable to initialize frontend: Readline
#6 33.10 debconf: (This frontend requires a controlling tty.)
#6 33.10 debconf: falling back to frontend: Teletype
#6 33.14 
#6 33.14 Creating config file /etc/php/8.2/apache2/php.ini with new version
#6 33.78 No module matches 
#6 33.84 Setting up git (1:2.39.2-1.1) ...
#6 33.85 Setting up php-imagick (3.7.0-4) ...
#6 33.85 Setting up libgs10-common (10.0.0~dfsg-9) ...
#6 33.85 Setting up apache2 (2.4.56-1) ...
#6 34.07 Enabling module mpm_event.
#6 34.10 Enabling module authz_core.
#6 34.11 Enabling module authz_host.
#6 34.14 Enabling module authn_core.
#6 34.14 Enabling module auth_basic.
#6 34.17 Enabling module access_compat.
#6 34.20 Enabling module authn_file.
#6 34.23 Enabling module authz_user.
#6 34.26 Enabling module alias.
#6 34.29 Enabling module dir.
#6 34.32 Enabling module autoindex.
#6 34.35 Enabling module env.
#6 34.38 Enabling module mime.
#6 34.41 Enabling module negotiation.
#6 34.44 Enabling module setenvif.
#6 34.47 Enabling module filter.
#6 34.50 Enabling module deflate.
#6 34.53 Enabling module status.
#6 34.56 Enabling module reqtimeout.
#6 34.59 Enabling conf charset.
#6 34.62 Enabling conf localized-error-pages.
#6 34.65 Enabling conf other-vhosts-access-log.
#6 34.68 Enabling conf security.
#6 34.71 Enabling conf serve-cgi-bin.
#6 34.73 Enabling site 000-default.
#6 34.76 info: Executing deferred 'a2enconf javascript-common' for package javascript-common
#6 34.79 Enabling conf javascript-common.
#6 34.81 info: Switch to mpm prefork for package libapache2-mod-php8.2
#6 34.84 Module mpm_event disabled.
#6 34.87 Enabling module mpm_prefork.
#6 34.89 info: Executing deferred 'a2enmod php8.2' for package libapache2-mod-php8.2
#6 34.92 Enabling module php8.2.
#6 34.93 invoke-rc.d: could not determine current runlevel
#6 34.93 invoke-rc.d: policy-rc.d denied execution of start.
#6 35.26 Setting up phpunit-complexity (2.0.2-2) ...
#6 35.27 Setting up php-codecoverage (9.2.26+dfsg-1) ...
#6 35.27 Setting up php8.2 (8.2.4-1) ...
#6 35.27 Setting up libgs10:amd64 (10.0.0~dfsg-9+b1) ...
#6 35.27 Setting up php (2:8.2+93) ...
#6 35.28 Setting up phpunit (9.6.5-1) ...
#6 35.28 Setting up ghostscript (10.0.0~dfsg-9+b1) ...
#6 35.29 Processing triggers for libc-bin (2.36-8) ...
#6 35.31 Processing triggers for ca-certificates (20230311) ...
#6 35.31 Updating certificates in /etc/ssl/certs...
#6 35.67 0 added, 0 removed; done.
#6 35.67 Running hooks in /etc/ca-certificates/update.d...
#6 35.67 done.
#6 35.69 Processing triggers for php8.2-cli (8.2.4-1) ...
#6 35.69 Processing triggers for libapache2-mod-php8.2 (8.2.4-1) ...
#6 DONE 35.8s

#7 [3/6] RUN git clone --depth=1 --branch=master https://github.com/nextcloud/server.git
#7 0.373 Cloning into 'server'...
#7 7.812 Updating files:  75% (7666/10105)Updating files:  76% (7680/10105)Updating files:  77% (7781/10105)Updating files:  78% (7882/10105)Updating files:  79% (7983/10105)Updating files:  80% (8084/10105)Updating files:  81% (8186/10105)Updating files:  82% (8287/10105)Updating files:  83% (8388/10105)Updating files:  84% (8489/10105)Updating files:  85% (8590/10105)Updating files:  86% (8691/10105)Updating files:  87% (8792/10105)Updating files:  88% (8893/10105)Updating files:  89% (8994/10105)Updating files:  90% (9095/10105)Updating files:  91% (9196/10105)Updating files:  92% (9297/10105)Updating files:  93% (9398/10105)Updating files:  94% (9499/10105)Updating files:  95% (9600/10105)Updating files:  96% (9701/10105)Updating files:  97% (9802/10105)Updating files:  98% (9903/10105)Updating files:  99% (10004/10105)Updating files: 100% (10105/10105)Updating files: 100% (10105/10105), done.
#7 DONE 8.8s

#8 [4/6] WORKDIR server
#8 DONE 0.0s

#9 [5/6] RUN git submodule update --init
#9 0.245 Submodule '3rdparty' (https://github.com/nextcloud/3rdparty.git) registered for path '3rdparty'
#9 0.248 Cloning into '/server/3rdparty'...
#9 6.005 Submodule path '3rdparty': checked out '95330ecbe44f864edd0d193f249ca2acc84d9d06'
#9 DONE 6.3s

#10 [6/6] RUN ./autotest.sh sqlite
#10 0.371 Using PHP executable /usr/bin/php
#10 0.418 Using database oc_autotest
#10 0.419 Setup environment for sqlite testing on local storage ...
#10 0.430 Updated 0 paths from the index
#10 0.473 Installing ....
#10 1.853 Nextcloud was successfully installed
#10 1.863 Testing with sqlite ...
#10 2.013 /usr/bin/phpunit --configuration phpunit-autotest.xml --coverage-clover autotest-clover-sqlite.xml --coverage-html coverage-html-sqlite --log-junit autotest-results-sqlite.xml  
#10 3.465 PHPUnit 9.6.5 by Sebastian Bergmann and contributors.
#10 3.870 
#10 3.870 Runtime:       PHP 8.2.4
#10 3.870 Configuration: phpunit-autotest.xml
#10 3.870 Warning:       No code coverage driver available
#10 3.870 
#10 3.889 ...........................................................    59 / 14727 (  0%)
#10 3.979 ...................................S.......................   118 / 14727 (  0%)
#10 4.007 ...........................................................   177 / 14727 (  1%)
#10 4.033 ...........................................................   236 / 14727 (  1%)
#10 4.042 ...........................................................   295 / 14727 (  2%)
#10 4.077 ...........................................................   354 / 14727 (  2%)
#10 4.146 ...........................................................   413 / 14727 (  2%)
#10 4.166 ...........................................................   472 / 14727 (  3%)
#10 4.178 ...........................................................   531 / 14727 (  3%)
#10 4.186 ...........................................................   590 / 14727 (  4%)
#10 4.197 ...........................................................   649 / 14727 (  4%)
#10 4.205 ...........................................................   708 / 14727 (  4%)
#10 4.216 ...........................................................   767 / 14727 (  5%)
#10 4.222 ...........................................................   826 / 14727 (  5%)
#10 4.237 ...........................................................   885 / 14727 (  6%)
#10 4.248 ...........................................................   944 / 14727 (  6%)
#10 4.346 ...........................................................  1003 / 14727 (  6%)
#10 4.363 ...........................................................  1062 / 14727 (  7%)
#10 4.371 ...........................................................  1121 / 14727 (  7%)
#10 12.46 ...........................................................  1180 / 14727 (  8%)
#10 12.49 ...........................................................  1239 / 14727 (  8%)
#10 20.20 ...........................................................  1298 / 14727 (  8%)
#10 20.22 .........................S.................................  1357 / 14727 (  9%)
#10 20.65 ...........................................................  1416 / 14727 (  9%)
#10 20.76 ...........................................................  1475 / 14727 ( 10%)
#10 20.78 ...........................................................  1534 / 14727 ( 10%)
#10 20.80 ...........................................................  1593 / 14727 ( 10%)
#10 20.81 ...........................................................  1652 / 14727 ( 11%)
#10 20.82 ...........................................................  1711 / 14727 ( 11%)
#10 20.83 ...........................................................  1770 / 14727 ( 12%)
#10 20.85 ...........................................................  1829 / 14727 ( 12%)
#10 20.94 ...........................................................  1888 / 14727 ( 12%)
#10 21.22 ...........................................................  1947 / 14727 ( 13%)
#10 22.22 ...........................................................  2006 / 14727 ( 13%)
#10 22.24 .......................S...................................  2065 / 14727 ( 14%)
#10 22.73 ...........................................................  2124 / 14727 ( 14%)
#10 22.74 ...........................................................  2183 / 14727 ( 14%)
#10 22.78 ...........................................................  2242 / 14727 ( 15%)
#10 22.80 ...........................................................  2301 / 14727 ( 15%)
#10 22.82 ...........................................................  2360 / 14727 ( 16%)
#10 22.83 ...........................................................  2419 / 14727 ( 16%)
#10 22.85 ...........................................................  2478 / 14727 ( 16%)
#10 22.85 ...........................................................  2537 / 14727 ( 17%)
#10 22.86 ...........................................................  2596 / 14727 ( 17%)
#10 22.87 ...........................................................  2655 / 14727 ( 18%)
#10 22.87 ...........................................................  2714 / 14727 ( 18%)
#10 22.88 ...........................................................  2773 / 14727 ( 18%)
#10 22.88 ...........................................................  2832 / 14727 ( 19%)
#10 22.89 ...........................................................  2891 / 14727 ( 19%)
#10 22.90 ...........................................................  2950 / 14727 ( 20%)
#10 22.90 ...........................................................  3009 / 14727 ( 20%)
#10 22.91 ...........................................................  3068 / 14727 ( 20%)
#10 22.92 ...........................................................  3127 / 14727 ( 21%)
#10 22.92 ...........................................................  3186 / 14727 ( 21%)
#10 22.93 ...........................................................  3245 / 14727 ( 22%)
#10 22.93 ...........................................................  3304 / 14727 ( 22%)
#10 22.94 ...........................................................  3363 / 14727 ( 22%)
#10 22.94 ...........................................................  3422 / 14727 ( 23%)
#10 22.95 ...........................................................  3481 / 14727 ( 23%)
#10 22.95 ...........................................................  3540 / 14727 ( 24%)
#10 22.96 ...........................................................  3599 / 14727 ( 24%)
#10 22.97 ...........................................................  3658 / 14727 ( 24%)
#10 22.97 ...........................................................  3717 / 14727 ( 25%)
#10 22.98 ...........................................................  3776 / 14727 ( 25%)
#10 22.98 ...........................................................  3835 / 14727 ( 26%)
#10 22.99 ...........................................................  3894 / 14727 ( 26%)
#10 23.00 ...........................................................  3953 / 14727 ( 26%)
#10 23.00 ...........................................................  4012 / 14727 ( 27%)
#10 23.01 ...........................................................  4071 / 14727 ( 27%)
#10 23.01 ...........................................................  4130 / 14727 ( 28%)
#10 23.02 ...........................................................  4189 / 14727 ( 28%)
#10 23.03 ...........................................................  4248 / 14727 ( 28%)
#10 23.03 ...........................................................  4307 / 14727 ( 29%)
#10 23.04 ...........................................................  4366 / 14727 ( 29%)
#10 23.04 ...........................................................  4425 / 14727 ( 30%)
#10 23.05 ...........................................................  4484 / 14727 ( 30%)
#10 23.05 ...........................................................  4543 / 14727 ( 30%)
#10 23.06 ...........................................................  4602 / 14727 ( 31%)
#10 23.07 ...........................................................  4661 / 14727 ( 31%)
#10 23.07 ...........................................................  4720 / 14727 ( 32%)
#10 23.08 ...........................................................  4779 / 14727 ( 32%)
#10 23.08 ...........................................................  4838 / 14727 ( 32%)
#10 23.09 ...........................................................  4897 / 14727 ( 33%)
#10 23.10 ...........................................................  4956 / 14727 ( 33%)
#10 23.10 ...........................................................  5015 / 14727 ( 34%)
#10 23.11 ...........................................................  5074 / 14727 ( 34%)
#10 23.11 ...........................................................  5133 / 14727 ( 34%)
#10 23.12 ...........................................................  5192 / 14727 ( 35%)
#10 23.13 ...........................................................  5251 / 14727 ( 35%)
#10 23.13 ...........................................................  5310 / 14727 ( 36%)
#10 23.14 ...........................................................  5369 / 14727 ( 36%)
#10 23.16 ...........................................................  5428 / 14727 ( 36%)
#10 23.17 ...........................................................  5487 / 14727 ( 37%)
#10 23.20 ...........................................................  5546 / 14727 ( 37%)
#10 23.23 ...........................................................  5605 / 14727 ( 38%)
#10 23.24 ...................................................S.......  5664 / 14727 ( 38%)
#10 23.63 .................................S.........................  5723 / 14727 ( 38%)
#10 24.19 ...........................................................  5782 / 14727 ( 39%)
#10 26.31 .......................S...................................  5841 / 14727 ( 39%)
#10 26.81 .............S.............................................  5900 / 14727 ( 40%)
#10 27.19 ...........................................................  5959 / 14727 ( 40%)
#10 27.20 ......................................S....................  6018 / 14727 ( 40%)
#10 27.26 ...........................................................  6077 / 14727 ( 41%)
#10 27.30 ...........................................................  6136 / 14727 ( 41%)
#10 27.45 ....................SSSSSSS..................S.............  6195 / 14727 ( 42%)
#10 27.76 ...........................................................  6254 / 14727 ( 42%)
#10 28.12 .................SSSSSSSSSSSSSSSSSSSSSSS...................  6313 / 14727 ( 42%)
#10 28.19 ...........................................................  6372 / 14727 ( 43%)
#10 28.20 ...........................................................  6431 / 14727 ( 43%)
#10 28.30 ...........................................................  6490 / 14727 ( 44%)
#10 28.33 ...........................................................  6549 / 14727 ( 44%)
#10 28.36 ...........................................................  6608 / 14727 ( 44%)
#10 28.39 ...........................................................  6667 / 14727 ( 45%)
#10 28.43 ...........................................................  6726 / 14727 ( 45%)
#10 28.47 ...........................................................  6785 / 14727 ( 46%)
#10 28.50 ..............................................S............  6844 / 14727 ( 46%)
#10 28.54 ...........................................................  6903 / 14727 ( 46%)
#10 28.58 ...........................................................  6962 / 14727 ( 47%)
#10 28.63 .......................S...................................  7021 / 14727 ( 47%)
#10 28.68 .....................................................S.....  7080 / 14727 ( 48%)
#10 28.72 ...........................................................  7139 / 14727 ( 48%)
#10 28.76 ......................................S....................  7198 / 14727 ( 48%)
#10 28.80 ...........................................................  7257 / 14727 ( 49%)
#10 28.89 .........................S.................................  7316 / 14727 ( 49%)
#10 28.98 ......................................................S....  7375 / 14727 ( 50%)
#10 29.03 ...........................................................  7434 / 14727 ( 50%)
#10 29.07 ......................................S....................  7493 / 14727 ( 50%)
#10 29.31 ...........................................................  7552 / 14727 ( 51%)
#10 30.23 ...........................................................  7611 / 14727 ( 51%)
#10 30.91 ...........................................................  7670 / 14727 ( 52%)
#10 31.70 ...........................................................  7729 / 14727 ( 52%)
#10 32.50 ......S........S...........................................  7788 / 14727 ( 52%)
#10 33.34 ...........................................................  7847 / 14727 ( 53%)
#10 33.54 ...........................................................  7906 / 14727 ( 53%)
#10 33.60 ...........................................................  7965 / 14727 ( 54%)
#10 33.61 ...........................................................  8024 / 14727 ( 54%)
#10 33.62 ...........................................................  8083 / 14727 ( 54%)
#10 34.27 ..................W........................................  8142 / 14727 ( 55%)
#10 36.45 ...........................................................  8201 / 14727 ( 55%)
#10 36.46 ...........................................................  8260 / 14727 ( 56%)
#10 36.50 ...........................................................  8319 / 14727 ( 56%)
#10 36.52 ...........................................................  8378 / 14727 ( 56%)
#10 36.55 ...........................................................  8437 / 14727 ( 57%)
#10 36.56 ...........................................................  8496 / 14727 ( 57%)
#10 36.57 ......................................................SSSSS  8555 / 14727 ( 58%)
#10 36.60 SSSSSSSSSSSSSSS............................SSSSSSSSSSSSSSSS  8614 / 14727 ( 58%)
#10 36.61 SSSSSSSSSSSSSSSSSSSS.......................................  8673 / 14727 ( 58%)
#10 36.62 ...........................................................  8732 / 14727 ( 59%)
#10 36.64 ...........................................................  8791 / 14727 ( 59%)
#10 36.64 ..........................SSSS.............................  8850 / 14727 ( 60%)
#10 39.44 ...........SSSSSSSS................................S.......  8909 / 14727 ( 60%)
#10 48.11 ................................F..........................  8968 / 14727 ( 60%)
#10 48.22 ...........................................................  9027 / 14727 ( 61%)
#10 48.49 ...........................................................  9086 / 14727 ( 61%)
#10 57.92 ...........................................................  9145 / 14727 ( 62%)
#10 58.30 ...........................................................  9204 / 14727 ( 62%)
#10 58.48 ...........................................................  9263 / 14727 ( 62%)
#10 58.49 ...........................................................  9322 / 14727 ( 63%)
#10 58.53 ...........................................................  9381 / 14727 ( 63%)
#10 58.59 ...........................................................  9440 / 14727 ( 64%)
#10 58.62 ...........................................................  9499 / 14727 ( 64%)
#10 59.25 ...........................................................  9558 / 14727 ( 64%)
#10 59.37 ...........................................................  9617 / 14727 ( 65%)
#10 59.49 ...........................................................  9676 / 14727 ( 65%)
#10 59.51 ...........................................................  9735 / 14727 ( 66%)
#10 59.53 ...........................................................  9794 / 14727 ( 66%)
#10 59.55 ...........................................................  9853 / 14727 ( 66%)
#10 59.80 ...........................................................  9912 / 14727 ( 67%)
#10 59.90 ..................SS.......................................  9971 / 14727 ( 67%)
#10 59.94 ........................................................... 10030 / 14727 ( 68%)
#10 59.95 ........................................................... 10089 / 14727 ( 68%)
#10 65.87 ........................................................... 10148 / 14727 ( 68%)
#10 65.99 .......................................S................... 10207 / 14727 ( 69%)
#10 66.01 ........................................................... 10266 / 14727 ( 69%)
#10 68.16 ........................................................... 10325 / 14727 ( 70%)
#10 68.17 ........................................................... 10384 / 14727 ( 70%)
#10 68.18 .....W....................WWW..W..WWWWWW.........WWW....... 10443 / 14727 ( 70%)
#10 68.22 ...............W...................W.WW.W.......WWWWW...... 10502 / 14727 ( 71%)
#10 68.27 ........................................................... 10561 / 14727 ( 71%)
#10 68.29 ........................................................... 10620 / 14727 ( 72%)
#10 68.52 ........................................................... 10679 / 14727 ( 72%)
#10 68.55 ........................................................... 10738 / 14727 ( 72%)
#10 68.58 ........................................................... 10797 / 14727 ( 73%)
#10 68.77 ........................................................... 10856 / 14727 ( 73%)
#10 68.87 ........................................................... 10915 / 14727 ( 74%)
#10 68.92 ........................................................... 10974 / 14727 ( 74%)
#10 69.00 ........................................................... 11033 / 14727 ( 74%)
#10 69.01 ........................................................... 11092 / 14727 ( 75%)
#10 69.04 ........................................................... 11151 / 14727 ( 75%)
#10 69.07 ........................................................... 11210 / 14727 ( 76%)
#10 69.09 ........................................................... 11269 / 14727 ( 76%)
#10 69.83 ........................................................... 11328 / 14727 ( 76%)
#10 70.39 ........................................................... 11387 / 14727 ( 77%)
#10 121.3 ........................................................... 11446 / 14727 ( 77%)
#10 121.4 ........................................................... 11505 / 14727 ( 78%)
#10 121.5 ...................W....................................... 11564 / 14727 ( 78%)
#10 121.5 ........................................................... 11623 / 14727 ( 78%)
#10 121.5 ........................................................... 11682 / 14727 ( 79%)
#10 121.7 ........................................................... 11741 / 14727 ( 79%)
#10 121.8 ........................................................... 11800 / 14727 ( 80%)
#10 121.9 ........................................................... 11859 / 14727 ( 80%)
#10 121.9 ........................................................... 11918 / 14727 ( 80%)
#10 122.0 ........................................................... 11977 / 14727 ( 81%)
#10 122.0 ........................................................... 12036 / 14727 ( 81%)
#10 122.1 ........................................................... 12095 / 14727 ( 82%)
#10 122.1 ........................................................... 12154 / 14727 ( 82%)
#10 122.2 ........................................................... 12213 / 14727 ( 82%)
#10 122.2 ........................................................... 12272 / 14727 ( 83%)
#10 122.3 ........................................................... 12331 / 14727 ( 83%)
#10 122.3 ........................................................... 12390 / 14727 ( 84%)
#10 122.4 ........................................................... 12449 / 14727 ( 84%)
#10 122.6 ........................................................... 12508 / 14727 ( 84%)
#10 141.6 ........................................................... 12567 / 14727 ( 85%)
#10 144.2 ........................................................... 12626 / 14727 ( 85%)
#10 144.2 ........................................................... 12685 / 14727 ( 86%)
#10 144.3 ........................................................... 12744 / 14727 ( 86%)
#10 144.3 ........................................................... 12803 / 14727 ( 86%)
#10 144.3 ........................................................... 12862 / 14727 ( 87%)
#10 144.3 ........................................................... 12921 / 14727 ( 87%)
#10 144.4 .................................S.....................FF.. 12980 / 14727 ( 88%)
#10 159.9 ..FSS........S......F..F................................... 13039 / 14727 ( 88%)
#10 161.4 ........................................................... 13098 / 14727 ( 88%)
#10 161.4 ........................................................... 13157 / 14727 ( 89%)
#10 161.6 ........................................................... 13216 / 14727 ( 89%)
#10 164.6 .......S...........................W....................... 13275 / 14727 ( 90%)
#10 167.8 ........................................................... 13334 / 14727 ( 90%)
#10 169.0 ........................................................... 13393 / 14727 ( 90%)
#10 190.1 ........................................................... 13452 / 14727 ( 91%)
#10 199.8 ........................................................... 13511 / 14727 ( 91%)
#10 203.3 .....................................S..................... 13570 / 14727 ( 92%)
#10 204.6 ........................................................... 13629 / 14727 ( 92%)
#10 204.7 ........................................................... 13688 / 14727 ( 92%)
#10 204.7 ........................................................... 13747 / 14727 ( 93%)
#10 204.8 ........................................................... 13806 / 14727 ( 93%)
#10 204.8 ........................................................... 13865 / 14727 ( 94%)
#10 206.2 ........................................................... 13924 / 14727 ( 94%)
#10 206.3 ........................................................... 13983 / 14727 ( 94%)
#10 206.3 ........................................................... 14042 / 14727 ( 95%)
#10 206.4 ........................................................... 14101 / 14727 ( 95%)
#10 206.4 ........................................................... 14160 / 14727 ( 96%)
#10 206.5 ......................................................WWW.. 14219 / 14727 ( 96%)
#10 208.4 ........................................................... 14278 / 14727 ( 96%)
#10 208.4 ........................................................... 14337 / 14727 ( 97%)
#10 212.8 ........................................................... 14396 / 14727 ( 97%)
#10 212.9 ........................................................... 14455 / 14727 ( 98%)
#10 212.9 ........................................................... 14514 / 14727 ( 98%)
#10 212.9 ........................................................... 14573 / 14727 ( 98%)
#10 213.0 ........................................................... 14632 / 14727 ( 99%)
#10 213.0 ........................................................... 14691 / 14727 ( 99%)
#10 213.0 ....................................                        14727 / 14727 (100%)
#10 213.1 
#10 213.1 Time: 03:29.591, Memory: 340.98 MB
#10 213.1 
#10 213.1 There were 30 warnings:
#10 213.1 
#10 213.1 1) Test\InstallerTest::testDownloadAppWithDowngrade
#10 213.1 The at() matcher has been deprecated. It will be removed in PHPUnit 10. Please refactor your test to not rely on the order in which methods are invoked.
#10 213.1 
#10 213.1 2) Tests\Core\Command\Encryption\ChangeKeyStorageRootTest::testMoveAllKeys
#10 213.1 The at() matcher has been deprecated. It will be removed in PHPUnit 10. Please refactor your test to not rely on the order in which methods are invoked.
#10 213.1 
#10 213.1 3) Tests\Core\Command\Encryption\DecryptAllTest::testMaintenanceAndTrashbin
#10 213.1 The at() matcher has been deprecated. It will be removed in PHPUnit 10. Please refactor your test to not rely on the order in which methods are invoked.
#10 213.1 
#10 213.1 4) Tests\Core\Command\Encryption\DecryptAllTest::testExecute with data set #0 (true, true)
#10 213.1 The at() matcher has been deprecated. It will be removed in PHPUnit 10. Please refactor your test to not rely on the order in which methods are invoked.
#10 213.1 
#10 213.1 5) Tests\Core\Command\Encryption\DecryptAllTest::testExecute with data set #1 (true, false)
#10 213.1 The at() matcher has been deprecated. It will be removed in PHPUnit 10. Please refactor your test to not rely on the order in which methods are invoked.
#10 213.1 
#10 213.1 6) Tests\Core\Command\Encryption\DecryptAllTest::testExecuteFailure
#10 213.1 The at() matcher has been deprecated. It will be removed in PHPUnit 10. Please refactor your test to not rely on the order in which methods are invoked.
#10 213.1 
#10 213.1 7) Tests\Core\Command\Encryption\EnableTest::testEnable with data set #0 ('no', null, array(), true, 'Encryption enabled', 'No encryption module is loaded')
#10 213.1 The at() matcher has been deprecated. It will be removed in PHPUnit 10. Please refactor your test to not rely on the order in which methods are invoked.
#10 213.1 
#10 213.1 8) Tests\Core\Command\Encryption\EnableTest::testEnable with data set #1 ('yes', null, array(), false, 'Encryption is already enabled', 'No encryption module is loaded')
#10 213.1 The at() matcher has been deprecated. It will be removed in PHPUnit 10. Please refactor your test to not rely on the order in which methods are invoked.
#10 213.1 
#10 213.1 9) Tests\Core\Command\Encryption\EnableTest::testEnable with data set #2 ('no', null, array(array()), true, 'Encryption enabled', 'No default module is set')
#10 213.1 The at() matcher has been deprecated. It will be removed in PHPUnit 10. Please refactor your test to not rely on the order in which methods are invoked.
#10 213.1 
#10 213.1 10) Tests\Core\Command\Encryption\EnableTest::testEnable with data set #3 ('no', 'OC_NO_MODULE', array(array()), true, 'Encryption enabled', 'The current default module do...MODULE')
#10 213.1 The at() matcher has been deprecated. It will be removed in PHPUnit 10. Please refactor your test to not rely on the order in which methods are invoked.
#10 213.1 
#10 213.1 11) Tests\Core\Command\Encryption\EnableTest::testEnable with data set #4 ('no', 'OC_TEST_MODULE', array(array()), true, 'Encryption enabled', 'Default module: OC_TEST_MODULE')
#10 213.1 The at() matcher has been deprecated. It will be removed in PHPUnit 10. Please refactor your test to not rely on the order in which methods are invoked.
#10 213.1 
#10 213.1 12) Tests\Core\Command\Encryption\EncryptAllTest::testEncryptAll
#10 213.1 The at() matcher has been deprecated. It will be removed in PHPUnit 10. Please refactor your test to not rely on the order in which methods are invoked.
#10 213.1 
#10 213.1 13) Tests\Core\Command\Encryption\SetDefaultModuleTest::testMaintenanceMode with data set #0 ('ID0', 'ID0', null, null, 'already')
#10 213.1 The at() matcher has been deprecated. It will be removed in PHPUnit 10. Please refactor your test to not rely on the order in which methods are invoked.
#10 213.1 
#10 213.1 14) Tests\Core\Command\Encryption\SetDefaultModuleTest::testMaintenanceMode with data set #1 ('ID0', 'ID1', 'ID1', true, 'info')
#10 213.1 The at() matcher has been deprecated. It will be removed in PHPUnit 10. Please refactor your test to not rely on the order in which methods are invoked.
#10 213.1 
#10 213.1 15) Tests\Core\Command\Encryption\SetDefaultModuleTest::testMaintenanceMode with data set #2 ('ID0', 'ID1', 'ID1', false, 'error')
#10 213.1 The at() matcher has been deprecated. It will be removed in PHPUnit 10. Please refactor your test to not rely on the order in which methods are invoked.
#10 213.1 
#10 213.1 16) Tests\Core\Command\Log\FileTest::testGetConfiguration
#10 213.1 The at() matcher has been deprecated. It will be removed in PHPUnit 10. Please refactor your test to not rely on the order in which methods are invoked.
#10 213.1 
#10 213.1 17) Tests\Core\Command\Log\ManageTest::testGetConfiguration
#10 213.1 The at() matcher has been deprecated. It will be removed in PHPUnit 10. Please refactor your test to not rely on the order in which methods are invoked.
#10 213.1 
#10 213.1 18) Tests\Core\Command\Maintenance\Mimetype\UpdateDBTest::testNoop
#10 213.1 The at() matcher has been deprecated. It will be removed in PHPUnit 10. Please refactor your test to not rely on the order in which methods are invoked.
#10 213.1 
#10 213.1 19) Tests\Core\Command\Maintenance\Mimetype\UpdateDBTest::testAddMimetype
#10 213.1 The at() matcher has been deprecated. It will be removed in PHPUnit 10. Please refactor your test to not rely on the order in which methods are invoked.
#10 213.1 
#10 213.1 20) Tests\Core\Command\Maintenance\Mimetype\UpdateDBTest::testRepairFilecache
#10 213.1 The at() matcher has been deprecated. It will be removed in PHPUnit 10. Please refactor your test to not rely on the order in which methods are invoked.
#10 213.1 
#10 213.1 21) Tests\Core\Command\Preview\RepairTest::testEmptyExecute with data set #0 (array(), 'All previews are already migrated.')
#10 213.1 The at() matcher has been deprecated. It will be removed in PHPUnit 10. Please refactor your test to not rely on the order in which methods are invoked.
#10 213.1 
#10 213.1 22) Tests\Core\Command\Preview\RepairTest::testEmptyExecute with data set #1 (array(array('a'), array('b'), array('c')), 'All previews are already migrated.')
#10 213.1 The at() matcher has been deprecated. It will be removed in PHPUnit 10. Please refactor your test to not rely on the order in which methods are invoked.
#10 213.1 
#10 213.1 23) Tests\Core\Command\Preview\RepairTest::testEmptyExecute with data set #2 (array(array('0', array('folder', 'folder')), array('b'), array('c')), 'All previews are already migrated.')
#10 213.1 The at() matcher has been deprecated. It will be removed in PHPUnit 10. Please refactor your test to not rely on the order in which methods are invoked.
#10 213.1 
#10 213.1 24) Tests\Core\Command\Preview\RepairTest::testEmptyExecute with data set #3 (array(array('0', array('file', 'folder', 'folder')), array('b'), array('c')), 'A total of 1 preview files ne...rated.')
#10 213.1 The at() matcher has been deprecated. It will be removed in PHPUnit 10. Please refactor your test to not rely on the order in which methods are invoked.
#10 213.1 
#10 213.1 25) Tests\Core\Command\Preview\RepairTest::testEmptyExecute with data set #4 (array(array('23'), array('b'), array('c')), 'A total of 1 preview files ne...rated.')
#10 213.1 The at() matcher has been deprecated. It will be removed in PHPUnit 10. Please refactor your test to not rely on the order in which methods are invoked.
#10 213.1 
#10 213.1 26) OCA\DAV\Tests\unit\CalDAV\CalendarManagerTest::testSetupCalendarProvider
#10 213.1 The at() matcher has been deprecated. It will be removed in PHPUnit 10. Please refactor your test to not rely on the order in which methods are invoked.
#10 213.1 
#10 213.1 27) OCA\Files_Sharing\Tests\External\ManagerTest::testAddUserShare
#10 213.1 The at() matcher has been deprecated. It will be removed in PHPUnit 10. Please refactor your test to not rely on the order in which methods are invoked.
#10 213.1 
#10 213.1 28) OCA\Theming\Tests\IconBuilderTest::testGetFaviconNotFound
#10 213.1 Expecting E_WARNING and E_USER_WARNING is deprecated and will no longer be possible in PHPUnit 10.
#10 213.1 
#10 213.1 29) OCA\Theming\Tests\IconBuilderTest::testGetTouchIconNotFound
#10 213.1 Expecting E_WARNING and E_USER_WARNING is deprecated and will no longer be possible in PHPUnit 10.
#10 213.1 
#10 213.1 30) OCA\Theming\Tests\IconBuilderTest::testColorSvgNotFound
#10 213.1 Expecting E_WARNING and E_USER_WARNING is deprecated and will no longer be possible in PHPUnit 10.
#10 213.1 
#10 213.1 --
#10 213.1 
#10 213.1 There were 6 failures:
#10 213.1 
#10 213.1 1) Test\Route\RouterTest::testGenerateConsecutively
#10 213.1 Unexpected info log: Symfony\Component\Routing\Exception\RouteNotFoundException: Unable to generate a URL for the named route "files.view.index" as such route does not exist. in /server/3rdparty/symfony/routing/Generator/UrlGenerator.php:143
#10 213.1 Stack trace:
#10 213.1 #0 /server/lib/private/Route/Router.php(380): Symfony\Component\Routing\Generator\UrlGenerator->generate()
#10 213.1 #1 /server/tests/lib/Route/RouterTest.php(59): OC\Route\Router->generate()
#10 213.1 #2 /usr/share/php/PHPUnit/Framework/TestCase.php(1608): Test\Route\RouterTest->testGenerateConsecutively()
#10 213.1 #3 /usr/share/php/PHPUnit/Framework/TestCase.php(1214): PHPUnit\Framework\TestCase->runTest()
#10 213.1 #4 /usr/share/php/PHPUnit/Framework/TestResult.php(728): PHPUnit\Framework\TestCase->runBare()
#10 213.1 #5 /usr/share/php/PHPUnit/Framework/TestCase.php(964): PHPUnit\Framework\TestResult->run()
#10 213.1 #6 /usr/share/php/PHPUnit/Framework/TestSuite.php(684): PHPUnit\Framework\TestCase->run()
#10 213.1 #7 /usr/share/php/PHPUnit/Framework/TestSuite.php(684): PHPUnit\Framework\TestSuite->run()
#10 213.1 #8 /usr/share/php/PHPUnit/Framework/TestSuite.php(684): PHPUnit\Framework\TestSuite->run()
#10 213.1 #9 /usr/share/php/PHPUnit/TextUI/TestRunner.php(653): PHPUnit\Framework\TestSuite->run()
#10 213.1 #10 /usr/share/php/PHPUnit/TextUI/Command.php(144): PHPUnit\TextUI\TestRunner->run()
#10 213.1 #11 /usr/share/php/PHPUnit/TextUI/Command.php(97): PHPUnit\TextUI\Command->run()
#10 213.1 #12 /usr/bin/phpunit(73): PHPUnit\TextUI\Command::main()
#10 213.1 #13 {main}
#10 213.1 
#10 213.1 /server/tests/lib/Route/RouterTest.php:48
#10 213.1 /server/lib/private/Route/Router.php:382
#10 213.1 /server/tests/lib/Route/RouterTest.php:59
#10 213.1 
#10 213.1 2) OCA\Files_Sharing\Tests\ApiTest::testCreateShareLink
#10 213.1 Failed asserting that two strings are equal.
#10 213.1 --- Expected
#10 213.1 +++ Actual
#10 213.1 @@ @@
#10 213.1 -'http://localhost/index.php/s/ZCAP3XgbGHNewkj'
#10 213.1 +'http://localhost/'
#10 213.1 
#10 213.1 /server/apps/files_sharing/tests/ApiTest.php:224
#10 213.1 
#10 213.1 3) OCA\Files_Sharing\Tests\ApiTest::testCreateShareLinkPublicUpload
#10 213.1 Failed asserting that two strings are equal.
#10 213.1 --- Expected
#10 213.1 +++ Actual
#10 213.1 @@ @@
#10 213.1 -'http://localhost/index.php/s/CFyJJ9YyzeqN4LB'
#10 213.1 +'http://localhost/'
#10 213.1 
#10 213.1 /server/apps/files_sharing/tests/ApiTest.php:255
#10 213.1 
#10 213.1 4) OCA\Files_Sharing\Tests\ApiTest::testPublicLinkUrl
#10 213.1 Failed asserting that two strings are equal.
#10 213.1 --- Expected
#10 213.1 +++ Actual
#10 213.1 @@ @@
#10 213.1 -'http://localhost/index.php/s/WkRZn9pNX8ZgCAS'
#10 213.1 +'http://localhost/'
#10 213.1 
#10 213.1 /server/apps/files_sharing/tests/ApiTest.php:443
#10 213.1 
#10 213.1 5) OCA\Files_Sharing\Tests\ApiTest::testPublicLinkExpireDate with data set #0 ('2023-03-24', true)
#10 213.1 Failed asserting that two strings are equal.
#10 213.1 --- Expected
#10 213.1 +++ Actual
#10 213.1 @@ @@
#10 213.1 -'http://localhost/index.php/s/cy99tyzqzreRCBf'
#10 213.1 +'http://localhost/'
#10 213.1 
#10 213.1 /server/apps/files_sharing/tests/ApiTest.php:1322
#10 213.1 
#10 213.1 6) OCA\Files_Sharing\Tests\ApiTest::testCreatePublicLinkExpireDateValid
#10 213.1 Failed asserting that two strings are equal.
#10 213.1 --- Expected
#10 213.1 +++ Actual
#10 213.1 @@ @@
#10 213.1 -'http://localhost/index.php/s/agqJw8cC6oqyKte'
#10 213.1 +'http://localhost/'
#10 213.1 
#10 213.1 /server/apps/files_sharing/tests/ApiTest.php:1354
#10 213.1 
#10 213.1 --
#10 213.1 
#10 213.1 There were 126 skipped tests:
#10 213.1 
#10 213.1 1) Test\AllConfigTest::testSetUserValueUnchanged
#10 213.1 Skipped because this is just testable if database connection can be injected
#10 213.1 
#10 213.1 /server/tests/lib/AllConfigTest.php:188
#10 213.1 
#10 213.1 2) Test\Avatar\GuestAvatarTest::testGet
#10 213.1 TODO: Disable because fails on drone
#10 213.1 
#10 213.1 /server/tests/lib/Avatar/GuestAvatarTest.php:63
#10 213.1 
#10 213.1 3) Test\DB\MigrationsTest::testEnsureOracleConstraintsNoPrimaryKey
#10 213.1 Test disabled for now due to multiple reasons, see https://github.com/nextcloud/server/pull/31580#issuecomment-1069182234 for details.
#10 213.1 
#10 213.1 /server/tests/lib/DB/MigrationsTest.php:615
#10 213.1 
#10 213.1 4) Test\Files\Cache\CacheTest::testWithNormalizer
#10 213.1 The 3rdparty Normalizer extension is not available.
#10 213.1 
#10 213.1 /server/tests/lib/Files/Cache/CacheTest.php:572
#10 213.1 
#10 213.1 5) Test\Files\Cache\MoveFromCacheTraitTest::testWithNormalizer
#10 213.1 The 3rdparty Normalizer extension is not available.
#10 213.1 
#10 213.1 /server/tests/lib/Files/Cache/CacheTest.php:572
#10 213.1 
#10 213.1 6) Test\Files\Cache\Wrapper\CacheJailTest::testWithNormalizer
#10 213.1 The 3rdparty Normalizer extension is not available.
#10 213.1 
#10 213.1 /server/tests/lib/Files/Cache/CacheTest.php:572
#10 213.1 
#10 213.1 7) Test\Files\Cache\Wrapper\CachePermissionsMaskTest::testWithNormalizer
#10 213.1 The 3rdparty Normalizer extension is not available.
#10 213.1 
#10 213.1 /server/tests/lib/Files/Cache/CacheTest.php:572
#10 213.1 
#10 213.1 8) Test\Files\FilesystemTest::testNormalizePathUTF8
#10 213.1 UTF8 normalizer Patchwork was not found
#10 213.1 
#10 213.1 /server/tests/lib/Files/FilesystemTest.php:300
#10 213.1 
#10 213.1 9) Test\Files\ObjectStore\AzureTest::testFseekSize
#10 213.1 azure does not support seeking at the moment
#10 213.1 
#10 213.1 /server/tests/lib/Files/ObjectStore/AzureTest.php:40
#10 213.1 
#10 213.1 10) Test\Files\ObjectStore\AzureTest::testWriteRead
#10 213.1 objectstore not configured for azure
#10 213.1 
#10 213.1 /server/tests/lib/Files/ObjectStore/AzureTest.php:33
#10 213.1 /server/tests/lib/Files/ObjectStore/ObjectStoreTest.php:59
#10 213.1 
#10 213.1 11) Test\Files\ObjectStore\AzureTest::testDelete
#10 213.1 objectstore not configured for azure
#10 213.1 
#10 213.1 /server/tests/lib/Files/ObjectStore/AzureTest.php:33
#10 213.1 /server/tests/lib/Files/ObjectStore/ObjectStoreTest.php:72
#10 213.1 
#10 213.1 12) Test\Files\ObjectStore\AzureTest::testReadNonExisting
#10 213.1 objectstore not configured for azure
#10 213.1 
#10 213.1 /server/tests/lib/Files/ObjectStore/AzureTest.php:33
#10 213.1 /server/tests/lib/Files/ObjectStore/ObjectStoreTest.php:89
#10 213.1 
#10 213.1 13) Test\Files\ObjectStore\AzureTest::testDeleteNonExisting
#10 213.1 objectstore not configured for azure
#10 213.1 
#10 213.1 /server/tests/lib/Files/ObjectStore/AzureTest.php:33
#10 213.1 /server/tests/lib/Files/ObjectStore/ObjectStoreTest.php:101
#10 213.1 
#10 213.1 14) Test\Files\ObjectStore\AzureTest::testExists
#10 213.1 objectstore not configured for azure
#10 213.1 
#10 213.1 /server/tests/lib/Files/ObjectStore/AzureTest.php:33
#10 213.1 /server/tests/lib/Files/ObjectStore/ObjectStoreTest.php:115
#10 213.1 
#10 213.1 15) Test\Files\ObjectStore\AzureTest::testCopy
#10 213.1 objectstore not configured for azure
#10 213.1 
#10 213.1 /server/tests/lib/Files/ObjectStore/AzureTest.php:33
#10 213.1 /server/tests/lib/Files/ObjectStore/ObjectStoreTest.php:133
#10 213.1 
#10 213.1 16) Test\Files\ObjectStore\ObjectStoreStorageTest::testCheckUpdate
#10 213.1 Detecting external changes is not supported on object storages
#10 213.1 
#10 213.1 /server/tests/lib/Files/ObjectStore/ObjectStoreStorageTest.php:84
#10 213.1 
#10 213.1 17) Test\Files\ObjectStore\S3Test::testUploadNonSeekable
#10 213.1 objectstore not configured for s3
#10 213.1 
#10 213.1 /server/tests/lib/Files/ObjectStore/S3Test.php:72
#10 213.1 /server/tests/lib/Files/ObjectStore/S3Test.php:65
#10 213.1 
#10 213.1 18) Test\Files\ObjectStore\S3Test::testSeek
#10 213.1 objectstore not configured for s3
#10 213.1 
#10 213.1 /server/tests/lib/Files/ObjectStore/S3Test.php:72
#10 213.1 /server/tests/lib/Files/ObjectStore/S3Test.php:65
#10 213.1 
#10 213.1 19) Test\Files\ObjectStore\S3Test::testEmptyUpload
#10 213.1 objectstore not configured for s3
#10 213.1 
#10 213.1 /server/tests/lib/Files/ObjectStore/S3Test.php:72
#10 213.1 /server/tests/lib/Files/ObjectStore/S3Test.php:65
#10 213.1 
#10 213.1 20) Test\Files\ObjectStore\S3Test::testFileSizes with data set #0 (1000000)
#10 213.1 objectstore not configured for s3
#10 213.1 
#10 213.1 /server/tests/lib/Files/ObjectStore/S3Test.php:72
#10 213.1 /server/tests/lib/Files/ObjectStore/S3Test.php:65
#10 213.1 
#10 213.1 21) Test\Files\ObjectStore\S3Test::testFileSizes with data set #1 (2000000)
#10 213.1 objectstore not configured for s3
#10 213.1 
#10 213.1 /server/tests/lib/Files/ObjectStore/S3Test.php:72
#10 213.1 /server/tests/lib/Files/ObjectStore/S3Test.php:65
#10 213.1 
#10 213.1 22) Test\Files\ObjectStore\S3Test::testFileSizes with data set #2 (5242879)
#10 213.1 objectstore not configured for s3
#10 213.1 
#10 213.1 /server/tests/lib/Files/ObjectStore/S3Test.php:72
#10 213.1 /server/tests/lib/Files/ObjectStore/S3Test.php:65
#10 213.1 
#10 213.1 23) Test\Files\ObjectStore\S3Test::testFileSizes with data set #3 (5242880)
#10 213.1 objectstore not configured for s3
#10 213.1 
#10 213.1 /server/tests/lib/Files/ObjectStore/S3Test.php:72
#10 213.1 /server/tests/lib/Files/ObjectStore/S3Test.php:65
#10 213.1 
#10 213.1 24) Test\Files\ObjectStore\S3Test::testFileSizes with data set #4 (5242881)
#10 213.1 objectstore not configured for s3
#10 213.1 
#10 213.1 /server/tests/lib/Files/ObjectStore/S3Test.php:72
#10 213.1 /server/tests/lib/Files/ObjectStore/S3Test.php:65
#10 213.1 
#10 213.1 25) Test\Files\ObjectStore\S3Test::testFileSizes with data set #5 (10000000)
#10 213.1 objectstore not configured for s3
#10 213.1 
#10 213.1 /server/tests/lib/Files/ObjectStore/S3Test.php:72
#10 213.1 /server/tests/lib/Files/ObjectStore/S3Test.php:65
#10 213.1 
#10 213.1 26) Test\Files\ObjectStore\S3Test::testWriteRead
#10 213.1 objectstore not configured for s3
#10 213.1 
#10 213.1 /server/tests/lib/Files/ObjectStore/S3Test.php:72
#10 213.1 /server/tests/lib/Files/ObjectStore/S3Test.php:65
#10 213.1 
#10 213.1 27) Test\Files\ObjectStore\S3Test::testDelete
#10 213.1 objectstore not configured for s3
#10 213.1 
#10 213.1 /server/tests/lib/Files/ObjectStore/S3Test.php:72
#10 213.1 /server/tests/lib/Files/ObjectStore/S3Test.php:65
#10 213.1 
#10 213.1 28) Test\Files\ObjectStore\S3Test::testReadNonExisting
#10 213.1 objectstore not configured for s3
#10 213.1 
#10 213.1 /server/tests/lib/Files/ObjectStore/S3Test.php:72
#10 213.1 /server/tests/lib/Files/ObjectStore/S3Test.php:65
#10 213.1 
#10 213.1 29) Test\Files\ObjectStore\S3Test::testDeleteNonExisting
#10 213.1 objectstore not configured for s3
#10 213.1 
#10 213.1 /server/tests/lib/Files/ObjectStore/S3Test.php:72
#10 213.1 /server/tests/lib/Files/ObjectStore/S3Test.php:65
#10 213.1 
#10 213.1 30) Test\Files\ObjectStore\S3Test::testExists
#10 213.1 objectstore not configured for s3
#10 213.1 
#10 213.1 /server/tests/lib/Files/ObjectStore/S3Test.php:72
#10 213.1 /server/tests/lib/Files/ObjectStore/S3Test.php:65
#10 213.1 
#10 213.1 31) Test\Files\ObjectStore\S3Test::testCopy
#10 213.1 objectstore not configured for s3
#10 213.1 
#10 213.1 /server/tests/lib/Files/ObjectStore/S3Test.php:72
#10 213.1 /server/tests/lib/Files/ObjectStore/S3Test.php:65
#10 213.1 
#10 213.1 32) Test\Files\ObjectStore\S3Test::testFseekSize
#10 213.1 objectstore not configured for s3
#10 213.1 
#10 213.1 /server/tests/lib/Files/ObjectStore/S3Test.php:72
#10 213.1 /server/tests/lib/Files/ObjectStore/S3Test.php:65
#10 213.1 
#10 213.1 33) Test\Files\ObjectStore\SwiftTest::testWriteRead
#10 213.1 objectstore not configured for swift
#10 213.1 
#10 213.1 /server/tests/lib/Files/ObjectStore/SwiftTest.php:36
#10 213.1 /server/tests/lib/Files/ObjectStore/ObjectStoreTest.php:59
#10 213.1 
#10 213.1 34) Test\Files\ObjectStore\SwiftTest::testDelete
#10 213.1 objectstore not configured for swift
#10 213.1 
#10 213.1 /server/tests/lib/Files/ObjectStore/SwiftTest.php:36
#10 213.1 /server/tests/lib/Files/ObjectStore/ObjectStoreTest.php:72
#10 213.1 
#10 213.1 35) Test\Files\ObjectStore\SwiftTest::testReadNonExisting
#10 213.1 objectstore not configured for swift
#10 213.1 
#10 213.1 /server/tests/lib/Files/ObjectStore/SwiftTest.php:36
#10 213.1 /server/tests/lib/Files/ObjectStore/ObjectStoreTest.php:89
#10 213.1 
#10 213.1 36) Test\Files\ObjectStore\SwiftTest::testDeleteNonExisting
#10 213.1 objectstore not configured for swift
#10 213.1 
#10 213.1 /server/tests/lib/Files/ObjectStore/SwiftTest.php:36
#10 213.1 /server/tests/lib/Files/ObjectStore/ObjectStoreTest.php:101
#10 213.1 
#10 213.1 37) Test\Files\ObjectStore\SwiftTest::testExists
#10 213.1 objectstore not configured for swift
#10 213.1 
#10 213.1 /server/tests/lib/Files/ObjectStore/SwiftTest.php:36
#10 213.1 /server/tests/lib/Files/ObjectStore/ObjectStoreTest.php:115
#10 213.1 
#10 213.1 38) Test\Files\ObjectStore\SwiftTest::testCopy
#10 213.1 objectstore not configured for swift
#10 213.1 
#10 213.1 /server/tests/lib/Files/ObjectStore/SwiftTest.php:36
#10 213.1 /server/tests/lib/Files/ObjectStore/ObjectStoreTest.php:133
#10 213.1 
#10 213.1 39) Test\Files\ObjectStore\SwiftTest::testFseekSize
#10 213.1 objectstore not configured for swift
#10 213.1 
#10 213.1 /server/tests/lib/Files/ObjectStore/SwiftTest.php:36
#10 213.1 /server/tests/lib/Files/ObjectStore/ObjectStoreTest.php:147
#10 213.1 
#10 213.1 40) Test\Files\Storage\Wrapper\EncodingTest::testCheckUpdate
#10 213.1 Cannot test update check on wrappers
#10 213.1 
#10 213.1 /server/tests/lib/Files/Storage/Storage.php:344
#10 213.1 
#10 213.1 41) Test\Files\Storage\Wrapper\EncryptionTest::testCheckUpdate
#10 213.1 Cannot test update check on wrappers
#10 213.1 
#10 213.1 /server/tests/lib/Files/Storage/Storage.php:344
#10 213.1 
#10 213.1 42) Test\Files\Storage\Wrapper\JailTest::testCheckUpdate
#10 213.1 Cannot test update check on wrappers
#10 213.1 
#10 213.1 /server/tests/lib/Files/Storage/Storage.php:344
#10 213.1 
#10 213.1 43) Test\Files\Storage\Wrapper\PermissionsMaskTest::testCheckUpdate
#10 213.1 Cannot test update check on wrappers
#10 213.1 
#10 213.1 /server/tests/lib/Files/Storage/Storage.php:344
#10 213.1 
#10 213.1 44) Test\Files\Storage\Wrapper\QuotaTest::testCheckUpdate
#10 213.1 Cannot test update check on wrappers
#10 213.1 
#10 213.1 /server/tests/lib/Files/Storage/Storage.php:344
#10 213.1 
#10 213.1 45) Test\Files\Storage\Wrapper\WrapperTest::testCheckUpdate
#10 213.1 Cannot test update check on wrappers
#10 213.1 
#10 213.1 /server/tests/lib/Files/Storage/Storage.php:344
#10 213.1 
#10 213.1 46) Test\Files\Type\DetectionTest::testMimeTypeIcon
#10 213.1 Package vfsStream not installed
#10 213.1 
#10 213.1 /server/tests/lib/Files/Type/DetectionTest.php:136
#10 213.1 
#10 213.1 47) Test\Files\ViewTest::testLockBasicOperationUnlocksAfterException with data set #0 ('touch', array('touch-create.txt'), 'touch-create.txt', 'create', 1, 2, 1)
#10 213.1 touch handles storage exceptions internally
#10 213.1 
#10 213.1 /server/tests/lib/Files/ViewTest.php:1994
#10 213.1 
#10 213.1 48) Test\Files\ViewTest::testLockBasicOperationUnlocksAfterException with data set #9 ('touch', array('test.txt'), 'test.txt', 'touch', null, null, null)
#10 213.1 touch handles storage exceptions internally
#10 213.1 
#10 213.1 /server/tests/lib/Files/ViewTest.php:1994
#10 213.1 
#10 213.1 49) Test\Memcache\APCuTest::testCasIntChanged
#10 213.1 The APCu extension is not available.
#10 213.1 
#10 213.1 /server/tests/lib/Memcache/APCuTest.php:21
#10 213.1 
#10 213.1 50) Test\Memcache\APCuTest::testCasIntNotChanged
#10 213.1 The APCu extension is not available.
#10 213.1 
#10 213.1 /server/tests/lib/Memcache/APCuTest.php:21
#10 213.1 
#10 213.1 51) Test\Memcache\APCuTest::testExistsAfterSet
#10 213.1 The APCu extension is not available.
#10 213.1 
#10 213.1 /server/tests/lib/Memcache/APCuTest.php:21
#10 213.1 
#10 213.1 52) Test\Memcache\APCuTest::testGetAfterSet
#10 213.1 The APCu extension is not available.
#10 213.1 
#10 213.1 /server/tests/lib/Memcache/APCuTest.php:21
#10 213.1 
#10 213.1 53) Test\Memcache\APCuTest::testGetArrayAfterSet
#10 213.1 The APCu extension is not available.
#10 213.1 
#10 213.1 /server/tests/lib/Memcache/APCuTest.php:21
#10 213.1 
#10 213.1 54) Test\Memcache\APCuTest::testDoesNotExistAfterRemove
#10 213.1 The APCu extension is not available.
#10 213.1 
#10 213.1 /server/tests/lib/Memcache/APCuTest.php:21
#10 213.1 
#10 213.1 55) Test\Memcache\APCuTest::testRemoveNonExisting
#10 213.1 The APCu extension is not available.
#10 213.1 
#10 213.1 /server/tests/lib/Memcache/APCuTest.php:21
#10 213.1 
#10 213.1 56) Test\Memcache\APCuTest::testArrayAccessSet
#10 213.1 The APCu extension is not available.
#10 213.1 
#10 213.1 /server/tests/lib/Memcache/APCuTest.php:21
#10 213.1 
#10 213.1 57) Test\Memcache\APCuTest::testArrayAccessGet
#10 213.1 The APCu extension is not available.
#10 213.1 
#10 213.1 /server/tests/lib/Memcache/APCuTest.php:21
#10 213.1 
#10 213.1 58) Test\Memcache\APCuTest::testArrayAccessExists
#10 213.1 The APCu extension is not available.
#10 213.1 
#10 213.1 /server/tests/lib/Memcache/APCuTest.php:21
#10 213.1 
#10 213.1 59) Test\Memcache\APCuTest::testArrayAccessUnset
#10 213.1 The APCu extension is not available.
#10 213.1 
#10 213.1 /server/tests/lib/Memcache/APCuTest.php:21
#10 213.1 
#10 213.1 60) Test\Memcache\APCuTest::testAdd
#10 213.1 The APCu extension is not available.
#10 213.1 
#10 213.1 /server/tests/lib/Memcache/APCuTest.php:21
#10 213.1 
#10 213.1 61) Test\Memcache\APCuTest::testInc
#10 213.1 The APCu extension is not available.
#10 213.1 
#10 213.1 /server/tests/lib/Memcache/APCuTest.php:21
#10 213.1 
#10 213.1 62) Test\Memcache\APCuTest::testDec
#10 213.1 The APCu extension is not available.
#10 213.1 
#10 213.1 /server/tests/lib/Memcache/APCuTest.php:21
#10 213.1 
#10 213.1 63) Test\Memcache\APCuTest::testCasNotChanged
#10 213.1 The APCu extension is not available.
#10 213.1 
#10 213.1 /server/tests/lib/Memcache/APCuTest.php:21
#10 213.1 
#10 213.1 64) Test\Memcache\APCuTest::testCasChanged
#10 213.1 The APCu extension is not available.
#10 213.1 
#10 213.1 /server/tests/lib/Memcache/APCuTest.php:21
#10 213.1 
#10 213.1 65) Test\Memcache\APCuTest::testCadNotChanged
#10 213.1 The APCu extension is not available.
#10 213.1 
#10 213.1 /server/tests/lib/Memcache/APCuTest.php:21
#10 213.1 
#10 213.1 66) Test\Memcache\APCuTest::testCadChanged
#10 213.1 The APCu extension is not available.
#10 213.1 
#10 213.1 /server/tests/lib/Memcache/APCuTest.php:21
#10 213.1 
#10 213.1 67) Test\Memcache\APCuTest::testSimple
#10 213.1 The APCu extension is not available.
#10 213.1 
#10 213.1 /server/tests/lib/Memcache/APCuTest.php:21
#10 213.1 
#10 213.1 68) Test\Memcache\APCuTest::testClear
#10 213.1 The APCu extension is not available.
#10 213.1 
#10 213.1 /server/tests/lib/Memcache/APCuTest.php:21
#10 213.1 
#10 213.1 69) Test\Memcache\MemcachedTest::testClear
#10 213.1 The memcached extension is not available.
#10 213.1 
#10 213.1 /server/tests/lib/Memcache/MemcachedTest.php:21
#10 213.1 
#10 213.1 70) Test\Memcache\MemcachedTest::testExistsAfterSet
#10 213.1 The memcached extension is not available.
#10 213.1 
#10 213.1 /server/tests/lib/Memcache/MemcachedTest.php:21
#10 213.1 
#10 213.1 71) Test\Memcache\MemcachedTest::testGetAfterSet
#10 213.1 The memcached extension is not available.
#10 213.1 
#10 213.1 /server/tests/lib/Memcache/MemcachedTest.php:21
#10 213.1 
#10 213.1 72) Test\Memcache\MemcachedTest::testGetArrayAfterSet
#10 213.1 The memcached extension is not available.
#10 213.1 
#10 213.1 /server/tests/lib/Memcache/MemcachedTest.php:21
#10 213.1 
#10 213.1 73) Test\Memcache\MemcachedTest::testDoesNotExistAfterRemove
#10 213.1 The memcached extension is not available.
#10 213.1 
#10 213.1 /server/tests/lib/Memcache/MemcachedTest.php:21
#10 213.1 
#10 213.1 74) Test\Memcache\MemcachedTest::testRemoveNonExisting
#10 213.1 The memcached extension is not available.
#10 213.1 
#10 213.1 /server/tests/lib/Memcache/MemcachedTest.php:21
#10 213.1 
#10 213.1 75) Test\Memcache\MemcachedTest::testArrayAccessSet
#10 213.1 The memcached extension is not available.
#10 213.1 
#10 213.1 /server/tests/lib/Memcache/MemcachedTest.php:21
#10 213.1 
#10 213.1 76) Test\Memcache\MemcachedTest::testArrayAccessGet
#10 213.1 The memcached extension is not available.
#10 213.1 
#10 213.1 /server/tests/lib/Memcache/MemcachedTest.php:21
#10 213.1 
#10 213.1 77) Test\Memcache\MemcachedTest::testArrayAccessExists
#10 213.1 The memcached extension is not available.
#10 213.1 
#10 213.1 /server/tests/lib/Memcache/MemcachedTest.php:21
#10 213.1 
#10 213.1 78) Test\Memcache\MemcachedTest::testArrayAccessUnset
#10 213.1 The memcached extension is not available.
#10 213.1 
#10 213.1 /server/tests/lib/Memcache/MemcachedTest.php:21
#10 213.1 
#10 213.1 79) Test\Memcache\MemcachedTest::testAdd
#10 213.1 The memcached extension is not available.
#10 213.1 
#10 213.1 /server/tests/lib/Memcache/MemcachedTest.php:21
#10 213.1 
#10 213.1 80) Test\Memcache\MemcachedTest::testInc
#10 213.1 The memcached extension is not available.
#10 213.1 
#10 213.1 /server/tests/lib/Memcache/MemcachedTest.php:21
#10 213.1 
#10 213.1 81) Test\Memcache\MemcachedTest::testDec
#10 213.1 The memcached extension is not available.
#10 213.1 
#10 213.1 /server/tests/lib/Memcache/MemcachedTest.php:21
#10 213.1 
#10 213.1 82) Test\Memcache\MemcachedTest::testCasNotChanged
#10 213.1 The memcached extension is not available.
#10 213.1 
#10 213.1 /server/tests/lib/Memcache/MemcachedTest.php:21
#10 213.1 
#10 213.1 83) Test\Memcache\MemcachedTest::testCasChanged
#10 213.1 The memcached extension is not available.
#10 213.1 
#10 213.1 /server/tests/lib/Memcache/MemcachedTest.php:21
#10 213.1 
#10 213.1 84) Test\Memcache\MemcachedTest::testCadNotChanged
#10 213.1 The memcached extension is not available.
#10 213.1 
#10 213.1 /server/tests/lib/Memcache/MemcachedTest.php:21
#10 213.1 
#10 213.1 85) Test\Memcache\MemcachedTest::testCadChanged
#10 213.1 The memcached extension is not available.
#10 213.1 
#10 213.1 /server/tests/lib/Memcache/MemcachedTest.php:21
#10 213.1 
#10 213.1 86) Test\Memcache\MemcachedTest::testSimple
#10 213.1 The memcached extension is not available.
#10 213.1 
#10 213.1 /server/tests/lib/Memcache/MemcachedTest.php:21
#10 213.1 
#10 213.1 87) Test\Memcache\RedisTest::testExistsAfterSet
#10 213.1 The redis extension is not available.
#10 213.1 
#10 213.1 /server/tests/lib/Memcache/RedisTest.php:21
#10 213.1 
#10 213.1 88) Test\Memcache\RedisTest::testGetAfterSet
#10 213.1 The redis extension is not available.
#10 213.1 
#10 213.1 /server/tests/lib/Memcache/RedisTest.php:21
#10 213.1 
#10 213.1 89) Test\Memcache\RedisTest::testGetArrayAfterSet
#10 213.1 The redis extension is not available.
#10 213.1 
#10 213.1 /server/tests/lib/Memcache/RedisTest.php:21
#10 213.1 
#10 213.1 90) Test\Memcache\RedisTest::testDoesNotExistAfterRemove
#10 213.1 The redis extension is not available.
#10 213.1 
#10 213.1 /server/tests/lib/Memcache/RedisTest.php:21
#10 213.1 
#10 213.1 91) Test\Memcache\RedisTest::testRemoveNonExisting
#10 213.1 The redis extension is not available.
#10 213.1 
#10 213.1 /server/tests/lib/Memcache/RedisTest.php:21
#10 213.1 
#10 213.1 92) Test\Memcache\RedisTest::testArrayAccessSet
#10 213.1 The redis extension is not available.
#10 213.1 
#10 213.1 /server/tests/lib/Memcache/RedisTest.php:21
#10 213.1 
#10 213.1 93) Test\Memcache\RedisTest::testArrayAccessGet
#10 213.1 The redis extension is not available.
#10 213.1 
#10 213.1 /server/tests/lib/Memcache/RedisTest.php:21
#10 213.1 
#10 213.1 94) Test\Memcache\RedisTest::testArrayAccessExists
#10 213.1 The redis extension is not available.
#10 213.1 
#10 213.1 /server/tests/lib/Memcache/RedisTest.php:21
#10 213.1 
#10 213.1 95) Test\Memcache\RedisTest::testArrayAccessUnset
#10 213.1 The redis extension is not available.
#10 213.1 
#10 213.1 /server/tests/lib/Memcache/RedisTest.php:21
#10 213.1 
#10 213.1 96) Test\Memcache\RedisTest::testAdd
#10 213.1 The redis extension is not available.
#10 213.1 
#10 213.1 /server/tests/lib/Memcache/RedisTest.php:21
#10 213.1 
#10 213.1 97) Test\Memcache\RedisTest::testInc
#10 213.1 The redis extension is not available.
#10 213.1 
#10 213.1 /server/tests/lib/Memcache/RedisTest.php:21
#10 213.1 
#10 213.1 98) Test\Memcache\RedisTest::testDec
#10 213.1 The redis extension is not available.
#10 213.1 
#10 213.1 /server/tests/lib/Memcache/RedisTest.php:21
#10 213.1 
#10 213.1 99) Test\Memcache\RedisTest::testCasNotChanged
#10 213.1 The redis extension is not available.
#10 213.1 
#10 213.1 /server/tests/lib/Memcache/RedisTest.php:21
#10 213.1 
#10 213.1 100) Test\Memcache\RedisTest::testCasChanged
#10 213.1 The redis extension is not available.
#10 213.1 
#10 213.1 /server/tests/lib/Memcache/RedisTest.php:21
#10 213.1 
#10 213.1 101) Test\Memcache\RedisTest::testCadNotChanged
#10 213.1 The redis extension is not available.
#10 213.1 
#10 213.1 /server/tests/lib/Memcache/RedisTest.php:21
#10 213.1 
#10 213.1 102) Test\Memcache\RedisTest::testCadChanged
#10 213.1 The redis extension is not available.
#10 213.1 
#10 213.1 /server/tests/lib/Memcache/RedisTest.php:21
#10 213.1 
#10 213.1 103) Test\Memcache\RedisTest::testSimple
#10 213.1 The redis extension is not available.
#10 213.1 
#10 213.1 /server/tests/lib/Memcache/RedisTest.php:21
#10 213.1 
#10 213.1 104) Test\Memcache\RedisTest::testClear
#10 213.1 The redis extension is not available.
#10 213.1 
#10 213.1 /server/tests/lib/Memcache/RedisTest.php:21
#10 213.1 
#10 213.1 105) Test\Preview\BitmapTest::testGetThumbnail with data set #0 (-83, -92)
#10 213.1 An error occured while operating with Imagick.
#10 213.1 
#10 213.1 /server/tests/lib/Preview/Provider.php:144
#10 213.1 /server/tests/lib/Preview/Provider.php:104
#10 213.1 
#10 213.1 106) Test\Preview\BitmapTest::testGetThumbnail with data set #1 (24, 59)
#10 213.1 An error occured while operating with Imagick.
#10 213.1 
#10 213.1 /server/tests/lib/Preview/Provider.php:144
#10 213.1 /server/tests/lib/Preview/Provider.php:104
#10 213.1 
#10 213.1 107) Test\Preview\BitmapTest::testGetThumbnail with data set #2 (-76, 34)
#10 213.1 An error occured while operating with Imagick.
#10 213.1 
#10 213.1 /server/tests/lib/Preview/Provider.php:144
#10 213.1 /server/tests/lib/Preview/Provider.php:104
#10 213.1 
#10 213.1 108) Test\Preview\BitmapTest::testGetThumbnail with data set #3 (39, -91)
#10 213.1 An error occured while operating with Imagick.
#10 213.1 
#10 213.1 /server/tests/lib/Preview/Provider.php:144
#10 213.1 /server/tests/lib/Preview/Provider.php:104
#10 213.1 
#10 213.1 109) Test\Preview\MovieTest::testGetThumbnail with data set #0 (-60, -44)
#10 213.1 No Movie provider present
#10 213.1 
#10 213.1 /server/tests/lib/Preview/MovieTest.php:48
#10 213.1 
#10 213.1 110) Test\Preview\MovieTest::testGetThumbnail with data set #1 (95, 18)
#10 213.1 No Movie provider present
#10 213.1 
#10 213.1 /server/tests/lib/Preview/MovieTest.php:48
#10 213.1 
#10 213.1 111) Test\Preview\MovieTest::testGetThumbnail with data set #2 (-15, 47)
#10 213.1 No Movie provider present
#10 213.1 
#10 213.1 /server/tests/lib/Preview/MovieTest.php:48
#10 213.1 
#10 213.1 112) Test\Preview\MovieTest::testGetThumbnail with data set #3 (25, -97)
#10 213.1 No Movie provider present
#10 213.1 
#10 213.1 /server/tests/lib/Preview/MovieTest.php:48
#10 213.1 
#10 213.1 113) Test\Preview\OfficeTest::testGetThumbnail with data set #0 (-65, -96)
#10 213.1 No Office provider present
#10 213.1 
#10 213.1 /server/tests/lib/Preview/OfficeTest.php:45
#10 213.1 
#10 213.1 114) Test\Preview\OfficeTest::testGetThumbnail with data set #1 (33, 37)
#10 213.1 No Office provider present
#10 213.1 
#10 213.1 /server/tests/lib/Preview/OfficeTest.php:45
#10 213.1 
#10 213.1 115) Test\Preview\OfficeTest::testGetThumbnail with data set #2 (-5, 86)
#10 213.1 No Office provider present
#10 213.1 
#10 213.1 /server/tests/lib/Preview/OfficeTest.php:45
#10 213.1 
#10 213.1 116) Test\Preview\OfficeTest::testGetThumbnail with data set #3 (69, -91)
#10 213.1 No Office provider present
#10 213.1 
#10 213.1 /server/tests/lib/Preview/OfficeTest.php:45
#10 213.1 
#10 213.1 117) Test\Repair\RepairCollationTest::testCollationConvert
#10 213.1 Test only relevant on MySql
#10 213.1 
#10 213.1 /server/tests/lib/Repair/RepairCollationTest.php:66
#10 213.1 
#10 213.1 118) Test\TempManagerTest::testLogCantCreateFile
#10 213.1 TODO: Disable because fails on drone
#10 213.1 
#10 213.1 /server/tests/lib/TempManagerTest.php:135
#10 213.1 
#10 213.1 119) Test\TempManagerTest::testLogCantCreateFolder
#10 213.1 TODO: Disable because fails on drone
#10 213.1 
#10 213.1 /server/tests/lib/TempManagerTest.php:147
#10 213.1 
#10 213.1 120) Test\UtilCheckServerTest::testDataDirNotWritable
#10 213.1 TODO: Disable because fails on drone
#10 213.1 
#10 213.1 /server/tests/lib/UtilCheckServerTest.php:147
#10 213.1 
#10 213.1 121) OCA\Files_Sharing\Tests\UpdaterTest::testMovedIntoShareChangeOwner
#10 213.1 Skipped because this is failing with S3 as primary as file id are change when moved.
#10 213.1 
#10 213.1 /server/apps/files_sharing/tests/UpdaterTest.php:253
#10 213.1 
#10 213.1 122) OCA\Files_Sharing\Tests\ApiTest::testGetShareFromSource
#10 213.1 This test depends on "OCA\Files_Sharing\Tests\ApiTest::testCreateShareLink" to pass.
#10 213.1 
#10 213.1 123) OCA\Files_Sharing\Tests\ApiTest::testGetShareFromSourceWithReshares
#10 213.1 This test depends on "OCA\Files_Sharing\Tests\ApiTest::testCreateShareLink" to pass.
#10 213.1 
#10 213.1 124) OCA\Files_Sharing\Tests\ApiTest::testUpdateShare
#10 213.1 This test depends on "OCA\Files_Sharing\Tests\ApiTest::testCreateShareLink" to pass.
#10 213.1 
#10 213.1 125) OCA\Files_Sharing\Tests\ShareTest::testShareWithGroupUniqueName
#10 213.1 TODO: Disable because fails on drone
#10 213.1 
#10 213.1 /server/apps/files_sharing/tests/ShareTest.php:164
#10 213.1 
#10 213.1 126) OCA\Files_Versions\Tests\VersioningTest::testRestoreMovedShare
#10 213.1 Unreliable test
#10 213.1 
#10 213.1 /server/apps/files_versions/tests/VersioningTest.php:704
#10 213.1 
#10 213.1 FAILURES!
#10 213.1 Tests: 14727, Assertions: 41552, Failures: 6, Warnings: 30, Skipped: 126.
#10 ERROR: process "/bin/sh -c ./autotest.sh sqlite" did not complete successfully: exit code: 1
------
 > [6/6] RUN ./autotest.sh sqlite:
#10 213.1 
#10 213.1 /server/apps/files_sharing/tests/ShareTest.php:164
#10 213.1 
#10 213.1 126) OCA\Files_Versions\Tests\VersioningTest::testRestoreMovedShare
#10 213.1 Unreliable test
#10 213.1 
#10 213.1 /server/apps/files_versions/tests/VersioningTest.php:704
#10 213.1 
#10 213.1 FAILURES!
#10 213.1 Tests: 14727, Assertions: 41552, Failures: 6, Warnings: 30, Skipped: 126.
------
Dockerfile:22
--------------------
  20 |     RUN git submodule update --init
  21 |     
  22 | >>> RUN ./autotest.sh sqlite
  23 |     
--------------------
ERROR: failed to solve: process "/bin/sh -c ./autotest.sh sqlite" did not complete successfully: exit code: 1
