#1 [internal] load build definition from Dockerfile
#1 transferring dockerfile: 526B done
#1 DONE 0.0s

#2 [internal] load .dockerignore
#2 transferring context: 2B done
#2 DONE 0.0s

#3 [auth] library/debian:pull token for registry-1.docker.io
#3 DONE 0.0s

#4 [internal] load metadata for docker.io/library/debian:unstable-slim
#4 DONE 0.3s

#5 [1/6] FROM docker.io/library/debian:unstable-slim@sha256:c237b20c3fe433a4f48620adf5c48750c0134a0d701c0da90caeab7c96980690
#5 resolve docker.io/library/debian:unstable-slim@sha256:c237b20c3fe433a4f48620adf5c48750c0134a0d701c0da90caeab7c96980690 done
#5 sha256:294ff46fee21d195789cc350be706bc74ad09607e5d6366c4eda17ab7c3e944f 29.07MB / 29.07MB 0.2s
#5 sha256:c237b20c3fe433a4f48620adf5c48750c0134a0d701c0da90caeab7c96980690 2.07kB / 2.07kB done
#5 sha256:0c3a58c6b28ecab7ecd2dd40ed98170cd1288180430cb03869b73816e6956a77 529B / 529B done
#5 sha256:4a14f10dc3cc69a353b8d5b400e8d94efbde967ea71a51069df7fa41a70587d5 1.46kB / 1.46kB done
#5 sha256:294ff46fee21d195789cc350be706bc74ad09607e5d6366c4eda17ab7c3e944f 29.07MB / 29.07MB 0.2s done
#5 extracting sha256:294ff46fee21d195789cc350be706bc74ad09607e5d6366c4eda17ab7c3e944f
#5 extracting sha256:294ff46fee21d195789cc350be706bc74ad09607e5d6366c4eda17ab7c3e944f 0.9s done
#5 DONE 1.2s

#6 [2/6] RUN apt-get update &&     apt-get install -y       git       libmagickcore-6.q16-6-extra       php       php-imagick       php-zip       php-gd       php-curl       php-sqlite3       php-intl       phpunit
#6 0.266 Get:1 http://deb.debian.org/debian unstable InRelease [180 kB]
#6 0.346 Get:2 http://deb.debian.org/debian unstable/main amd64 Packages [9432 kB]
#6 1.570 Fetched 9612 kB in 1s (7245 kB/s)
#6 1.570 Reading package lists...
#6 2.129 Reading package lists...
#6 2.667 Building dependency tree...
#6 2.789 Reading state information...
#6 2.934 The following additional packages will be installed:
#6 2.934   adduser apache2 apache2-bin apache2-data apache2-utils ca-certificates dbus
#6 2.935   dbus-bin dbus-daemon dbus-session-bus-common dbus-system-bus-common
#6 2.935   fontconfig fontconfig-config fonts-dejavu-core fonts-droid-fallback
#6 2.935   fonts-noto-mono fonts-urw-base35 ghostscript git-man gsfonts
#6 2.935   imagemagick-6-common javascript-common krb5-locales less libabsl20220623
#6 2.935   libaom3 libapache2-mod-php8.2 libapparmor1 libapr1 libaprutil1
#6 2.935   libaprutil1-dbd-sqlite3 libaprutil1-ldap libargon2-1 libavahi-client3
#6 2.935   libavahi-common-data libavahi-common3 libavif15 libbrotli1 libbsd0 libcairo2
#6 2.935   libcbor0.8 libcups2 libcurl3-gnutls libcurl4 libdatrie1 libdav1d6
#6 2.935   libdbus-1-3 libde265-0 libdeflate0 libdjvulibre-text libdjvulibre21 libedit2
#6 2.935   liberror-perl libexpat1 libfftw3-double3 libfido2-1 libfontconfig1
#6 2.935   libfontenc1 libfreetype6 libfribidi0 libgav1-1 libgd3 libgdbm-compat4
#6 2.935   libgdbm6 libglib2.0-0 libglib2.0-data libgomp1 libgpm2 libgraphite2-3
#6 2.935   libgs-common libgs10 libgs10-common libgssapi-krb5-2 libharfbuzz0b libheif1
#6 2.935   libice6 libicu72 libidn12 libijs-0.35 libimath-3-1-29 libjansson4 libjbig0
#6 2.935   libjbig2dec0 libjpeg62-turbo libjs-bootstrap4 libjs-d3 libjs-jquery
#6 2.935   libjs-popper.js libjs-sizzle libjxr-tools libjxr0 libk5crypto3 libkeyutils1
#6 2.935   libkrb5-3 libkrb5support0 liblcms2-2 libldap-2.5-0 libldap-common liblerc4
#6 2.935   liblqr-1-0 libltdl7 liblua5.3-0 libmagic-mgc libmagic1 libmagickcore-6.q16-6
#6 2.935   libmagickwand-6.q16-6 libncursesw6 libnghttp2-14 libnuma1 libonig5
#6 2.935   libopenexr-3-1-30 libopenjp2-7 libpango-1.0-0 libpangocairo-1.0-0
#6 2.935   libpangoft2-1.0-0 libpaper-utils libpaper1 libperl5.36 libpixman-1-0
#6 2.936   libpng16-16 libproc2-0 libpsl5 librav1e0 librtmp1 libsasl2-2
#6 2.936   libsasl2-modules libsasl2-modules-db libsm6 libsodium23 libsqlite3-0
#6 2.936   libssh2-1 libssl3 libsvtav1enc1 libthai-data libthai0 libtiff6 libwebp7
#6 2.936   libwebpdemux2 libwebpmux3 libwmflite-0.2-7 libx11-6 libx11-data libx265-199
#6 2.936   libxau6 libxcb-render0 libxcb-shm0 libxcb1 libxdmcp6 libxext6 libxml2
#6 2.936   libxmuu1 libxpm4 libxrender1 libxslt1.1 libxt6 libyuv0 libzip4 media-types
#6 2.936   netbase node-jquery openssh-client openssl patch perl perl-modules-5.36
#6 2.936   php-codecoverage php-common php-deepcopy php-doctrine-instantiator
#6 2.936   php-file-iterator php-invoker php-mbstring php-parser php-phar-io-manifest
#6 2.936   php-phar-io-version php-text-template php-timer php-tokenizer php-xml php8.2
#6 2.936   php8.2-cli php8.2-common php8.2-curl php8.2-gd php8.2-imagick php8.2-intl
#6 2.936   php8.2-mbstring php8.2-opcache php8.2-readline php8.2-sqlite3 php8.2-xml
#6 2.936   php8.2-zip phpunit-cli-parser phpunit-code-unit
#6 2.936   phpunit-code-unit-reverse-lookup phpunit-comparator phpunit-complexity
#6 2.936   phpunit-diff phpunit-environment phpunit-exporter phpunit-global-state
#6 2.936   phpunit-lines-of-code phpunit-object-enumerator phpunit-object-reflector
#6 2.936   phpunit-recursion-context phpunit-resource-operations phpunit-type
#6 2.936   phpunit-version poppler-data procps psmisc publicsuffix sensible-utils
#6 2.936   shared-mime-info ssl-cert ucf x11-common xauth xdg-user-dirs
#6 2.936   xfonts-encodings xfonts-utils
#6 2.938 Suggested packages:
#6 2.938   liblocale-gettext-perl cron quota apache2-doc apache2-suexec-pristine
#6 2.938   | apache2-suexec-custom www-browser default-dbus-session-bus
#6 2.938   | dbus-session-bus fonts-noto fonts-freefont-otf | fonts-freefont-ttf
#6 2.938   fonts-texgyre gettext-base git-daemon-run | git-daemon-sysvinit git-doc
#6 2.938   git-email git-gui gitk gitweb git-cvs git-mediawiki git-svn php-pear
#6 2.938   cups-common libfftw3-bin libfftw3-dev libgd-tools gdbm-l10n
#6 2.938   low-memory-monitor gpm krb5-doc krb5-user liblcms2-utils file inkscape
#6 2.938   libsasl2-modules-gssapi-mit | libsasl2-modules-gssapi-heimdal
#6 2.938   libsasl2-modules-ldap libsasl2-modules-otp libsasl2-modules-sql keychain
#6 2.938   libpam-ssh monkeysphere ssh-askpass ed diffutils-doc perl-doc
#6 2.938   libterm-readline-gnu-perl | libterm-readline-perl-perl make
#6 2.938   libtap-harness-archive-perl php-pcov php-xdebug php-soap php-uopz
#6 2.938   poppler-utils fonts-japanese-mincho | fonts-ipafont-mincho
#6 2.938   fonts-japanese-gothic | fonts-ipafont-gothic fonts-arphic-ukai
#6 2.938   fonts-arphic-uming fonts-nanum
#6 4.268 The following NEW packages will be installed:
#6 4.268   adduser apache2 apache2-bin apache2-data apache2-utils ca-certificates dbus
#6 4.269   dbus-bin dbus-daemon dbus-session-bus-common dbus-system-bus-common
#6 4.269   fontconfig fontconfig-config fonts-dejavu-core fonts-droid-fallback
#6 4.269   fonts-noto-mono fonts-urw-base35 ghostscript git git-man gsfonts
#6 4.269   imagemagick-6-common javascript-common krb5-locales less libabsl20220623
#6 4.269   libaom3 libapache2-mod-php8.2 libapparmor1 libapr1 libaprutil1
#6 4.269   libaprutil1-dbd-sqlite3 libaprutil1-ldap libargon2-1 libavahi-client3
#6 4.269   libavahi-common-data libavahi-common3 libavif15 libbrotli1 libbsd0 libcairo2
#6 4.269   libcbor0.8 libcups2 libcurl3-gnutls libcurl4 libdatrie1 libdav1d6
#6 4.269   libdbus-1-3 libde265-0 libdeflate0 libdjvulibre-text libdjvulibre21 libedit2
#6 4.269   liberror-perl libexpat1 libfftw3-double3 libfido2-1 libfontconfig1
#6 4.269   libfontenc1 libfreetype6 libfribidi0 libgav1-1 libgd3 libgdbm-compat4
#6 4.269   libgdbm6 libglib2.0-0 libglib2.0-data libgomp1 libgpm2 libgraphite2-3
#6 4.269   libgs-common libgs10 libgs10-common libgssapi-krb5-2 libharfbuzz0b libheif1
#6 4.269   libice6 libicu72 libidn12 libijs-0.35 libimath-3-1-29 libjansson4 libjbig0
#6 4.270   libjbig2dec0 libjpeg62-turbo libjs-bootstrap4 libjs-d3 libjs-jquery
#6 4.270   libjs-popper.js libjs-sizzle libjxr-tools libjxr0 libk5crypto3 libkeyutils1
#6 4.270   libkrb5-3 libkrb5support0 liblcms2-2 libldap-2.5-0 libldap-common liblerc4
#6 4.270   liblqr-1-0 libltdl7 liblua5.3-0 libmagic-mgc libmagic1 libmagickcore-6.q16-6
#6 4.270   libmagickcore-6.q16-6-extra libmagickwand-6.q16-6 libncursesw6 libnghttp2-14
#6 4.270   libnuma1 libonig5 libopenexr-3-1-30 libopenjp2-7 libpango-1.0-0
#6 4.270   libpangocairo-1.0-0 libpangoft2-1.0-0 libpaper-utils libpaper1 libperl5.36
#6 4.270   libpixman-1-0 libpng16-16 libproc2-0 libpsl5 librav1e0 librtmp1 libsasl2-2
#6 4.270   libsasl2-modules libsasl2-modules-db libsm6 libsodium23 libsqlite3-0
#6 4.270   libssh2-1 libssl3 libsvtav1enc1 libthai-data libthai0 libtiff6 libwebp7
#6 4.270   libwebpdemux2 libwebpmux3 libwmflite-0.2-7 libx11-6 libx11-data libx265-199
#6 4.270   libxau6 libxcb-render0 libxcb-shm0 libxcb1 libxdmcp6 libxext6 libxml2
#6 4.271   libxmuu1 libxpm4 libxrender1 libxslt1.1 libxt6 libyuv0 libzip4 media-types
#6 4.271   netbase node-jquery openssh-client openssl patch perl perl-modules-5.36 php
#6 4.271   php-codecoverage php-common php-curl php-deepcopy php-doctrine-instantiator
#6 4.271   php-file-iterator php-gd php-imagick php-intl php-invoker php-mbstring
#6 4.271   php-parser php-phar-io-manifest php-phar-io-version php-sqlite3
#6 4.271   php-text-template php-timer php-tokenizer php-xml php-zip php8.2 php8.2-cli
#6 4.271   php8.2-common php8.2-curl php8.2-gd php8.2-imagick php8.2-intl
#6 4.271   php8.2-mbstring php8.2-opcache php8.2-readline php8.2-sqlite3 php8.2-xml
#6 4.271   php8.2-zip phpunit phpunit-cli-parser phpunit-code-unit
#6 4.271   phpunit-code-unit-reverse-lookup phpunit-comparator phpunit-complexity
#6 4.271   phpunit-diff phpunit-environment phpunit-exporter phpunit-global-state
#6 4.271   phpunit-lines-of-code phpunit-object-enumerator phpunit-object-reflector
#6 4.271   phpunit-recursion-context phpunit-resource-operations phpunit-type
#6 4.271   phpunit-version poppler-data procps psmisc publicsuffix sensible-utils
#6 4.271   shared-mime-info ssl-cert ucf x11-common xauth xdg-user-dirs
#6 4.271   xfonts-encodings xfonts-utils
#6 4.308 0 upgraded, 231 newly installed, 0 to remove and 12 not upgraded.
#6 4.308 Need to get 95.0 MB of archives.
#6 4.308 After this operation, 391 MB of additional disk space will be used.
#6 4.308 Get:1 http://deb.debian.org/debian unstable/main amd64 libdbus-1-3 amd64 1.14.6-1 [200 kB]
#6 4.328 Get:2 http://deb.debian.org/debian unstable/main amd64 dbus-bin amd64 1.14.6-1 [104 kB]
#6 4.330 Get:3 http://deb.debian.org/debian unstable/main amd64 dbus-session-bus-common all 1.14.6-1 [76.6 kB]
#6 4.332 Get:4 http://deb.debian.org/debian unstable/main amd64 libapparmor1 amd64 3.0.8-3 [41.2 kB]
#6 4.336 Get:5 http://deb.debian.org/debian unstable/main amd64 libexpat1 amd64 2.5.0-1 [99.3 kB]
#6 4.336 Get:6 http://deb.debian.org/debian unstable/main amd64 dbus-daemon amd64 1.14.6-1 [182 kB]
#6 4.337 Get:7 http://deb.debian.org/debian unstable/main amd64 adduser all 3.132 [183 kB]
#6 4.340 Get:8 http://deb.debian.org/debian unstable/main amd64 dbus-system-bus-common all 1.14.6-1 [77.7 kB]
#6 4.341 Get:9 http://deb.debian.org/debian unstable/main amd64 dbus amd64 1.14.6-1 [95.7 kB]
#6 4.341 Get:10 http://deb.debian.org/debian unstable/main amd64 perl-modules-5.36 all 5.36.0-7 [2815 kB]
#6 4.359 Get:11 http://deb.debian.org/debian unstable/main amd64 libgdbm6 amd64 1.23-3 [72.2 kB]
#6 4.359 Get:12 http://deb.debian.org/debian unstable/main amd64 libgdbm-compat4 amd64 1.23-3 [48.2 kB]
#6 4.360 Get:13 http://deb.debian.org/debian unstable/main amd64 libperl5.36 amd64 5.36.0-7 [4218 kB]
#6 4.385 Get:14 http://deb.debian.org/debian unstable/main amd64 perl amd64 5.36.0-7 [239 kB]
#6 4.387 Get:15 http://deb.debian.org/debian unstable/main amd64 libapr1 amd64 1.7.2-3 [102 kB]
#6 4.387 Get:16 http://deb.debian.org/debian unstable/main amd64 libssl3 amd64 3.0.8-1 [2013 kB]
#6 4.399 Get:17 http://deb.debian.org/debian unstable/main amd64 libaprutil1 amd64 1.6.3-1 [87.8 kB]
#6 4.400 Get:18 http://deb.debian.org/debian unstable/main amd64 libsqlite3-0 amd64 3.40.1-2 [837 kB]
#6 4.405 Get:19 http://deb.debian.org/debian unstable/main amd64 libaprutil1-dbd-sqlite3 amd64 1.6.3-1 [13.6 kB]
#6 4.405 Get:20 http://deb.debian.org/debian unstable/main amd64 libsasl2-modules-db amd64 2.1.28+dfsg-11 [20.1 kB]
#6 4.406 Get:21 http://deb.debian.org/debian unstable/main amd64 libsasl2-2 amd64 2.1.28+dfsg-11 [59.5 kB]
#6 4.406 Get:22 http://deb.debian.org/debian unstable/main amd64 libldap-2.5-0 amd64 2.5.13+dfsg-5 [183 kB]
#6 4.407 Get:23 http://deb.debian.org/debian unstable/main amd64 libaprutil1-ldap amd64 1.6.3-1 [11.8 kB]
#6 4.408 Get:24 http://deb.debian.org/debian unstable/main amd64 libbrotli1 amd64 1.0.9-2+b6 [275 kB]
#6 4.409 Get:25 http://deb.debian.org/debian unstable/main amd64 libkrb5support0 amd64 1.20.1-1 [32.2 kB]
#6 4.410 Get:26 http://deb.debian.org/debian unstable/main amd64 libk5crypto3 amd64 1.20.1-1 [78.6 kB]
#6 4.411 Get:27 http://deb.debian.org/debian unstable/main amd64 libkeyutils1 amd64 1.6.3-2 [8808 B]
#6 4.417 Get:28 http://deb.debian.org/debian unstable/main amd64 libkrb5-3 amd64 1.20.1-1 [331 kB]
#6 4.420 Get:29 http://deb.debian.org/debian unstable/main amd64 libgssapi-krb5-2 amd64 1.20.1-1 [134 kB]
#6 4.421 Get:30 http://deb.debian.org/debian unstable/main amd64 libnghttp2-14 amd64 1.52.0-1 [72.3 kB]
#6 4.423 Get:31 http://deb.debian.org/debian unstable/main amd64 libpsl5 amd64 0.21.2-1 [58.7 kB]
#6 4.424 Get:32 http://deb.debian.org/debian unstable/main amd64 librtmp1 amd64 2.4+20151223.gitfa8646d.1-2+b2 [60.8 kB]
#6 4.425 Get:33 http://deb.debian.org/debian unstable/main amd64 libssh2-1 amd64 1.10.0-3+b1 [179 kB]
#6 4.428 Get:34 http://deb.debian.org/debian unstable/main amd64 libcurl4 amd64 7.88.1-6 [385 kB]
#6 4.431 Get:35 http://deb.debian.org/debian unstable/main amd64 libjansson4 amd64 2.14-2 [40.8 kB]
#6 4.432 Get:36 http://deb.debian.org/debian unstable/main amd64 liblua5.3-0 amd64 5.3.6-2 [123 kB]
#6 4.434 Get:37 http://deb.debian.org/debian unstable/main amd64 libicu72 amd64 72.1-3 [9376 kB]
#6 4.489 Get:38 http://deb.debian.org/debian unstable/main amd64 libxml2 amd64 2.9.14+dfsg-1.1+b3 [687 kB]
#6 4.494 Get:39 http://deb.debian.org/debian unstable/main amd64 apache2-bin amd64 2.4.56-1 [1362 kB]
#6 4.502 Get:40 http://deb.debian.org/debian unstable/main amd64 apache2-data all 2.4.56-1 [160 kB]
#6 4.504 Get:41 http://deb.debian.org/debian unstable/main amd64 apache2-utils amd64 2.4.56-1 [200 kB]
#6 4.505 Get:42 http://deb.debian.org/debian unstable/main amd64 media-types all 10.0.0 [26.1 kB]
#6 4.506 Get:43 http://deb.debian.org/debian unstable/main amd64 libncursesw6 amd64 6.4-2 [134 kB]
#6 4.506 Get:44 http://deb.debian.org/debian unstable/main amd64 libproc2-0 amd64 2:4.0.3-1 [63.2 kB]
#6 4.507 Get:45 http://deb.debian.org/debian unstable/main amd64 procps amd64 2:4.0.3-1 [762 kB]
#6 4.512 Get:46 http://deb.debian.org/debian unstable/main amd64 apache2 amd64 2.4.56-1 [214 kB]
#6 4.513 Get:47 http://deb.debian.org/debian unstable/main amd64 fonts-droid-fallback all 1:6.0.1r16-1.1 [1807 kB]
#6 4.524 Get:48 http://deb.debian.org/debian unstable/main amd64 libgomp1 amd64 12.2.0-14 [116 kB]
#6 4.525 Get:49 http://deb.debian.org/debian unstable/main amd64 libfftw3-double3 amd64 3.3.10-1 [776 kB]
#6 4.530 Get:50 http://deb.debian.org/debian unstable/main amd64 libpng16-16 amd64 1.6.39-2 [276 kB]
#6 4.532 Get:51 http://deb.debian.org/debian unstable/main amd64 libfreetype6 amd64 2.12.1+dfsg-4 [399 kB]
#6 4.534 Get:52 http://deb.debian.org/debian unstable/main amd64 fonts-dejavu-core all 2.37-6 [1068 kB]
#6 4.541 Get:53 http://deb.debian.org/debian unstable/main amd64 libfontenc1 amd64 1:1.1.4-1 [24.3 kB]
#6 4.542 Get:54 http://deb.debian.org/debian unstable/main amd64 x11-common all 1:7.7+23 [252 kB]
#6 4.543 Get:55 http://deb.debian.org/debian unstable/main amd64 xfonts-encodings all 1:1.0.4-2.2 [577 kB]
#6 4.547 Get:56 http://deb.debian.org/debian unstable/main amd64 xfonts-utils amd64 1:7.7+6 [93.0 kB]
#6 4.548 Get:57 http://deb.debian.org/debian unstable/main amd64 fonts-urw-base35 all 20200910-7 [10.8 MB]
#6 4.612 Get:58 http://deb.debian.org/debian unstable/main amd64 fontconfig-config amd64 2.14.1-4 [315 kB]
#6 4.614 Get:59 http://deb.debian.org/debian unstable/main amd64 libfontconfig1 amd64 2.14.1-4 [386 kB]
#6 4.617 Get:60 http://deb.debian.org/debian unstable/main amd64 libaom3 amd64 3.6.0-1 [1851 kB]
#6 4.628 Get:61 http://deb.debian.org/debian unstable/main amd64 libdav1d6 amd64 1.0.0-2 [495 kB]
#6 4.631 Get:62 http://deb.debian.org/debian unstable/main amd64 libde265-0 amd64 1.0.11-1 [185 kB]
#6 4.632 Get:63 http://deb.debian.org/debian unstable/main amd64 libnuma1 amd64 2.0.16-1 [21.0 kB]
#6 4.633 Get:64 http://deb.debian.org/debian unstable/main amd64 libx265-199 amd64 3.5-2+b1 [1150 kB]
#6 4.640 Get:65 http://deb.debian.org/debian unstable/main amd64 libheif1 amd64 1.15.1-1 [215 kB]
#6 4.641 Get:66 http://deb.debian.org/debian unstable/main amd64 libjbig0 amd64 2.1-6.1 [31.7 kB]
#6 4.642 Get:67 http://deb.debian.org/debian unstable/main amd64 libjpeg62-turbo amd64 1:2.1.5-2 [166 kB]
#6 4.643 Get:68 http://deb.debian.org/debian unstable/main amd64 liblcms2-2 amd64 2.14-2 [154 kB]
#6 4.644 Get:69 http://deb.debian.org/debian unstable/main amd64 libglib2.0-0 amd64 2.74.6-1 [1397 kB]
#6 4.654 Get:70 http://deb.debian.org/debian unstable/main amd64 liblqr-1-0 amd64 0.4.2-2.1 [29.1 kB]
#6 4.655 Get:71 http://deb.debian.org/debian unstable/main amd64 libltdl7 amd64 2.4.7-5 [393 kB]
#6 4.655 Get:72 http://deb.debian.org/debian unstable/main amd64 libopenjp2-7 amd64 2.5.0-1+b1 [189 kB]
#6 4.656 Get:73 http://deb.debian.org/debian unstable/main amd64 libdeflate0 amd64 1.14-1 [61.4 kB]
#6 4.657 Get:74 http://deb.debian.org/debian unstable/main amd64 liblerc4 amd64 4.0.0+ds-2 [170 kB]
#6 4.658 Get:75 http://deb.debian.org/debian unstable/main amd64 libwebp7 amd64 1.2.4-0.1 [285 kB]
#6 4.660 Get:76 http://deb.debian.org/debian unstable/main amd64 libtiff6 amd64 4.5.0-5 [316 kB]
#6 4.662 Get:77 http://deb.debian.org/debian unstable/main amd64 libwebpdemux2 amd64 1.2.4-0.1 [99.2 kB]
#6 4.663 Get:78 http://deb.debian.org/debian unstable/main amd64 libwebpmux3 amd64 1.2.4-0.1 [109 kB]
#6 4.663 Get:79 http://deb.debian.org/debian unstable/main amd64 libxau6 amd64 1:1.0.9-1 [19.7 kB]
#6 4.664 Get:80 http://deb.debian.org/debian unstable/main amd64 libbsd0 amd64 0.11.7-4 [115 kB]
#6 4.665 Get:81 http://deb.debian.org/debian unstable/main amd64 libxdmcp6 amd64 1:1.1.2-3 [26.3 kB]
#6 4.668 Get:82 http://deb.debian.org/debian unstable/main amd64 libxcb1 amd64 1.15-1 [144 kB]
#6 4.676 Get:83 http://deb.debian.org/debian unstable/main amd64 libx11-data all 2:1.8.4-2 [292 kB]
#6 4.678 Get:84 http://deb.debian.org/debian unstable/main amd64 libx11-6 amd64 2:1.8.4-2 [759 kB]
#6 4.682 Get:85 http://deb.debian.org/debian unstable/main amd64 libxext6 amd64 2:1.3.4-1+b1 [52.9 kB]
#6 4.683 Get:86 http://deb.debian.org/debian unstable/main amd64 imagemagick-6-common all 8:6.9.11.60+dfsg-1.6 [165 kB]
#6 4.684 Get:87 http://deb.debian.org/debian unstable/main amd64 libmagickcore-6.q16-6 amd64 8:6.9.11.60+dfsg-1.6 [1781 kB]
#6 4.694 Get:88 http://deb.debian.org/debian unstable/main amd64 libmagickwand-6.q16-6 amd64 8:6.9.11.60+dfsg-1.6 [408 kB]
#6 4.697 Get:89 http://deb.debian.org/debian unstable/main amd64 psmisc amd64 23.6-1 [259 kB]
#6 4.699 Get:90 http://deb.debian.org/debian unstable/main amd64 php-common all 2:93 [13.1 kB]
#6 4.699 Get:91 http://deb.debian.org/debian unstable/main amd64 sensible-utils all 0.0.17+nmu1 [19.0 kB]
#6 4.699 Get:92 http://deb.debian.org/debian unstable/main amd64 ucf all 3.0043+nmu1 [55.2 kB]
#6 4.700 Get:93 http://deb.debian.org/debian unstable/main amd64 php8.2-common amd64 8.2.4-1 [664 kB]
#6 4.706 Get:94 http://deb.debian.org/debian unstable/main amd64 libedit2 amd64 3.1-20221030-2 [93.0 kB]
#6 4.707 Get:95 http://deb.debian.org/debian unstable/main amd64 libmagic-mgc amd64 1:5.44-3 [305 kB]
#6 4.709 Get:96 http://deb.debian.org/debian unstable/main amd64 libmagic1 amd64 1:5.44-3 [104 kB]
#6 4.712 Get:97 http://deb.debian.org/debian unstable/main amd64 php8.2-opcache amd64 8.2.4-1 [344 kB]
#6 4.715 Get:98 http://deb.debian.org/debian unstable/main amd64 php8.2-readline amd64 8.2.4-1 [12.4 kB]
#6 4.717 Get:99 http://deb.debian.org/debian unstable/main amd64 libargon2-1 amd64 0~20190702+dfsg-2 [19.6 kB]
#6 4.719 Get:100 http://deb.debian.org/debian unstable/main amd64 libsodium23 amd64 1.0.18-1 [161 kB]
#6 4.722 Get:101 http://deb.debian.org/debian unstable/main amd64 php8.2-cli amd64 8.2.4-1 [1732 kB]
#6 4.830 Get:102 http://deb.debian.org/debian unstable/main amd64 libapache2-mod-php8.2 amd64 8.2.4-1 [1674 kB]
#6 4.859 Get:103 http://deb.debian.org/debian unstable/main amd64 php8.2-imagick amd64 3.7.0-4 [98.4 kB]
#6 4.863 Get:104 http://deb.debian.org/debian unstable/main amd64 php-imagick amd64 3.7.0-4 [6476 B]
#6 4.866 Get:105 http://deb.debian.org/debian unstable/main amd64 poppler-data all 0.4.12-1 [1601 kB]
#6 4.889 Get:106 http://deb.debian.org/debian unstable/main amd64 less amd64 590-2 [131 kB]
#6 4.890 Get:107 http://deb.debian.org/debian unstable/main amd64 netbase all 6.4 [12.8 kB]
#6 4.892 Get:108 http://deb.debian.org/debian unstable/main amd64 openssl amd64 3.0.8-1 [1407 kB]
#6 4.901 Get:109 http://deb.debian.org/debian unstable/main amd64 ca-certificates all 20230311 [153 kB]
#6 4.902 Get:110 http://deb.debian.org/debian unstable/main amd64 krb5-locales all 1.20.1-1 [62.4 kB]
#6 4.902 Get:111 http://deb.debian.org/debian unstable/main amd64 libcbor0.8 amd64 0.8.0-2+b1 [27.4 kB]
#6 4.904 Get:112 http://deb.debian.org/debian unstable/main amd64 libfido2-1 amd64 1.12.0-2 [76.8 kB]
#6 4.904 Get:113 http://deb.debian.org/debian unstable/main amd64 openssh-client amd64 1:9.2p1-2 [988 kB]
#6 4.924 Get:114 http://deb.debian.org/debian unstable/main amd64 fontconfig amd64 2.14.1-4 [449 kB]
#6 4.928 Get:115 http://deb.debian.org/debian unstable/main amd64 fonts-noto-mono all 20201225-1 [402 kB]
#6 4.931 Get:116 http://deb.debian.org/debian unstable/main amd64 libgs-common all 10.0.0~dfsg-9 [148 kB]
#6 4.932 Get:117 http://deb.debian.org/debian unstable/main amd64 libgs10-common all 10.0.0~dfsg-9 [586 kB]
#6 4.936 Get:118 http://deb.debian.org/debian unstable/main amd64 libavahi-common-data amd64 0.8-9 [107 kB]
#6 4.936 Get:119 http://deb.debian.org/debian unstable/main amd64 libavahi-common3 amd64 0.8-9 [41.3 kB]
#6 4.937 Get:120 http://deb.debian.org/debian unstable/main amd64 libavahi-client3 amd64 0.8-9 [45.1 kB]
#6 4.938 Get:121 http://deb.debian.org/debian unstable/main amd64 libcups2 amd64 2.4.2-2 [244 kB]
#6 4.940 Get:122 http://deb.debian.org/debian unstable/main amd64 libidn12 amd64 1.41-1 [83.8 kB]
#6 4.943 Get:123 http://deb.debian.org/debian unstable/main amd64 libijs-0.35 amd64 0.35-15 [16.4 kB]
#6 4.945 Get:124 http://deb.debian.org/debian unstable/main amd64 libjbig2dec0 amd64 0.19-3 [67.2 kB]
#6 4.947 Get:125 http://deb.debian.org/debian unstable/main amd64 libpaper1 amd64 1.1.29 [12.5 kB]
#6 4.952 Get:126 http://deb.debian.org/debian unstable/main amd64 libice6 amd64 2:1.0.10-1 [58.5 kB]
#6 4.953 Get:127 http://deb.debian.org/debian unstable/main amd64 libsm6 amd64 2:1.2.3-1 [35.1 kB]
#6 4.954 Get:128 http://deb.debian.org/debian unstable/main amd64 libxt6 amd64 1:1.2.1-1 [189 kB]
#6 4.956 Get:129 http://deb.debian.org/debian unstable/main amd64 libgs10 amd64 10.0.0~dfsg-9+b1 [2465 kB]
#6 4.973 Get:130 http://deb.debian.org/debian unstable/main amd64 ghostscript amd64 10.0.0~dfsg-9+b1 [56.8 kB]
#6 4.974 Get:131 http://deb.debian.org/debian unstable/main amd64 libcurl3-gnutls amd64 7.88.1-6 [380 kB]
#6 4.979 Get:132 http://deb.debian.org/debian unstable/main amd64 liberror-perl all 0.17029-2 [29.0 kB]
#6 4.983 Get:133 http://deb.debian.org/debian unstable/main amd64 git-man all 1:2.39.2-1.1 [2049 kB]
#6 4.996 Get:134 http://deb.debian.org/debian unstable/main amd64 git amd64 1:2.39.2-1.1 [7171 kB]
#6 5.038 Get:135 http://deb.debian.org/debian unstable/main amd64 gsfonts all 2:20200910-7 [18.5 kB]
#6 5.039 Get:136 http://deb.debian.org/debian unstable/main amd64 javascript-common all 11+nmu1 [6260 B]
#6 5.039 Get:137 http://deb.debian.org/debian unstable/main amd64 libabsl20220623 amd64 20220623.1-1 [391 kB]
#6 5.041 Get:138 http://deb.debian.org/debian unstable/main amd64 libgav1-1 amd64 0.18.0-1+b1 [332 kB]
#6 5.043 Get:139 http://deb.debian.org/debian unstable/main amd64 librav1e0 amd64 0.5.1-6 [763 kB]
#6 5.048 Get:140 http://deb.debian.org/debian unstable/main amd64 libsvtav1enc1 amd64 1.4.1+dfsg-1 [2121 kB]
#6 5.062 Get:141 http://deb.debian.org/debian unstable/main amd64 libyuv0 amd64 0.0~git20230123.b2528b0-1 [168 kB]
#6 5.064 Get:142 http://deb.debian.org/debian unstable/main amd64 libavif15 amd64 0.11.1-1 [93.8 kB]
#6 5.065 Get:143 http://deb.debian.org/debian unstable/main amd64 libpixman-1-0 amd64 0.42.2-1 [546 kB]
#6 5.069 Get:144 http://deb.debian.org/debian unstable/main amd64 libxcb-render0 amd64 1.15-1 [115 kB]
#6 5.070 Get:145 http://deb.debian.org/debian unstable/main amd64 libxcb-shm0 amd64 1.15-1 [105 kB]
#6 5.071 Get:146 http://deb.debian.org/debian unstable/main amd64 libxrender1 amd64 1:0.9.10-1.1 [33.2 kB]
#6 5.073 Get:147 http://deb.debian.org/debian unstable/main amd64 libcairo2 amd64 1.16.0-7 [575 kB]
#6 5.076 Get:148 http://deb.debian.org/debian unstable/main amd64 libdatrie1 amd64 0.2.13-2+b1 [43.3 kB]
#6 5.077 Get:149 http://deb.debian.org/debian unstable/main amd64 libdjvulibre-text all 3.5.28-2 [61.8 kB]
#6 5.078 Get:150 http://deb.debian.org/debian unstable/main amd64 libdjvulibre21 amd64 3.5.28-2+b1 [585 kB]
#6 5.084 Get:151 http://deb.debian.org/debian unstable/main amd64 libfribidi0 amd64 1.0.8-2.1 [65.0 kB]
#6 5.085 Get:152 http://deb.debian.org/debian unstable/main amd64 libxpm4 amd64 1:3.5.12-1.1 [48.4 kB]
#6 5.085 Get:153 http://deb.debian.org/debian unstable/main amd64 libgd3 amd64 2.3.3-9 [124 kB]
#6 5.086 Get:154 http://deb.debian.org/debian unstable/main amd64 libglib2.0-data all 2.74.6-1 [1208 kB]
#6 5.098 Get:155 http://deb.debian.org/debian unstable/main amd64 libgpm2 amd64 1.20.7-10+b1 [14.2 kB]
#6 5.099 Get:156 http://deb.debian.org/debian unstable/main amd64 libgraphite2-3 amd64 1.3.14-1 [81.2 kB]
#6 5.100 Get:157 http://deb.debian.org/debian unstable/main amd64 libharfbuzz0b amd64 6.0.0+dfsg-3 [1945 kB]
#6 5.113 Get:158 http://deb.debian.org/debian unstable/main amd64 libimath-3-1-29 amd64 3.1.6-1 [47.4 kB]
#6 5.113 Get:159 http://deb.debian.org/debian unstable/main amd64 libjs-popper.js all 1.16.1+ds-6 [52.4 kB]
#6 5.114 Get:160 http://deb.debian.org/debian unstable/main amd64 libjs-bootstrap4 all 4.6.1+dfsg1-4 [517 kB]
#6 5.117 Get:161 http://deb.debian.org/debian unstable/main amd64 libjs-d3 all 3.5.17-4 [132 kB]
#6 5.118 Get:162 http://deb.debian.org/debian unstable/main amd64 libjs-jquery all 3.6.1+dfsg+~3.5.14-1 [326 kB]
#6 5.120 Get:163 http://deb.debian.org/debian unstable/main amd64 libjs-sizzle all 2.3.6+ds+~2.3.3-2 [31.6 kB]
#6 5.121 Get:164 http://deb.debian.org/debian unstable/main amd64 libjxr0 amd64 1.2~git20170615.f752187-5 [162 kB]
#6 5.124 Get:165 http://deb.debian.org/debian unstable/main amd64 libjxr-tools amd64 1.2~git20170615.f752187-5 [17.3 kB]
#6 5.125 Get:166 http://deb.debian.org/debian unstable/main amd64 libldap-common all 2.5.13+dfsg-5 [29.3 kB]
#6 5.127 Get:167 http://deb.debian.org/debian unstable/main amd64 libopenexr-3-1-30 amd64 3.1.5-4 [928 kB]
#6 5.134 Get:168 http://deb.debian.org/debian unstable/main amd64 libthai-data all 0.1.29-1 [176 kB]
#6 5.136 Get:169 http://deb.debian.org/debian unstable/main amd64 libthai0 amd64 0.1.29-1 [57.5 kB]
#6 5.137 Get:170 http://deb.debian.org/debian unstable/main amd64 libpango-1.0-0 amd64 1.50.12+ds-1 [212 kB]
#6 5.138 Get:171 http://deb.debian.org/debian unstable/main amd64 libpangoft2-1.0-0 amd64 1.50.12+ds-1 [47.4 kB]
#6 5.139 Get:172 http://deb.debian.org/debian unstable/main amd64 libpangocairo-1.0-0 amd64 1.50.12+ds-1 [34.2 kB]
#6 5.140 Get:173 http://deb.debian.org/debian unstable/main amd64 libwmflite-0.2-7 amd64 0.2.12-5 [80.7 kB]
#6 5.142 Get:174 http://deb.debian.org/debian unstable/main amd64 libmagickcore-6.q16-6-extra amd64 8:6.9.11.60+dfsg-1.6 [172 kB]
#6 5.144 Get:175 http://deb.debian.org/debian unstable/main amd64 libonig5 amd64 6.9.8-1 [188 kB]
#6 5.148 Get:176 http://deb.debian.org/debian unstable/main amd64 libpaper-utils amd64 1.1.29 [8868 B]
#6 5.150 Get:177 http://deb.debian.org/debian unstable/main amd64 libsasl2-modules amd64 2.1.28+dfsg-11 [66.4 kB]
#6 5.152 Get:178 http://deb.debian.org/debian unstable/main amd64 libxmuu1 amd64 2:1.1.3-3 [23.9 kB]
#6 5.156 Get:179 http://deb.debian.org/debian unstable/main amd64 libxslt1.1 amd64 1.1.35-1 [242 kB]
#6 5.157 Get:180 http://deb.debian.org/debian unstable/main amd64 libzip4 amd64 1.7.3-1+b1 [55.5 kB]
#6 5.158 Get:181 http://deb.debian.org/debian unstable/main amd64 node-jquery all 3.6.1+dfsg+~3.5.14-1 [160 kB]
#6 5.163 Get:182 http://deb.debian.org/debian unstable/main amd64 patch amd64 2.7.6-7 [128 kB]
#6 5.164 Get:183 http://deb.debian.org/debian unstable/main amd64 php8.2 all 8.2.4-1 [25.4 kB]
#6 5.164 Get:184 http://deb.debian.org/debian unstable/main amd64 php all 2:8.2+93 [3628 B]
#6 5.201 Get:185 http://deb.debian.org/debian unstable/main amd64 php8.2-xml amd64 8.2.4-1 [108 kB]
#6 5.203 Get:186 http://deb.debian.org/debian unstable/main amd64 php-xml all 2:8.2+93 [3672 B]
#6 5.204 Get:187 http://deb.debian.org/debian unstable/main amd64 php-parser all 4.15.4-1 [156 kB]
#6 5.207 Get:188 http://deb.debian.org/debian unstable/main amd64 php-file-iterator all 3.0.6-2 [7792 B]
#6 5.209 Get:189 http://deb.debian.org/debian unstable/main amd64 php-text-template all 2.0.4-2 [5828 B]
#6 5.210 Get:190 http://deb.debian.org/debian unstable/main amd64 phpunit-code-unit-reverse-lookup all 2.0.3-5 [5284 B]
#6 5.211 Get:191 http://deb.debian.org/debian unstable/main amd64 phpunit-complexity all 2.0.2-2 [6056 B]
#6 5.213 Get:192 http://deb.debian.org/debian unstable/main amd64 phpunit-environment all 5.1.5-1 [9368 B]
#6 5.215 Get:193 http://deb.debian.org/debian unstable/main amd64 phpunit-lines-of-code all 1.0.3-2 [5544 B]
#6 5.216 Get:194 http://deb.debian.org/debian unstable/main amd64 phpunit-version all 3.0.2-3 [6004 B]
#6 5.216 Get:195 http://deb.debian.org/debian unstable/main amd64 php-tokenizer all 1.2.1-1 [7444 B]
#6 5.218 Get:196 http://deb.debian.org/debian unstable/main amd64 php-codecoverage all 9.2.26+dfsg-1 [92.5 kB]
#6 5.220 Get:197 http://deb.debian.org/debian unstable/main amd64 php8.2-curl amd64 8.2.4-1 [35.7 kB]
#6 5.221 Get:198 http://deb.debian.org/debian unstable/main amd64 php-curl all 2:8.2+93 [3656 B]
#6 5.222 Get:199 http://deb.debian.org/debian unstable/main amd64 php-deepcopy all 1.11.1-1 [48.7 kB]
#6 5.224 Get:200 http://deb.debian.org/debian unstable/main amd64 php-doctrine-instantiator all 1.5.0-1 [8244 B]
#6 5.226 Get:201 http://deb.debian.org/debian unstable/main amd64 php8.2-gd amd64 8.2.4-1 [28.7 kB]
#6 5.227 Get:202 http://deb.debian.org/debian unstable/main amd64 php-gd all 2:8.2+93 [3648 B]
#6 5.228 Get:203 http://deb.debian.org/debian unstable/main amd64 php8.2-intl amd64 8.2.4-1 [137 kB]
#6 5.230 Get:204 http://deb.debian.org/debian unstable/main amd64 php-intl all 2:8.2+93 [3664 B]
#6 5.232 Get:205 http://deb.debian.org/debian unstable/main amd64 php-invoker all 3.1.1-3 [5704 B]
#6 5.234 Get:206 http://deb.debian.org/debian unstable/main amd64 php8.2-mbstring amd64 8.2.4-1 [441 kB]
#6 5.239 Get:207 http://deb.debian.org/debian unstable/main amd64 php-mbstring all 2:8.2+93 [3664 B]
#6 5.240 Get:208 http://deb.debian.org/debian unstable/main amd64 php-phar-io-version all 3.2.1-1 [10.5 kB]
#6 5.242 Get:209 http://deb.debian.org/debian unstable/main amd64 php-phar-io-manifest all 2.0.3-1 [12.8 kB]
#6 5.243 Get:210 http://deb.debian.org/debian unstable/main amd64 php8.2-sqlite3 amd64 8.2.4-1 [30.1 kB]
#6 5.246 Get:211 http://deb.debian.org/debian unstable/main amd64 php-sqlite3 all 2:8.2+93 [3668 B]
#6 5.250 Get:212 http://deb.debian.org/debian unstable/main amd64 php-timer all 5.0.3-3 [8748 B]
#6 5.251 Get:213 http://deb.debian.org/debian unstable/main amd64 php8.2-zip amd64 8.2.4-1 [26.2 kB]
#6 5.252 Get:214 http://deb.debian.org/debian unstable/main amd64 php-zip all 2:8.2+93 [3656 B]
#6 5.253 Get:215 http://deb.debian.org/debian unstable/main amd64 phpunit-cli-parser all 1.0.1-3 [5380 B]
#6 5.254 Get:216 http://deb.debian.org/debian unstable/main amd64 phpunit-code-unit all 1.0.8-3 [7896 B]
#6 5.255 Get:217 http://deb.debian.org/debian unstable/main amd64 phpunit-diff all 4.0.4-2 [15.8 kB]
#6 5.256 Get:218 http://deb.debian.org/debian unstable/main amd64 phpunit-recursion-context all 4.0.5-1 [5792 B]
#6 5.258 Get:219 http://deb.debian.org/debian unstable/main amd64 phpunit-exporter all 4.0.5-1 [8780 B]
#6 5.260 Get:220 http://deb.debian.org/debian unstable/main amd64 phpunit-comparator all 4.0.8-1 [12.2 kB]
#6 5.261 Get:221 http://deb.debian.org/debian unstable/main amd64 phpunit-object-reflector all 2.0.4-3 [5112 B]
#6 5.262 Get:222 http://deb.debian.org/debian unstable/main amd64 phpunit-global-state all 5.0.5-1 [8980 B]
#6 5.265 Get:223 http://deb.debian.org/debian unstable/main amd64 phpunit-object-enumerator all 4.0.4-2 [5816 B]
#6 5.269 Get:224 http://deb.debian.org/debian unstable/main amd64 phpunit-resource-operations all 3.0.3-4 [15.1 kB]
#6 5.270 Get:225 http://deb.debian.org/debian unstable/main amd64 phpunit-type all 3.2.1-1 [10.8 kB]
#6 5.294 Get:226 http://deb.debian.org/debian unstable/main amd64 phpunit all 9.6.5-1 [166 kB]
#6 5.296 Get:227 http://deb.debian.org/debian unstable/main amd64 publicsuffix all 20230209.2326-1 [126 kB]
#6 5.299 Get:228 http://deb.debian.org/debian unstable/main amd64 shared-mime-info amd64 2.2-1 [729 kB]
#6 5.307 Get:229 http://deb.debian.org/debian unstable/main amd64 ssl-cert all 1.1.2 [21.1 kB]
#6 5.308 Get:230 http://deb.debian.org/debian unstable/main amd64 xauth amd64 1:1.1.2-1 [36.0 kB]
#6 5.310 Get:231 http://deb.debian.org/debian unstable/main amd64 xdg-user-dirs amd64 0.18-1 [54.4 kB]
#6 5.445 debconf: delaying package configuration, since apt-utils is not installed
#6 5.469 Fetched 95.0 MB in 1s (92.6 MB/s)
#6 5.484 Selecting previously unselected package libdbus-1-3:amd64.
#6 5.484 (Reading database ... (Reading database ... 5%(Reading database ... 10%(Reading database ... 15%(Reading database ... 20%(Reading database ... 25%(Reading database ... 30%(Reading database ... 35%(Reading database ... 40%(Reading database ... 45%(Reading database ... 50%(Reading database ... 55%(Reading database ... 60%(Reading database ... 65%(Reading database ... 70%(Reading database ... 75%(Reading database ... 80%(Reading database ... 85%(Reading database ... 90%(Reading database ... 95%(Reading database ... 100%(Reading database ... 6011 files and directories currently installed.)
#6 5.484 Preparing to unpack .../0-libdbus-1-3_1.14.6-1_amd64.deb ...
#6 5.486 Unpacking libdbus-1-3:amd64 (1.14.6-1) ...
#6 5.514 Selecting previously unselected package dbus-bin.
#6 5.514 Preparing to unpack .../1-dbus-bin_1.14.6-1_amd64.deb ...
#6 5.515 Unpacking dbus-bin (1.14.6-1) ...
#6 5.534 Selecting previously unselected package dbus-session-bus-common.
#6 5.535 Preparing to unpack .../2-dbus-session-bus-common_1.14.6-1_all.deb ...
#6 5.536 Unpacking dbus-session-bus-common (1.14.6-1) ...
#6 5.554 Selecting previously unselected package libapparmor1:amd64.
#6 5.555 Preparing to unpack .../3-libapparmor1_3.0.8-3_amd64.deb ...
#6 5.556 Unpacking libapparmor1:amd64 (3.0.8-3) ...
#6 5.572 Selecting previously unselected package libexpat1:amd64.
#6 5.574 Preparing to unpack .../4-libexpat1_2.5.0-1_amd64.deb ...
#6 5.575 Unpacking libexpat1:amd64 (2.5.0-1) ...
#6 5.595 Selecting previously unselected package dbus-daemon.
#6 5.595 Preparing to unpack .../5-dbus-daemon_1.14.6-1_amd64.deb ...
#6 5.596 Unpacking dbus-daemon (1.14.6-1) ...
#6 5.622 Selecting previously unselected package adduser.
#6 5.624 Preparing to unpack .../6-adduser_3.132_all.deb ...
#6 5.625 Unpacking adduser (3.132) ...
#6 5.656 Setting up adduser (3.132) ...
#6 5.676 Selecting previously unselected package dbus-system-bus-common.
#6 5.676 (Reading database ... (Reading database ... 5%(Reading database ... 10%(Reading database ... 15%(Reading database ... 20%(Reading database ... 25%(Reading database ... 30%(Reading database ... 35%(Reading database ... 40%(Reading database ... 45%(Reading database ... 50%(Reading database ... 55%(Reading database ... 60%(Reading database ... 65%(Reading database ... 70%(Reading database ... 75%(Reading database ... 80%(Reading database ... 85%(Reading database ... 90%(Reading database ... 95%(Reading database ... 100%(Reading database ... 6149 files and directories currently installed.)
#6 5.681 Preparing to unpack .../00-dbus-system-bus-common_1.14.6-1_all.deb ...
#6 5.682 Unpacking dbus-system-bus-common (1.14.6-1) ...
#6 5.702 Selecting previously unselected package dbus.
#6 5.702 Preparing to unpack .../01-dbus_1.14.6-1_amd64.deb ...
#6 5.704 Unpacking dbus (1.14.6-1) ...
#6 5.728 Selecting previously unselected package perl-modules-5.36.
#6 5.728 Preparing to unpack .../02-perl-modules-5.36_5.36.0-7_all.deb ...
#6 5.729 Unpacking perl-modules-5.36 (5.36.0-7) ...
#6 6.020 Selecting previously unselected package libgdbm6:amd64.
#6 6.022 Preparing to unpack .../03-libgdbm6_1.23-3_amd64.deb ...
#6 6.023 Unpacking libgdbm6:amd64 (1.23-3) ...
#6 6.041 Selecting previously unselected package libgdbm-compat4:amd64.
#6 6.043 Preparing to unpack .../04-libgdbm-compat4_1.23-3_amd64.deb ...
#6 6.044 Unpacking libgdbm-compat4:amd64 (1.23-3) ...
#6 6.061 Selecting previously unselected package libperl5.36:amd64.
#6 6.063 Preparing to unpack .../05-libperl5.36_5.36.0-7_amd64.deb ...
#6 6.064 Unpacking libperl5.36:amd64 (5.36.0-7) ...
#6 6.416 Selecting previously unselected package perl.
#6 6.417 Preparing to unpack .../06-perl_5.36.0-7_amd64.deb ...
#6 6.422 Unpacking perl (5.36.0-7) ...
#6 6.457 Selecting previously unselected package libapr1:amd64.
#6 6.457 Preparing to unpack .../07-libapr1_1.7.2-3_amd64.deb ...
#6 6.458 Unpacking libapr1:amd64 (1.7.2-3) ...
#6 6.481 Selecting previously unselected package libssl3:amd64.
#6 6.483 Preparing to unpack .../08-libssl3_3.0.8-1_amd64.deb ...
#6 6.484 Unpacking libssl3:amd64 (3.0.8-1) ...
#6 6.640 Selecting previously unselected package libaprutil1:amd64.
#6 6.641 Preparing to unpack .../09-libaprutil1_1.6.3-1_amd64.deb ...
#6 6.642 Unpacking libaprutil1:amd64 (1.6.3-1) ...
#6 6.663 Selecting previously unselected package libsqlite3-0:amd64.
#6 6.665 Preparing to unpack .../10-libsqlite3-0_3.40.1-2_amd64.deb ...
#6 6.666 Unpacking libsqlite3-0:amd64 (3.40.1-2) ...
#6 6.731 Selecting previously unselected package libaprutil1-dbd-sqlite3:amd64.
#6 6.731 Preparing to unpack .../11-libaprutil1-dbd-sqlite3_1.6.3-1_amd64.deb ...
#6 6.732 Unpacking libaprutil1-dbd-sqlite3:amd64 (1.6.3-1) ...
#6 6.745 Selecting previously unselected package libsasl2-modules-db:amd64.
#6 6.748 Preparing to unpack .../12-libsasl2-modules-db_2.1.28+dfsg-11_amd64.deb ...
#6 6.749 Unpacking libsasl2-modules-db:amd64 (2.1.28+dfsg-11) ...
#6 6.765 Selecting previously unselected package libsasl2-2:amd64.
#6 6.765 Preparing to unpack .../13-libsasl2-2_2.1.28+dfsg-11_amd64.deb ...
#6 6.766 Unpacking libsasl2-2:amd64 (2.1.28+dfsg-11) ...
#6 6.784 Selecting previously unselected package libldap-2.5-0:amd64.
#6 6.785 Preparing to unpack .../14-libldap-2.5-0_2.5.13+dfsg-5_amd64.deb ...
#6 6.786 Unpacking libldap-2.5-0:amd64 (2.5.13+dfsg-5) ...
#6 6.813 Selecting previously unselected package libaprutil1-ldap:amd64.
#6 6.815 Preparing to unpack .../15-libaprutil1-ldap_1.6.3-1_amd64.deb ...
#6 6.816 Unpacking libaprutil1-ldap:amd64 (1.6.3-1) ...
#6 6.829 Selecting previously unselected package libbrotli1:amd64.
#6 6.831 Preparing to unpack .../16-libbrotli1_1.0.9-2+b6_amd64.deb ...
#6 6.832 Unpacking libbrotli1:amd64 (1.0.9-2+b6) ...
#6 6.869 Selecting previously unselected package libkrb5support0:amd64.
#6 6.870 Preparing to unpack .../17-libkrb5support0_1.20.1-1_amd64.deb ...
#6 6.871 Unpacking libkrb5support0:amd64 (1.20.1-1) ...
#6 6.886 Selecting previously unselected package libk5crypto3:amd64.
#6 6.888 Preparing to unpack .../18-libk5crypto3_1.20.1-1_amd64.deb ...
#6 6.889 Unpacking libk5crypto3:amd64 (1.20.1-1) ...
#6 6.908 Selecting previously unselected package libkeyutils1:amd64.
#6 6.910 Preparing to unpack .../19-libkeyutils1_1.6.3-2_amd64.deb ...
#6 6.911 Unpacking libkeyutils1:amd64 (1.6.3-2) ...
#6 6.924 Selecting previously unselected package libkrb5-3:amd64.
#6 6.926 Preparing to unpack .../20-libkrb5-3_1.20.1-1_amd64.deb ...
#6 6.927 Unpacking libkrb5-3:amd64 (1.20.1-1) ...
#6 6.973 Selecting previously unselected package libgssapi-krb5-2:amd64.
#6 6.974 Preparing to unpack .../21-libgssapi-krb5-2_1.20.1-1_amd64.deb ...
#6 6.975 Unpacking libgssapi-krb5-2:amd64 (1.20.1-1) ...
#6 7.000 Selecting previously unselected package libnghttp2-14:amd64.
#6 7.002 Preparing to unpack .../22-libnghttp2-14_1.52.0-1_amd64.deb ...
#6 7.003 Unpacking libnghttp2-14:amd64 (1.52.0-1) ...
#6 7.024 Selecting previously unselected package libpsl5:amd64.
#6 7.024 Preparing to unpack .../23-libpsl5_0.21.2-1_amd64.deb ...
#6 7.025 Unpacking libpsl5:amd64 (0.21.2-1) ...
#6 7.044 Selecting previously unselected package librtmp1:amd64.
#6 7.044 Preparing to unpack .../24-librtmp1_2.4+20151223.gitfa8646d.1-2+b2_amd64.deb ...
#6 7.045 Unpacking librtmp1:amd64 (2.4+20151223.gitfa8646d.1-2+b2) ...
#6 7.064 Selecting previously unselected package libssh2-1:amd64.
#6 7.065 Preparing to unpack .../25-libssh2-1_1.10.0-3+b1_amd64.deb ...
#6 7.066 Unpacking libssh2-1:amd64 (1.10.0-3+b1) ...
#6 7.093 Selecting previously unselected package libcurl4:amd64.
#6 7.095 Preparing to unpack .../26-libcurl4_7.88.1-6_amd64.deb ...
#6 7.096 Unpacking libcurl4:amd64 (7.88.1-6) ...
#6 7.136 Selecting previously unselected package libjansson4:amd64.
#6 7.136 Preparing to unpack .../27-libjansson4_2.14-2_amd64.deb ...
#6 7.137 Unpacking libjansson4:amd64 (2.14-2) ...
#6 7.152 Selecting previously unselected package liblua5.3-0:amd64.
#6 7.154 Preparing to unpack .../28-liblua5.3-0_5.3.6-2_amd64.deb ...
#6 7.156 Unpacking liblua5.3-0:amd64 (5.3.6-2) ...
#6 7.182 Selecting previously unselected package libicu72:amd64.
#6 7.184 Preparing to unpack .../29-libicu72_72.1-3_amd64.deb ...
#6 7.185 Unpacking libicu72:amd64 (72.1-3) ...
#6 7.786 Selecting previously unselected package libxml2:amd64.
#6 7.789 Preparing to unpack .../30-libxml2_2.9.14+dfsg-1.1+b3_amd64.deb ...
#6 7.790 Unpacking libxml2:amd64 (2.9.14+dfsg-1.1+b3) ...
#6 7.859 Selecting previously unselected package apache2-bin.
#6 7.859 Preparing to unpack .../31-apache2-bin_2.4.56-1_amd64.deb ...
#6 7.860 Unpacking apache2-bin (2.4.56-1) ...
#6 7.984 Selecting previously unselected package apache2-data.
#6 7.984 Preparing to unpack .../32-apache2-data_2.4.56-1_all.deb ...
#6 7.984 Unpacking apache2-data (2.4.56-1) ...
#6 8.031 Selecting previously unselected package apache2-utils.
#6 8.031 Preparing to unpack .../33-apache2-utils_2.4.56-1_amd64.deb ...
#6 8.032 Unpacking apache2-utils (2.4.56-1) ...
#6 8.059 Selecting previously unselected package media-types.
#6 8.059 Preparing to unpack .../34-media-types_10.0.0_all.deb ...
#6 8.060 Unpacking media-types (10.0.0) ...
#6 8.075 Selecting previously unselected package libncursesw6:amd64.
#6 8.077 Preparing to unpack .../35-libncursesw6_6.4-2_amd64.deb ...
#6 8.078 Unpacking libncursesw6:amd64 (6.4-2) ...
#6 8.102 Selecting previously unselected package libproc2-0:amd64.
#6 8.104 Preparing to unpack .../36-libproc2-0_2%3a4.0.3-1_amd64.deb ...
#6 8.105 Unpacking libproc2-0:amd64 (2:4.0.3-1) ...
#6 8.125 Selecting previously unselected package procps.
#6 8.127 Preparing to unpack .../37-procps_2%3a4.0.3-1_amd64.deb ...
#6 8.135 Unpacking procps (2:4.0.3-1) ...
#6 8.214 Selecting previously unselected package apache2.
#6 8.216 Preparing to unpack .../38-apache2_2.4.56-1_amd64.deb ...
#6 8.221 Unpacking apache2 (2.4.56-1) ...
#6 8.256 Selecting previously unselected package fonts-droid-fallback.
#6 8.256 Preparing to unpack .../39-fonts-droid-fallback_1%3a6.0.1r16-1.1_all.deb ...
#6 8.272 Unpacking fonts-droid-fallback (1:6.0.1r16-1.1) ...
#6 8.446 Selecting previously unselected package libgomp1:amd64.
#6 8.448 Preparing to unpack .../40-libgomp1_12.2.0-14_amd64.deb ...
#6 8.449 Unpacking libgomp1:amd64 (12.2.0-14) ...
#6 8.471 Selecting previously unselected package libfftw3-double3:amd64.
#6 8.473 Preparing to unpack .../41-libfftw3-double3_3.3.10-1_amd64.deb ...
#6 8.474 Unpacking libfftw3-double3:amd64 (3.3.10-1) ...
#6 8.548 Selecting previously unselected package libpng16-16:amd64.
#6 8.549 Preparing to unpack .../42-libpng16-16_1.6.39-2_amd64.deb ...
#6 8.551 Unpacking libpng16-16:amd64 (1.6.39-2) ...
#6 8.582 Selecting previously unselected package libfreetype6:amd64.
#6 8.584 Preparing to unpack .../43-libfreetype6_2.12.1+dfsg-4_amd64.deb ...
#6 8.585 Unpacking libfreetype6:amd64 (2.12.1+dfsg-4) ...
#6 8.628 Selecting previously unselected package fonts-dejavu-core.
#6 8.630 Preparing to unpack .../44-fonts-dejavu-core_2.37-6_all.deb ...
#6 8.634 Unpacking fonts-dejavu-core (2.37-6) ...
#6 8.738 Selecting previously unselected package libfontenc1:amd64.
#6 8.740 Preparing to unpack .../45-libfontenc1_1%3a1.1.4-1_amd64.deb ...
#6 8.741 Unpacking libfontenc1:amd64 (1:1.1.4-1) ...
#6 8.758 Selecting previously unselected package x11-common.
#6 8.758 Preparing to unpack .../46-x11-common_1%3a7.7+23_all.deb ...
#6 8.759 Unpacking x11-common (1:7.7+23) ...
#6 8.781 Selecting previously unselected package xfonts-encodings.
#6 8.784 Preparing to unpack .../47-xfonts-encodings_1%3a1.0.4-2.2_all.deb ...
#6 8.784 Unpacking xfonts-encodings (1:1.0.4-2.2) ...
#6 8.845 Selecting previously unselected package xfonts-utils.
#6 8.847 Preparing to unpack .../48-xfonts-utils_1%3a7.7+6_amd64.deb ...
#6 8.848 Unpacking xfonts-utils (1:7.7+6) ...
#6 8.871 Selecting previously unselected package fonts-urw-base35.
#6 8.873 Preparing to unpack .../49-fonts-urw-base35_20200910-7_all.deb ...
#6 8.930 Unpacking fonts-urw-base35 (20200910-7) ...
#6 9.451 Selecting previously unselected package fontconfig-config.
#6 9.454 Preparing to unpack .../50-fontconfig-config_2.14.1-4_amd64.deb ...
#6 9.541 Unpacking fontconfig-config (2.14.1-4) ...
#6 9.568 Selecting previously unselected package libfontconfig1:amd64.
#6 9.571 Preparing to unpack .../51-libfontconfig1_2.14.1-4_amd64.deb ...
#6 9.572 Unpacking libfontconfig1:amd64 (2.14.1-4) ...
#6 9.599 Selecting previously unselected package libaom3:amd64.
#6 9.599 Preparing to unpack .../52-libaom3_3.6.0-1_amd64.deb ...
#6 9.600 Unpacking libaom3:amd64 (3.6.0-1) ...
#6 9.760 Selecting previously unselected package libdav1d6:amd64.
#6 9.762 Preparing to unpack .../53-libdav1d6_1.0.0-2_amd64.deb ...
#6 9.763 Unpacking libdav1d6:amd64 (1.0.0-2) ...
#6 9.817 Selecting previously unselected package libde265-0:amd64.
#6 9.819 Preparing to unpack .../54-libde265-0_1.0.11-1_amd64.deb ...
#6 9.820 Unpacking libde265-0:amd64 (1.0.11-1) ...
#6 9.849 Selecting previously unselected package libnuma1:amd64.
#6 9.851 Preparing to unpack .../55-libnuma1_2.0.16-1_amd64.deb ...
#6 9.852 Unpacking libnuma1:amd64 (2.0.16-1) ...
#6 9.868 Selecting previously unselected package libx265-199:amd64.
#6 9.870 Preparing to unpack .../56-libx265-199_3.5-2+b1_amd64.deb ...
#6 9.871 Unpacking libx265-199:amd64 (3.5-2+b1) ...
#6 9.992 Selecting previously unselected package libheif1:amd64.
#6 9.992 Preparing to unpack .../57-libheif1_1.15.1-1_amd64.deb ...
#6 9.993 Unpacking libheif1:amd64 (1.15.1-1) ...
#6 10.03 Selecting previously unselected package libjbig0:amd64.
#6 10.03 Preparing to unpack .../58-libjbig0_2.1-6.1_amd64.deb ...
#6 10.03 Unpacking libjbig0:amd64 (2.1-6.1) ...
#6 10.04 Selecting previously unselected package libjpeg62-turbo:amd64.
#6 10.04 Preparing to unpack .../59-libjpeg62-turbo_1%3a2.1.5-2_amd64.deb ...
#6 10.05 Unpacking libjpeg62-turbo:amd64 (1:2.1.5-2) ...
#6 10.07 Selecting previously unselected package liblcms2-2:amd64.
#6 10.07 Preparing to unpack .../60-liblcms2-2_2.14-2_amd64.deb ...
#6 10.08 Unpacking liblcms2-2:amd64 (2.14-2) ...
#6 10.11 Selecting previously unselected package libglib2.0-0:amd64.
#6 10.11 Preparing to unpack .../61-libglib2.0-0_2.74.6-1_amd64.deb ...
#6 10.11 Unpacking libglib2.0-0:amd64 (2.74.6-1) ...
#6 10.23 Selecting previously unselected package liblqr-1-0:amd64.
#6 10.23 Preparing to unpack .../62-liblqr-1-0_0.4.2-2.1_amd64.deb ...
#6 10.23 Unpacking liblqr-1-0:amd64 (0.4.2-2.1) ...
#6 10.25 Selecting previously unselected package libltdl7:amd64.
#6 10.25 Preparing to unpack .../63-libltdl7_2.4.7-5_amd64.deb ...
#6 10.25 Unpacking libltdl7:amd64 (2.4.7-5) ...
#6 10.27 Selecting previously unselected package libopenjp2-7:amd64.
#6 10.27 Preparing to unpack .../64-libopenjp2-7_2.5.0-1+b1_amd64.deb ...
#6 10.27 Unpacking libopenjp2-7:amd64 (2.5.0-1+b1) ...
#6 10.30 Selecting previously unselected package libdeflate0:amd64.
#6 10.30 Preparing to unpack .../65-libdeflate0_1.14-1_amd64.deb ...
#6 10.30 Unpacking libdeflate0:amd64 (1.14-1) ...
#6 10.32 Selecting previously unselected package liblerc4:amd64.
#6 10.32 Preparing to unpack .../66-liblerc4_4.0.0+ds-2_amd64.deb ...
#6 10.32 Unpacking liblerc4:amd64 (4.0.0+ds-2) ...
#6 10.35 Selecting previously unselected package libwebp7:amd64.
#6 10.35 Preparing to unpack .../67-libwebp7_1.2.4-0.1_amd64.deb ...
#6 10.35 Unpacking libwebp7:amd64 (1.2.4-0.1) ...
#6 10.39 Selecting previously unselected package libtiff6:amd64.
#6 10.39 Preparing to unpack .../68-libtiff6_4.5.0-5_amd64.deb ...
#6 10.39 Unpacking libtiff6:amd64 (4.5.0-5) ...
#6 10.42 Selecting previously unselected package libwebpdemux2:amd64.
#6 10.42 Preparing to unpack .../69-libwebpdemux2_1.2.4-0.1_amd64.deb ...
#6 10.42 Unpacking libwebpdemux2:amd64 (1.2.4-0.1) ...
#6 10.44 Selecting previously unselected package libwebpmux3:amd64.
#6 10.44 Preparing to unpack .../70-libwebpmux3_1.2.4-0.1_amd64.deb ...
#6 10.44 Unpacking libwebpmux3:amd64 (1.2.4-0.1) ...
#6 10.46 Selecting previously unselected package libxau6:amd64.
#6 10.47 Preparing to unpack .../71-libxau6_1%3a1.0.9-1_amd64.deb ...
#6 10.47 Unpacking libxau6:amd64 (1:1.0.9-1) ...
#6 10.48 Selecting previously unselected package libbsd0:amd64.
#6 10.48 Preparing to unpack .../72-libbsd0_0.11.7-4_amd64.deb ...
#6 10.48 Unpacking libbsd0:amd64 (0.11.7-4) ...
#6 10.50 Selecting previously unselected package libxdmcp6:amd64.
#6 10.51 Preparing to unpack .../73-libxdmcp6_1%3a1.1.2-3_amd64.deb ...
#6 10.51 Unpacking libxdmcp6:amd64 (1:1.1.2-3) ...
#6 10.52 Selecting previously unselected package libxcb1:amd64.
#6 10.52 Preparing to unpack .../74-libxcb1_1.15-1_amd64.deb ...
#6 10.52 Unpacking libxcb1:amd64 (1.15-1) ...
#6 10.54 Selecting previously unselected package libx11-data.
#6 10.54 Preparing to unpack .../75-libx11-data_2%3a1.8.4-2_all.deb ...
#6 10.55 Unpacking libx11-data (2:1.8.4-2) ...
#6 10.59 Selecting previously unselected package libx11-6:amd64.
#6 10.60 Preparing to unpack .../76-libx11-6_2%3a1.8.4-2_amd64.deb ...
#6 10.60 Unpacking libx11-6:amd64 (2:1.8.4-2) ...
#6 10.66 Selecting previously unselected package libxext6:amd64.
#6 10.67 Preparing to unpack .../77-libxext6_2%3a1.3.4-1+b1_amd64.deb ...
#6 10.67 Unpacking libxext6:amd64 (2:1.3.4-1+b1) ...
#6 10.69 Selecting previously unselected package imagemagick-6-common.
#6 10.69 Preparing to unpack .../78-imagemagick-6-common_8%3a6.9.11.60+dfsg-1.6_all.deb ...
#6 10.69 Unpacking imagemagick-6-common (8:6.9.11.60+dfsg-1.6) ...
#6 10.72 Selecting previously unselected package libmagickcore-6.q16-6:amd64.
#6 10.72 Preparing to unpack .../79-libmagickcore-6.q16-6_8%3a6.9.11.60+dfsg-1.6_amd64.deb ...
#6 10.72 Unpacking libmagickcore-6.q16-6:amd64 (8:6.9.11.60+dfsg-1.6) ...
#6 10.88 Selecting previously unselected package libmagickwand-6.q16-6:amd64.
#6 10.88 Preparing to unpack .../80-libmagickwand-6.q16-6_8%3a6.9.11.60+dfsg-1.6_amd64.deb ...
#6 10.88 Unpacking libmagickwand-6.q16-6:amd64 (8:6.9.11.60+dfsg-1.6) ...
#6 10.93 Selecting previously unselected package psmisc.
#6 10.93 Preparing to unpack .../81-psmisc_23.6-1_amd64.deb ...
#6 10.93 Unpacking psmisc (23.6-1) ...
#6 10.97 Selecting previously unselected package php-common.
#6 10.97 Preparing to unpack .../82-php-common_2%3a93_all.deb ...
#6 10.97 Unpacking php-common (2:93) ...
#6 10.99 Selecting previously unselected package sensible-utils.
#6 10.99 Preparing to unpack .../83-sensible-utils_0.0.17+nmu1_all.deb ...
#6 10.99 Unpacking sensible-utils (0.0.17+nmu1) ...
#6 11.02 Selecting previously unselected package ucf.
#6 11.02 Preparing to unpack .../84-ucf_3.0043+nmu1_all.deb ...
#6 11.03 Moving old data out of the way
#6 11.03 Unpacking ucf (3.0043+nmu1) ...
#6 11.05 Selecting previously unselected package php8.2-common.
#6 11.05 Preparing to unpack .../85-php8.2-common_8.2.4-1_amd64.deb ...
#6 11.05 Unpacking php8.2-common (8.2.4-1) ...
#6 11.12 Selecting previously unselected package libedit2:amd64.
#6 11.13 Preparing to unpack .../86-libedit2_3.1-20221030-2_amd64.deb ...
#6 11.13 Unpacking libedit2:amd64 (3.1-20221030-2) ...
#6 11.15 Selecting previously unselected package libmagic-mgc.
#6 11.15 Preparing to unpack .../87-libmagic-mgc_1%3a5.44-3_amd64.deb ...
#6 11.15 Unpacking libmagic-mgc (1:5.44-3) ...
#6 11.20 Selecting previously unselected package libmagic1:amd64.
#6 11.20 Preparing to unpack .../88-libmagic1_1%3a5.44-3_amd64.deb ...
#6 11.20 Unpacking libmagic1:amd64 (1:5.44-3) ...
#6 11.22 Selecting previously unselected package php8.2-opcache.
#6 11.22 Preparing to unpack .../89-php8.2-opcache_8.2.4-1_amd64.deb ...
#6 11.22 Unpacking php8.2-opcache (8.2.4-1) ...
#6 11.27 Selecting previously unselected package php8.2-readline.
#6 11.27 Preparing to unpack .../90-php8.2-readline_8.2.4-1_amd64.deb ...
#6 11.27 Unpacking php8.2-readline (8.2.4-1) ...
#6 11.29 Selecting previously unselected package libargon2-1:amd64.
#6 11.29 Preparing to unpack .../91-libargon2-1_0~20190702+dfsg-2_amd64.deb ...
#6 11.29 Unpacking libargon2-1:amd64 (0~20190702+dfsg-2) ...
#6 11.31 Selecting previously unselected package libsodium23:amd64.
#6 11.31 Preparing to unpack .../92-libsodium23_1.0.18-1_amd64.deb ...
#6 11.31 Unpacking libsodium23:amd64 (1.0.18-1) ...
#6 11.34 Selecting previously unselected package php8.2-cli.
#6 11.34 Preparing to unpack .../93-php8.2-cli_8.2.4-1_amd64.deb ...
#6 11.34 Unpacking php8.2-cli (8.2.4-1) ...
#6 11.50 Selecting previously unselected package libapache2-mod-php8.2.
#6 11.50 Preparing to unpack .../94-libapache2-mod-php8.2_8.2.4-1_amd64.deb ...
#6 11.50 Unpacking libapache2-mod-php8.2 (8.2.4-1) ...
#6 11.66 Setting up psmisc (23.6-1) ...
#6 11.67 Setting up php-common (2:93) ...
#6 11.81 Selecting previously unselected package php8.2-imagick.
#6 11.81 (Reading database ... (Reading database ... 5%(Reading database ... 10%(Reading database ... 15%(Reading database ... 20%(Reading database ... 25%(Reading database ... 30%(Reading database ... 35%(Reading database ... 40%(Reading database ... 45%(Reading database ... 50%(Reading database ... 55%(Reading database ... 60%(Reading database ... 65%(Reading database ... 70%(Reading database ... 75%(Reading database ... 80%(Reading database ... 85%(Reading database ... 90%(Reading database ... 95%(Reading database ... 100%(Reading database ... 10832 files and directories currently installed.)
#6 11.82 Preparing to unpack .../000-php8.2-imagick_3.7.0-4_amd64.deb ...
#6 11.82 Unpacking php8.2-imagick (3.7.0-4) ...
#6 11.85 Selecting previously unselected package php-imagick.
#6 11.85 Preparing to unpack .../001-php-imagick_3.7.0-4_amd64.deb ...
#6 11.85 Unpacking php-imagick (3.7.0-4) ...
#6 11.86 Selecting previously unselected package poppler-data.
#6 11.86 Preparing to unpack .../002-poppler-data_0.4.12-1_all.deb ...
#6 11.86 Unpacking poppler-data (0.4.12-1) ...
#6 12.07 Selecting previously unselected package less.
#6 12.07 Preparing to unpack .../003-less_590-2_amd64.deb ...
#6 12.07 Unpacking less (590-2) ...
#6 12.10 Selecting previously unselected package netbase.
#6 12.10 Preparing to unpack .../004-netbase_6.4_all.deb ...
#6 12.10 Unpacking netbase (6.4) ...
#6 12.12 Selecting previously unselected package openssl.
#6 12.12 Preparing to unpack .../005-openssl_3.0.8-1_amd64.deb ...
#6 12.12 Unpacking openssl (3.0.8-1) ...
#6 12.24 Selecting previously unselected package ca-certificates.
#6 12.24 Preparing to unpack .../006-ca-certificates_20230311_all.deb ...
#6 12.24 Unpacking ca-certificates (20230311) ...
#6 12.28 Selecting previously unselected package krb5-locales.
#6 12.28 Preparing to unpack .../007-krb5-locales_1.20.1-1_all.deb ...
#6 12.28 Unpacking krb5-locales (1.20.1-1) ...
#6 12.30 Selecting previously unselected package libcbor0.8:amd64.
#6 12.30 Preparing to unpack .../008-libcbor0.8_0.8.0-2+b1_amd64.deb ...
#6 12.30 Unpacking libcbor0.8:amd64 (0.8.0-2+b1) ...
#6 12.32 Selecting previously unselected package libfido2-1:amd64.
#6 12.32 Preparing to unpack .../009-libfido2-1_1.12.0-2_amd64.deb ...
#6 12.32 Unpacking libfido2-1:amd64 (1.12.0-2) ...
#6 12.35 Selecting previously unselected package openssh-client.
#6 12.35 Preparing to unpack .../010-openssh-client_1%3a9.2p1-2_amd64.deb ...
#6 12.35 Unpacking openssh-client (1:9.2p1-2) ...
#6 12.44 Selecting previously unselected package fontconfig.
#6 12.44 Preparing to unpack .../011-fontconfig_2.14.1-4_amd64.deb ...
#6 12.45 Unpacking fontconfig (2.14.1-4) ...
#6 12.47 Selecting previously unselected package fonts-noto-mono.
#6 12.47 Preparing to unpack .../012-fonts-noto-mono_20201225-1_all.deb ...
#6 12.48 Unpacking fonts-noto-mono (20201225-1) ...
#6 12.52 Selecting previously unselected package libgs-common.
#6 12.52 Preparing to unpack .../013-libgs-common_10.0.0~dfsg-9_all.deb ...
#6 12.52 Unpacking libgs-common (10.0.0~dfsg-9) ...
#6 12.55 Selecting previously unselected package libgs10-common.
#6 12.55 Preparing to unpack .../014-libgs10-common_10.0.0~dfsg-9_all.deb ...
#6 12.55 Unpacking libgs10-common (10.0.0~dfsg-9) ...
#6 12.62 Selecting previously unselected package libavahi-common-data:amd64.
#6 12.62 Preparing to unpack .../015-libavahi-common-data_0.8-9_amd64.deb ...
#6 12.62 Unpacking libavahi-common-data:amd64 (0.8-9) ...
#6 12.65 Selecting previously unselected package libavahi-common3:amd64.
#6 12.65 Preparing to unpack .../016-libavahi-common3_0.8-9_amd64.deb ...
#6 12.65 Unpacking libavahi-common3:amd64 (0.8-9) ...
#6 12.67 Selecting previously unselected package libavahi-client3:amd64.
#6 12.67 Preparing to unpack .../017-libavahi-client3_0.8-9_amd64.deb ...
#6 12.67 Unpacking libavahi-client3:amd64 (0.8-9) ...
#6 12.69 Selecting previously unselected package libcups2:amd64.
#6 12.69 Preparing to unpack .../018-libcups2_2.4.2-2_amd64.deb ...
#6 12.69 Unpacking libcups2:amd64 (2.4.2-2) ...
#6 12.72 Selecting previously unselected package libidn12:amd64.
#6 12.73 Preparing to unpack .../019-libidn12_1.41-1_amd64.deb ...
#6 12.73 Unpacking libidn12:amd64 (1.41-1) ...
#6 12.75 Selecting previously unselected package libijs-0.35:amd64.
#6 12.75 Preparing to unpack .../020-libijs-0.35_0.35-15_amd64.deb ...
#6 12.75 Unpacking libijs-0.35:amd64 (0.35-15) ...
#6 12.76 Selecting previously unselected package libjbig2dec0:amd64.
#6 12.77 Preparing to unpack .../021-libjbig2dec0_0.19-3_amd64.deb ...
#6 12.77 Unpacking libjbig2dec0:amd64 (0.19-3) ...
#6 12.79 Selecting previously unselected package libpaper1:amd64.
#6 12.79 Preparing to unpack .../022-libpaper1_1.1.29_amd64.deb ...
#6 12.79 Unpacking libpaper1:amd64 (1.1.29) ...
#6 12.80 Selecting previously unselected package libice6:amd64.
#6 12.81 Preparing to unpack .../023-libice6_2%3a1.0.10-1_amd64.deb ...
#6 12.81 Unpacking libice6:amd64 (2:1.0.10-1) ...
#6 12.83 Selecting previously unselected package libsm6:amd64.
#6 12.83 Preparing to unpack .../024-libsm6_2%3a1.2.3-1_amd64.deb ...
#6 12.83 Unpacking libsm6:amd64 (2:1.2.3-1) ...
#6 12.84 Selecting previously unselected package libxt6:amd64.
#6 12.84 Preparing to unpack .../025-libxt6_1%3a1.2.1-1_amd64.deb ...
#6 12.85 Unpacking libxt6:amd64 (1:1.2.1-1) ...
#6 12.88 Selecting previously unselected package libgs10:amd64.
#6 12.88 Preparing to unpack .../026-libgs10_10.0.0~dfsg-9+b1_amd64.deb ...
#6 12.88 Unpacking libgs10:amd64 (10.0.0~dfsg-9+b1) ...
#6 13.12 Selecting previously unselected package ghostscript.
#6 13.13 Preparing to unpack .../027-ghostscript_10.0.0~dfsg-9+b1_amd64.deb ...
#6 13.13 Unpacking ghostscript (10.0.0~dfsg-9+b1) ...
#6 13.15 Selecting previously unselected package libcurl3-gnutls:amd64.
#6 13.15 Preparing to unpack .../028-libcurl3-gnutls_7.88.1-6_amd64.deb ...
#6 13.15 Unpacking libcurl3-gnutls:amd64 (7.88.1-6) ...
#6 13.19 Selecting previously unselected package liberror-perl.
#6 13.19 Preparing to unpack .../029-liberror-perl_0.17029-2_all.deb ...
#6 13.19 Unpacking liberror-perl (0.17029-2) ...
#6 13.21 Selecting previously unselected package git-man.
#6 13.21 Preparing to unpack .../030-git-man_1%3a2.39.2-1.1_all.deb ...
#6 13.21 Unpacking git-man (1:2.39.2-1.1) ...
#6 13.32 Selecting previously unselected package git.
#6 13.32 Preparing to unpack .../031-git_1%3a2.39.2-1.1_amd64.deb ...
#6 13.32 Unpacking git (1:2.39.2-1.1) ...
#6 13.73 Selecting previously unselected package gsfonts.
#6 13.73 Preparing to unpack .../032-gsfonts_2%3a20200910-7_all.deb ...
#6 13.74 Unpacking gsfonts (2:20200910-7) ...
#6 13.76 Selecting previously unselected package javascript-common.
#6 13.76 Preparing to unpack .../033-javascript-common_11+nmu1_all.deb ...
#6 13.77 Unpacking javascript-common (11+nmu1) ...
#6 13.78 Selecting previously unselected package libabsl20220623:amd64.
#6 13.79 Preparing to unpack .../034-libabsl20220623_20220623.1-1_amd64.deb ...
#6 13.79 Unpacking libabsl20220623:amd64 (20220623.1-1) ...
#6 13.84 Selecting previously unselected package libgav1-1:amd64.
#6 13.84 Preparing to unpack .../035-libgav1-1_0.18.0-1+b1_amd64.deb ...
#6 13.84 Unpacking libgav1-1:amd64 (0.18.0-1+b1) ...
#6 13.89 Selecting previously unselected package librav1e0:amd64.
#6 13.89 Preparing to unpack .../036-librav1e0_0.5.1-6_amd64.deb ...
#6 13.89 Unpacking librav1e0:amd64 (0.5.1-6) ...
#6 13.97 Selecting previously unselected package libsvtav1enc1:amd64.
#6 13.97 Preparing to unpack .../037-libsvtav1enc1_1.4.1+dfsg-1_amd64.deb ...
#6 13.97 Unpacking libsvtav1enc1:amd64 (1.4.1+dfsg-1) ...
#6 14.17 Selecting previously unselected package libyuv0:amd64.
#6 14.18 Preparing to unpack .../038-libyuv0_0.0~git20230123.b2528b0-1_amd64.deb ...
#6 14.18 Unpacking libyuv0:amd64 (0.0~git20230123.b2528b0-1) ...
#6 14.21 Selecting previously unselected package libavif15:amd64.
#6 14.21 Preparing to unpack .../039-libavif15_0.11.1-1_amd64.deb ...
#6 14.21 Unpacking libavif15:amd64 (0.11.1-1) ...
#6 14.23 Selecting previously unselected package libpixman-1-0:amd64.
#6 14.23 Preparing to unpack .../040-libpixman-1-0_0.42.2-1_amd64.deb ...
#6 14.23 Unpacking libpixman-1-0:amd64 (0.42.2-1) ...
#6 14.27 Selecting previously unselected package libxcb-render0:amd64.
#6 14.27 Preparing to unpack .../041-libxcb-render0_1.15-1_amd64.deb ...
#6 14.28 Unpacking libxcb-render0:amd64 (1.15-1) ...
#6 14.30 Selecting previously unselected package libxcb-shm0:amd64.
#6 14.30 Preparing to unpack .../042-libxcb-shm0_1.15-1_amd64.deb ...
#6 14.30 Unpacking libxcb-shm0:amd64 (1.15-1) ...
#6 14.32 Selecting previously unselected package libxrender1:amd64.
#6 14.32 Preparing to unpack .../043-libxrender1_1%3a0.9.10-1.1_amd64.deb ...
#6 14.33 Unpacking libxrender1:amd64 (1:0.9.10-1.1) ...
#6 14.34 Selecting previously unselected package libcairo2:amd64.
#6 14.34 Preparing to unpack .../044-libcairo2_1.16.0-7_amd64.deb ...
#6 14.34 Unpacking libcairo2:amd64 (1.16.0-7) ...
#6 14.40 Selecting previously unselected package libdatrie1:amd64.
#6 14.40 Preparing to unpack .../045-libdatrie1_0.2.13-2+b1_amd64.deb ...
#6 14.40 Unpacking libdatrie1:amd64 (0.2.13-2+b1) ...
#6 14.42 Selecting previously unselected package libdjvulibre-text.
#6 14.42 Preparing to unpack .../046-libdjvulibre-text_3.5.28-2_all.deb ...
#6 14.42 Unpacking libdjvulibre-text (3.5.28-2) ...
#6 14.44 Selecting previously unselected package libdjvulibre21:amd64.
#6 14.44 Preparing to unpack .../047-libdjvulibre21_3.5.28-2+b1_amd64.deb ...
#6 14.44 Unpacking libdjvulibre21:amd64 (3.5.28-2+b1) ...
#6 14.51 Selecting previously unselected package libfribidi0:amd64.
#6 14.51 Preparing to unpack .../048-libfribidi0_1.0.8-2.1_amd64.deb ...
#6 14.51 Unpacking libfribidi0:amd64 (1.0.8-2.1) ...
#6 14.53 Selecting previously unselected package libxpm4:amd64.
#6 14.53 Preparing to unpack .../049-libxpm4_1%3a3.5.12-1.1_amd64.deb ...
#6 14.53 Unpacking libxpm4:amd64 (1:3.5.12-1.1) ...
#6 14.55 Selecting previously unselected package libgd3:amd64.
#6 14.55 Preparing to unpack .../050-libgd3_2.3.3-9_amd64.deb ...
#6 14.55 Unpacking libgd3:amd64 (2.3.3-9) ...
#6 14.57 Selecting previously unselected package libglib2.0-data.
#6 14.57 Preparing to unpack .../051-libglib2.0-data_2.74.6-1_all.deb ...
#6 14.58 Unpacking libglib2.0-data (2.74.6-1) ...
#6 14.69 Selecting previously unselected package libgpm2:amd64.
#6 14.69 Preparing to unpack .../052-libgpm2_1.20.7-10+b1_amd64.deb ...
#6 14.70 Unpacking libgpm2:amd64 (1.20.7-10+b1) ...
#6 14.71 Selecting previously unselected package libgraphite2-3:amd64.
#6 14.71 Preparing to unpack .../053-libgraphite2-3_1.3.14-1_amd64.deb ...
#6 14.71 Unpacking libgraphite2-3:amd64 (1.3.14-1) ...
#6 14.74 Selecting previously unselected package libharfbuzz0b:amd64.
#6 14.74 Preparing to unpack .../054-libharfbuzz0b_6.0.0+dfsg-3_amd64.deb ...
#6 14.74 Unpacking libharfbuzz0b:amd64 (6.0.0+dfsg-3) ...
#6 14.80 Selecting previously unselected package libimath-3-1-29:amd64.
#6 14.80 Preparing to unpack .../055-libimath-3-1-29_3.1.6-1_amd64.deb ...
#6 14.80 Unpacking libimath-3-1-29:amd64 (3.1.6-1) ...
#6 14.82 Selecting previously unselected package libjs-popper.js.
#6 14.82 Preparing to unpack .../056-libjs-popper.js_1.16.1+ds-6_all.deb ...
#6 14.83 Unpacking libjs-popper.js (1.16.1+ds-6) ...
#6 14.85 Selecting previously unselected package libjs-bootstrap4.
#6 14.85 Preparing to unpack .../057-libjs-bootstrap4_4.6.1+dfsg1-4_all.deb ...
#6 14.86 Unpacking libjs-bootstrap4 (4.6.1+dfsg1-4) ...
#6 14.93 Selecting previously unselected package libjs-d3.
#6 14.93 Preparing to unpack .../058-libjs-d3_3.5.17-4_all.deb ...
#6 14.93 Unpacking libjs-d3 (3.5.17-4) ...
#6 14.96 Selecting previously unselected package libjs-jquery.
#6 14.96 Preparing to unpack .../059-libjs-jquery_3.6.1+dfsg+~3.5.14-1_all.deb ...
#6 14.96 Unpacking libjs-jquery (3.6.1+dfsg+~3.5.14-1) ...
#6 15.00 Selecting previously unselected package libjs-sizzle.
#6 15.00 Preparing to unpack .../060-libjs-sizzle_2.3.6+ds+~2.3.3-2_all.deb ...
#6 15.00 Unpacking libjs-sizzle (2.3.6+ds+~2.3.3-2) ...
#6 15.02 Selecting previously unselected package libjxr0:amd64.
#6 15.02 Preparing to unpack .../061-libjxr0_1.2~git20170615.f752187-5_amd64.deb ...
#6 15.02 Unpacking libjxr0:amd64 (1.2~git20170615.f752187-5) ...
#6 15.04 Selecting previously unselected package libjxr-tools.
#6 15.05 Preparing to unpack .../062-libjxr-tools_1.2~git20170615.f752187-5_amd64.deb ...
#6 15.05 Unpacking libjxr-tools (1.2~git20170615.f752187-5) ...
#6 15.06 Selecting previously unselected package libldap-common.
#6 15.06 Preparing to unpack .../063-libldap-common_2.5.13+dfsg-5_all.deb ...
#6 15.06 Unpacking libldap-common (2.5.13+dfsg-5) ...
#6 15.08 Selecting previously unselected package libopenexr-3-1-30:amd64.
#6 15.08 Preparing to unpack .../064-libopenexr-3-1-30_3.1.5-4_amd64.deb ...
#6 15.08 Unpacking libopenexr-3-1-30:amd64 (3.1.5-4) ...
#6 15.18 Selecting previously unselected package libthai-data.
#6 15.18 Preparing to unpack .../065-libthai-data_0.1.29-1_all.deb ...
#6 15.18 Unpacking libthai-data (0.1.29-1) ...
#6 15.21 Selecting previously unselected package libthai0:amd64.
#6 15.21 Preparing to unpack .../066-libthai0_0.1.29-1_amd64.deb ...
#6 15.21 Unpacking libthai0:amd64 (0.1.29-1) ...
#6 15.23 Selecting previously unselected package libpango-1.0-0:amd64.
#6 15.23 Preparing to unpack .../067-libpango-1.0-0_1.50.12+ds-1_amd64.deb ...
#6 15.23 Unpacking libpango-1.0-0:amd64 (1.50.12+ds-1) ...
#6 15.26 Selecting previously unselected package libpangoft2-1.0-0:amd64.
#6 15.26 Preparing to unpack .../068-libpangoft2-1.0-0_1.50.12+ds-1_amd64.deb ...
#6 15.26 Unpacking libpangoft2-1.0-0:amd64 (1.50.12+ds-1) ...
#6 15.28 Selecting previously unselected package libpangocairo-1.0-0:amd64.
#6 15.28 Preparing to unpack .../069-libpangocairo-1.0-0_1.50.12+ds-1_amd64.deb ...
#6 15.28 Unpacking libpangocairo-1.0-0:amd64 (1.50.12+ds-1) ...
#6 15.30 Selecting previously unselected package libwmflite-0.2-7:amd64.
#6 15.30 Preparing to unpack .../070-libwmflite-0.2-7_0.2.12-5_amd64.deb ...
#6 15.30 Unpacking libwmflite-0.2-7:amd64 (0.2.12-5) ...
#6 15.32 Selecting previously unselected package libmagickcore-6.q16-6-extra:amd64.
#6 15.32 Preparing to unpack .../071-libmagickcore-6.q16-6-extra_8%3a6.9.11.60+dfsg-1.6_amd64.deb ...
#6 15.32 Unpacking libmagickcore-6.q16-6-extra:amd64 (8:6.9.11.60+dfsg-1.6) ...
#6 15.35 Selecting previously unselected package libonig5:amd64.
#6 15.35 Preparing to unpack .../072-libonig5_6.9.8-1_amd64.deb ...
#6 15.35 Unpacking libonig5:amd64 (6.9.8-1) ...
#6 15.38 Selecting previously unselected package libpaper-utils.
#6 15.38 Preparing to unpack .../073-libpaper-utils_1.1.29_amd64.deb ...
#6 15.40 Unpacking libpaper-utils (1.1.29) ...
#6 15.49 Selecting previously unselected package libsasl2-modules:amd64.
#6 15.49 Preparing to unpack .../074-libsasl2-modules_2.1.28+dfsg-11_amd64.deb ...
#6 15.50 Unpacking libsasl2-modules:amd64 (2.1.28+dfsg-11) ...
#6 15.52 Selecting previously unselected package libxmuu1:amd64.
#6 15.52 Preparing to unpack .../075-libxmuu1_2%3a1.1.3-3_amd64.deb ...
#6 15.52 Unpacking libxmuu1:amd64 (2:1.1.3-3) ...
#6 15.54 Selecting previously unselected package libxslt1.1:amd64.
#6 15.54 Preparing to unpack .../076-libxslt1.1_1.1.35-1_amd64.deb ...
#6 15.54 Unpacking libxslt1.1:amd64 (1.1.35-1) ...
#6 15.57 Selecting previously unselected package libzip4:amd64.
#6 15.57 Preparing to unpack .../077-libzip4_1.7.3-1+b1_amd64.deb ...
#6 15.57 Unpacking libzip4:amd64 (1.7.3-1+b1) ...
#6 15.59 Selecting previously unselected package node-jquery.
#6 15.59 Preparing to unpack .../078-node-jquery_3.6.1+dfsg+~3.5.14-1_all.deb ...
#6 15.59 Unpacking node-jquery (3.6.1+dfsg+~3.5.14-1) ...
#6 15.62 Selecting previously unselected package patch.
#6 15.62 Preparing to unpack .../079-patch_2.7.6-7_amd64.deb ...
#6 15.62 Unpacking patch (2.7.6-7) ...
#6 15.64 Selecting previously unselected package php8.2.
#6 15.65 Preparing to unpack .../080-php8.2_8.2.4-1_all.deb ...
#6 15.65 Unpacking php8.2 (8.2.4-1) ...
#6 15.66 Selecting previously unselected package php.
#6 15.66 Preparing to unpack .../081-php_2%3a8.2+93_all.deb ...
#6 15.66 Unpacking php (2:8.2+93) ...
#6 15.68 Selecting previously unselected package php8.2-xml.
#6 15.68 Preparing to unpack .../082-php8.2-xml_8.2.4-1_amd64.deb ...
#6 15.68 Unpacking php8.2-xml (8.2.4-1) ...
#6 15.70 Selecting previously unselected package php-xml.
#6 15.70 Preparing to unpack .../083-php-xml_2%3a8.2+93_all.deb ...
#6 15.71 Unpacking php-xml (2:8.2+93) ...
#6 15.73 Selecting previously unselected package php-parser.
#6 15.73 Preparing to unpack .../084-php-parser_4.15.4-1_all.deb ...
#6 15.73 Unpacking php-parser (4.15.4-1) ...
#6 15.78 Selecting previously unselected package php-file-iterator.
#6 15.78 Preparing to unpack .../085-php-file-iterator_3.0.6-2_all.deb ...
#6 15.78 Unpacking php-file-iterator (3.0.6-2) ...
#6 15.79 Selecting previously unselected package php-text-template.
#6 15.80 Preparing to unpack .../086-php-text-template_2.0.4-2_all.deb ...
#6 15.80 Unpacking php-text-template (2.0.4-2) ...
#6 15.81 Selecting previously unselected package phpunit-code-unit-reverse-lookup.
#6 15.81 Preparing to unpack .../087-phpunit-code-unit-reverse-lookup_2.0.3-5_all.deb ...
#6 15.81 Unpacking phpunit-code-unit-reverse-lookup (2.0.3-5) ...
#6 15.83 Selecting previously unselected package phpunit-complexity.
#6 15.83 Preparing to unpack .../088-phpunit-complexity_2.0.2-2_all.deb ...
#6 15.83 Unpacking phpunit-complexity (2.0.2-2) ...
#6 15.84 Selecting previously unselected package phpunit-environment.
#6 15.84 Preparing to unpack .../089-phpunit-environment_5.1.5-1_all.deb ...
#6 15.84 Unpacking phpunit-environment (5.1.5-1) ...
#6 15.86 Selecting previously unselected package phpunit-lines-of-code.
#6 15.86 Preparing to unpack .../090-phpunit-lines-of-code_1.0.3-2_all.deb ...
#6 15.86 Unpacking phpunit-lines-of-code (1.0.3-2) ...
#6 15.88 Selecting previously unselected package phpunit-version.
#6 15.88 Preparing to unpack .../091-phpunit-version_3.0.2-3_all.deb ...
#6 15.88 Unpacking phpunit-version (3.0.2-3) ...
#6 15.89 Selecting previously unselected package php-tokenizer.
#6 15.89 Preparing to unpack .../092-php-tokenizer_1.2.1-1_all.deb ...
#6 15.89 Unpacking php-tokenizer (1.2.1-1) ...
#6 15.91 Selecting previously unselected package php-codecoverage.
#6 15.91 Preparing to unpack .../093-php-codecoverage_9.2.26+dfsg-1_all.deb ...
#6 15.91 Unpacking php-codecoverage (9.2.26+dfsg-1) ...
#6 15.94 Selecting previously unselected package php8.2-curl.
#6 15.94 Preparing to unpack .../094-php8.2-curl_8.2.4-1_amd64.deb ...
#6 15.94 Unpacking php8.2-curl (8.2.4-1) ...
#6 15.96 Selecting previously unselected package php-curl.
#6 15.96 Preparing to unpack .../095-php-curl_2%3a8.2+93_all.deb ...
#6 15.96 Unpacking php-curl (2:8.2+93) ...
#6 15.98 Selecting previously unselected package php-deepcopy.
#6 15.98 Preparing to unpack .../096-php-deepcopy_1.11.1-1_all.deb ...
#6 15.98 Unpacking php-deepcopy (1.11.1-1) ...
#6 16.00 Selecting previously unselected package php-doctrine-instantiator.
#6 16.00 Preparing to unpack .../097-php-doctrine-instantiator_1.5.0-1_all.deb ...
#6 16.00 Unpacking php-doctrine-instantiator (1.5.0-1) ...
#6 16.01 Selecting previously unselected package php8.2-gd.
#6 16.02 Preparing to unpack .../098-php8.2-gd_8.2.4-1_amd64.deb ...
#6 16.02 Unpacking php8.2-gd (8.2.4-1) ...
#6 16.04 Selecting previously unselected package php-gd.
#6 16.04 Preparing to unpack .../099-php-gd_2%3a8.2+93_all.deb ...
#6 16.04 Unpacking php-gd (2:8.2+93) ...
#6 16.05 Selecting previously unselected package php8.2-intl.
#6 16.05 Preparing to unpack .../100-php8.2-intl_8.2.4-1_amd64.deb ...
#6 16.06 Unpacking php8.2-intl (8.2.4-1) ...
#6 16.08 Selecting previously unselected package php-intl.
#6 16.08 Preparing to unpack .../101-php-intl_2%3a8.2+93_all.deb ...
#6 16.08 Unpacking php-intl (2:8.2+93) ...
#6 16.10 Selecting previously unselected package php-invoker.
#6 16.10 Preparing to unpack .../102-php-invoker_3.1.1-3_all.deb ...
#6 16.10 Unpacking php-invoker (3.1.1-3) ...
#6 16.12 Selecting previously unselected package php8.2-mbstring.
#6 16.12 Preparing to unpack .../103-php8.2-mbstring_8.2.4-1_amd64.deb ...
#6 16.12 Unpacking php8.2-mbstring (8.2.4-1) ...
#6 16.17 Selecting previously unselected package php-mbstring.
#6 16.17 Preparing to unpack .../104-php-mbstring_2%3a8.2+93_all.deb ...
#6 16.17 Unpacking php-mbstring (2:8.2+93) ...
#6 16.19 Selecting previously unselected package php-phar-io-version.
#6 16.19 Preparing to unpack .../105-php-phar-io-version_3.2.1-1_all.deb ...
#6 16.19 Unpacking php-phar-io-version (3.2.1-1) ...
#6 16.20 Selecting previously unselected package php-phar-io-manifest.
#6 16.21 Preparing to unpack .../106-php-phar-io-manifest_2.0.3-1_all.deb ...
#6 16.21 Unpacking php-phar-io-manifest (2.0.3-1) ...
#6 16.23 Selecting previously unselected package php8.2-sqlite3.
#6 16.23 Preparing to unpack .../107-php8.2-sqlite3_8.2.4-1_amd64.deb ...
#6 16.23 Unpacking php8.2-sqlite3 (8.2.4-1) ...
#6 16.25 Selecting previously unselected package php-sqlite3.
#6 16.25 Preparing to unpack .../108-php-sqlite3_2%3a8.2+93_all.deb ...
#6 16.25 Unpacking php-sqlite3 (2:8.2+93) ...
#6 16.26 Selecting previously unselected package php-timer.
#6 16.26 Preparing to unpack .../109-php-timer_5.0.3-3_all.deb ...
#6 16.26 Unpacking php-timer (5.0.3-3) ...
#6 16.28 Selecting previously unselected package php8.2-zip.
#6 16.28 Preparing to unpack .../110-php8.2-zip_8.2.4-1_amd64.deb ...
#6 16.28 Unpacking php8.2-zip (8.2.4-1) ...
#6 16.30 Selecting previously unselected package php-zip.
#6 16.30 Preparing to unpack .../111-php-zip_2%3a8.2+93_all.deb ...
#6 16.30 Unpacking php-zip (2:8.2+93) ...
#6 16.31 Selecting previously unselected package phpunit-cli-parser.
#6 16.31 Preparing to unpack .../112-phpunit-cli-parser_1.0.1-3_all.deb ...
#6 16.31 Unpacking phpunit-cli-parser (1.0.1-3) ...
#6 16.33 Selecting previously unselected package phpunit-code-unit.
#6 16.33 Preparing to unpack .../113-phpunit-code-unit_1.0.8-3_all.deb ...
#6 16.33 Unpacking phpunit-code-unit (1.0.8-3) ...
#6 16.34 Selecting previously unselected package phpunit-diff.
#6 16.35 Preparing to unpack .../114-phpunit-diff_4.0.4-2_all.deb ...
#6 16.35 Unpacking phpunit-diff (4.0.4-2) ...
#6 16.36 Selecting previously unselected package phpunit-recursion-context.
#6 16.36 Preparing to unpack .../115-phpunit-recursion-context_4.0.5-1_all.deb ...
#6 16.36 Unpacking phpunit-recursion-context (4.0.5-1) ...
#6 16.38 Selecting previously unselected package phpunit-exporter.
#6 16.38 Preparing to unpack .../116-phpunit-exporter_4.0.5-1_all.deb ...
#6 16.38 Unpacking phpunit-exporter (4.0.5-1) ...
#6 16.39 Selecting previously unselected package phpunit-comparator.
#6 16.40 Preparing to unpack .../117-phpunit-comparator_4.0.8-1_all.deb ...
#6 16.40 Unpacking phpunit-comparator (4.0.8-1) ...
#6 16.41 Selecting previously unselected package phpunit-object-reflector.
#6 16.41 Preparing to unpack .../118-phpunit-object-reflector_2.0.4-3_all.deb ...
#6 16.41 Unpacking phpunit-object-reflector (2.0.4-3) ...
#6 16.43 Selecting previously unselected package phpunit-global-state.
#6 16.43 Preparing to unpack .../119-phpunit-global-state_5.0.5-1_all.deb ...
#6 16.43 Unpacking phpunit-global-state (5.0.5-1) ...
#6 16.44 Selecting previously unselected package phpunit-object-enumerator.
#6 16.45 Preparing to unpack .../120-phpunit-object-enumerator_4.0.4-2_all.deb ...
#6 16.45 Unpacking phpunit-object-enumerator (4.0.4-2) ...
#6 16.46 Selecting previously unselected package phpunit-resource-operations.
#6 16.46 Preparing to unpack .../121-phpunit-resource-operations_3.0.3-4_all.deb ...
#6 16.46 Unpacking phpunit-resource-operations (3.0.3-4) ...
#6 16.48 Selecting previously unselected package phpunit-type.
#6 16.48 Preparing to unpack .../122-phpunit-type_3.2.1-1_all.deb ...
#6 16.48 Unpacking phpunit-type (3.2.1-1) ...
#6 16.50 Selecting previously unselected package phpunit.
#6 16.50 Preparing to unpack .../123-phpunit_9.6.5-1_all.deb ...
#6 16.50 Unpacking phpunit (9.6.5-1) ...
#6 16.56 Selecting previously unselected package publicsuffix.
#6 16.56 Preparing to unpack .../124-publicsuffix_20230209.2326-1_all.deb ...
#6 16.56 Unpacking publicsuffix (20230209.2326-1) ...
#6 16.59 Selecting previously unselected package shared-mime-info.
#6 16.59 Preparing to unpack .../125-shared-mime-info_2.2-1_amd64.deb ...
#6 16.59 Unpacking shared-mime-info (2.2-1) ...
#6 16.67 Selecting previously unselected package ssl-cert.
#6 16.67 Preparing to unpack .../126-ssl-cert_1.1.2_all.deb ...
#6 16.67 Unpacking ssl-cert (1.1.2) ...
#6 16.68 Selecting previously unselected package xauth.
#6 16.68 Preparing to unpack .../127-xauth_1%3a1.1.2-1_amd64.deb ...
#6 16.69 Unpacking xauth (1:1.1.2-1) ...
#6 16.70 Selecting previously unselected package xdg-user-dirs.
#6 16.70 Preparing to unpack .../128-xdg-user-dirs_0.18-1_amd64.deb ...
#6 16.71 Unpacking xdg-user-dirs (0.18-1) ...
#6 16.74 Setting up libexpat1:amd64 (2.5.0-1) ...
#6 16.74 Setting up media-types (10.0.0) ...
#6 16.75 Setting up javascript-common (11+nmu1) ...
#6 16.76 Package apache2 is not configured yet. Will defer actions by package javascript-common.
#6 16.77 Setting up libgraphite2-3:amd64 (1.3.14-1) ...
#6 16.77 Setting up liblcms2-2:amd64 (2.14-2) ...
#6 16.77 Setting up libpixman-1-0:amd64 (0.42.2-1) ...
#6 16.78 Setting up libaom3:amd64 (3.6.0-1) ...
#6 16.78 Setting up libabsl20220623:amd64 (20220623.1-1) ...
#6 16.78 Setting up libxau6:amd64 (1:1.0.9-1) ...
#6 16.78 Setting up imagemagick-6-common (8:6.9.11.60+dfsg-1.6) ...
#6 16.80 Setting up libkeyutils1:amd64 (1.6.3-2) ...
#6 16.80 Setting up libapparmor1:amd64 (3.0.8-3) ...
#6 16.80 Setting up libpsl5:amd64 (0.21.2-1) ...
#6 16.80 Setting up libsodium23:amd64 (1.0.18-1) ...
#6 16.81 Setting up libgpm2:amd64 (1.20.7-10+b1) ...
#6 16.81 Setting up libicu72:amd64 (72.1-3) ...
#6 16.81 Setting up liblerc4:amd64 (4.0.0+ds-2) ...
#6 16.81 Setting up fonts-noto-mono (20201225-1) ...
#6 16.82 Setting up phpunit-type (3.2.1-1) ...
#6 16.82 Setting up libwmflite-0.2-7:amd64 (0.2.12-5) ...
#6 16.82 Setting up libdatrie1:amd64 (0.2.13-2+b1) ...
#6 16.82 Setting up xdg-user-dirs (0.18-1) ...
#6 16.83 Setting up libjs-popper.js (1.16.1+ds-6) ...
#6 16.84 Setting up libmagic-mgc (1:5.44-3) ...
#6 16.84 Setting up libglib2.0-0:amd64 (2.74.6-1) ...
#6 16.85 No schema files found: doing nothing.
#6 16.85 Setting up libargon2-1:amd64 (0~20190702+dfsg-2) ...
#6 16.85 Setting up libijs-0.35:amd64 (0.35-15) ...
#6 16.86 Setting up libjxr0:amd64 (1.2~git20170615.f752187-5) ...
#6 16.86 Setting up libcbor0.8:amd64 (0.8.0-2+b1) ...
#6 16.86 Setting up libgs-common (10.0.0~dfsg-9) ...
#6 16.86 Setting up libbrotli1:amd64 (1.0.9-2+b6) ...
#6 16.87 Setting up libsqlite3-0:amd64 (3.40.1-2) ...
#6 16.87 Setting up libssl3:amd64 (3.0.8-1) ...
#6 16.87 Setting up x11-common (1:7.7+23) ...
#6 16.95 debconf: unable to initialize frontend: Dialog
#6 16.95 debconf: (TERM is not set, so the dialog frontend is not usable.)
#6 16.95 debconf: falling back to frontend: Readline
#6 16.96 debconf: unable to initialize frontend: Readline
#6 16.96 debconf: (This frontend requires a controlling tty.)
#6 16.96 debconf: falling back to frontend: Teletype
#6 16.97 invoke-rc.d: could not determine current runlevel
#6 16.97 invoke-rc.d: policy-rc.d denied execution of restart.
#6 16.98 Setting up libnghttp2-14:amd64 (1.52.0-1) ...
#6 16.98 Setting up libmagic1:amd64 (1:5.44-3) ...
#6 16.98 Setting up libdeflate0:amd64 (1.14-1) ...
#6 16.99 Setting up libapr1:amd64 (1.7.2-3) ...
#6 16.99 Setting up less (590-2) ...
#6 16.99 Setting up phpunit-resource-operations (3.0.3-4) ...
#6 17.00 Setting up phpunit-code-unit (1.0.8-3) ...
#6 17.00 Setting up krb5-locales (1.20.1-1) ...
#6 17.00 Setting up libsvtav1enc1:amd64 (1.4.1+dfsg-1) ...
#6 17.00 Setting up libgomp1:amd64 (12.2.0-14) ...
#6 17.01 Setting up libimath-3-1-29:amd64 (3.1.6-1) ...
#6 17.01 Setting up phpunit-object-reflector (2.0.4-3) ...
#6 17.01 Setting up libldap-common (2.5.13+dfsg-5) ...
#6 17.01 Setting up libjs-sizzle (2.3.6+ds+~2.3.3-2) ...
#6 17.02 Setting up libjbig0:amd64 (2.1-6.1) ...
#6 17.02 Setting up phpunit-diff (4.0.4-2) ...
#6 17.02 Setting up librav1e0:amd64 (0.5.1-6) ...
#6 17.02 Setting up php-phar-io-version (3.2.1-1) ...
#6 17.03 Setting up libjansson4:amd64 (2.14-2) ...
#6 17.03 Setting up poppler-data (0.4.12-1) ...
#6 17.04 Setting up libkrb5support0:amd64 (1.20.1-1) ...
#6 17.04 Setting up libsasl2-modules-db:amd64 (2.1.28+dfsg-11) ...
#6 17.04 Setting up libfontenc1:amd64 (1:1.1.4-1) ...
#6 17.05 Setting up perl-modules-5.36 (5.36.0-7) ...
#6 17.05 Setting up libglib2.0-data (2.74.6-1) ...
#6 17.05 Setting up libjpeg62-turbo:amd64 (1:2.1.5-2) ...
#6 17.05 Setting up libx11-data (2:1.8.4-2) ...
#6 17.06 Setting up libjbig2dec0:amd64 (0.19-3) ...
#6 17.06 Setting up librtmp1:amd64 (2.4+20151223.gitfa8646d.1-2+b2) ...
#6 17.06 Setting up libavahi-common-data:amd64 (0.8-9) ...
#6 17.06 Setting up libdbus-1-3:amd64 (1.14.6-1) ...
#6 17.07 Setting up xfonts-encodings (1:1.0.4-2.2) ...
#6 17.07 Setting up libopenexr-3-1-30:amd64 (3.1.5-4) ...
#6 17.07 Setting up libfribidi0:amd64 (1.0.8-2.1) ...
#6 17.07 Setting up libproc2-0:amd64 (2:4.0.3-1) ...
#6 17.09 Setting up libjs-d3 (3.5.17-4) ...
#6 17.09 Setting up libpng16-16:amd64 (1.6.39-2) ...
#6 17.09 Setting up php-file-iterator (3.0.6-2) ...
#6 17.09 Setting up libidn12:amd64 (1.41-1) ...
#6 17.10 Setting up patch (2.7.6-7) ...
#6 17.10 Setting up fonts-dejavu-core (2.37-6) ...
#6 17.11 Setting up php-deepcopy (1.11.1-1) ...
#6 17.11 Setting up php-text-template (2.0.4-2) ...
#6 17.11 Setting up libgav1-1:amd64 (0.18.0-1+b1) ...
#6 17.12 Setting up libncursesw6:amd64 (6.4-2) ...
#6 17.12 Setting up libk5crypto3:amd64 (1.20.1-1) ...
#6 17.12 Setting up libdav1d6:amd64 (1.0.0-2) ...
#6 17.12 Setting up libltdl7:amd64 (2.4.7-5) ...
#6 17.13 Setting up libfftw3-double3:amd64 (3.3.10-1) ...
#6 17.13 Setting up libsasl2-2:amd64 (2.1.28+dfsg-11) ...
#6 17.13 Setting up libwebp7:amd64 (1.2.4-0.1) ...
#6 17.13 Setting up phpunit-recursion-context (4.0.5-1) ...
#6 17.14 Setting up libnuma1:amd64 (2.0.16-1) ...
#6 17.14 Setting up liblqr-1-0:amd64 (0.4.2-2.1) ...
#6 17.14 Setting up sensible-utils (0.0.17+nmu1) ...
#6 17.14 Setting up libtiff6:amd64 (4.5.0-5) ...
#6 17.15 Setting up dbus-session-bus-common (1.14.6-1) ...
#6 17.15 Setting up php-doctrine-instantiator (1.5.0-1) ...
#6 17.15 Setting up liblua5.3-0:amd64 (5.3.6-2) ...
#6 17.15 Setting up procps (2:4.0.3-1) ...
#6 17.17 Setting up libopenjp2-7:amd64 (2.5.0-1+b1) ...
#6 17.18 Setting up git-man (1:2.39.2-1.1) ...
#6 17.18 Setting up libthai-data (0.1.29-1) ...
#6 17.18 Setting up libssh2-1:amd64 (1.10.0-3+b1) ...
#6 17.18 Setting up netbase (6.4) ...
#6 17.19 Setting up phpunit-object-enumerator (4.0.4-2) ...
#6 17.19 Setting up libkrb5-3:amd64 (1.20.1-1) ...
#6 17.20 Setting up php-invoker (3.1.1-3) ...
#6 17.20 Setting up apache2-data (2.4.56-1) ...
#6 17.20 Setting up fonts-droid-fallback (1:6.0.1r16-1.1) ...
#6 17.22 Setting up libjs-bootstrap4 (4.6.1+dfsg1-4) ...
#6 17.23 Setting up libdjvulibre-text (3.5.28-2) ...
#6 17.23 Setting up libjs-jquery (3.6.1+dfsg+~3.5.14-1) ...
#6 17.24 Setting up dbus-system-bus-common (1.14.6-1) ...
#6 17.29 Setting up libfido2-1:amd64 (1.12.0-2) ...
#6 17.29 Setting up libde265-0:amd64 (1.0.11-1) ...
#6 17.30 Setting up phpunit-environment (5.1.5-1) ...
#6 17.30 Setting up openssl (3.0.8-1) ...
#6 17.30 Setting up libwebpmux3:amd64 (1.2.4-0.1) ...
#6 17.31 Setting up libbsd0:amd64 (0.11.7-4) ...
#6 17.31 Setting up php-timer (5.0.3-3) ...
#6 17.31 Setting up libyuv0:amd64 (0.0~git20230123.b2528b0-1) ...
#6 17.31 Setting up phpunit-cli-parser (1.0.1-3) ...
#6 17.31 Setting up publicsuffix (20230209.2326-1) ...
#6 17.32 Setting up libxml2:amd64 (2.9.14+dfsg-1.1+b3) ...
#6 17.32 Setting up phpunit-global-state (5.0.5-1) ...
#6 17.32 Setting up dbus-bin (1.14.6-1) ...
#6 17.32 Setting up libonig5:amd64 (6.9.8-1) ...
#6 17.33 Setting up node-jquery (3.6.1+dfsg+~3.5.14-1) ...
#6 17.33 Setting up phpunit-code-unit-reverse-lookup (2.0.3-5) ...
#6 17.33 Setting up libgdbm6:amd64 (1.23-3) ...
#6 17.33 Setting up libaprutil1:amd64 (1.6.3-1) ...
#6 17.33 Setting up phpunit-version (3.0.2-3) ...
#6 17.34 Setting up libice6:amd64 (2:1.0.10-1) ...
#6 17.34 Setting up libxdmcp6:amd64 (1:1.1.2-3) ...
#6 17.34 Setting up libxcb1:amd64 (1.15-1) ...
#6 17.35 Setting up libjxr-tools (1.2~git20170615.f752187-5) ...
#6 17.35 Setting up libavif15:amd64 (0.11.1-1) ...
#6 17.35 Setting up libxcb-render0:amd64 (1.15-1) ...
#6 17.35 Setting up fontconfig-config (2.14.1-4) ...
#6 17.42 debconf: unable to initialize frontend: Dialog
#6 17.42 debconf: (TERM is not set, so the dialog frontend is not usable.)
#6 17.42 debconf: falling back to frontend: Readline
#6 17.43 debconf: unable to initialize frontend: Readline
#6 17.43 debconf: (This frontend requires a controlling tty.)
#6 17.43 debconf: falling back to frontend: Teletype
#6 17.55 Setting up libzip4:amd64 (1.7.3-1+b1) ...
#6 17.55 Setting up libwebpdemux2:amd64 (1.2.4-0.1) ...
#6 17.55 Setting up libedit2:amd64 (3.1-20221030-2) ...
#6 17.55 Setting up libsasl2-modules:amd64 (2.1.28+dfsg-11) ...
#6 17.56 Setting up libdjvulibre21:amd64 (3.5.28-2+b1) ...
#6 17.56 Setting up libavahi-common3:amd64 (0.8-9) ...
#6 17.57 Setting up libxcb-shm0:amd64 (1.15-1) ...
#6 17.57 Setting up dbus-daemon (1.14.6-1) ...
#6 17.57 Setting up libaprutil1-dbd-sqlite3:amd64 (1.6.3-1) ...
#6 17.58 Setting up libldap-2.5-0:amd64 (2.5.13+dfsg-5) ...
#6 17.58 Setting up phpunit-exporter (4.0.5-1) ...
#6 17.59 Setting up libthai0:amd64 (0.1.29-1) ...
#6 17.59 Setting up ca-certificates (20230311) ...
#6 17.66 debconf: unable to initialize frontend: Dialog
#6 17.66 debconf: (TERM is not set, so the dialog frontend is not usable.)
#6 17.66 debconf: falling back to frontend: Readline
#6 17.67 debconf: unable to initialize frontend: Readline
#6 17.67 debconf: (This frontend requires a controlling tty.)
#6 17.67 debconf: falling back to frontend: Teletype
#6 18.01 Updating certificates in /etc/ssl/certs...
#6 18.50 140 added, 0 removed; done.
#6 18.52 Setting up libfreetype6:amd64 (2.12.1+dfsg-4) ...
#6 18.53 Setting up ssl-cert (1.1.2) ...
#6 18.59 debconf: unable to initialize frontend: Dialog
#6 18.59 debconf: (TERM is not set, so the dialog frontend is not usable.)
#6 18.59 debconf: falling back to frontend: Readline
#6 18.60 debconf: unable to initialize frontend: Readline
#6 18.60 debconf: (This frontend requires a controlling tty.)
#6 18.60 debconf: falling back to frontend: Teletype
#6 18.79 Setting up dbus (1.14.6-1) ...
#6 18.81 invoke-rc.d: could not determine current runlevel
#6 18.81 invoke-rc.d: policy-rc.d denied execution of start.
#6 18.81 Setting up shared-mime-info (2.2-1) ...
#6 19.53 Setting up libgssapi-krb5-2:amd64 (1.20.1-1) ...
#6 19.53 Setting up libgdbm-compat4:amd64 (1.23-3) ...
#6 19.53 Setting up ucf (3.0043+nmu1) ...
#6 19.61 debconf: unable to initialize frontend: Dialog
#6 19.61 debconf: (TERM is not set, so the dialog frontend is not usable.)
#6 19.61 debconf: falling back to frontend: Readline
#6 19.61 debconf: unable to initialize frontend: Readline
#6 19.61 debconf: (This frontend requires a controlling tty.)
#6 19.61 debconf: falling back to frontend: Teletype
#6 19.64 Setting up libx265-199:amd64 (3.5-2+b1) ...
#6 19.64 Setting up libxslt1.1:amd64 (1.1.35-1) ...
#6 19.64 Setting up libcurl4:amd64 (7.88.1-6) ...
#6 19.64 Setting up libx11-6:amd64 (2:1.8.4-2) ...
#6 19.65 Setting up libharfbuzz0b:amd64 (6.0.0+dfsg-3) ...
#6 19.65 Setting up libfontconfig1:amd64 (2.14.1-4) ...
#6 19.65 Setting up libsm6:amd64 (2:1.2.3-1) ...
#6 19.65 Setting up libavahi-client3:amd64 (0.8-9) ...
#6 19.66 Setting up libperl5.36:amd64 (5.36.0-7) ...
#6 19.66 Setting up libxmuu1:amd64 (2:1.1.3-3) ...
#6 19.66 Setting up apache2-utils (2.4.56-1) ...
#6 19.66 Setting up libpaper1:amd64 (1.1.29) ...
#6 19.73 debconf: unable to initialize frontend: Dialog
#6 19.73 debconf: (TERM is not set, so the dialog frontend is not usable.)
#6 19.73 debconf: falling back to frontend: Readline
#6 19.74 debconf: unable to initialize frontend: Readline
#6 19.74 debconf: (This frontend requires a controlling tty.)
#6 19.74 debconf: falling back to frontend: Teletype
#6 19.78 
#6 19.78 Creating config file /etc/papersize with new version
#6 19.81 Setting up fontconfig (2.14.1-4) ...
#6 19.81 Regenerating fonts cache... done.
#6 22.15 Setting up php8.2-common (8.2.4-1) ...
#6 22.24 debconf: unable to initialize frontend: Dialog
#6 22.24 debconf: (TERM is not set, so the dialog frontend is not usable.)
#6 22.24 debconf: falling back to frontend: Readline
#6 22.25 debconf: unable to initialize frontend: Readline
#6 22.25 debconf: (This frontend requires a controlling tty.)
#6 22.25 debconf: falling back to frontend: Teletype
#6 22.28 
#6 22.28 Creating config file /etc/php/8.2/mods-available/calendar.ini with new version
#6 22.46 debconf: unable to initialize frontend: Dialog
#6 22.46 debconf: (TERM is not set, so the dialog frontend is not usable.)
#6 22.46 debconf: falling back to frontend: Readline
#6 22.47 debconf: unable to initialize frontend: Readline
#6 22.47 debconf: (This frontend requires a controlling tty.)
#6 22.47 debconf: falling back to frontend: Teletype
#6 22.50 
#6 22.50 Creating config file /etc/php/8.2/mods-available/ctype.ini with new version
#6 22.68 debconf: unable to initialize frontend: Dialog
#6 22.68 debconf: (TERM is not set, so the dialog frontend is not usable.)
#6 22.68 debconf: falling back to frontend: Readline
#6 22.69 debconf: unable to initialize frontend: Readline
#6 22.69 debconf: (This frontend requires a controlling tty.)
#6 22.69 debconf: falling back to frontend: Teletype
#6 22.73 
#6 22.73 Creating config file /etc/php/8.2/mods-available/exif.ini with new version
#6 22.91 debconf: unable to initialize frontend: Dialog
#6 22.91 debconf: (TERM is not set, so the dialog frontend is not usable.)
#6 22.91 debconf: falling back to frontend: Readline
#6 22.91 debconf: unable to initialize frontend: Readline
#6 22.91 debconf: (This frontend requires a controlling tty.)
#6 22.91 debconf: falling back to frontend: Teletype
#6 22.95 
#6 22.95 Creating config file /etc/php/8.2/mods-available/fileinfo.ini with new version
#6 23.13 debconf: unable to initialize frontend: Dialog
#6 23.13 debconf: (TERM is not set, so the dialog frontend is not usable.)
#6 23.13 debconf: falling back to frontend: Readline
#6 23.14 debconf: unable to initialize frontend: Readline
#6 23.14 debconf: (This frontend requires a controlling tty.)
#6 23.14 debconf: falling back to frontend: Teletype
#6 23.17 
#6 23.17 Creating config file /etc/php/8.2/mods-available/ffi.ini with new version
#6 23.36 debconf: unable to initialize frontend: Dialog
#6 23.36 debconf: (TERM is not set, so the dialog frontend is not usable.)
#6 23.36 debconf: falling back to frontend: Readline
#6 23.36 debconf: unable to initialize frontend: Readline
#6 23.36 debconf: (This frontend requires a controlling tty.)
#6 23.36 debconf: falling back to frontend: Teletype
#6 23.40 
#6 23.40 Creating config file /etc/php/8.2/mods-available/ftp.ini with new version
#6 23.58 debconf: unable to initialize frontend: Dialog
#6 23.58 debconf: (TERM is not set, so the dialog frontend is not usable.)
#6 23.58 debconf: falling back to frontend: Readline
#6 23.59 debconf: unable to initialize frontend: Readline
#6 23.59 debconf: (This frontend requires a controlling tty.)
#6 23.59 debconf: falling back to frontend: Teletype
#6 23.62 
#6 23.62 Creating config file /etc/php/8.2/mods-available/gettext.ini with new version
#6 23.81 debconf: unable to initialize frontend: Dialog
#6 23.81 debconf: (TERM is not set, so the dialog frontend is not usable.)
#6 23.81 debconf: falling back to frontend: Readline
#6 23.82 debconf: unable to initialize frontend: Readline
#6 23.82 debconf: (This frontend requires a controlling tty.)
#6 23.82 debconf: falling back to frontend: Teletype
#6 23.85 
#6 23.85 Creating config file /etc/php/8.2/mods-available/iconv.ini with new version
#6 24.04 debconf: unable to initialize frontend: Dialog
#6 24.04 debconf: (TERM is not set, so the dialog frontend is not usable.)
#6 24.04 debconf: falling back to frontend: Readline
#6 24.04 debconf: unable to initialize frontend: Readline
#6 24.04 debconf: (This frontend requires a controlling tty.)
#6 24.04 debconf: falling back to frontend: Teletype
#6 24.08 
#6 24.08 Creating config file /etc/php/8.2/mods-available/pdo.ini with new version
#6 24.27 debconf: unable to initialize frontend: Dialog
#6 24.27 debconf: (TERM is not set, so the dialog frontend is not usable.)
#6 24.27 debconf: falling back to frontend: Readline
#6 24.27 debconf: unable to initialize frontend: Readline
#6 24.27 debconf: (This frontend requires a controlling tty.)
#6 24.27 debconf: falling back to frontend: Teletype
#6 24.31 
#6 24.31 Creating config file /etc/php/8.2/mods-available/phar.ini with new version
#6 24.50 debconf: unable to initialize frontend: Dialog
#6 24.50 debconf: (TERM is not set, so the dialog frontend is not usable.)
#6 24.50 debconf: falling back to frontend: Readline
#6 24.50 debconf: unable to initialize frontend: Readline
#6 24.50 debconf: (This frontend requires a controlling tty.)
#6 24.50 debconf: falling back to frontend: Teletype
#6 24.54 
#6 24.54 Creating config file /etc/php/8.2/mods-available/posix.ini with new version
#6 24.73 debconf: unable to initialize frontend: Dialog
#6 24.73 debconf: (TERM is not set, so the dialog frontend is not usable.)
#6 24.73 debconf: falling back to frontend: Readline
#6 24.73 debconf: unable to initialize frontend: Readline
#6 24.73 debconf: (This frontend requires a controlling tty.)
#6 24.73 debconf: falling back to frontend: Teletype
#6 24.77 
#6 24.77 Creating config file /etc/php/8.2/mods-available/shmop.ini with new version
#6 24.96 debconf: unable to initialize frontend: Dialog
#6 24.96 debconf: (TERM is not set, so the dialog frontend is not usable.)
#6 24.96 debconf: falling back to frontend: Readline
#6 24.96 debconf: unable to initialize frontend: Readline
#6 24.96 debconf: (This frontend requires a controlling tty.)
#6 24.96 debconf: falling back to frontend: Teletype
#6 25.00 
#6 25.00 Creating config file /etc/php/8.2/mods-available/sockets.ini with new version
#6 25.19 debconf: unable to initialize frontend: Dialog
#6 25.19 debconf: (TERM is not set, so the dialog frontend is not usable.)
#6 25.19 debconf: falling back to frontend: Readline
#6 25.20 debconf: unable to initialize frontend: Readline
#6 25.20 debconf: (This frontend requires a controlling tty.)
#6 25.20 debconf: falling back to frontend: Teletype
#6 25.23 
#6 25.23 Creating config file /etc/php/8.2/mods-available/sysvmsg.ini with new version
#6 25.42 debconf: unable to initialize frontend: Dialog
#6 25.42 debconf: (TERM is not set, so the dialog frontend is not usable.)
#6 25.42 debconf: falling back to frontend: Readline
#6 25.43 debconf: unable to initialize frontend: Readline
#6 25.43 debconf: (This frontend requires a controlling tty.)
#6 25.43 debconf: falling back to frontend: Teletype
#6 25.46 
#6 25.46 Creating config file /etc/php/8.2/mods-available/sysvsem.ini with new version
#6 25.65 debconf: unable to initialize frontend: Dialog
#6 25.65 debconf: (TERM is not set, so the dialog frontend is not usable.)
#6 25.65 debconf: falling back to frontend: Readline
#6 25.65 debconf: unable to initialize frontend: Readline
#6 25.65 debconf: (This frontend requires a controlling tty.)
#6 25.65 debconf: falling back to frontend: Teletype
#6 25.69 
#6 25.69 Creating config file /etc/php/8.2/mods-available/sysvshm.ini with new version
#6 25.88 debconf: unable to initialize frontend: Dialog
#6 25.88 debconf: (TERM is not set, so the dialog frontend is not usable.)
#6 25.88 debconf: falling back to frontend: Readline
#6 25.89 debconf: unable to initialize frontend: Readline
#6 25.89 debconf: (This frontend requires a controlling tty.)
#6 25.89 debconf: falling back to frontend: Teletype
#6 25.92 
#6 25.92 Creating config file /etc/php/8.2/mods-available/tokenizer.ini with new version
#6 26.03 Setting up libxpm4:amd64 (1:3.5.12-1.1) ...
#6 26.03 Setting up libxrender1:amd64 (1:0.9.10-1.1) ...
#6 26.03 Setting up php8.2-zip (8.2.4-1) ...
#6 26.12 debconf: unable to initialize frontend: Dialog
#6 26.12 debconf: (TERM is not set, so the dialog frontend is not usable.)
#6 26.12 debconf: falling back to frontend: Readline
#6 26.12 debconf: unable to initialize frontend: Readline
#6 26.12 debconf: (This frontend requires a controlling tty.)
#6 26.12 debconf: falling back to frontend: Teletype
#6 26.16 
#6 26.16 Creating config file /etc/php/8.2/mods-available/zip.ini with new version
#6 26.26 Setting up openssh-client (1:9.2p1-2) ...
#6 26.31 Setting up php8.2-opcache (8.2.4-1) ...
#6 26.40 debconf: unable to initialize frontend: Dialog
#6 26.40 debconf: (TERM is not set, so the dialog frontend is not usable.)
#6 26.40 debconf: falling back to frontend: Readline
#6 26.41 debconf: unable to initialize frontend: Readline
#6 26.41 debconf: (This frontend requires a controlling tty.)
#6 26.41 debconf: falling back to frontend: Teletype
#6 26.44 
#6 26.44 Creating config file /etc/php/8.2/mods-available/opcache.ini with new version
#6 26.55 Setting up php8.2-readline (8.2.4-1) ...
#6 26.64 debconf: unable to initialize frontend: Dialog
#6 26.64 debconf: (TERM is not set, so the dialog frontend is not usable.)
#6 26.64 debconf: falling back to frontend: Readline
#6 26.64 debconf: unable to initialize frontend: Readline
#6 26.64 debconf: (This frontend requires a controlling tty.)
#6 26.64 debconf: falling back to frontend: Teletype
#6 26.68 
#6 26.68 Creating config file /etc/php/8.2/mods-available/readline.ini with new version
#6 26.78 Setting up php8.2-mbstring (8.2.4-1) ...
#6 26.87 debconf: unable to initialize frontend: Dialog
#6 26.87 debconf: (TERM is not set, so the dialog frontend is not usable.)
#6 26.87 debconf: falling back to frontend: Readline
#6 26.88 debconf: unable to initialize frontend: Readline
#6 26.88 debconf: (This frontend requires a controlling tty.)
#6 26.88 debconf: falling back to frontend: Teletype
#6 26.91 
#6 26.91 Creating config file /etc/php/8.2/mods-available/mbstring.ini with new version
#6 27.02 Setting up libpango-1.0-0:amd64 (1.50.12+ds-1) ...
#6 27.02 Setting up libheif1:amd64 (1.15.1-1) ...
#6 27.03 Setting up libxext6:amd64 (2:1.3.4-1+b1) ...
#6 27.03 Setting up libcurl3-gnutls:amd64 (7.88.1-6) ...
#6 27.03 Setting up libpaper-utils (1.1.29) ...
#6 27.03 Setting up libaprutil1-ldap:amd64 (1.6.3-1) ...
#6 27.03 Setting up xfonts-utils (1:7.7+6) ...
#6 27.04 Setting up php-mbstring (2:8.2+93) ...
#6 27.04 Setting up php8.2-intl (8.2.4-1) ...
#6 27.13 debconf: unable to initialize frontend: Dialog
#6 27.13 debconf: (TERM is not set, so the dialog frontend is not usable.)
#6 27.13 debconf: falling back to frontend: Readline
#6 27.14 debconf: unable to initialize frontend: Readline
#6 27.14 debconf: (This frontend requires a controlling tty.)
#6 27.14 debconf: falling back to frontend: Teletype
#6 27.17 
#6 27.17 Creating config file /etc/php/8.2/mods-available/intl.ini with new version
#6 27.28 Setting up libcairo2:amd64 (1.16.0-7) ...
#6 27.28 Setting up phpunit-comparator (4.0.8-1) ...
#6 27.28 Setting up php-intl (2:8.2+93) ...
#6 27.29 Setting up libmagickcore-6.q16-6:amd64 (8:6.9.11.60+dfsg-1.6) ...
#6 27.29 Setting up perl (5.36.0-7) ...
#6 27.30 Setting up php8.2-curl (8.2.4-1) ...
#6 27.39 debconf: unable to initialize frontend: Dialog
#6 27.39 debconf: (TERM is not set, so the dialog frontend is not usable.)
#6 27.39 debconf: falling back to frontend: Readline
#6 27.39 debconf: unable to initialize frontend: Readline
#6 27.39 debconf: (This frontend requires a controlling tty.)
#6 27.39 debconf: falling back to frontend: Teletype
#6 27.43 
#6 27.43 Creating config file /etc/php/8.2/mods-available/curl.ini with new version
#6 27.54 Setting up php8.2-xml (8.2.4-1) ...
#6 27.63 debconf: unable to initialize frontend: Dialog
#6 27.63 debconf: (TERM is not set, so the dialog frontend is not usable.)
#6 27.63 debconf: falling back to frontend: Readline
#6 27.63 debconf: unable to initialize frontend: Readline
#6 27.63 debconf: (This frontend requires a controlling tty.)
#6 27.63 debconf: falling back to frontend: Teletype
#6 27.67 
#6 27.67 Creating config file /etc/php/8.2/mods-available/dom.ini with new version
#6 27.86 debconf: unable to initialize frontend: Dialog
#6 27.86 debconf: (TERM is not set, so the dialog frontend is not usable.)
#6 27.86 debconf: falling back to frontend: Readline
#6 27.87 debconf: unable to initialize frontend: Readline
#6 27.87 debconf: (This frontend requires a controlling tty.)
#6 27.87 debconf: falling back to frontend: Teletype
#6 27.91 
#6 27.91 Creating config file /etc/php/8.2/mods-available/simplexml.ini with new version
#6 28.10 debconf: unable to initialize frontend: Dialog
#6 28.10 debconf: (TERM is not set, so the dialog frontend is not usable.)
#6 28.10 debconf: falling back to frontend: Readline
#6 28.10 debconf: unable to initialize frontend: Readline
#6 28.10 debconf: (This frontend requires a controlling tty.)
#6 28.10 debconf: falling back to frontend: Teletype
#6 28.14 
#6 28.14 Creating config file /etc/php/8.2/mods-available/xml.ini with new version
#6 28.33 debconf: unable to initialize frontend: Dialog
#6 28.33 debconf: (TERM is not set, so the dialog frontend is not usable.)
#6 28.33 debconf: falling back to frontend: Readline
#6 28.34 debconf: unable to initialize frontend: Readline
#6 28.34 debconf: (This frontend requires a controlling tty.)
#6 28.34 debconf: falling back to frontend: Teletype
#6 28.38 
#6 28.38 Creating config file /etc/php/8.2/mods-available/xmlreader.ini with new version
#6 28.57 debconf: unable to initialize frontend: Dialog
#6 28.57 debconf: (TERM is not set, so the dialog frontend is not usable.)
#6 28.57 debconf: falling back to frontend: Readline
#6 28.57 debconf: unable to initialize frontend: Readline
#6 28.57 debconf: (This frontend requires a controlling tty.)
#6 28.57 debconf: falling back to frontend: Teletype
#6 28.61 
#6 28.61 Creating config file /etc/php/8.2/mods-available/xmlwriter.ini with new version
#6 28.80 debconf: unable to initialize frontend: Dialog
#6 28.80 debconf: (TERM is not set, so the dialog frontend is not usable.)
#6 28.80 debconf: falling back to frontend: Readline
#6 28.81 debconf: unable to initialize frontend: Readline
#6 28.81 debconf: (This frontend requires a controlling tty.)
#6 28.81 debconf: falling back to frontend: Teletype
#6 28.85 
#6 28.85 Creating config file /etc/php/8.2/mods-available/xsl.ini with new version
#6 28.95 Setting up libgd3:amd64 (2.3.3-9) ...
#6 28.96 Setting up libxt6:amd64 (1:1.2.1-1) ...
#6 28.96 Setting up libcups2:amd64 (2.4.2-2) ...
#6 28.96 Setting up xauth (1:1.1.2-1) ...
#6 28.96 Setting up php-zip (2:8.2+93) ...
#6 28.97 Setting up libmagickwand-6.q16-6:amd64 (8:6.9.11.60+dfsg-1.6) ...
#6 28.97 Setting up php8.2-gd (8.2.4-1) ...
#6 29.06 debconf: unable to initialize frontend: Dialog
#6 29.06 debconf: (TERM is not set, so the dialog frontend is not usable.)
#6 29.06 debconf: falling back to frontend: Readline
#6 29.07 debconf: unable to initialize frontend: Readline
#6 29.07 debconf: (This frontend requires a controlling tty.)
#6 29.07 debconf: falling back to frontend: Teletype
#6 29.11 
#6 29.11 Creating config file /etc/php/8.2/mods-available/gd.ini with new version
#6 29.21 Setting up php-gd (2:8.2+93) ...
#6 29.21 Setting up libpangoft2-1.0-0:amd64 (1.50.12+ds-1) ...
#6 29.22 Setting up php8.2-cli (8.2.4-1) ...
#6 29.22 update-alternatives: using /usr/bin/php8.2 to provide /usr/bin/php (php) in auto mode
#6 29.22 update-alternatives: warning: skip creation of /usr/share/man/man1/php.1.gz because associated file /usr/share/man/man1/php8.2.1.gz (of link group php) doesn't exist
#6 29.22 update-alternatives: using /usr/bin/phar8.2 to provide /usr/bin/phar (phar) in auto mode
#6 29.22 update-alternatives: warning: skip creation of /usr/share/man/man1/phar.1.gz because associated file /usr/share/man/man1/phar8.2.1.gz (of link group phar) doesn't exist
#6 29.22 update-alternatives: using /usr/bin/phar.phar8.2 to provide /usr/bin/phar.phar (phar.phar) in auto mode
#6 29.22 update-alternatives: warning: skip creation of /usr/share/man/man1/phar.phar.1.gz because associated file /usr/share/man/man1/phar.phar8.2.1.gz (of link group phar.phar) doesn't exist
#6 29.31 debconf: unable to initialize frontend: Dialog
#6 29.31 debconf: (TERM is not set, so the dialog frontend is not usable.)
#6 29.31 debconf: falling back to frontend: Readline
#6 29.32 debconf: unable to initialize frontend: Readline
#6 29.32 debconf: (This frontend requires a controlling tty.)
#6 29.32 debconf: falling back to frontend: Teletype
#6 29.36 
#6 29.36 Creating config file /etc/php/8.2/cli/php.ini with new version
#6 29.90 Setting up php8.2-sqlite3 (8.2.4-1) ...
#6 29.99 debconf: unable to initialize frontend: Dialog
#6 29.99 debconf: (TERM is not set, so the dialog frontend is not usable.)
#6 29.99 debconf: falling back to frontend: Readline
#6 29.99 debconf: unable to initialize frontend: Readline
#6 29.99 debconf: (This frontend requires a controlling tty.)
#6 29.99 debconf: falling back to frontend: Teletype
#6 30.03 
#6 30.03 Creating config file /etc/php/8.2/mods-available/sqlite3.ini with new version
#6 30.22 debconf: unable to initialize frontend: Dialog
#6 30.22 debconf: (TERM is not set, so the dialog frontend is not usable.)
#6 30.22 debconf: falling back to frontend: Readline
#6 30.23 debconf: unable to initialize frontend: Readline
#6 30.23 debconf: (This frontend requires a controlling tty.)
#6 30.23 debconf: falling back to frontend: Teletype
#6 30.27 
#6 30.27 Creating config file /etc/php/8.2/mods-available/pdo_sqlite.ini with new version
#6 30.37 Setting up php-tokenizer (1.2.1-1) ...
#6 30.38 Setting up libpangocairo-1.0-0:amd64 (1.50.12+ds-1) ...
#6 30.38 Setting up php-xml (2:8.2+93) ...
#6 30.38 Setting up php-curl (2:8.2+93) ...
#6 30.38 Setting up libmagickcore-6.q16-6-extra:amd64 (8:6.9.11.60+dfsg-1.6) ...
#6 30.38 Setting up php-phar-io-manifest (2.0.3-1) ...
#6 30.39 Setting up php-sqlite3 (2:8.2+93) ...
#6 30.39 Setting up fonts-urw-base35 (20200910-7) ...
#6 30.52 Setting up apache2-bin (2.4.56-1) ...
#6 30.52 Setting up liberror-perl (0.17029-2) ...
#6 30.52 Setting up php-parser (4.15.4-1) ...
#6 30.52 Setting up gsfonts (2:20200910-7) ...
#6 30.53 Setting up php8.2-imagick (3.7.0-4) ...
#6 30.60 Setting up phpunit-lines-of-code (1.0.3-2) ...
#6 30.60 Setting up libapache2-mod-php8.2 (8.2.4-1) ...
#6 30.62 Package apache2 is not configured yet. Will defer actions by package libapache2-mod-php8.2.
#6 30.71 debconf: unable to initialize frontend: Dialog
#6 30.71 debconf: (TERM is not set, so the dialog frontend is not usable.)
#6 30.71 debconf: falling back to frontend: Readline
#6 30.71 debconf: unable to initialize frontend: Readline
#6 30.71 debconf: (This frontend requires a controlling tty.)
#6 30.71 debconf: falling back to frontend: Teletype
#6 30.75 
#6 30.75 Creating config file /etc/php/8.2/apache2/php.ini with new version
#6 31.40 No module matches 
#6 31.46 Setting up git (1:2.39.2-1.1) ...
#6 31.46 Setting up php-imagick (3.7.0-4) ...
#6 31.47 Setting up libgs10-common (10.0.0~dfsg-9) ...
#6 31.47 Setting up apache2 (2.4.56-1) ...
#6 31.63 Enabling module mpm_event.
#6 31.66 Enabling module authz_core.
#6 31.67 Enabling module authz_host.
#6 31.70 Enabling module authn_core.
#6 31.70 Enabling module auth_basic.
#6 31.73 Enabling module access_compat.
#6 31.76 Enabling module authn_file.
#6 31.79 Enabling module authz_user.
#6 31.82 Enabling module alias.
#6 31.85 Enabling module dir.
#6 31.88 Enabling module autoindex.
#6 31.91 Enabling module env.
#6 31.94 Enabling module mime.
#6 31.97 Enabling module negotiation.
#6 32.00 Enabling module setenvif.
#6 32.03 Enabling module filter.
#6 32.06 Enabling module deflate.
#6 32.09 Enabling module status.
#6 32.11 Enabling module reqtimeout.
#6 32.14 Enabling conf charset.
#6 32.17 Enabling conf localized-error-pages.
#6 32.20 Enabling conf other-vhosts-access-log.
#6 32.23 Enabling conf security.
#6 32.26 Enabling conf serve-cgi-bin.
#6 32.29 Enabling site 000-default.
#6 32.32 info: Executing deferred 'a2enconf javascript-common' for package javascript-common
#6 32.34 Enabling conf javascript-common.
#6 32.36 info: Switch to mpm prefork for package libapache2-mod-php8.2
#6 32.39 Module mpm_event disabled.
#6 32.42 Enabling module mpm_prefork.
#6 32.44 info: Executing deferred 'a2enmod php8.2' for package libapache2-mod-php8.2
#6 32.47 Enabling module php8.2.
#6 32.48 invoke-rc.d: could not determine current runlevel
#6 32.48 invoke-rc.d: policy-rc.d denied execution of start.
#6 32.81 Setting up phpunit-complexity (2.0.2-2) ...
#6 32.81 Setting up php-codecoverage (9.2.26+dfsg-1) ...
#6 32.82 Setting up php8.2 (8.2.4-1) ...
#6 32.82 Setting up libgs10:amd64 (10.0.0~dfsg-9+b1) ...
#6 32.82 Setting up php (2:8.2+93) ...
#6 32.82 Setting up phpunit (9.6.5-1) ...
#6 32.83 Setting up ghostscript (10.0.0~dfsg-9+b1) ...
#6 32.84 Processing triggers for libc-bin (2.36-8) ...
#6 32.86 Processing triggers for ca-certificates (20230311) ...
#6 32.86 Updating certificates in /etc/ssl/certs...
#6 33.23 0 added, 0 removed; done.
#6 33.23 Running hooks in /etc/ca-certificates/update.d...
#6 33.24 done.
#6 33.24 Processing triggers for php8.2-cli (8.2.4-1) ...
#6 33.24 Processing triggers for libapache2-mod-php8.2 (8.2.4-1) ...
#6 DONE 33.4s

#7 [3/6] RUN git clone --depth=1 --branch=stable26 https://github.com/nextcloud/server.git
#7 0.311 Cloning into 'server'...
#7 7.512 Updating files:  78% (7894/10099)Updating files:  79% (7979/10099)Updating files:  80% (8080/10099)Updating files:  81% (8181/10099)Updating files:  82% (8282/10099)Updating files:  83% (8383/10099)Updating files:  84% (8484/10099)Updating files:  85% (8585/10099)Updating files:  86% (8686/10099)Updating files:  87% (8787/10099)Updating files:  88% (8888/10099)Updating files:  89% (8989/10099)Updating files:  90% (9090/10099)Updating files:  91% (9191/10099)Updating files:  92% (9292/10099)Updating files:  93% (9393/10099)Updating files:  94% (9494/10099)Updating files:  95% (9595/10099)Updating files:  96% (9696/10099)Updating files:  97% (9797/10099)Updating files:  98% (9898/10099)Updating files:  99% (9999/10099)Updating files: 100% (10099/10099)Updating files: 100% (10099/10099), done.
#7 DONE 8.4s

#8 [4/6] WORKDIR server
#8 DONE 0.0s

#9 [5/6] RUN git submodule update --init
#9 0.267 Submodule '3rdparty' (https://github.com/nextcloud/3rdparty.git) registered for path '3rdparty'
#9 0.270 Cloning into '/server/3rdparty'...
#9 5.232 Submodule path '3rdparty': checked out '0ec73636ee36558960a1df60828b645ef3d4a53c'
#9 DONE 5.5s

#10 [6/6] RUN ./autotest.sh sqlite
#10 0.378 Using PHP executable /usr/bin/php
#10 0.432 Using database oc_autotest
#10 0.433 Setup environment for sqlite testing on local storage ...
#10 0.445 Updated 0 paths from the index
#10 0.746 Installing ....
#10 2.260 Nextcloud was successfully installed
#10 2.271 Testing with sqlite ...
#10 2.430 /usr/bin/phpunit --configuration phpunit-autotest.xml --coverage-clover autotest-clover-sqlite.xml --coverage-html coverage-html-sqlite --log-junit autotest-results-sqlite.xml  
#10 4.017 PHPUnit 9.6.5 by Sebastian Bergmann and contributors.
#10 4.425 
#10 4.425 Runtime:       PHP 8.2.4
#10 4.425 Configuration: phpunit-autotest.xml
#10 4.425 Warning:       No code coverage driver available
#10 4.425 
#10 4.448 ...........................................................    59 / 14716 (  0%)
#10 4.540 ...................................S.......................   118 / 14716 (  0%)
#10 4.568 ...........................................................   177 / 14716 (  1%)
#10 4.596 ...........................................................   236 / 14716 (  1%)
#10 4.608 ...........................................................   295 / 14716 (  2%)
#10 4.646 ...........................................................   354 / 14716 (  2%)
#10 4.721 ...........................................................   413 / 14716 (  2%)
#10 4.744 ...........................................................   472 / 14716 (  3%)
#10 4.757 ...........................................................   531 / 14716 (  3%)
#10 4.762 ...........................................................   590 / 14716 (  4%)
#10 4.774 ...........................................................   649 / 14716 (  4%)
#10 4.786 ...........................................................   708 / 14716 (  4%)
#10 4.794 ...........................................................   767 / 14716 (  5%)
#10 4.806 ...........................................................   826 / 14716 (  5%)
#10 4.820 ...........................................................   885 / 14716 (  6%)
#10 4.830 ...........................................................   944 / 14716 (  6%)
#10 4.936 ...........................................................  1003 / 14716 (  6%)
#10 4.954 ...........................................................  1062 / 14716 (  7%)
#10 8.146 ...........................................................  1121 / 14716 (  7%)
#10 13.28 ...........................................................  1180 / 14716 (  8%)
#10 13.31 ...........................................................  1239 / 14716 (  8%)
#10 21.60 ...........................................................  1298 / 14716 (  8%)
#10 21.63 ...............S...........................................  1357 / 14716 (  9%)
#10 22.05 ...........................................................  1416 / 14716 (  9%)
#10 22.16 ...........................................................  1475 / 14716 ( 10%)
#10 22.18 ...........................................................  1534 / 14716 ( 10%)
#10 22.19 ...........................................................  1593 / 14716 ( 10%)
#10 22.21 ...........................................................  1652 / 14716 ( 11%)
#10 22.22 ...........................................................  1711 / 14716 ( 11%)
#10 22.23 ...........................................................  1770 / 14716 ( 12%)
#10 22.26 ...........................................................  1829 / 14716 ( 12%)
#10 22.34 ...........................................................  1888 / 14716 ( 12%)
#10 22.67 ...........................................................  1947 / 14716 ( 13%)
#10 22.77 ...........................................................  2006 / 14716 ( 13%)
#10 22.80 ............S..............................................  2065 / 14716 ( 14%)
#10 23.32 ...........................................................  2124 / 14716 ( 14%)
#10 23.33 ...........................................................  2183 / 14716 ( 14%)
#10 23.37 ...........................................................  2242 / 14716 ( 15%)
#10 23.39 ...........................................................  2301 / 14716 ( 15%)
#10 23.41 ...........................................................  2360 / 14716 ( 16%)
#10 23.41 ...........................................................  2419 / 14716 ( 16%)
#10 23.46 ...........................................................  2478 / 14716 ( 16%)
#10 23.47 ...........................................................  2537 / 14716 ( 17%)
#10 23.48 ...........................................................  2596 / 14716 ( 17%)
#10 23.49 ...........................................................  2655 / 14716 ( 18%)
#10 23.49 ...........................................................  2714 / 14716 ( 18%)
#10 23.50 ...........................................................  2773 / 14716 ( 18%)
#10 23.50 ...........................................................  2832 / 14716 ( 19%)
#10 23.51 ...........................................................  2891 / 14716 ( 19%)
#10 23.51 ...........................................................  2950 / 14716 ( 20%)
#10 23.52 ...........................................................  3009 / 14716 ( 20%)
#10 23.53 ...........................................................  3068 / 14716 ( 20%)
#10 23.53 ...........................................................  3127 / 14716 ( 21%)
#10 23.54 ...........................................................  3186 / 14716 ( 21%)
#10 23.55 ...........................................................  3245 / 14716 ( 22%)
#10 23.56 ...........................................................  3304 / 14716 ( 22%)
#10 23.56 ...........................................................  3363 / 14716 ( 22%)
#10 23.57 ...........................................................  3422 / 14716 ( 23%)
#10 23.57 ...........................................................  3481 / 14716 ( 23%)
#10 23.57 ...........................................................  3540 / 14716 ( 24%)
#10 23.58 ...........................................................  3599 / 14716 ( 24%)
#10 23.59 ...........................................................  3658 / 14716 ( 24%)
#10 23.59 ...........................................................  3717 / 14716 ( 25%)
#10 23.60 ...........................................................  3776 / 14716 ( 25%)
#10 23.60 ...........................................................  3835 / 14716 ( 26%)
#10 23.61 ...........................................................  3894 / 14716 ( 26%)
#10 23.61 ...........................................................  3953 / 14716 ( 26%)
#10 23.62 ...........................................................  4012 / 14716 ( 27%)
#10 23.63 ...........................................................  4071 / 14716 ( 27%)
#10 23.63 ...........................................................  4130 / 14716 ( 28%)
#10 23.64 ...........................................................  4189 / 14716 ( 28%)
#10 23.64 ...........................................................  4248 / 14716 ( 28%)
#10 23.65 ...........................................................  4307 / 14716 ( 29%)
#10 23.65 ...........................................................  4366 / 14716 ( 29%)
#10 23.66 ...........................................................  4425 / 14716 ( 30%)
#10 23.66 ...........................................................  4484 / 14716 ( 30%)
#10 23.67 ...........................................................  4543 / 14716 ( 30%)
#10 23.68 ...........................................................  4602 / 14716 ( 31%)
#10 23.68 ...........................................................  4661 / 14716 ( 31%)
#10 23.69 ...........................................................  4720 / 14716 ( 32%)
#10 23.69 ...........................................................  4779 / 14716 ( 32%)
#10 23.70 ...........................................................  4838 / 14716 ( 32%)
#10 23.71 ...........................................................  4897 / 14716 ( 33%)
#10 23.71 ...........................................................  4956 / 14716 ( 33%)
#10 23.72 ...........................................................  5015 / 14716 ( 34%)
#10 23.72 ...........................................................  5074 / 14716 ( 34%)
#10 23.73 ...........................................................  5133 / 14716 ( 34%)
#10 23.73 ...........................................................  5192 / 14716 ( 35%)
#10 23.74 ...........................................................  5251 / 14716 ( 35%)
#10 23.75 ...........................................................  5310 / 14716 ( 36%)
#10 23.75 ...........................................................  5369 / 14716 ( 36%)
#10 23.76 ...........................................................  5428 / 14716 ( 36%)
#10 23.76 ...........................................................  5487 / 14716 ( 37%)
#10 23.82 ...........................................................  5546 / 14716 ( 37%)
#10 23.84 ...........................................................  5605 / 14716 ( 38%)
#10 23.86 ........................................S..................  5664 / 14716 ( 38%)
#10 24.34 ......................S....................................  5723 / 14716 ( 38%)
#10 24.93 ...........................................................  5782 / 14716 ( 39%)
#10 27.38 ............S..............................................  5841 / 14716 ( 39%)
#10 28.17 ..S........................................................  5900 / 14716 ( 40%)
#10 28.29 ...........................................................  5959 / 14716 ( 40%)
#10 28.30 ...........................S...............................  6018 / 14716 ( 40%)
#10 28.37 ...........................................................  6077 / 14716 ( 41%)
#10 28.41 ...........................................................  6136 / 14716 ( 41%)
#10 28.70 .........SSSSSSS..................S........................  6195 / 14716 ( 42%)
#10 28.95 ...........................................................  6254 / 14716 ( 42%)
#10 29.30 ......SSSSSSSSSSSSSSSSSSSSSSS..............................  6313 / 14716 ( 42%)
#10 29.33 ...........................................................  6372 / 14716 ( 43%)
#10 29.41 ...........................................................  6431 / 14716 ( 43%)
#10 29.45 ...........................................................  6490 / 14716 ( 44%)
#10 29.48 ...........................................................  6549 / 14716 ( 44%)
#10 29.52 ...........................................................  6608 / 14716 ( 44%)
#10 29.55 ...........................................................  6667 / 14716 ( 45%)
#10 29.59 ...........................................................  6726 / 14716 ( 45%)
#10 29.63 ...........................................................  6785 / 14716 ( 46%)
#10 29.67 ...................................S.......................  6844 / 14716 ( 46%)
#10 29.71 ...........................................................  6903 / 14716 ( 46%)
#10 29.75 ...........................................................  6962 / 14716 ( 47%)
#10 29.81 ............S..............................................  7021 / 14716 ( 47%)
#10 29.86 ..........................................S................  7080 / 14716 ( 48%)
#10 29.90 ...........................................................  7139 / 14716 ( 48%)
#10 29.95 ...........................S...............................  7198 / 14716 ( 48%)
#10 29.99 ...........................................................  7257 / 14716 ( 49%)
#10 30.09 ..............S............................................  7316 / 14716 ( 49%)
#10 30.18 ...........................................S...............  7375 / 14716 ( 50%)
#10 30.21 ...........................................................  7434 / 14716 ( 50%)
#10 30.25 ...........................S...............................  7493 / 14716 ( 50%)
#10 30.78 ...........................................................  7552 / 14716 ( 51%)
#10 31.58 ...........................................................  7611 / 14716 ( 51%)
#10 32.29 ...........................................................  7670 / 14716 ( 52%)
#10 33.09 ......................................................S....  7729 / 14716 ( 52%)
#10 33.96 ....S......................................................  7788 / 14716 ( 52%)
#10 34.83 ...........................................................  7847 / 14716 ( 53%)
#10 34.89 ...........................................................  7906 / 14716 ( 53%)
#10 34.95 ...........................................................  7965 / 14716 ( 54%)
#10 34.96 ...........................................................  8024 / 14716 ( 54%)
#10 34.97 ...........................................................  8083 / 14716 ( 54%)
#10 35.63 .......W...................................................  8142 / 14716 ( 55%)
#10 37.72 ...........................................................  8201 / 14716 ( 55%)
#10 37.74 ...........................................................  8260 / 14716 ( 56%)
#10 37.75 ...........................................................  8319 / 14716 ( 56%)
#10 37.78 ...........................................................  8378 / 14716 ( 56%)
#10 37.85 ...........................................................  8437 / 14716 ( 57%)
#10 37.85 ...........................................................  8496 / 14716 ( 57%)
#10 37.87 ...........................................SSSSSSSSSSSSSSSS  8555 / 14716 ( 58%)
#10 37.90 SSSS............................SSSSSSSSSSSSSSSSSSSSSSSSSSS  8614 / 14716 ( 58%)
#10 37.90 SSSSSSSSS..................................................  8673 / 14716 ( 58%)
#10 37.92 ...........................................................  8732 / 14716 ( 59%)
#10 37.94 ...........................................................  8791 / 14716 ( 59%)
#10 37.95 ...............SSSS........................................  8850 / 14716 ( 60%)
#10 41.91 SSSSSSSS................................S..................  8909 / 14716 ( 60%)
#10 49.19 .....................F.....................................  8968 / 14716 ( 60%)
#10 49.21 ...........................................................  9027 / 14716 ( 61%)
#10 49.75 ...........................................................  9086 / 14716 ( 61%)
#10 60.60 ...........................................................  9145 / 14716 ( 62%)
#10 60.61 ...........................................................  9204 / 14716 ( 62%)
#10 60.79 ...........................................................  9263 / 14716 ( 62%)
#10 60.79 ...........................................................  9322 / 14716 ( 63%)
#10 60.85 ...........................................................  9381 / 14716 ( 63%)
#10 60.93 ...........................................................  9440 / 14716 ( 64%)
#10 60.96 ...........................................................  9499 / 14716 ( 64%)
#10 61.63 ...........................................................  9558 / 14716 ( 64%)
#10 61.81 ...........................................................  9617 / 14716 ( 65%)
#10 61.84 ...........................................................  9676 / 14716 ( 65%)
#10 61.85 ...........................................................  9735 / 14716 ( 66%)
#10 61.88 ...........................................................  9794 / 14716 ( 66%)
#10 62.07 ...........................................................  9853 / 14716 ( 66%)
#10 62.17 ...........................................................  9912 / 14716 ( 67%)
#10 62.28 .......SS..................................................  9971 / 14716 ( 67%)
#10 62.34 ........................................................... 10030 / 14716 ( 68%)
#10 62.35 ........................................................... 10089 / 14716 ( 68%)
#10 69.27 ........................................................... 10148 / 14716 ( 68%)
#10 69.40 ............................S.............................. 10207 / 14716 ( 69%)
#10 69.42 ........................................................... 10266 / 14716 ( 69%)
#10 71.17 ........................................................... 10325 / 14716 ( 70%)
#10 71.18 .....................................................W..... 10384 / 14716 ( 70%)
#10 71.20 ...............WWW..W..WWWWWW.........WWW.................. 10443 / 14716 ( 70%)
#10 71.24 ....W...................W.WW.W.......WWWWW................. 10502 / 14716 ( 71%)
#10 71.30 ........................................................... 10561 / 14716 ( 71%)
#10 71.33 ........................................................... 10620 / 14716 ( 72%)
#10 71.56 ........................................................... 10679 / 14716 ( 72%)
#10 71.59 ........................................................... 10738 / 14716 ( 72%)
#10 71.62 ........................................................... 10797 / 14716 ( 73%)
#10 72.13 ........................................................... 10856 / 14716 ( 73%)
#10 72.26 ........................................................... 10915 / 14716 ( 74%)
#10 72.30 ........................................................... 10974 / 14716 ( 74%)
#10 72.33 ........................................................... 11033 / 14716 ( 74%)
#10 72.37 ........................................................... 11092 / 14716 ( 75%)
#10 72.41 ........................................................... 11151 / 14716 ( 75%)
#10 72.43 ........................................................... 11210 / 14716 ( 76%)
#10 72.47 ........................................................... 11269 / 14716 ( 76%)
#10 73.40 ........................................................... 11328 / 14716 ( 76%)
#10 86.86 ........................................................... 11387 / 14716 ( 77%)
#10 128.7 ........................................................... 11446 / 14716 ( 77%)
#10 128.8 ........................................................... 11505 / 14716 ( 78%)
#10 128.9 ........W.................................................. 11564 / 14716 ( 78%)
#10 128.9 ........................................................... 11623 / 14716 ( 78%)
#10 128.9 ........................................................... 11682 / 14716 ( 79%)
#10 129.2 ........................................................... 11741 / 14716 ( 79%)
#10 129.3 ........................................................... 11800 / 14716 ( 80%)
#10 129.4 ........................................................... 11859 / 14716 ( 80%)
#10 129.4 ........................................................... 11918 / 14716 ( 80%)
#10 129.4 ........................................................... 11977 / 14716 ( 81%)
#10 129.5 ........................................................... 12036 / 14716 ( 81%)
#10 129.6 ........................................................... 12095 / 14716 ( 82%)
#10 129.6 ........................................................... 12154 / 14716 ( 82%)
#10 129.7 ........................................................... 12213 / 14716 ( 82%)
#10 129.8 ........................................................... 12272 / 14716 ( 83%)
#10 129.8 ........................................................... 12331 / 14716 ( 83%)
#10 129.8 ........................................................... 12390 / 14716 ( 84%)
#10 129.9 ........................................................... 12449 / 14716 ( 84%)
#10 130.5 ........................................................... 12508 / 14716 ( 84%)
#10 156.1 ........................................................... 12567 / 14716 ( 85%)
#10 156.1 ........................................................... 12626 / 14716 ( 85%)
#10 156.1 ........................................................... 12685 / 14716 ( 86%)
#10 156.1 ........................................................... 12744 / 14716 ( 86%)
#10 156.1 ........................................................... 12803 / 14716 ( 87%)
#10 156.2 ........................................................... 12862 / 14716 ( 87%)
#10 156.2 ........................................................... 12921 / 14716 ( 87%)
#10 156.4 ......................S.....................FF....FSS...... 12980 / 14716 ( 88%)
#10 168.9 ..S......F..F.............................................. 13039 / 14716 ( 88%)
#10 169.9 ........................................................... 13098 / 14716 ( 89%)
#10 170.0 ........................................................... 13157 / 14716 ( 89%)
#10 170.3 .......................................................S... 13216 / 14716 ( 89%)
#10 174.1 ........................W.................................. 13275 / 14716 ( 90%)
#10 178.2 ........................................................... 13334 / 14716 ( 90%)
#10 178.3 ........................................................... 13393 / 14716 ( 91%)
#10 206.3 ........................................................... 13452 / 14716 ( 91%)
#10 212.4 ........................................................... 13511 / 14716 ( 91%)
#10 216.0 ..........................S................................ 13570 / 14716 ( 92%)
#10 217.5 ........................................................... 13629 / 14716 ( 92%)
#10 217.5 ........................................................... 13688 / 14716 ( 93%)
#10 217.6 ........................................................... 13747 / 14716 ( 93%)
#10 217.6 ........................................................... 13806 / 14716 ( 93%)
#10 217.7 ........................................................... 13865 / 14716 ( 94%)
#10 219.1 ........................................................... 13924 / 14716 ( 94%)
#10 219.1 ........................................................... 13983 / 14716 ( 95%)
#10 219.1 ........................................................... 14042 / 14716 ( 95%)
#10 219.2 ........................................................... 14101 / 14716 ( 95%)
#10 219.3 ........................................................... 14160 / 14716 ( 96%)
#10 219.3 ...........................................WWW............. 14219 / 14716 ( 96%)
#10 221.5 ........................................................... 14278 / 14716 ( 97%)
#10 221.5 ........................................................... 14337 / 14716 ( 97%)
#10 226.6 ........................................................... 14396 / 14716 ( 97%)
#10 226.7 ........................................................... 14455 / 14716 ( 98%)
#10 226.8 ........................................................... 14514 / 14716 ( 98%)
#10 226.8 ........................................................... 14573 / 14716 ( 99%)
#10 226.8 ........................................................... 14632 / 14716 ( 99%)
#10 226.8 ........................................................... 14691 / 14716 ( 99%)
#10 226.8 .........................                                   14716 / 14716 (100%)
#10 226.9 
#10 226.9 Time: 03:42.869, Memory: 338.97 MB
#10 226.9 
#10 226.9 There were 30 warnings:
#10 226.9 
#10 226.9 1) Test\InstallerTest::testDownloadAppWithDowngrade
#10 226.9 The at() matcher has been deprecated. It will be removed in PHPUnit 10. Please refactor your test to not rely on the order in which methods are invoked.
#10 226.9 
#10 226.9 2) Tests\Core\Command\Encryption\ChangeKeyStorageRootTest::testMoveAllKeys
#10 226.9 The at() matcher has been deprecated. It will be removed in PHPUnit 10. Please refactor your test to not rely on the order in which methods are invoked.
#10 226.9 
#10 226.9 3) Tests\Core\Command\Encryption\DecryptAllTest::testMaintenanceAndTrashbin
#10 226.9 The at() matcher has been deprecated. It will be removed in PHPUnit 10. Please refactor your test to not rely on the order in which methods are invoked.
#10 226.9 
#10 226.9 4) Tests\Core\Command\Encryption\DecryptAllTest::testExecute with data set #0 (true, true)
#10 226.9 The at() matcher has been deprecated. It will be removed in PHPUnit 10. Please refactor your test to not rely on the order in which methods are invoked.
#10 226.9 
#10 226.9 5) Tests\Core\Command\Encryption\DecryptAllTest::testExecute with data set #1 (true, false)
#10 226.9 The at() matcher has been deprecated. It will be removed in PHPUnit 10. Please refactor your test to not rely on the order in which methods are invoked.
#10 226.9 
#10 226.9 6) Tests\Core\Command\Encryption\DecryptAllTest::testExecuteFailure
#10 226.9 The at() matcher has been deprecated. It will be removed in PHPUnit 10. Please refactor your test to not rely on the order in which methods are invoked.
#10 226.9 
#10 226.9 7) Tests\Core\Command\Encryption\EnableTest::testEnable with data set #0 ('no', null, array(), true, 'Encryption enabled', 'No encryption module is loaded')
#10 226.9 The at() matcher has been deprecated. It will be removed in PHPUnit 10. Please refactor your test to not rely on the order in which methods are invoked.
#10 226.9 
#10 226.9 8) Tests\Core\Command\Encryption\EnableTest::testEnable with data set #1 ('yes', null, array(), false, 'Encryption is already enabled', 'No encryption module is loaded')
#10 226.9 The at() matcher has been deprecated. It will be removed in PHPUnit 10. Please refactor your test to not rely on the order in which methods are invoked.
#10 226.9 
#10 226.9 9) Tests\Core\Command\Encryption\EnableTest::testEnable with data set #2 ('no', null, array(array()), true, 'Encryption enabled', 'No default module is set')
#10 226.9 The at() matcher has been deprecated. It will be removed in PHPUnit 10. Please refactor your test to not rely on the order in which methods are invoked.
#10 226.9 
#10 226.9 10) Tests\Core\Command\Encryption\EnableTest::testEnable with data set #3 ('no', 'OC_NO_MODULE', array(array()), true, 'Encryption enabled', 'The current default module do...MODULE')
#10 226.9 The at() matcher has been deprecated. It will be removed in PHPUnit 10. Please refactor your test to not rely on the order in which methods are invoked.
#10 226.9 
#10 226.9 11) Tests\Core\Command\Encryption\EnableTest::testEnable with data set #4 ('no', 'OC_TEST_MODULE', array(array()), true, 'Encryption enabled', 'Default module: OC_TEST_MODULE')
#10 226.9 The at() matcher has been deprecated. It will be removed in PHPUnit 10. Please refactor your test to not rely on the order in which methods are invoked.
#10 226.9 
#10 226.9 12) Tests\Core\Command\Encryption\EncryptAllTest::testEncryptAll
#10 226.9 The at() matcher has been deprecated. It will be removed in PHPUnit 10. Please refactor your test to not rely on the order in which methods are invoked.
#10 226.9 
#10 226.9 13) Tests\Core\Command\Encryption\SetDefaultModuleTest::testMaintenanceMode with data set #0 ('ID0', 'ID0', null, null, 'already')
#10 226.9 The at() matcher has been deprecated. It will be removed in PHPUnit 10. Please refactor your test to not rely on the order in which methods are invoked.
#10 226.9 
#10 226.9 14) Tests\Core\Command\Encryption\SetDefaultModuleTest::testMaintenanceMode with data set #1 ('ID0', 'ID1', 'ID1', true, 'info')
#10 226.9 The at() matcher has been deprecated. It will be removed in PHPUnit 10. Please refactor your test to not rely on the order in which methods are invoked.
#10 226.9 
#10 226.9 15) Tests\Core\Command\Encryption\SetDefaultModuleTest::testMaintenanceMode with data set #2 ('ID0', 'ID1', 'ID1', false, 'error')
#10 226.9 The at() matcher has been deprecated. It will be removed in PHPUnit 10. Please refactor your test to not rely on the order in which methods are invoked.
#10 226.9 
#10 226.9 16) Tests\Core\Command\Log\FileTest::testGetConfiguration
#10 226.9 The at() matcher has been deprecated. It will be removed in PHPUnit 10. Please refactor your test to not rely on the order in which methods are invoked.
#10 226.9 
#10 226.9 17) Tests\Core\Command\Log\ManageTest::testGetConfiguration
#10 226.9 The at() matcher has been deprecated. It will be removed in PHPUnit 10. Please refactor your test to not rely on the order in which methods are invoked.
#10 226.9 
#10 226.9 18) Tests\Core\Command\Maintenance\Mimetype\UpdateDBTest::testNoop
#10 226.9 The at() matcher has been deprecated. It will be removed in PHPUnit 10. Please refactor your test to not rely on the order in which methods are invoked.
#10 226.9 
#10 226.9 19) Tests\Core\Command\Maintenance\Mimetype\UpdateDBTest::testAddMimetype
#10 226.9 The at() matcher has been deprecated. It will be removed in PHPUnit 10. Please refactor your test to not rely on the order in which methods are invoked.
#10 226.9 
#10 226.9 20) Tests\Core\Command\Maintenance\Mimetype\UpdateDBTest::testRepairFilecache
#10 226.9 The at() matcher has been deprecated. It will be removed in PHPUnit 10. Please refactor your test to not rely on the order in which methods are invoked.
#10 226.9 
#10 226.9 21) Tests\Core\Command\Preview\RepairTest::testEmptyExecute with data set #0 (array(), 'All previews are already migrated.')
#10 226.9 The at() matcher has been deprecated. It will be removed in PHPUnit 10. Please refactor your test to not rely on the order in which methods are invoked.
#10 226.9 
#10 226.9 22) Tests\Core\Command\Preview\RepairTest::testEmptyExecute with data set #1 (array(array('a'), array('b'), array('c')), 'All previews are already migrated.')
#10 226.9 The at() matcher has been deprecated. It will be removed in PHPUnit 10. Please refactor your test to not rely on the order in which methods are invoked.
#10 226.9 
#10 226.9 23) Tests\Core\Command\Preview\RepairTest::testEmptyExecute with data set #2 (array(array('0', array('folder', 'folder')), array('b'), array('c')), 'All previews are already migrated.')
#10 226.9 The at() matcher has been deprecated. It will be removed in PHPUnit 10. Please refactor your test to not rely on the order in which methods are invoked.
#10 226.9 
#10 226.9 24) Tests\Core\Command\Preview\RepairTest::testEmptyExecute with data set #3 (array(array('0', array('file', 'folder', 'folder')), array('b'), array('c')), 'A total of 1 preview files ne...rated.')
#10 226.9 The at() matcher has been deprecated. It will be removed in PHPUnit 10. Please refactor your test to not rely on the order in which methods are invoked.
#10 226.9 
#10 226.9 25) Tests\Core\Command\Preview\RepairTest::testEmptyExecute with data set #4 (array(array('23'), array('b'), array('c')), 'A total of 1 preview files ne...rated.')
#10 226.9 The at() matcher has been deprecated. It will be removed in PHPUnit 10. Please refactor your test to not rely on the order in which methods are invoked.
#10 226.9 
#10 226.9 26) OCA\DAV\Tests\unit\CalDAV\CalendarManagerTest::testSetupCalendarProvider
#10 226.9 The at() matcher has been deprecated. It will be removed in PHPUnit 10. Please refactor your test to not rely on the order in which methods are invoked.
#10 226.9 
#10 226.9 27) OCA\Files_Sharing\Tests\External\ManagerTest::testAddUserShare
#10 226.9 The at() matcher has been deprecated. It will be removed in PHPUnit 10. Please refactor your test to not rely on the order in which methods are invoked.
#10 226.9 
#10 226.9 28) OCA\Theming\Tests\IconBuilderTest::testGetFaviconNotFound
#10 226.9 Expecting E_WARNING and E_USER_WARNING is deprecated and will no longer be possible in PHPUnit 10.
#10 226.9 
#10 226.9 29) OCA\Theming\Tests\IconBuilderTest::testGetTouchIconNotFound
#10 226.9 Expecting E_WARNING and E_USER_WARNING is deprecated and will no longer be possible in PHPUnit 10.
#10 226.9 
#10 226.9 30) OCA\Theming\Tests\IconBuilderTest::testColorSvgNotFound
#10 226.9 Expecting E_WARNING and E_USER_WARNING is deprecated and will no longer be possible in PHPUnit 10.
#10 226.9 
#10 226.9 --
#10 226.9 
#10 226.9 There were 6 failures:
#10 226.9 
#10 226.9 1) Test\Route\RouterTest::testGenerateConsecutively
#10 226.9 Unexpected info log: Symfony\Component\Routing\Exception\RouteNotFoundException: Unable to generate a URL for the named route "files.view.index" as such route does not exist. in /server/3rdparty/symfony/routing/Generator/UrlGenerator.php:143
#10 226.9 Stack trace:
#10 226.9 #0 /server/lib/private/Route/Router.php(380): Symfony\Component\Routing\Generator\UrlGenerator->generate()
#10 226.9 #1 /server/tests/lib/Route/RouterTest.php(59): OC\Route\Router->generate()
#10 226.9 #2 /usr/share/php/PHPUnit/Framework/TestCase.php(1608): Test\Route\RouterTest->testGenerateConsecutively()
#10 226.9 #3 /usr/share/php/PHPUnit/Framework/TestCase.php(1214): PHPUnit\Framework\TestCase->runTest()
#10 226.9 #4 /usr/share/php/PHPUnit/Framework/TestResult.php(728): PHPUnit\Framework\TestCase->runBare()
#10 226.9 #5 /usr/share/php/PHPUnit/Framework/TestCase.php(964): PHPUnit\Framework\TestResult->run()
#10 226.9 #6 /usr/share/php/PHPUnit/Framework/TestSuite.php(684): PHPUnit\Framework\TestCase->run()
#10 226.9 #7 /usr/share/php/PHPUnit/Framework/TestSuite.php(684): PHPUnit\Framework\TestSuite->run()
#10 226.9 #8 /usr/share/php/PHPUnit/Framework/TestSuite.php(684): PHPUnit\Framework\TestSuite->run()
#10 226.9 #9 /usr/share/php/PHPUnit/TextUI/TestRunner.php(653): PHPUnit\Framework\TestSuite->run()
#10 226.9 #10 /usr/share/php/PHPUnit/TextUI/Command.php(144): PHPUnit\TextUI\TestRunner->run()
#10 226.9 #11 /usr/share/php/PHPUnit/TextUI/Command.php(97): PHPUnit\TextUI\Command->run()
#10 226.9 #12 /usr/bin/phpunit(73): PHPUnit\TextUI\Command::main()
#10 226.9 #13 {main}
#10 226.9 
#10 226.9 /server/tests/lib/Route/RouterTest.php:48
#10 226.9 /server/lib/private/Route/Router.php:382
#10 226.9 /server/tests/lib/Route/RouterTest.php:59
#10 226.9 
#10 226.9 2) OCA\Files_Sharing\Tests\ApiTest::testCreateShareLink
#10 226.9 Failed asserting that two strings are equal.
#10 226.9 --- Expected
#10 226.9 +++ Actual
#10 226.9 @@ @@
#10 226.9 -'http://localhost/index.php/s/zi2FgmbxCXB4fwG'
#10 226.9 +'http://localhost/'
#10 226.9 
#10 226.9 /server/apps/files_sharing/tests/ApiTest.php:224
#10 226.9 
#10 226.9 3) OCA\Files_Sharing\Tests\ApiTest::testCreateShareLinkPublicUpload
#10 226.9 Failed asserting that two strings are equal.
#10 226.9 --- Expected
#10 226.9 +++ Actual
#10 226.9 @@ @@
#10 226.9 -'http://localhost/index.php/s/z9jisFf6z2JgXgC'
#10 226.9 +'http://localhost/'
#10 226.9 
#10 226.9 /server/apps/files_sharing/tests/ApiTest.php:255
#10 226.9 
#10 226.9 4) OCA\Files_Sharing\Tests\ApiTest::testPublicLinkUrl
#10 226.9 Failed asserting that two strings are equal.
#10 226.9 --- Expected
#10 226.9 +++ Actual
#10 226.9 @@ @@
#10 226.9 -'http://localhost/index.php/s/XBAssMqXaTXDFTx'
#10 226.9 +'http://localhost/'
#10 226.9 
#10 226.9 /server/apps/files_sharing/tests/ApiTest.php:443
#10 226.9 
#10 226.9 5) OCA\Files_Sharing\Tests\ApiTest::testPublicLinkExpireDate with data set #0 ('2023-03-24', true)
#10 226.9 Failed asserting that two strings are equal.
#10 226.9 --- Expected
#10 226.9 +++ Actual
#10 226.9 @@ @@
#10 226.9 -'http://localhost/index.php/s/DLd5zwpxqqJ2rc6'
#10 226.9 +'http://localhost/'
#10 226.9 
#10 226.9 /server/apps/files_sharing/tests/ApiTest.php:1322
#10 226.9 
#10 226.9 6) OCA\Files_Sharing\Tests\ApiTest::testCreatePublicLinkExpireDateValid
#10 226.9 Failed asserting that two strings are equal.
#10 226.9 --- Expected
#10 226.9 +++ Actual
#10 226.9 @@ @@
#10 226.9 -'http://localhost/index.php/s/CMr7zg7GDmzL9pd'
#10 226.9 +'http://localhost/'
#10 226.9 
#10 226.9 /server/apps/files_sharing/tests/ApiTest.php:1354
#10 226.9 
#10 226.9 --
#10 226.9 
#10 226.9 There were 126 skipped tests:
#10 226.9 
#10 226.9 1) Test\AllConfigTest::testSetUserValueUnchanged
#10 226.9 Skipped because this is just testable if database connection can be injected
#10 226.9 
#10 226.9 /server/tests/lib/AllConfigTest.php:188
#10 226.9 
#10 226.9 2) Test\Avatar\GuestAvatarTest::testGet
#10 226.9 TODO: Disable because fails on drone
#10 226.9 
#10 226.9 /server/tests/lib/Avatar/GuestAvatarTest.php:63
#10 226.9 
#10 226.9 3) Test\DB\MigrationsTest::testEnsureOracleConstraintsNoPrimaryKey
#10 226.9 Test disabled for now due to multiple reasons, see https://github.com/nextcloud/server/pull/31580#issuecomment-1069182234 for details.
#10 226.9 
#10 226.9 /server/tests/lib/DB/MigrationsTest.php:615
#10 226.9 
#10 226.9 4) Test\Files\Cache\CacheTest::testWithNormalizer
#10 226.9 The 3rdparty Normalizer extension is not available.
#10 226.9 
#10 226.9 /server/tests/lib/Files/Cache/CacheTest.php:572
#10 226.9 
#10 226.9 5) Test\Files\Cache\MoveFromCacheTraitTest::testWithNormalizer
#10 226.9 The 3rdparty Normalizer extension is not available.
#10 226.9 
#10 226.9 /server/tests/lib/Files/Cache/CacheTest.php:572
#10 226.9 
#10 226.9 6) Test\Files\Cache\Wrapper\CacheJailTest::testWithNormalizer
#10 226.9 The 3rdparty Normalizer extension is not available.
#10 226.9 
#10 226.9 /server/tests/lib/Files/Cache/CacheTest.php:572
#10 226.9 
#10 226.9 7) Test\Files\Cache\Wrapper\CachePermissionsMaskTest::testWithNormalizer
#10 226.9 The 3rdparty Normalizer extension is not available.
#10 226.9 
#10 226.9 /server/tests/lib/Files/Cache/CacheTest.php:572
#10 226.9 
#10 226.9 8) Test\Files\FilesystemTest::testNormalizePathUTF8
#10 226.9 UTF8 normalizer Patchwork was not found
#10 226.9 
#10 226.9 /server/tests/lib/Files/FilesystemTest.php:300
#10 226.9 
#10 226.9 9) Test\Files\ObjectStore\AzureTest::testFseekSize
#10 226.9 azure does not support seeking at the moment
#10 226.9 
#10 226.9 /server/tests/lib/Files/ObjectStore/AzureTest.php:40
#10 226.9 
#10 226.9 10) Test\Files\ObjectStore\AzureTest::testWriteRead
#10 226.9 objectstore not configured for azure
#10 226.9 
#10 226.9 /server/tests/lib/Files/ObjectStore/AzureTest.php:33
#10 226.9 /server/tests/lib/Files/ObjectStore/ObjectStoreTest.php:59
#10 226.9 
#10 226.9 11) Test\Files\ObjectStore\AzureTest::testDelete
#10 226.9 objectstore not configured for azure
#10 226.9 
#10 226.9 /server/tests/lib/Files/ObjectStore/AzureTest.php:33
#10 226.9 /server/tests/lib/Files/ObjectStore/ObjectStoreTest.php:72
#10 226.9 
#10 226.9 12) Test\Files\ObjectStore\AzureTest::testReadNonExisting
#10 226.9 objectstore not configured for azure
#10 226.9 
#10 226.9 /server/tests/lib/Files/ObjectStore/AzureTest.php:33
#10 226.9 /server/tests/lib/Files/ObjectStore/ObjectStoreTest.php:89
#10 226.9 
#10 226.9 13) Test\Files\ObjectStore\AzureTest::testDeleteNonExisting
#10 226.9 objectstore not configured for azure
#10 226.9 
#10 226.9 /server/tests/lib/Files/ObjectStore/AzureTest.php:33
#10 226.9 /server/tests/lib/Files/ObjectStore/ObjectStoreTest.php:101
#10 226.9 
#10 226.9 14) Test\Files\ObjectStore\AzureTest::testExists
#10 226.9 objectstore not configured for azure
#10 226.9 
#10 226.9 /server/tests/lib/Files/ObjectStore/AzureTest.php:33
#10 226.9 /server/tests/lib/Files/ObjectStore/ObjectStoreTest.php:115
#10 226.9 
#10 226.9 15) Test\Files\ObjectStore\AzureTest::testCopy
#10 226.9 objectstore not configured for azure
#10 226.9 
#10 226.9 /server/tests/lib/Files/ObjectStore/AzureTest.php:33
#10 226.9 /server/tests/lib/Files/ObjectStore/ObjectStoreTest.php:133
#10 226.9 
#10 226.9 16) Test\Files\ObjectStore\ObjectStoreStorageTest::testCheckUpdate
#10 226.9 Detecting external changes is not supported on object storages
#10 226.9 
#10 226.9 /server/tests/lib/Files/ObjectStore/ObjectStoreStorageTest.php:84
#10 226.9 
#10 226.9 17) Test\Files\ObjectStore\S3Test::testUploadNonSeekable
#10 226.9 objectstore not configured for s3
#10 226.9 
#10 226.9 /server/tests/lib/Files/ObjectStore/S3Test.php:72
#10 226.9 /server/tests/lib/Files/ObjectStore/S3Test.php:65
#10 226.9 
#10 226.9 18) Test\Files\ObjectStore\S3Test::testSeek
#10 226.9 objectstore not configured for s3
#10 226.9 
#10 226.9 /server/tests/lib/Files/ObjectStore/S3Test.php:72
#10 226.9 /server/tests/lib/Files/ObjectStore/S3Test.php:65
#10 226.9 
#10 226.9 19) Test\Files\ObjectStore\S3Test::testEmptyUpload
#10 226.9 objectstore not configured for s3
#10 226.9 
#10 226.9 /server/tests/lib/Files/ObjectStore/S3Test.php:72
#10 226.9 /server/tests/lib/Files/ObjectStore/S3Test.php:65
#10 226.9 
#10 226.9 20) Test\Files\ObjectStore\S3Test::testFileSizes with data set #0 (1000000)
#10 226.9 objectstore not configured for s3
#10 226.9 
#10 226.9 /server/tests/lib/Files/ObjectStore/S3Test.php:72
#10 226.9 /server/tests/lib/Files/ObjectStore/S3Test.php:65
#10 226.9 
#10 226.9 21) Test\Files\ObjectStore\S3Test::testFileSizes with data set #1 (2000000)
#10 226.9 objectstore not configured for s3
#10 226.9 
#10 226.9 /server/tests/lib/Files/ObjectStore/S3Test.php:72
#10 226.9 /server/tests/lib/Files/ObjectStore/S3Test.php:65
#10 226.9 
#10 226.9 22) Test\Files\ObjectStore\S3Test::testFileSizes with data set #2 (5242879)
#10 226.9 objectstore not configured for s3
#10 226.9 
#10 226.9 /server/tests/lib/Files/ObjectStore/S3Test.php:72
#10 226.9 /server/tests/lib/Files/ObjectStore/S3Test.php:65
#10 226.9 
#10 226.9 23) Test\Files\ObjectStore\S3Test::testFileSizes with data set #3 (5242880)
#10 226.9 objectstore not configured for s3
#10 226.9 
#10 226.9 /server/tests/lib/Files/ObjectStore/S3Test.php:72
#10 226.9 /server/tests/lib/Files/ObjectStore/S3Test.php:65
#10 226.9 
#10 226.9 24) Test\Files\ObjectStore\S3Test::testFileSizes with data set #4 (5242881)
#10 226.9 objectstore not configured for s3
#10 226.9 
#10 226.9 /server/tests/lib/Files/ObjectStore/S3Test.php:72
#10 226.9 /server/tests/lib/Files/ObjectStore/S3Test.php:65
#10 226.9 
#10 226.9 25) Test\Files\ObjectStore\S3Test::testFileSizes with data set #5 (10000000)
#10 226.9 objectstore not configured for s3
#10 226.9 
#10 226.9 /server/tests/lib/Files/ObjectStore/S3Test.php:72
#10 226.9 /server/tests/lib/Files/ObjectStore/S3Test.php:65
#10 226.9 
#10 226.9 26) Test\Files\ObjectStore\S3Test::testWriteRead
#10 226.9 objectstore not configured for s3
#10 226.9 
#10 226.9 /server/tests/lib/Files/ObjectStore/S3Test.php:72
#10 226.9 /server/tests/lib/Files/ObjectStore/S3Test.php:65
#10 226.9 
#10 226.9 27) Test\Files\ObjectStore\S3Test::testDelete
#10 226.9 objectstore not configured for s3
#10 226.9 
#10 226.9 /server/tests/lib/Files/ObjectStore/S3Test.php:72
#10 226.9 /server/tests/lib/Files/ObjectStore/S3Test.php:65
#10 226.9 
#10 226.9 28) Test\Files\ObjectStore\S3Test::testReadNonExisting
#10 226.9 objectstore not configured for s3
#10 226.9 
#10 226.9 /server/tests/lib/Files/ObjectStore/S3Test.php:72
#10 226.9 /server/tests/lib/Files/ObjectStore/S3Test.php:65
#10 226.9 
#10 226.9 29) Test\Files\ObjectStore\S3Test::testDeleteNonExisting
#10 226.9 objectstore not configured for s3
#10 226.9 
#10 226.9 /server/tests/lib/Files/ObjectStore/S3Test.php:72
#10 226.9 /server/tests/lib/Files/ObjectStore/S3Test.php:65
#10 226.9 
#10 226.9 30) Test\Files\ObjectStore\S3Test::testExists
#10 226.9 objectstore not configured for s3
#10 226.9 
#10 226.9 /server/tests/lib/Files/ObjectStore/S3Test.php:72
#10 226.9 /server/tests/lib/Files/ObjectStore/S3Test.php:65
#10 226.9 
#10 226.9 31) Test\Files\ObjectStore\S3Test::testCopy
#10 226.9 objectstore not configured for s3
#10 226.9 
#10 226.9 /server/tests/lib/Files/ObjectStore/S3Test.php:72
#10 226.9 /server/tests/lib/Files/ObjectStore/S3Test.php:65
#10 226.9 
#10 226.9 32) Test\Files\ObjectStore\S3Test::testFseekSize
#10 226.9 objectstore not configured for s3
#10 226.9 
#10 226.9 /server/tests/lib/Files/ObjectStore/S3Test.php:72
#10 226.9 /server/tests/lib/Files/ObjectStore/S3Test.php:65
#10 226.9 
#10 226.9 33) Test\Files\ObjectStore\SwiftTest::testWriteRead
#10 226.9 objectstore not configured for swift
#10 226.9 
#10 226.9 /server/tests/lib/Files/ObjectStore/SwiftTest.php:36
#10 226.9 /server/tests/lib/Files/ObjectStore/ObjectStoreTest.php:59
#10 226.9 
#10 226.9 34) Test\Files\ObjectStore\SwiftTest::testDelete
#10 226.9 objectstore not configured for swift
#10 226.9 
#10 226.9 /server/tests/lib/Files/ObjectStore/SwiftTest.php:36
#10 226.9 /server/tests/lib/Files/ObjectStore/ObjectStoreTest.php:72
#10 226.9 
#10 226.9 35) Test\Files\ObjectStore\SwiftTest::testReadNonExisting
#10 226.9 objectstore not configured for swift
#10 226.9 
#10 226.9 /server/tests/lib/Files/ObjectStore/SwiftTest.php:36
#10 226.9 /server/tests/lib/Files/ObjectStore/ObjectStoreTest.php:89
#10 226.9 
#10 226.9 36) Test\Files\ObjectStore\SwiftTest::testDeleteNonExisting
#10 226.9 objectstore not configured for swift
#10 226.9 
#10 226.9 /server/tests/lib/Files/ObjectStore/SwiftTest.php:36
#10 226.9 /server/tests/lib/Files/ObjectStore/ObjectStoreTest.php:101
#10 226.9 
#10 226.9 37) Test\Files\ObjectStore\SwiftTest::testExists
#10 226.9 objectstore not configured for swift
#10 226.9 
#10 226.9 /server/tests/lib/Files/ObjectStore/SwiftTest.php:36
#10 226.9 /server/tests/lib/Files/ObjectStore/ObjectStoreTest.php:115
#10 226.9 
#10 226.9 38) Test\Files\ObjectStore\SwiftTest::testCopy
#10 226.9 objectstore not configured for swift
#10 226.9 
#10 226.9 /server/tests/lib/Files/ObjectStore/SwiftTest.php:36
#10 226.9 /server/tests/lib/Files/ObjectStore/ObjectStoreTest.php:133
#10 226.9 
#10 226.9 39) Test\Files\ObjectStore\SwiftTest::testFseekSize
#10 226.9 objectstore not configured for swift
#10 226.9 
#10 226.9 /server/tests/lib/Files/ObjectStore/SwiftTest.php:36
#10 226.9 /server/tests/lib/Files/ObjectStore/ObjectStoreTest.php:147
#10 226.9 
#10 226.9 40) Test\Files\Storage\Wrapper\EncodingTest::testCheckUpdate
#10 226.9 Cannot test update check on wrappers
#10 226.9 
#10 226.9 /server/tests/lib/Files/Storage/Storage.php:344
#10 226.9 
#10 226.9 41) Test\Files\Storage\Wrapper\EncryptionTest::testCheckUpdate
#10 226.9 Cannot test update check on wrappers
#10 226.9 
#10 226.9 /server/tests/lib/Files/Storage/Storage.php:344
#10 226.9 
#10 226.9 42) Test\Files\Storage\Wrapper\JailTest::testCheckUpdate
#10 226.9 Cannot test update check on wrappers
#10 226.9 
#10 226.9 /server/tests/lib/Files/Storage/Storage.php:344
#10 226.9 
#10 226.9 43) Test\Files\Storage\Wrapper\PermissionsMaskTest::testCheckUpdate
#10 226.9 Cannot test update check on wrappers
#10 226.9 
#10 226.9 /server/tests/lib/Files/Storage/Storage.php:344
#10 226.9 
#10 226.9 44) Test\Files\Storage\Wrapper\QuotaTest::testCheckUpdate
#10 226.9 Cannot test update check on wrappers
#10 226.9 
#10 226.9 /server/tests/lib/Files/Storage/Storage.php:344
#10 226.9 
#10 226.9 45) Test\Files\Storage\Wrapper\WrapperTest::testCheckUpdate
#10 226.9 Cannot test update check on wrappers
#10 226.9 
#10 226.9 /server/tests/lib/Files/Storage/Storage.php:344
#10 226.9 
#10 226.9 46) Test\Files\Type\DetectionTest::testMimeTypeIcon
#10 226.9 Package vfsStream not installed
#10 226.9 
#10 226.9 /server/tests/lib/Files/Type/DetectionTest.php:136
#10 226.9 
#10 226.9 47) Test\Files\ViewTest::testLockBasicOperationUnlocksAfterException with data set #0 ('touch', array('touch-create.txt'), 'touch-create.txt', 'create', 1, 2, 1)
#10 226.9 touch handles storage exceptions internally
#10 226.9 
#10 226.9 /server/tests/lib/Files/ViewTest.php:1994
#10 226.9 
#10 226.9 48) Test\Files\ViewTest::testLockBasicOperationUnlocksAfterException with data set #9 ('touch', array('test.txt'), 'test.txt', 'touch', null, null, null)
#10 226.9 touch handles storage exceptions internally
#10 226.9 
#10 226.9 /server/tests/lib/Files/ViewTest.php:1994
#10 226.9 
#10 226.9 49) Test\Memcache\APCuTest::testCasIntChanged
#10 226.9 The APCu extension is not available.
#10 226.9 
#10 226.9 /server/tests/lib/Memcache/APCuTest.php:21
#10 226.9 
#10 226.9 50) Test\Memcache\APCuTest::testCasIntNotChanged
#10 226.9 The APCu extension is not available.
#10 226.9 
#10 226.9 /server/tests/lib/Memcache/APCuTest.php:21
#10 226.9 
#10 226.9 51) Test\Memcache\APCuTest::testExistsAfterSet
#10 226.9 The APCu extension is not available.
#10 226.9 
#10 226.9 /server/tests/lib/Memcache/APCuTest.php:21
#10 226.9 
#10 226.9 52) Test\Memcache\APCuTest::testGetAfterSet
#10 226.9 The APCu extension is not available.
#10 226.9 
#10 226.9 /server/tests/lib/Memcache/APCuTest.php:21
#10 226.9 
#10 226.9 53) Test\Memcache\APCuTest::testGetArrayAfterSet
#10 226.9 The APCu extension is not available.
#10 226.9 
#10 226.9 /server/tests/lib/Memcache/APCuTest.php:21
#10 226.9 
#10 226.9 54) Test\Memcache\APCuTest::testDoesNotExistAfterRemove
#10 226.9 The APCu extension is not available.
#10 226.9 
#10 226.9 /server/tests/lib/Memcache/APCuTest.php:21
#10 226.9 
#10 226.9 55) Test\Memcache\APCuTest::testRemoveNonExisting
#10 226.9 The APCu extension is not available.
#10 226.9 
#10 226.9 /server/tests/lib/Memcache/APCuTest.php:21
#10 226.9 
#10 226.9 56) Test\Memcache\APCuTest::testArrayAccessSet
#10 226.9 The APCu extension is not available.
#10 226.9 
#10 226.9 /server/tests/lib/Memcache/APCuTest.php:21
#10 226.9 
#10 226.9 57) Test\Memcache\APCuTest::testArrayAccessGet
#10 226.9 The APCu extension is not available.
#10 226.9 
#10 226.9 /server/tests/lib/Memcache/APCuTest.php:21
#10 226.9 
#10 226.9 58) Test\Memcache\APCuTest::testArrayAccessExists
#10 226.9 The APCu extension is not available.
#10 226.9 
#10 226.9 /server/tests/lib/Memcache/APCuTest.php:21
#10 226.9 
#10 226.9 59) Test\Memcache\APCuTest::testArrayAccessUnset
#10 226.9 The APCu extension is not available.
#10 226.9 
#10 226.9 /server/tests/lib/Memcache/APCuTest.php:21
#10 226.9 
#10 226.9 60) Test\Memcache\APCuTest::testAdd
#10 226.9 The APCu extension is not available.
#10 226.9 
#10 226.9 /server/tests/lib/Memcache/APCuTest.php:21
#10 226.9 
#10 226.9 61) Test\Memcache\APCuTest::testInc
#10 226.9 The APCu extension is not available.
#10 226.9 
#10 226.9 /server/tests/lib/Memcache/APCuTest.php:21
#10 226.9 
#10 226.9 62) Test\Memcache\APCuTest::testDec
#10 226.9 The APCu extension is not available.
#10 226.9 
#10 226.9 /server/tests/lib/Memcache/APCuTest.php:21
#10 226.9 
#10 226.9 63) Test\Memcache\APCuTest::testCasNotChanged
#10 226.9 The APCu extension is not available.
#10 226.9 
#10 226.9 /server/tests/lib/Memcache/APCuTest.php:21
#10 226.9 
#10 226.9 64) Test\Memcache\APCuTest::testCasChanged
#10 226.9 The APCu extension is not available.
#10 226.9 
#10 226.9 /server/tests/lib/Memcache/APCuTest.php:21
#10 226.9 
#10 226.9 65) Test\Memcache\APCuTest::testCadNotChanged
#10 226.9 The APCu extension is not available.
#10 226.9 
#10 226.9 /server/tests/lib/Memcache/APCuTest.php:21
#10 226.9 
#10 226.9 66) Test\Memcache\APCuTest::testCadChanged
#10 226.9 The APCu extension is not available.
#10 226.9 
#10 226.9 /server/tests/lib/Memcache/APCuTest.php:21
#10 226.9 
#10 226.9 67) Test\Memcache\APCuTest::testSimple
#10 226.9 The APCu extension is not available.
#10 226.9 
#10 226.9 /server/tests/lib/Memcache/APCuTest.php:21
#10 226.9 
#10 226.9 68) Test\Memcache\APCuTest::testClear
#10 226.9 The APCu extension is not available.
#10 226.9 
#10 226.9 /server/tests/lib/Memcache/APCuTest.php:21
#10 226.9 
#10 226.9 69) Test\Memcache\MemcachedTest::testClear
#10 226.9 The memcached extension is not available.
#10 226.9 
#10 226.9 /server/tests/lib/Memcache/MemcachedTest.php:21
#10 226.9 
#10 226.9 70) Test\Memcache\MemcachedTest::testExistsAfterSet
#10 226.9 The memcached extension is not available.
#10 226.9 
#10 226.9 /server/tests/lib/Memcache/MemcachedTest.php:21
#10 226.9 
#10 226.9 71) Test\Memcache\MemcachedTest::testGetAfterSet
#10 226.9 The memcached extension is not available.
#10 226.9 
#10 226.9 /server/tests/lib/Memcache/MemcachedTest.php:21
#10 226.9 
#10 226.9 72) Test\Memcache\MemcachedTest::testGetArrayAfterSet
#10 226.9 The memcached extension is not available.
#10 226.9 
#10 226.9 /server/tests/lib/Memcache/MemcachedTest.php:21
#10 226.9 
#10 226.9 73) Test\Memcache\MemcachedTest::testDoesNotExistAfterRemove
#10 226.9 The memcached extension is not available.
#10 226.9 
#10 226.9 /server/tests/lib/Memcache/MemcachedTest.php:21
#10 226.9 
#10 226.9 74) Test\Memcache\MemcachedTest::testRemoveNonExisting
#10 226.9 The memcached extension is not available.
#10 226.9 
#10 226.9 /server/tests/lib/Memcache/MemcachedTest.php:21
#10 226.9 
#10 226.9 75) Test\Memcache\MemcachedTest::testArrayAccessSet
#10 226.9 The memcached extension is not available.
#10 226.9 
#10 226.9 /server/tests/lib/Memcache/MemcachedTest.php:21
#10 226.9 
#10 226.9 76) Test\Memcache\MemcachedTest::testArrayAccessGet
#10 226.9 The memcached extension is not available.
#10 226.9 
#10 226.9 /server/tests/lib/Memcache/MemcachedTest.php:21
#10 226.9 
#10 226.9 77) Test\Memcache\MemcachedTest::testArrayAccessExists
#10 226.9 The memcached extension is not available.
#10 226.9 
#10 226.9 /server/tests/lib/Memcache/MemcachedTest.php:21
#10 226.9 
#10 226.9 78) Test\Memcache\MemcachedTest::testArrayAccessUnset
#10 226.9 The memcached extension is not available.
#10 226.9 
#10 226.9 /server/tests/lib/Memcache/MemcachedTest.php:21
#10 226.9 
#10 226.9 79) Test\Memcache\MemcachedTest::testAdd
#10 226.9 The memcached extension is not available.
#10 226.9 
#10 226.9 /server/tests/lib/Memcache/MemcachedTest.php:21
#10 226.9 
#10 226.9 80) Test\Memcache\MemcachedTest::testInc
#10 226.9 The memcached extension is not available.
#10 226.9 
#10 226.9 /server/tests/lib/Memcache/MemcachedTest.php:21
#10 226.9 
#10 226.9 81) Test\Memcache\MemcachedTest::testDec
#10 226.9 The memcached extension is not available.
#10 226.9 
#10 226.9 /server/tests/lib/Memcache/MemcachedTest.php:21
#10 226.9 
#10 226.9 82) Test\Memcache\MemcachedTest::testCasNotChanged
#10 226.9 The memcached extension is not available.
#10 226.9 
#10 226.9 /server/tests/lib/Memcache/MemcachedTest.php:21
#10 226.9 
#10 226.9 83) Test\Memcache\MemcachedTest::testCasChanged
#10 226.9 The memcached extension is not available.
#10 226.9 
#10 226.9 /server/tests/lib/Memcache/MemcachedTest.php:21
#10 226.9 
#10 226.9 84) Test\Memcache\MemcachedTest::testCadNotChanged
#10 226.9 The memcached extension is not available.
#10 226.9 
#10 226.9 /server/tests/lib/Memcache/MemcachedTest.php:21
#10 226.9 
#10 226.9 85) Test\Memcache\MemcachedTest::testCadChanged
#10 226.9 The memcached extension is not available.
#10 226.9 
#10 226.9 /server/tests/lib/Memcache/MemcachedTest.php:21
#10 226.9 
#10 226.9 86) Test\Memcache\MemcachedTest::testSimple
#10 226.9 The memcached extension is not available.
#10 226.9 
#10 226.9 /server/tests/lib/Memcache/MemcachedTest.php:21
#10 226.9 
#10 226.9 87) Test\Memcache\RedisTest::testExistsAfterSet
#10 226.9 The redis extension is not available.
#10 226.9 
#10 226.9 /server/tests/lib/Memcache/RedisTest.php:21
#10 226.9 
#10 226.9 88) Test\Memcache\RedisTest::testGetAfterSet
#10 226.9 The redis extension is not available.
#10 226.9 
#10 226.9 /server/tests/lib/Memcache/RedisTest.php:21
#10 226.9 
#10 226.9 89) Test\Memcache\RedisTest::testGetArrayAfterSet
#10 226.9 The redis extension is not available.
#10 226.9 
#10 226.9 /server/tests/lib/Memcache/RedisTest.php:21
#10 226.9 
#10 226.9 90) Test\Memcache\RedisTest::testDoesNotExistAfterRemove
#10 226.9 The redis extension is not available.
#10 226.9 
#10 226.9 /server/tests/lib/Memcache/RedisTest.php:21
#10 226.9 
#10 226.9 91) Test\Memcache\RedisTest::testRemoveNonExisting
#10 226.9 The redis extension is not available.
#10 226.9 
#10 226.9 /server/tests/lib/Memcache/RedisTest.php:21
#10 226.9 
#10 226.9 92) Test\Memcache\RedisTest::testArrayAccessSet
#10 226.9 The redis extension is not available.
#10 226.9 
#10 226.9 /server/tests/lib/Memcache/RedisTest.php:21
#10 226.9 
#10 226.9 93) Test\Memcache\RedisTest::testArrayAccessGet
#10 226.9 The redis extension is not available.
#10 226.9 
#10 226.9 /server/tests/lib/Memcache/RedisTest.php:21
#10 226.9 
#10 226.9 94) Test\Memcache\RedisTest::testArrayAccessExists
#10 226.9 The redis extension is not available.
#10 226.9 
#10 226.9 /server/tests/lib/Memcache/RedisTest.php:21
#10 226.9 
#10 226.9 95) Test\Memcache\RedisTest::testArrayAccessUnset
#10 226.9 The redis extension is not available.
#10 226.9 
#10 226.9 /server/tests/lib/Memcache/RedisTest.php:21
#10 226.9 
#10 226.9 96) Test\Memcache\RedisTest::testAdd
#10 226.9 The redis extension is not available.
#10 226.9 
#10 226.9 /server/tests/lib/Memcache/RedisTest.php:21
#10 226.9 
#10 226.9 97) Test\Memcache\RedisTest::testInc
#10 226.9 The redis extension is not available.
#10 226.9 
#10 226.9 /server/tests/lib/Memcache/RedisTest.php:21
#10 226.9 
#10 226.9 98) Test\Memcache\RedisTest::testDec
#10 226.9 The redis extension is not available.
#10 226.9 
#10 226.9 /server/tests/lib/Memcache/RedisTest.php:21
#10 226.9 
#10 226.9 99) Test\Memcache\RedisTest::testCasNotChanged
#10 226.9 The redis extension is not available.
#10 226.9 
#10 226.9 /server/tests/lib/Memcache/RedisTest.php:21
#10 226.9 
#10 226.9 100) Test\Memcache\RedisTest::testCasChanged
#10 226.9 The redis extension is not available.
#10 226.9 
#10 226.9 /server/tests/lib/Memcache/RedisTest.php:21
#10 226.9 
#10 226.9 101) Test\Memcache\RedisTest::testCadNotChanged
#10 226.9 The redis extension is not available.
#10 226.9 
#10 226.9 /server/tests/lib/Memcache/RedisTest.php:21
#10 226.9 
#10 226.9 102) Test\Memcache\RedisTest::testCadChanged
#10 226.9 The redis extension is not available.
#10 226.9 
#10 226.9 /server/tests/lib/Memcache/RedisTest.php:21
#10 226.9 
#10 226.9 103) Test\Memcache\RedisTest::testSimple
#10 226.9 The redis extension is not available.
#10 226.9 
#10 226.9 /server/tests/lib/Memcache/RedisTest.php:21
#10 226.9 
#10 226.9 104) Test\Memcache\RedisTest::testClear
#10 226.9 The redis extension is not available.
#10 226.9 
#10 226.9 /server/tests/lib/Memcache/RedisTest.php:21
#10 226.9 
#10 226.9 105) Test\Preview\BitmapTest::testGetThumbnail with data set #0 (-20, -95)
#10 226.9 An error occured while operating with Imagick.
#10 226.9 
#10 226.9 /server/tests/lib/Preview/Provider.php:144
#10 226.9 /server/tests/lib/Preview/Provider.php:104
#10 226.9 
#10 226.9 106) Test\Preview\BitmapTest::testGetThumbnail with data set #1 (48, 19)
#10 226.9 An error occured while operating with Imagick.
#10 226.9 
#10 226.9 /server/tests/lib/Preview/Provider.php:144
#10 226.9 /server/tests/lib/Preview/Provider.php:104
#10 226.9 
#10 226.9 107) Test\Preview\BitmapTest::testGetThumbnail with data set #2 (-78, 58)
#10 226.9 An error occured while operating with Imagick.
#10 226.9 
#10 226.9 /server/tests/lib/Preview/Provider.php:144
#10 226.9 /server/tests/lib/Preview/Provider.php:104
#10 226.9 
#10 226.9 108) Test\Preview\BitmapTest::testGetThumbnail with data set #3 (96, -12)
#10 226.9 An error occured while operating with Imagick.
#10 226.9 
#10 226.9 /server/tests/lib/Preview/Provider.php:144
#10 226.9 /server/tests/lib/Preview/Provider.php:104
#10 226.9 
#10 226.9 109) Test\Preview\MovieTest::testGetThumbnail with data set #0 (-72, -25)
#10 226.9 No Movie provider present
#10 226.9 
#10 226.9 /server/tests/lib/Preview/MovieTest.php:48
#10 226.9 
#10 226.9 110) Test\Preview\MovieTest::testGetThumbnail with data set #1 (17, 79)
#10 226.9 No Movie provider present
#10 226.9 
#10 226.9 /server/tests/lib/Preview/MovieTest.php:48
#10 226.9 
#10 226.9 111) Test\Preview\MovieTest::testGetThumbnail with data set #2 (-27, 23)
#10 226.9 No Movie provider present
#10 226.9 
#10 226.9 /server/tests/lib/Preview/MovieTest.php:48
#10 226.9 
#10 226.9 112) Test\Preview\MovieTest::testGetThumbnail with data set #3 (91, -49)
#10 226.9 No Movie provider present
#10 226.9 
#10 226.9 /server/tests/lib/Preview/MovieTest.php:48
#10 226.9 
#10 226.9 113) Test\Preview\OfficeTest::testGetThumbnail with data set #0 (-16, -56)
#10 226.9 No Office provider present
#10 226.9 
#10 226.9 /server/tests/lib/Preview/OfficeTest.php:45
#10 226.9 
#10 226.9 114) Test\Preview\OfficeTest::testGetThumbnail with data set #1 (84, 54)
#10 226.9 No Office provider present
#10 226.9 
#10 226.9 /server/tests/lib/Preview/OfficeTest.php:45
#10 226.9 
#10 226.9 115) Test\Preview\OfficeTest::testGetThumbnail with data set #2 (-78, 9)
#10 226.9 No Office provider present
#10 226.9 
#10 226.9 /server/tests/lib/Preview/OfficeTest.php:45
#10 226.9 
#10 226.9 116) Test\Preview\OfficeTest::testGetThumbnail with data set #3 (54, -12)
#10 226.9 No Office provider present
#10 226.9 
#10 226.9 /server/tests/lib/Preview/OfficeTest.php:45
#10 226.9 
#10 226.9 117) Test\Repair\RepairCollationTest::testCollationConvert
#10 226.9 Test only relevant on MySql
#10 226.9 
#10 226.9 /server/tests/lib/Repair/RepairCollationTest.php:66
#10 226.9 
#10 226.9 118) Test\TempManagerTest::testLogCantCreateFile
#10 226.9 TODO: Disable because fails on drone
#10 226.9 
#10 226.9 /server/tests/lib/TempManagerTest.php:135
#10 226.9 
#10 226.9 119) Test\TempManagerTest::testLogCantCreateFolder
#10 226.9 TODO: Disable because fails on drone
#10 226.9 
#10 226.9 /server/tests/lib/TempManagerTest.php:147
#10 226.9 
#10 226.9 120) Test\UtilCheckServerTest::testDataDirNotWritable
#10 226.9 TODO: Disable because fails on drone
#10 226.9 
#10 226.9 /server/tests/lib/UtilCheckServerTest.php:147
#10 226.9 
#10 226.9 121) OCA\Files_Sharing\Tests\UpdaterTest::testMovedIntoShareChangeOwner
#10 226.9 Skipped because this is failing with S3 as primary as file id are change when moved.
#10 226.9 
#10 226.9 /server/apps/files_sharing/tests/UpdaterTest.php:253
#10 226.9 
#10 226.9 122) OCA\Files_Sharing\Tests\ApiTest::testGetShareFromSource
#10 226.9 This test depends on "OCA\Files_Sharing\Tests\ApiTest::testCreateShareLink" to pass.
#10 226.9 
#10 226.9 123) OCA\Files_Sharing\Tests\ApiTest::testGetShareFromSourceWithReshares
#10 226.9 This test depends on "OCA\Files_Sharing\Tests\ApiTest::testCreateShareLink" to pass.
#10 226.9 
#10 226.9 124) OCA\Files_Sharing\Tests\ApiTest::testUpdateShare
#10 226.9 This test depends on "OCA\Files_Sharing\Tests\ApiTest::testCreateShareLink" to pass.
#10 226.9 
#10 226.9 125) OCA\Files_Sharing\Tests\ShareTest::testShareWithGroupUniqueName
#10 226.9 TODO: Disable because fails on drone
#10 226.9 
#10 226.9 /server/apps/files_sharing/tests/ShareTest.php:164
#10 226.9 
#10 226.9 126) OCA\Files_Versions\Tests\VersioningTest::testRestoreMovedShare
#10 226.9 Unreliable test
#10 226.9 
#10 226.9 /server/apps/files_versions/tests/VersioningTest.php:704
#10 226.9 
#10 226.9 FAILURES!
#10 226.9 Tests: 14716, Assertions: 37918, Failures: 6, Warnings: 30, Skipped: 126.
#10 ERROR: process "/bin/sh -c ./autotest.sh sqlite" did not complete successfully: exit code: 1
------
 > [6/6] RUN ./autotest.sh sqlite:
#10 226.9 
#10 226.9 /server/apps/files_sharing/tests/ShareTest.php:164
#10 226.9 
#10 226.9 126) OCA\Files_Versions\Tests\VersioningTest::testRestoreMovedShare
#10 226.9 Unreliable test
#10 226.9 
#10 226.9 /server/apps/files_versions/tests/VersioningTest.php:704
#10 226.9 
#10 226.9 FAILURES!
#10 226.9 Tests: 14716, Assertions: 37918, Failures: 6, Warnings: 30, Skipped: 126.
------
Dockerfile:22
--------------------
  20 |     RUN git submodule update --init
  21 |     
  22 | >>> RUN ./autotest.sh sqlite
  23 |     
--------------------
ERROR: failed to solve: process "/bin/sh -c ./autotest.sh sqlite" did not complete successfully: exit code: 1
