Sending build context to Docker daemon   76.8kB
Step 1/7 : FROM debian:stable-slim
stable-slim: Pulling from library/debian
ac3242441a0b: Pulling fs layer
ac3242441a0b: Verifying Checksum
ac3242441a0b: Download complete
ac3242441a0b: Pull complete
Digest: sha256:cccd5ce5805bc1023b12823f0a26e90c4377ed7790512f8a594ac6712c60caac
Status: Downloaded newer image for debian:stable-slim
 ---> 7ba1d5ada595
Step 2/7 : RUN apt-get update &&     apt-get install -y       git       libmagickcore-6.q16-6-extra       php       php-imagick       php7.4-zip       php7.4-gd       php7.4-curl       php7.4-sqlite3       php7.4-intl       phpunit
 ---> [Warning] The requested image's platform (linux/386) does not match the detected host platform (linux/amd64) and no specific platform was requested
 ---> Running in 8ef5c2d19a48
Get:1 http://deb.debian.org/debian stable InRelease [116 kB]
Get:2 http://deb.debian.org/debian-security stable-security InRelease [48.4 kB]
Get:3 http://deb.debian.org/debian stable-updates InRelease [44.1 kB]
Get:4 http://deb.debian.org/debian stable/main i386 Packages [8122 kB]
Get:5 http://deb.debian.org/debian-security stable-security/main i386 Packages [209 kB]
Get:6 http://deb.debian.org/debian stable-updates/main i386 Packages [15.1 kB]
Fetched 8555 kB in 2s (5344 kB/s)
Reading package lists...
Reading package lists...
Building dependency tree...
Reading state information...
The following additional packages will be installed:
  apache2 apache2-bin apache2-data apache2-utils bzip2 ca-certificates dbus
  file fontconfig fontconfig-config fonts-dejavu-core fonts-droid-fallback
  fonts-noto-mono fonts-urw-base35 ghostscript git-man gsfonts
  imagemagick-6-common javascript-common less libaom0 libapache2-mod-php7.4
  libapparmor1 libapr1 libaprutil1 libaprutil1-dbd-sqlite3 libaprutil1-ldap
  libargon2-1 libavahi-client3 libavahi-common-data libavahi-common3
  libbrotli1 libbsd0 libcairo2 libcbor0 libcups2 libcurl3-gnutls libcurl4
  libdatrie1 libdav1d4 libdbus-1-3 libde265-0 libdeflate0 libdjvulibre-text
  libdjvulibre21 libedit2 liberror-perl libexpat1 libfftw3-double3 libfido2-1
  libfontconfig1 libfreetype6 libfribidi0 libgd3 libgdbm-compat4 libgdbm6
  libglib2.0-0 libglib2.0-data libgomp1 libgpm2 libgraphite2-3 libgs9
  libgs9-common libharfbuzz0b libheif1 libicu67 libidn11 libijs-0.35
  libilmbase25 libjansson4 libjbig0 libjbig2dec0 libjpeg62-turbo
  libjs-bootstrap4 libjs-d3 libjs-jquery libjs-popper.js libjs-sizzle
  libjxr-tools libjxr0 liblcms2-2 libldap-2.4-2 libldap-common liblqr-1-0
  libltdl7 liblua5.3-0 libmagic-mgc libmagic1 libmagickcore-6.q16-6
  libmagickwand-6.q16-6 libmd0 libncurses6 libncursesw6 libnghttp2-14 libnuma1
  libonig5 libopenexr25 libopenjp2-7 libpango-1.0-0 libpangocairo-1.0-0
  libpangoft2-1.0-0 libpaper-utils libpaper1 libperl5.32 libpixman-1-0
  libpng16-16 libprocps8 libpsl5 librtmp1 libsasl2-2 libsasl2-modules
  libsasl2-modules-db libsodium23 libsqlite3-0 libssh2-1 libthai-data libthai0
  libtiff5 libwebp6 libwebpdemux2 libwebpmux3 libwmf0.2-7 libx11-6 libx11-data
  libx265-192 libxau6 libxcb-render0 libxcb-shm0 libxcb1 libxdmcp6 libxext6
  libxml2 libxmuu1 libxpm4 libxrender1 libxslt1.1 libzip4 mailcap media-types
  mime-support netbase node-jquery openssh-client openssl patch perl
  perl-modules-5.32 php-codecoverage php-common php-deepcopy
  php-doctrine-instantiator php-file-iterator php-invoker php-mbstring
  php-parser php-phar-io-manifest php-phar-io-version
  php-phpdocumentor-reflection-common php-phpdocumentor-reflection-docblock
  php-phpdocumentor-type-resolver php-phpspec-prophecy php-text-template
  php-timer php-tokenizer php-webmozart-assert php-xml php7.4 php7.4-cli
  php7.4-common php7.4-json php7.4-mbstring php7.4-opcache php7.4-readline
  php7.4-xml phpunit-cli-parser phpunit-code-unit
  phpunit-code-unit-reverse-lookup phpunit-comparator phpunit-complexity
  phpunit-diff phpunit-environment phpunit-exporter phpunit-global-state
  phpunit-lines-of-code phpunit-object-enumerator phpunit-object-reflector
  phpunit-recursion-context phpunit-resource-operations phpunit-type
  phpunit-version poppler-data procps psmisc publicsuffix sensible-utils
  shared-mime-info ssl-cert ucf xauth xdg-user-dirs xz-utils
Suggested packages:
  apache2-doc apache2-suexec-pristine | apache2-suexec-custom www-browser
  bzip2-doc default-dbus-session-bus | dbus-session-bus fonts-noto
  fonts-freefont-otf | fonts-freefont-ttf fonts-texgyre ghostscript-x
  gettext-base git-daemon-run | git-daemon-sysvinit git-doc git-el git-email
  git-gui gitk gitweb git-cvs git-mediawiki git-svn php-pear cups-common
  libfftw3-bin libfftw3-dev libgd-tools gdbm-l10n gpm liblcms2-utils inkscape
  libsasl2-modules-gssapi-mit | libsasl2-modules-gssapi-heimdal
  libsasl2-modules-ldap libsasl2-modules-otp libsasl2-modules-sql
  libwmf0.2-7-gtk keychain libpam-ssh monkeysphere ssh-askpass ed
  diffutils-doc perl-doc libterm-readline-gnu-perl
  | libterm-readline-perl-perl make libtap-harness-archive-perl php-pcov
  php-xdebug php-soap php-uopz poppler-utils fonts-japanese-mincho
  | fonts-ipafont-mincho fonts-japanese-gothic | fonts-ipafont-gothic
  fonts-arphic-ukai fonts-arphic-uming fonts-nanum
Recommended packages:
  ttf-dejavu-core
The following NEW packages will be installed:
  apache2 apache2-bin apache2-data apache2-utils bzip2 ca-certificates dbus
  file fontconfig fontconfig-config fonts-dejavu-core fonts-droid-fallback
  fonts-noto-mono fonts-urw-base35 ghostscript git git-man gsfonts
  imagemagick-6-common javascript-common less libaom0 libapache2-mod-php7.4
  libapparmor1 libapr1 libaprutil1 libaprutil1-dbd-sqlite3 libaprutil1-ldap
  libargon2-1 libavahi-client3 libavahi-common-data libavahi-common3
  libbrotli1 libbsd0 libcairo2 libcbor0 libcups2 libcurl3-gnutls libcurl4
  libdatrie1 libdav1d4 libdbus-1-3 libde265-0 libdeflate0 libdjvulibre-text
  libdjvulibre21 libedit2 liberror-perl libexpat1 libfftw3-double3 libfido2-1
  libfontconfig1 libfreetype6 libfribidi0 libgd3 libgdbm-compat4 libgdbm6
  libglib2.0-0 libglib2.0-data libgomp1 libgpm2 libgraphite2-3 libgs9
  libgs9-common libharfbuzz0b libheif1 libicu67 libidn11 libijs-0.35
  libilmbase25 libjansson4 libjbig0 libjbig2dec0 libjpeg62-turbo
  libjs-bootstrap4 libjs-d3 libjs-jquery libjs-popper.js libjs-sizzle
  libjxr-tools libjxr0 liblcms2-2 libldap-2.4-2 libldap-common liblqr-1-0
  libltdl7 liblua5.3-0 libmagic-mgc libmagic1 libmagickcore-6.q16-6
  libmagickcore-6.q16-6-extra libmagickwand-6.q16-6 libmd0 libncurses6
  libncursesw6 libnghttp2-14 libnuma1 libonig5 libopenexr25 libopenjp2-7
  libpango-1.0-0 libpangocairo-1.0-0 libpangoft2-1.0-0 libpaper-utils
  libpaper1 libperl5.32 libpixman-1-0 libpng16-16 libprocps8 libpsl5 librtmp1
  libsasl2-2 libsasl2-modules libsasl2-modules-db libsodium23 libsqlite3-0
  libssh2-1 libthai-data libthai0 libtiff5 libwebp6 libwebpdemux2 libwebpmux3
  libwmf0.2-7 libx11-6 libx11-data libx265-192 libxau6 libxcb-render0
  libxcb-shm0 libxcb1 libxdmcp6 libxext6 libxml2 libxmuu1 libxpm4 libxrender1
  libxslt1.1 libzip4 mailcap media-types mime-support netbase node-jquery
  openssh-client openssl patch perl perl-modules-5.32 php php-codecoverage
  php-common php-deepcopy php-doctrine-instantiator php-file-iterator
  php-imagick php-invoker php-mbstring php-parser php-phar-io-manifest
  php-phar-io-version php-phpdocumentor-reflection-common
  php-phpdocumentor-reflection-docblock php-phpdocumentor-type-resolver
  php-phpspec-prophecy php-text-template php-timer php-tokenizer
  php-webmozart-assert php-xml php7.4 php7.4-cli php7.4-common php7.4-curl
  php7.4-gd php7.4-intl php7.4-json php7.4-mbstring php7.4-opcache
  php7.4-readline php7.4-sqlite3 php7.4-xml php7.4-zip phpunit
  phpunit-cli-parser phpunit-code-unit phpunit-code-unit-reverse-lookup
  phpunit-comparator phpunit-complexity phpunit-diff phpunit-environment
  phpunit-exporter phpunit-global-state phpunit-lines-of-code
  phpunit-object-enumerator phpunit-object-reflector phpunit-recursion-context
  phpunit-resource-operations phpunit-type phpunit-version poppler-data procps
  psmisc publicsuffix sensible-utils shared-mime-info ssl-cert ucf xauth
  xdg-user-dirs xz-utils
0 upgraded, 211 newly installed, 0 to remove and 0 not upgraded.
Need to get 84.1 MB of archives.
After this operation, 325 MB of additional disk space will be used.
Get:1 http://deb.debian.org/debian stable/main i386 libapparmor1 i386 2.13.6-10 [101 kB]
Get:2 http://deb.debian.org/debian stable/main i386 libdbus-1-3 i386 1.12.24-0+deb11u1 [236 kB]
Get:3 http://deb.debian.org/debian stable/main i386 libexpat1 i386 2.2.10-2+deb11u5 [101 kB]
Get:4 http://deb.debian.org/debian stable/main i386 dbus i386 1.12.24-0+deb11u1 [254 kB]
Get:5 http://deb.debian.org/debian stable/main i386 perl-modules-5.32 all 5.32.1-4+deb11u2 [2823 kB]
Get:6 http://deb.debian.org/debian stable/main i386 libgdbm6 i386 1.19-2 [69.2 kB]
Get:7 http://deb.debian.org/debian stable/main i386 libgdbm-compat4 i386 1.19-2 [45.3 kB]
Get:8 http://deb.debian.org/debian stable/main i386 libperl5.32 i386 5.32.1-4+deb11u2 [3734 kB]
Get:9 http://deb.debian.org/debian stable/main i386 perl i386 5.32.1-4+deb11u2 [293 kB]
Get:10 http://deb.debian.org/debian stable/main i386 libapr1 i386 1.7.0-6+deb11u1 [115 kB]
Get:11 http://deb.debian.org/debian stable/main i386 libaprutil1 i386 1.6.1-5 [101 kB]
Get:12 http://deb.debian.org/debian stable/main i386 libsqlite3-0 i386 3.34.1-3 [838 kB]
Get:13 http://deb.debian.org/debian stable/main i386 libaprutil1-dbd-sqlite3 i386 1.6.1-5 [19.2 kB]
Get:14 http://deb.debian.org/debian stable/main i386 libsasl2-modules-db i386 2.1.27+dfsg-2.1+deb11u1 [70.1 kB]
Get:15 http://deb.debian.org/debian stable/main i386 libsasl2-2 i386 2.1.27+dfsg-2.1+deb11u1 [110 kB]
Get:16 http://deb.debian.org/debian stable/main i386 libldap-2.4-2 i386 2.4.57+dfsg-3+deb11u1 [244 kB]
Get:17 http://deb.debian.org/debian stable/main i386 libaprutil1-ldap i386 1.6.1-5 [17.2 kB]
Get:18 http://deb.debian.org/debian stable/main i386 libbrotli1 i386 1.0.9-2+b2 [286 kB]
Get:19 http://deb.debian.org/debian stable/main i386 libnghttp2-14 i386 1.43.0-1 [85.7 kB]
Get:20 http://deb.debian.org/debian stable/main i386 libpsl5 i386 0.21.0-1.2 [57.9 kB]
Get:21 http://deb.debian.org/debian stable/main i386 librtmp1 i386 2.4+20151223.gitfa8646d.1-2+b2 [64.3 kB]
Get:22 http://deb.debian.org/debian stable/main i386 libssh2-1 i386 1.9.0-2 [164 kB]
Get:23 http://deb.debian.org/debian stable/main i386 libcurl4 i386 7.74.0-1.3+deb11u3 [376 kB]
Get:24 http://deb.debian.org/debian stable/main i386 libjansson4 i386 2.13.1-1.1 [41.7 kB]
Get:25 http://deb.debian.org/debian stable/main i386 liblua5.3-0 i386 5.3.3-1.1+b1 [141 kB]
Get:26 http://deb.debian.org/debian stable/main i386 libicu67 i386 67.1-7 [8775 kB]
Get:27 http://deb.debian.org/debian stable/main i386 libxml2 i386 2.9.10+dfsg-6.7+deb11u3 [727 kB]
Get:28 http://deb.debian.org/debian stable/main i386 apache2-bin i386 2.4.54-1~deb11u1 [1493 kB]
Get:29 http://deb.debian.org/debian stable/main i386 apache2-data all 2.4.54-1~deb11u1 [160 kB]
Get:30 http://deb.debian.org/debian stable/main i386 apache2-utils i386 2.4.54-1~deb11u1 [264 kB]
Get:31 http://deb.debian.org/debian stable/main i386 media-types all 4.0.0 [30.3 kB]
Get:32 http://deb.debian.org/debian stable/main i386 mailcap all 3.69 [31.7 kB]
Get:33 http://deb.debian.org/debian stable/main i386 mime-support all 3.66 [10.9 kB]
Get:34 http://deb.debian.org/debian stable/main i386 libncurses6 i386 6.2+20201114-2 [110 kB]
Get:35 http://deb.debian.org/debian stable/main i386 libncursesw6 i386 6.2+20201114-2 [144 kB]
Get:36 http://deb.debian.org/debian stable/main i386 libprocps8 i386 2:3.3.17-5 [64.2 kB]
Get:37 http://deb.debian.org/debian stable/main i386 procps i386 2:3.3.17-5 [501 kB]
Get:38 http://deb.debian.org/debian stable/main i386 apache2 i386 2.4.54-1~deb11u1 [275 kB]
Get:39 http://deb.debian.org/debian stable/main i386 fonts-droid-fallback all 1:6.0.1r16-1.1 [1807 kB]
Get:40 http://deb.debian.org/debian stable/main i386 libgomp1 i386 10.2.1-6 [106 kB]
Get:41 http://deb.debian.org/debian stable/main i386 libfftw3-double3 i386 3.3.8-2 [640 kB]
Get:42 http://deb.debian.org/debian stable/main i386 libpng16-16 i386 1.6.37-3 [303 kB]
Get:43 http://deb.debian.org/debian stable/main i386 libfreetype6 i386 2.10.4+dfsg-1+deb11u1 [430 kB]
Get:44 http://deb.debian.org/debian stable/main i386 sensible-utils all 0.0.14 [14.8 kB]
Get:45 http://deb.debian.org/debian stable/main i386 ucf all 3.0043 [74.0 kB]
Get:46 http://deb.debian.org/debian stable/main i386 fonts-dejavu-core all 2.37-2 [1069 kB]
Get:47 http://deb.debian.org/debian stable/main i386 fonts-urw-base35 all 20200910-1 [6367 kB]
Get:48 http://deb.debian.org/debian stable/main i386 fontconfig-config all 2.13.1-4.2 [281 kB]
Get:49 http://deb.debian.org/debian stable/main i386 libfontconfig1 i386 2.13.1-4.2 [358 kB]
Get:50 http://deb.debian.org/debian stable/main i386 libaom0 i386 1.0.0.errata1-3 [1181 kB]
Get:51 http://deb.debian.org/debian stable/main i386 libdav1d4 i386 0.7.1-3 [262 kB]
Get:52 http://deb.debian.org/debian stable/main i386 libde265-0 i386 1.0.8-1 [254 kB]
Get:53 http://deb.debian.org/debian stable/main i386 libnuma1 i386 2.0.12-1+b1 [27.9 kB]
Get:54 http://deb.debian.org/debian stable/main i386 libx265-192 i386 3.4-2 [668 kB]
Get:55 http://deb.debian.org/debian stable/main i386 libheif1 i386 1.11.0-1 [208 kB]
Get:56 http://deb.debian.org/debian stable/main i386 libjbig0 i386 2.1-3.1+b2 [31.5 kB]
Get:57 http://deb.debian.org/debian stable/main i386 libjpeg62-turbo i386 1:2.0.6-4 [160 kB]
Get:58 http://deb.debian.org/debian stable/main i386 liblcms2-2 i386 2.12~rc1-2 [161 kB]
Get:59 http://deb.debian.org/debian stable/main i386 libglib2.0-0 i386 2.66.8-1 [1437 kB]
Get:60 http://deb.debian.org/debian stable/main i386 liblqr-1-0 i386 0.4.2-2.1 [30.6 kB]
Get:61 http://deb.debian.org/debian stable/main i386 libltdl7 i386 2.4.6-15 [392 kB]
Get:62 http://deb.debian.org/debian stable/main i386 libopenjp2-7 i386 2.4.0-3 [179 kB]
Get:63 http://deb.debian.org/debian stable/main i386 libdeflate0 i386 1.7-1 [48.4 kB]
Get:64 http://deb.debian.org/debian stable/main i386 libwebp6 i386 0.6.1-2.1 [269 kB]
Get:65 http://deb.debian.org/debian stable/main i386 libtiff5 i386 4.2.0-1+deb11u1 [305 kB]
Get:66 http://deb.debian.org/debian stable/main i386 libwebpdemux2 i386 0.6.1-2.1 [88.2 kB]
Get:67 http://deb.debian.org/debian stable/main i386 libwebpmux3 i386 0.6.1-2.1 [99.0 kB]
Get:68 http://deb.debian.org/debian stable/main i386 libxau6 i386 1:1.0.9-1 [20.0 kB]
Get:69 http://deb.debian.org/debian stable/main i386 libmd0 i386 1.0.3-3 [28.9 kB]
Get:70 http://deb.debian.org/debian stable/main i386 libbsd0 i386 0.11.3-1 [111 kB]
Get:71 http://deb.debian.org/debian stable/main i386 libxdmcp6 i386 1:1.1.2-3 [26.7 kB]
Get:72 http://deb.debian.org/debian stable/main i386 libxcb1 i386 1.14-3 [144 kB]
Get:73 http://deb.debian.org/debian stable/main i386 libx11-data all 2:1.7.2-1 [311 kB]
Get:74 http://deb.debian.org/debian stable/main i386 libx11-6 i386 2:1.7.2-1 [794 kB]
Get:75 http://deb.debian.org/debian stable/main i386 libxext6 i386 2:1.3.3-1.1 [55.2 kB]
Get:76 http://deb.debian.org/debian stable/main i386 imagemagick-6-common all 8:6.9.11.60+dfsg-1.3 [211 kB]
Get:77 http://deb.debian.org/debian stable/main i386 libmagickcore-6.q16-6 i386 8:6.9.11.60+dfsg-1.3 [1878 kB]
Get:78 http://deb.debian.org/debian stable/main i386 libmagickwand-6.q16-6 i386 8:6.9.11.60+dfsg-1.3 [437 kB]
Get:79 http://deb.debian.org/debian stable/main i386 psmisc i386 23.4-2 [200 kB]
Get:80 http://deb.debian.org/debian stable/main i386 php-common all 2:76 [15.6 kB]
Get:81 http://deb.debian.org/debian stable/main i386 libedit2 i386 3.1-20191231-2+b1 [101 kB]
Get:82 http://deb.debian.org/debian stable/main i386 libmagic-mgc i386 1:5.39-3 [273 kB]
Get:83 http://deb.debian.org/debian stable/main i386 libmagic1 i386 1:5.39-3 [133 kB]
Get:84 http://deb.debian.org/debian stable/main i386 php7.4-common i386 7.4.33-1+deb11u1 [1040 kB]
Get:85 http://deb.debian.org/debian stable/main i386 php7.4-json i386 7.4.33-1+deb11u1 [19.3 kB]
Get:86 http://deb.debian.org/debian stable/main i386 php7.4-opcache i386 7.4.33-1+deb11u1 [202 kB]
Get:87 http://deb.debian.org/debian stable/main i386 php7.4-readline i386 7.4.33-1+deb11u1 [13.0 kB]
Get:88 http://deb.debian.org/debian stable/main i386 libargon2-1 i386 0~20171227-0.2 [24.1 kB]
Get:89 http://deb.debian.org/debian stable/main i386 libsodium23 i386 1.0.18-1 [186 kB]
Get:90 http://deb.debian.org/debian stable/main i386 php7.4-cli i386 7.4.33-1+deb11u1 [1454 kB]
Get:91 http://deb.debian.org/debian stable/main i386 libapache2-mod-php7.4 i386 7.4.33-1+deb11u1 [1405 kB]
Get:92 http://deb.debian.org/debian stable/main i386 php-imagick i386 3.4.4+php8.0+3.4.4-2+deb11u2 [106 kB]
Get:93 http://deb.debian.org/debian stable/main i386 poppler-data all 0.4.10-1 [1602 kB]
Get:94 http://deb.debian.org/debian stable/main i386 less i386 551-2 [142 kB]
Get:95 http://deb.debian.org/debian stable/main i386 netbase all 6.3 [19.9 kB]
Get:96 http://deb.debian.org/debian stable/main i386 bzip2 i386 1.0.8-4 [50.0 kB]
Get:97 http://deb.debian.org/debian stable/main i386 openssl i386 1.1.1n-0+deb11u3 [863 kB]
Get:98 http://deb.debian.org/debian stable/main i386 ca-certificates all 20210119 [158 kB]
Get:99 http://deb.debian.org/debian stable/main i386 file i386 1:5.39-3 [69.0 kB]
Get:100 http://deb.debian.org/debian stable/main i386 libcbor0 i386 0.5.0+dfsg-2 [26.2 kB]
Get:101 http://deb.debian.org/debian stable/main i386 libfido2-1 i386 1.6.0-2 [59.9 kB]
Get:102 http://deb.debian.org/debian stable/main i386 openssh-client i386 1:8.4p1-5+deb11u1 [992 kB]
Get:103 http://deb.debian.org/debian stable/main i386 xz-utils i386 5.2.5-2.1~deb11u1 [225 kB]
Get:104 http://deb.debian.org/debian stable/main i386 fontconfig i386 2.13.1-4.2 [417 kB]
Get:105 http://deb.debian.org/debian stable/main i386 fonts-noto-mono all 20201225-1 [402 kB]
Get:106 http://deb.debian.org/debian stable/main i386 libgs9-common all 9.53.3~dfsg-7+deb11u2 [734 kB]
Get:107 http://deb.debian.org/debian stable/main i386 libavahi-common-data i386 0.8-5+deb11u1 [124 kB]
Get:108 http://deb.debian.org/debian stable/main i386 libavahi-common3 i386 0.8-5+deb11u1 [60.3 kB]
Get:109 http://deb.debian.org/debian stable/main i386 libavahi-client3 i386 0.8-5+deb11u1 [64.5 kB]
Get:110 http://deb.debian.org/debian stable/main i386 libcups2 i386 2.3.3op2-3+deb11u2 [367 kB]
Get:111 http://deb.debian.org/debian stable/main i386 libidn11 i386 1.33-3 [117 kB]
Get:112 http://deb.debian.org/debian stable/main i386 libijs-0.35 i386 0.35-15 [16.9 kB]
Get:113 http://deb.debian.org/debian stable/main i386 libjbig2dec0 i386 0.19-2 [69.9 kB]
Get:114 http://deb.debian.org/debian stable/main i386 libpaper1 i386 1.1.28+b1 [21.7 kB]
Get:115 http://deb.debian.org/debian stable/main i386 libgs9 i386 9.53.3~dfsg-7+deb11u2 [2364 kB]
Get:116 http://deb.debian.org/debian stable/main i386 ghostscript i386 9.53.3~dfsg-7+deb11u2 [98.1 kB]
Get:117 http://deb.debian.org/debian stable/main i386 libcurl3-gnutls i386 7.74.0-1.3+deb11u3 [372 kB]
Get:118 http://deb.debian.org/debian stable/main i386 liberror-perl all 0.17029-1 [31.0 kB]
Get:119 http://deb.debian.org/debian stable/main i386 git-man all 1:2.30.2-1 [1827 kB]
Get:120 http://deb.debian.org/debian stable/main i386 git i386 1:2.30.2-1 [6353 kB]
Get:121 http://deb.debian.org/debian stable/main i386 gsfonts all 1:8.11+urwcyr1.0.7~pre44-4.5 [3125 kB]
Get:122 http://deb.debian.org/debian stable/main i386 javascript-common all 11+nmu1 [6260 B]
Get:123 http://deb.debian.org/debian stable/main i386 libpixman-1-0 i386 0.40.0-1.1~deb11u1 [545 kB]
Get:124 http://deb.debian.org/debian stable/main i386 libxcb-render0 i386 1.14-3 [112 kB]
Get:125 http://deb.debian.org/debian stable/main i386 libxcb-shm0 i386 1.14-3 [102 kB]
Get:126 http://deb.debian.org/debian stable/main i386 libxrender1 i386 1:0.9.10-1 [34.1 kB]
Get:127 http://deb.debian.org/debian stable/main i386 libcairo2 i386 1.16.0-5 [746 kB]
Get:128 http://deb.debian.org/debian stable/main i386 libdatrie1 i386 0.2.13-1 [44.5 kB]
Get:129 http://deb.debian.org/debian stable/main i386 libdjvulibre-text all 3.5.28-2 [61.8 kB]
Get:130 http://deb.debian.org/debian stable/main i386 libdjvulibre21 i386 3.5.28-2 [634 kB]
Get:131 http://deb.debian.org/debian stable/main i386 libfribidi0 i386 1.0.8-2+deb11u1 [65.6 kB]
Get:132 http://deb.debian.org/debian stable/main i386 libxpm4 i386 1:3.5.12-1 [50.9 kB]
Get:133 http://deb.debian.org/debian stable/main i386 libgd3 i386 2.3.0-2 [142 kB]
Get:134 http://deb.debian.org/debian stable/main i386 libglib2.0-data all 2.66.8-1 [1164 kB]
Get:135 http://deb.debian.org/debian stable/main i386 libgpm2 i386 1.20.7-8 [36.3 kB]
Get:136 http://deb.debian.org/debian stable/main i386 libgraphite2-3 i386 1.3.14-1 [84.0 kB]
Get:137 http://deb.debian.org/debian stable/main i386 libharfbuzz0b i386 2.7.4-1 [1490 kB]
Get:138 http://deb.debian.org/debian stable/main i386 libilmbase25 i386 2.5.4-1 [203 kB]
Get:139 http://deb.debian.org/debian stable/main i386 libjs-popper.js all 1.16.1+ds-3 [51.9 kB]
Get:140 http://deb.debian.org/debian stable/main i386 libjs-bootstrap4 all 4.5.2+dfsg1-8~deb11u1 [2513 kB]
Get:141 http://deb.debian.org/debian stable/main i386 libjs-d3 all 3.5.17-4 [132 kB]
Get:142 http://deb.debian.org/debian stable/main i386 libjs-jquery all 3.5.1+dfsg+~3.5.5-7 [315 kB]
Get:143 http://deb.debian.org/debian stable/main i386 libjs-sizzle all 2.3.5+ds-2 [31.5 kB]
Get:144 http://deb.debian.org/debian stable/main i386 libjxr0 i386 1.1-6+b1 [166 kB]
Get:145 http://deb.debian.org/debian stable/main i386 libjxr-tools i386 1.1-6+b1 [17.3 kB]
Get:146 http://deb.debian.org/debian stable/main i386 libldap-common all 2.4.57+dfsg-3+deb11u1 [95.8 kB]
Get:147 http://deb.debian.org/debian stable/main i386 libopenexr25 i386 2.5.4-2+deb11u1 [692 kB]
Get:148 http://deb.debian.org/debian stable/main i386 libthai-data all 0.1.28-3 [170 kB]
Get:149 http://deb.debian.org/debian stable/main i386 libthai0 i386 0.1.28-3 [55.3 kB]
Get:150 http://deb.debian.org/debian stable/main i386 libpango-1.0-0 i386 1.46.2-3 [197 kB]
Get:151 http://deb.debian.org/debian stable/main i386 libpangoft2-1.0-0 i386 1.46.2-3 [65.1 kB]
Get:152 http://deb.debian.org/debian stable/main i386 libpangocairo-1.0-0 i386 1.46.2-3 [51.9 kB]
Get:153 http://deb.debian.org/debian stable/main i386 libwmf0.2-7 i386 0.2.8.4-17 [174 kB]
Get:154 http://deb.debian.org/debian stable/main i386 libmagickcore-6.q16-6-extra i386 8:6.9.11.60+dfsg-1.3 [220 kB]
Get:155 http://deb.debian.org/debian stable/main i386 libonig5 i386 6.9.6-1.1 [188 kB]
Get:156 http://deb.debian.org/debian stable/main i386 libpaper-utils i386 1.1.28+b1 [18.6 kB]
Get:157 http://deb.debian.org/debian stable/main i386 libsasl2-modules i386 2.1.27+dfsg-2.1+deb11u1 [108 kB]
Get:158 http://deb.debian.org/debian stable/main i386 libxmuu1 i386 2:1.1.2-2+b3 [24.2 kB]
Get:159 http://deb.debian.org/debian stable/main i386 libxslt1.1 i386 1.1.34-4+deb11u1 [251 kB]
Get:160 http://deb.debian.org/debian stable/main i386 libzip4 i386 1.7.3-1 [68.1 kB]
Get:161 http://deb.debian.org/debian stable/main i386 node-jquery all 3.5.1+dfsg+~3.5.5-7 [159 kB]
Get:162 http://deb.debian.org/debian stable/main i386 patch i386 2.7.6-7 [141 kB]
Get:163 http://deb.debian.org/debian stable/main i386 php7.4 all 7.4.33-1+deb11u1 [50.1 kB]
Get:164 http://deb.debian.org/debian stable/main i386 php all 2:7.4+76 [6340 B]
Get:165 http://deb.debian.org/debian stable/main i386 php7.4-xml i386 7.4.33-1+deb11u1 [103 kB]
Get:166 http://deb.debian.org/debian stable/main i386 php-xml all 2:7.4+76 [6384 B]
Get:167 http://deb.debian.org/debian stable/main i386 php-parser all 4.10.4-1 [151 kB]
Get:168 http://deb.debian.org/debian stable/main i386 php-file-iterator all 3.0.5-2 [7192 B]
Get:169 http://deb.debian.org/debian stable/main i386 php-text-template all 2.0.4-1 [5468 B]
Get:170 http://deb.debian.org/debian stable/main i386 phpunit-code-unit-reverse-lookup all 2.0.3-2 [4888 B]
Get:171 http://deb.debian.org/debian stable/main i386 phpunit-complexity all 2.0.2-1 [5704 B]
Get:172 http://deb.debian.org/debian stable/main i386 phpunit-environment all 5.1.3-2 [10.0 kB]
Get:173 http://deb.debian.org/debian stable/main i386 phpunit-lines-of-code all 1.0.3-1 [5220 B]
Get:174 http://deb.debian.org/debian stable/main i386 phpunit-version all 3.0.2-2 [5652 B]
Get:175 http://deb.debian.org/debian stable/main i386 php-tokenizer all 1.2.0-1 [7016 B]
Get:176 http://deb.debian.org/debian stable/main i386 php-codecoverage all 9.2.5+dfsg-3 [91.5 kB]
Get:177 http://deb.debian.org/debian stable/main i386 php-deepcopy all 1.10.2-3 [48.2 kB]
Get:178 http://deb.debian.org/debian stable/main i386 php-doctrine-instantiator all 1.4.0-1 [8464 B]
Get:179 http://deb.debian.org/debian stable/main i386 php-invoker all 3.1.1-2 [5364 B]
Get:180 http://deb.debian.org/debian stable/main i386 php7.4-mbstring i386 7.4.33-1+deb11u1 [400 kB]
Get:181 http://deb.debian.org/debian stable/main i386 php-mbstring all 2:7.4+76 [6372 B]
Get:182 http://deb.debian.org/debian stable/main i386 php-phar-io-version all 3.0.4-1 [9240 B]
Get:183 http://deb.debian.org/debian stable/main i386 php-phar-io-manifest all 2.0.1-2 [12.6 kB]
Get:184 http://deb.debian.org/debian stable/main i386 php-phpdocumentor-reflection-common all 2.2.0-1 [5444 B]
Get:185 http://deb.debian.org/debian stable/main i386 php-phpdocumentor-type-resolver all 1.4.0-2 [21.1 kB]
Get:186 http://deb.debian.org/debian stable/main i386 php-webmozart-assert all 1.9.1-2 [16.5 kB]
Get:187 http://deb.debian.org/debian stable/main i386 php-phpdocumentor-reflection-docblock all 5.2.2-1 [33.2 kB]
Get:188 http://deb.debian.org/debian stable/main i386 phpunit-diff all 4.0.4-1 [15.4 kB]
Get:189 http://deb.debian.org/debian stable/main i386 phpunit-recursion-context all 4.0.4-1 [5392 B]
Get:190 http://deb.debian.org/debian stable/main i386 phpunit-exporter all 4.0.3-2 [7968 B]
Get:191 http://deb.debian.org/debian stable/main i386 phpunit-comparator all 4.0.6-1 [11.5 kB]
Get:192 http://deb.debian.org/debian stable/main i386 php-phpspec-prophecy all 1.12.2-1 [42.8 kB]
Get:193 http://deb.debian.org/debian stable/main i386 php-timer all 5.0.3-2 [8396 B]
Get:194 http://deb.debian.org/debian stable/main i386 php7.4-curl i386 7.4.33-1+deb11u1 [32.9 kB]
Get:195 http://deb.debian.org/debian stable/main i386 php7.4-gd i386 7.4.33-1+deb11u1 [28.2 kB]
Get:196 http://deb.debian.org/debian stable/main i386 php7.4-intl i386 7.4.33-1+deb11u1 [129 kB]
Get:197 http://deb.debian.org/debian stable/main i386 php7.4-sqlite3 i386 7.4.33-1+deb11u1 [27.9 kB]
Get:198 http://deb.debian.org/debian stable/main i386 php7.4-zip i386 7.4.33-1+deb11u1 [22.7 kB]
Get:199 http://deb.debian.org/debian stable/main i386 phpunit-cli-parser all 1.0.1-1 [4944 B]
Get:200 http://deb.debian.org/debian stable/main i386 phpunit-code-unit all 1.0.8-1 [7528 B]
Get:201 http://deb.debian.org/debian stable/main i386 phpunit-object-reflector all 2.0.4-1 [4752 B]
Get:202 http://deb.debian.org/debian stable/main i386 phpunit-global-state all 5.0.2-1 [8204 B]
Get:203 http://deb.debian.org/debian stable/main i386 phpunit-object-enumerator all 4.0.4-1 [5440 B]
Get:204 http://deb.debian.org/debian stable/main i386 phpunit-resource-operations all 3.0.3-2 [14.8 kB]
Get:205 http://deb.debian.org/debian stable/main i386 phpunit-type all 2.3.1-1 [8364 B]
Get:206 http://deb.debian.org/debian stable/main i386 phpunit all 9.5.2-1 [169 kB]
Get:207 http://deb.debian.org/debian stable/main i386 publicsuffix all 20220811.1734-0+deb11u1 [127 kB]
Get:208 http://deb.debian.org/debian stable/main i386 shared-mime-info i386 2.0-1 [703 kB]
Get:209 http://deb.debian.org/debian stable/main i386 ssl-cert all 1.1.0+nmu1 [21.0 kB]
Get:210 http://deb.debian.org/debian stable/main i386 xauth i386 1:1.1-1 [41.2 kB]
Get:211 http://deb.debian.org/debian stable/main i386 xdg-user-dirs i386 0.17-2 [54.5 kB]
[91mdebconf: delaying package configuration, since apt-utils is not installed
[0mFetched 84.1 MB in 1s (78.0 MB/s)
Selecting previously unselected package libapparmor1:i386.
(Reading database ... (Reading database ... 5%(Reading database ... 10%(Reading database ... 15%(Reading database ... 20%(Reading database ... 25%(Reading database ... 30%(Reading database ... 35%(Reading database ... 40%(Reading database ... 45%(Reading database ... 50%(Reading database ... 55%(Reading database ... 60%(Reading database ... 65%(Reading database ... 70%(Reading database ... 75%(Reading database ... 80%(Reading database ... 85%(Reading database ... 90%(Reading database ... 95%(Reading database ... 100%(Reading database ... 6655 files and directories currently installed.)
Preparing to unpack .../00-libapparmor1_2.13.6-10_i386.deb ...
Unpacking libapparmor1:i386 (2.13.6-10) ...
Selecting previously unselected package libdbus-1-3:i386.
Preparing to unpack .../01-libdbus-1-3_1.12.24-0+deb11u1_i386.deb ...
Unpacking libdbus-1-3:i386 (1.12.24-0+deb11u1) ...
Selecting previously unselected package libexpat1:i386.
Preparing to unpack .../02-libexpat1_2.2.10-2+deb11u5_i386.deb ...
Unpacking libexpat1:i386 (2.2.10-2+deb11u5) ...
Selecting previously unselected package dbus.
Preparing to unpack .../03-dbus_1.12.24-0+deb11u1_i386.deb ...
Unpacking dbus (1.12.24-0+deb11u1) ...
Selecting previously unselected package perl-modules-5.32.
Preparing to unpack .../04-perl-modules-5.32_5.32.1-4+deb11u2_all.deb ...
Unpacking perl-modules-5.32 (5.32.1-4+deb11u2) ...
Selecting previously unselected package libgdbm6:i386.
Preparing to unpack .../05-libgdbm6_1.19-2_i386.deb ...
Unpacking libgdbm6:i386 (1.19-2) ...
Selecting previously unselected package libgdbm-compat4:i386.
Preparing to unpack .../06-libgdbm-compat4_1.19-2_i386.deb ...
Unpacking libgdbm-compat4:i386 (1.19-2) ...
Selecting previously unselected package libperl5.32:i386.
Preparing to unpack .../07-libperl5.32_5.32.1-4+deb11u2_i386.deb ...
Unpacking libperl5.32:i386 (5.32.1-4+deb11u2) ...
Selecting previously unselected package perl.
Preparing to unpack .../08-perl_5.32.1-4+deb11u2_i386.deb ...
Unpacking perl (5.32.1-4+deb11u2) ...
Selecting previously unselected package libapr1:i386.
Preparing to unpack .../09-libapr1_1.7.0-6+deb11u1_i386.deb ...
Unpacking libapr1:i386 (1.7.0-6+deb11u1) ...
Selecting previously unselected package libaprutil1:i386.
Preparing to unpack .../10-libaprutil1_1.6.1-5_i386.deb ...
Unpacking libaprutil1:i386 (1.6.1-5) ...
Selecting previously unselected package libsqlite3-0:i386.
Preparing to unpack .../11-libsqlite3-0_3.34.1-3_i386.deb ...
Unpacking libsqlite3-0:i386 (3.34.1-3) ...
Selecting previously unselected package libaprutil1-dbd-sqlite3:i386.
Preparing to unpack .../12-libaprutil1-dbd-sqlite3_1.6.1-5_i386.deb ...
Unpacking libaprutil1-dbd-sqlite3:i386 (1.6.1-5) ...
Selecting previously unselected package libsasl2-modules-db:i386.
Preparing to unpack .../13-libsasl2-modules-db_2.1.27+dfsg-2.1+deb11u1_i386.deb ...
Unpacking libsasl2-modules-db:i386 (2.1.27+dfsg-2.1+deb11u1) ...
Selecting previously unselected package libsasl2-2:i386.
Preparing to unpack .../14-libsasl2-2_2.1.27+dfsg-2.1+deb11u1_i386.deb ...
Unpacking libsasl2-2:i386 (2.1.27+dfsg-2.1+deb11u1) ...
Selecting previously unselected package libldap-2.4-2:i386.
Preparing to unpack .../15-libldap-2.4-2_2.4.57+dfsg-3+deb11u1_i386.deb ...
Unpacking libldap-2.4-2:i386 (2.4.57+dfsg-3+deb11u1) ...
Selecting previously unselected package libaprutil1-ldap:i386.
Preparing to unpack .../16-libaprutil1-ldap_1.6.1-5_i386.deb ...
Unpacking libaprutil1-ldap:i386 (1.6.1-5) ...
Selecting previously unselected package libbrotli1:i386.
Preparing to unpack .../17-libbrotli1_1.0.9-2+b2_i386.deb ...
Unpacking libbrotli1:i386 (1.0.9-2+b2) ...
Selecting previously unselected package libnghttp2-14:i386.
Preparing to unpack .../18-libnghttp2-14_1.43.0-1_i386.deb ...
Unpacking libnghttp2-14:i386 (1.43.0-1) ...
Selecting previously unselected package libpsl5:i386.
Preparing to unpack .../19-libpsl5_0.21.0-1.2_i386.deb ...
Unpacking libpsl5:i386 (0.21.0-1.2) ...
Selecting previously unselected package librtmp1:i386.
Preparing to unpack .../20-librtmp1_2.4+20151223.gitfa8646d.1-2+b2_i386.deb ...
Unpacking librtmp1:i386 (2.4+20151223.gitfa8646d.1-2+b2) ...
Selecting previously unselected package libssh2-1:i386.
Preparing to unpack .../21-libssh2-1_1.9.0-2_i386.deb ...
Unpacking libssh2-1:i386 (1.9.0-2) ...
Selecting previously unselected package libcurl4:i386.
Preparing to unpack .../22-libcurl4_7.74.0-1.3+deb11u3_i386.deb ...
Unpacking libcurl4:i386 (7.74.0-1.3+deb11u3) ...
Selecting previously unselected package libjansson4:i386.
Preparing to unpack .../23-libjansson4_2.13.1-1.1_i386.deb ...
Unpacking libjansson4:i386 (2.13.1-1.1) ...
Selecting previously unselected package liblua5.3-0:i386.
Preparing to unpack .../24-liblua5.3-0_5.3.3-1.1+b1_i386.deb ...
Unpacking liblua5.3-0:i386 (5.3.3-1.1+b1) ...
Selecting previously unselected package libicu67:i386.
Preparing to unpack .../25-libicu67_67.1-7_i386.deb ...
Unpacking libicu67:i386 (67.1-7) ...
Selecting previously unselected package libxml2:i386.
Preparing to unpack .../26-libxml2_2.9.10+dfsg-6.7+deb11u3_i386.deb ...
Unpacking libxml2:i386 (2.9.10+dfsg-6.7+deb11u3) ...
Selecting previously unselected package apache2-bin.
Preparing to unpack .../27-apache2-bin_2.4.54-1~deb11u1_i386.deb ...
Unpacking apache2-bin (2.4.54-1~deb11u1) ...
Selecting previously unselected package apache2-data.
Preparing to unpack .../28-apache2-data_2.4.54-1~deb11u1_all.deb ...
Unpacking apache2-data (2.4.54-1~deb11u1) ...
Selecting previously unselected package apache2-utils.
Preparing to unpack .../29-apache2-utils_2.4.54-1~deb11u1_i386.deb ...
Unpacking apache2-utils (2.4.54-1~deb11u1) ...
Selecting previously unselected package media-types.
Preparing to unpack .../30-media-types_4.0.0_all.deb ...
Unpacking media-types (4.0.0) ...
Selecting previously unselected package mailcap.
Preparing to unpack .../31-mailcap_3.69_all.deb ...
Unpacking mailcap (3.69) ...
Selecting previously unselected package mime-support.
Preparing to unpack .../32-mime-support_3.66_all.deb ...
Unpacking mime-support (3.66) ...
Selecting previously unselected package libncurses6:i386.
Preparing to unpack .../33-libncurses6_6.2+20201114-2_i386.deb ...
Unpacking libncurses6:i386 (6.2+20201114-2) ...
Selecting previously unselected package libncursesw6:i386.
Preparing to unpack .../34-libncursesw6_6.2+20201114-2_i386.deb ...
Unpacking libncursesw6:i386 (6.2+20201114-2) ...
Selecting previously unselected package libprocps8:i386.
Preparing to unpack .../35-libprocps8_2%3a3.3.17-5_i386.deb ...
Unpacking libprocps8:i386 (2:3.3.17-5) ...
Selecting previously unselected package procps.
Preparing to unpack .../36-procps_2%3a3.3.17-5_i386.deb ...
Unpacking procps (2:3.3.17-5) ...
Selecting previously unselected package apache2.
Preparing to unpack .../37-apache2_2.4.54-1~deb11u1_i386.deb ...
Unpacking apache2 (2.4.54-1~deb11u1) ...
Selecting previously unselected package fonts-droid-fallback.
Preparing to unpack .../38-fonts-droid-fallback_1%3a6.0.1r16-1.1_all.deb ...
Unpacking fonts-droid-fallback (1:6.0.1r16-1.1) ...
Selecting previously unselected package libgomp1:i386.
Preparing to unpack .../39-libgomp1_10.2.1-6_i386.deb ...
Unpacking libgomp1:i386 (10.2.1-6) ...
Selecting previously unselected package libfftw3-double3:i386.
Preparing to unpack .../40-libfftw3-double3_3.3.8-2_i386.deb ...
Unpacking libfftw3-double3:i386 (3.3.8-2) ...
Selecting previously unselected package libpng16-16:i386.
Preparing to unpack .../41-libpng16-16_1.6.37-3_i386.deb ...
Unpacking libpng16-16:i386 (1.6.37-3) ...
Selecting previously unselected package libfreetype6:i386.
Preparing to unpack .../42-libfreetype6_2.10.4+dfsg-1+deb11u1_i386.deb ...
Unpacking libfreetype6:i386 (2.10.4+dfsg-1+deb11u1) ...
Selecting previously unselected package sensible-utils.
Preparing to unpack .../43-sensible-utils_0.0.14_all.deb ...
Unpacking sensible-utils (0.0.14) ...
Selecting previously unselected package ucf.
Preparing to unpack .../44-ucf_3.0043_all.deb ...
Moving old data out of the way
Unpacking ucf (3.0043) ...
Selecting previously unselected package fonts-dejavu-core.
Preparing to unpack .../45-fonts-dejavu-core_2.37-2_all.deb ...
Unpacking fonts-dejavu-core (2.37-2) ...
Selecting previously unselected package fonts-urw-base35.
Preparing to unpack .../46-fonts-urw-base35_20200910-1_all.deb ...
Unpacking fonts-urw-base35 (20200910-1) ...
Selecting previously unselected package fontconfig-config.
Preparing to unpack .../47-fontconfig-config_2.13.1-4.2_all.deb ...
Unpacking fontconfig-config (2.13.1-4.2) ...
Selecting previously unselected package libfontconfig1:i386.
Preparing to unpack .../48-libfontconfig1_2.13.1-4.2_i386.deb ...
Unpacking libfontconfig1:i386 (2.13.1-4.2) ...
Selecting previously unselected package libaom0:i386.
Preparing to unpack .../49-libaom0_1.0.0.errata1-3_i386.deb ...
Unpacking libaom0:i386 (1.0.0.errata1-3) ...
Selecting previously unselected package libdav1d4:i386.
Preparing to unpack .../50-libdav1d4_0.7.1-3_i386.deb ...
Unpacking libdav1d4:i386 (0.7.1-3) ...
Selecting previously unselected package libde265-0:i386.
Preparing to unpack .../51-libde265-0_1.0.8-1_i386.deb ...
Unpacking libde265-0:i386 (1.0.8-1) ...
Selecting previously unselected package libnuma1:i386.
Preparing to unpack .../52-libnuma1_2.0.12-1+b1_i386.deb ...
Unpacking libnuma1:i386 (2.0.12-1+b1) ...
Selecting previously unselected package libx265-192:i386.
Preparing to unpack .../53-libx265-192_3.4-2_i386.deb ...
Unpacking libx265-192:i386 (3.4-2) ...
Selecting previously unselected package libheif1:i386.
Preparing to unpack .../54-libheif1_1.11.0-1_i386.deb ...
Unpacking libheif1:i386 (1.11.0-1) ...
Selecting previously unselected package libjbig0:i386.
Preparing to unpack .../55-libjbig0_2.1-3.1+b2_i386.deb ...
Unpacking libjbig0:i386 (2.1-3.1+b2) ...
Selecting previously unselected package libjpeg62-turbo:i386.
Preparing to unpack .../56-libjpeg62-turbo_1%3a2.0.6-4_i386.deb ...
Unpacking libjpeg62-turbo:i386 (1:2.0.6-4) ...
Selecting previously unselected package liblcms2-2:i386.
Preparing to unpack .../57-liblcms2-2_2.12~rc1-2_i386.deb ...
Unpacking liblcms2-2:i386 (2.12~rc1-2) ...
Selecting previously unselected package libglib2.0-0:i386.
Preparing to unpack .../58-libglib2.0-0_2.66.8-1_i386.deb ...
Unpacking libglib2.0-0:i386 (2.66.8-1) ...
Selecting previously unselected package liblqr-1-0:i386.
Preparing to unpack .../59-liblqr-1-0_0.4.2-2.1_i386.deb ...
Unpacking liblqr-1-0:i386 (0.4.2-2.1) ...
Selecting previously unselected package libltdl7:i386.
Preparing to unpack .../60-libltdl7_2.4.6-15_i386.deb ...
Unpacking libltdl7:i386 (2.4.6-15) ...
Selecting previously unselected package libopenjp2-7:i386.
Preparing to unpack .../61-libopenjp2-7_2.4.0-3_i386.deb ...
Unpacking libopenjp2-7:i386 (2.4.0-3) ...
Selecting previously unselected package libdeflate0:i386.
Preparing to unpack .../62-libdeflate0_1.7-1_i386.deb ...
Unpacking libdeflate0:i386 (1.7-1) ...
Selecting previously unselected package libwebp6:i386.
Preparing to unpack .../63-libwebp6_0.6.1-2.1_i386.deb ...
Unpacking libwebp6:i386 (0.6.1-2.1) ...
Selecting previously unselected package libtiff5:i386.
Preparing to unpack .../64-libtiff5_4.2.0-1+deb11u1_i386.deb ...
Unpacking libtiff5:i386 (4.2.0-1+deb11u1) ...
Selecting previously unselected package libwebpdemux2:i386.
Preparing to unpack .../65-libwebpdemux2_0.6.1-2.1_i386.deb ...
Unpacking libwebpdemux2:i386 (0.6.1-2.1) ...
Selecting previously unselected package libwebpmux3:i386.
Preparing to unpack .../66-libwebpmux3_0.6.1-2.1_i386.deb ...
Unpacking libwebpmux3:i386 (0.6.1-2.1) ...
Selecting previously unselected package libxau6:i386.
Preparing to unpack .../67-libxau6_1%3a1.0.9-1_i386.deb ...
Unpacking libxau6:i386 (1:1.0.9-1) ...
Selecting previously unselected package libmd0:i386.
Preparing to unpack .../68-libmd0_1.0.3-3_i386.deb ...
Unpacking libmd0:i386 (1.0.3-3) ...
Selecting previously unselected package libbsd0:i386.
Preparing to unpack .../69-libbsd0_0.11.3-1_i386.deb ...
Unpacking libbsd0:i386 (0.11.3-1) ...
Selecting previously unselected package libxdmcp6:i386.
Preparing to unpack .../70-libxdmcp6_1%3a1.1.2-3_i386.deb ...
Unpacking libxdmcp6:i386 (1:1.1.2-3) ...
Selecting previously unselected package libxcb1:i386.
Preparing to unpack .../71-libxcb1_1.14-3_i386.deb ...
Unpacking libxcb1:i386 (1.14-3) ...
Selecting previously unselected package libx11-data.
Preparing to unpack .../72-libx11-data_2%3a1.7.2-1_all.deb ...
Unpacking libx11-data (2:1.7.2-1) ...
Selecting previously unselected package libx11-6:i386.
Preparing to unpack .../73-libx11-6_2%3a1.7.2-1_i386.deb ...
Unpacking libx11-6:i386 (2:1.7.2-1) ...
Selecting previously unselected package libxext6:i386.
Preparing to unpack .../74-libxext6_2%3a1.3.3-1.1_i386.deb ...
Unpacking libxext6:i386 (2:1.3.3-1.1) ...
Selecting previously unselected package imagemagick-6-common.
Preparing to unpack .../75-imagemagick-6-common_8%3a6.9.11.60+dfsg-1.3_all.deb ...
Unpacking imagemagick-6-common (8:6.9.11.60+dfsg-1.3) ...
Selecting previously unselected package libmagickcore-6.q16-6:i386.
Preparing to unpack .../76-libmagickcore-6.q16-6_8%3a6.9.11.60+dfsg-1.3_i386.deb ...
Unpacking libmagickcore-6.q16-6:i386 (8:6.9.11.60+dfsg-1.3) ...
Selecting previously unselected package libmagickwand-6.q16-6:i386.
Preparing to unpack .../77-libmagickwand-6.q16-6_8%3a6.9.11.60+dfsg-1.3_i386.deb ...
Unpacking libmagickwand-6.q16-6:i386 (8:6.9.11.60+dfsg-1.3) ...
Selecting previously unselected package psmisc.
Preparing to unpack .../78-psmisc_23.4-2_i386.deb ...
Unpacking psmisc (23.4-2) ...
Selecting previously unselected package php-common.
Preparing to unpack .../79-php-common_2%3a76_all.deb ...
Unpacking php-common (2:76) ...
Selecting previously unselected package libedit2:i386.
Preparing to unpack .../80-libedit2_3.1-20191231-2+b1_i386.deb ...
Unpacking libedit2:i386 (3.1-20191231-2+b1) ...
Selecting previously unselected package libmagic-mgc.
Preparing to unpack .../81-libmagic-mgc_1%3a5.39-3_i386.deb ...
Unpacking libmagic-mgc (1:5.39-3) ...
Selecting previously unselected package libmagic1:i386.
Preparing to unpack .../82-libmagic1_1%3a5.39-3_i386.deb ...
Unpacking libmagic1:i386 (1:5.39-3) ...
Selecting previously unselected package php7.4-common.
Preparing to unpack .../83-php7.4-common_7.4.33-1+deb11u1_i386.deb ...
Unpacking php7.4-common (7.4.33-1+deb11u1) ...
Selecting previously unselected package php7.4-json.
Preparing to unpack .../84-php7.4-json_7.4.33-1+deb11u1_i386.deb ...
Unpacking php7.4-json (7.4.33-1+deb11u1) ...
Selecting previously unselected package php7.4-opcache.
Preparing to unpack .../85-php7.4-opcache_7.4.33-1+deb11u1_i386.deb ...
Unpacking php7.4-opcache (7.4.33-1+deb11u1) ...
Selecting previously unselected package php7.4-readline.
Preparing to unpack .../86-php7.4-readline_7.4.33-1+deb11u1_i386.deb ...
Unpacking php7.4-readline (7.4.33-1+deb11u1) ...
Selecting previously unselected package libargon2-1:i386.
Preparing to unpack .../87-libargon2-1_0~20171227-0.2_i386.deb ...
Unpacking libargon2-1:i386 (0~20171227-0.2) ...
Selecting previously unselected package libsodium23:i386.
Preparing to unpack .../88-libsodium23_1.0.18-1_i386.deb ...
Unpacking libsodium23:i386 (1.0.18-1) ...
Selecting previously unselected package php7.4-cli.
Preparing to unpack .../89-php7.4-cli_7.4.33-1+deb11u1_i386.deb ...
Unpacking php7.4-cli (7.4.33-1+deb11u1) ...
Selecting previously unselected package libapache2-mod-php7.4.
Preparing to unpack .../90-libapache2-mod-php7.4_7.4.33-1+deb11u1_i386.deb ...
Unpacking libapache2-mod-php7.4 (7.4.33-1+deb11u1) ...
Setting up psmisc (23.4-2) ...
Setting up php-common (2:76) ...
Selecting previously unselected package php-imagick.
(Reading database ... (Reading database ... 5%(Reading database ... 10%(Reading database ... 15%(Reading database ... 20%(Reading database ... 25%(Reading database ... 30%(Reading database ... 35%(Reading database ... 40%(Reading database ... 45%(Reading database ... 50%(Reading database ... 55%(Reading database ... 60%(Reading database ... 65%(Reading database ... 70%(Reading database ... 75%(Reading database ... 80%(Reading database ... 85%(Reading database ... 90%(Reading database ... 95%(Reading database ... 100%(Reading database ... 11073 files and directories currently installed.)
Preparing to unpack .../000-php-imagick_3.4.4+php8.0+3.4.4-2+deb11u2_i386.deb ...
Unpacking php-imagick (3.4.4+php8.0+3.4.4-2+deb11u2) ...
Selecting previously unselected package poppler-data.
Preparing to unpack .../001-poppler-data_0.4.10-1_all.deb ...
Unpacking poppler-data (0.4.10-1) ...
Selecting previously unselected package less.
Preparing to unpack .../002-less_551-2_i386.deb ...
Unpacking less (551-2) ...
Selecting previously unselected package netbase.
Preparing to unpack .../003-netbase_6.3_all.deb ...
Unpacking netbase (6.3) ...
Selecting previously unselected package bzip2.
Preparing to unpack .../004-bzip2_1.0.8-4_i386.deb ...
Unpacking bzip2 (1.0.8-4) ...
Selecting previously unselected package openssl.
Preparing to unpack .../005-openssl_1.1.1n-0+deb11u3_i386.deb ...
Unpacking openssl (1.1.1n-0+deb11u3) ...
Selecting previously unselected package ca-certificates.
Preparing to unpack .../006-ca-certificates_20210119_all.deb ...
Unpacking ca-certificates (20210119) ...
Selecting previously unselected package file.
Preparing to unpack .../007-file_1%3a5.39-3_i386.deb ...
Unpacking file (1:5.39-3) ...
Selecting previously unselected package libcbor0:i386.
Preparing to unpack .../008-libcbor0_0.5.0+dfsg-2_i386.deb ...
Unpacking libcbor0:i386 (0.5.0+dfsg-2) ...
Selecting previously unselected package libfido2-1:i386.
Preparing to unpack .../009-libfido2-1_1.6.0-2_i386.deb ...
Unpacking libfido2-1:i386 (1.6.0-2) ...
Selecting previously unselected package openssh-client.
Preparing to unpack .../010-openssh-client_1%3a8.4p1-5+deb11u1_i386.deb ...
Unpacking openssh-client (1:8.4p1-5+deb11u1) ...
Selecting previously unselected package xz-utils.
Preparing to unpack .../011-xz-utils_5.2.5-2.1~deb11u1_i386.deb ...
Unpacking xz-utils (5.2.5-2.1~deb11u1) ...
Selecting previously unselected package fontconfig.
Preparing to unpack .../012-fontconfig_2.13.1-4.2_i386.deb ...
Unpacking fontconfig (2.13.1-4.2) ...
Selecting previously unselected package fonts-noto-mono.
Preparing to unpack .../013-fonts-noto-mono_20201225-1_all.deb ...
Unpacking fonts-noto-mono (20201225-1) ...
Selecting previously unselected package libgs9-common.
Preparing to unpack .../014-libgs9-common_9.53.3~dfsg-7+deb11u2_all.deb ...
Unpacking libgs9-common (9.53.3~dfsg-7+deb11u2) ...
Selecting previously unselected package libavahi-common-data:i386.
Preparing to unpack .../015-libavahi-common-data_0.8-5+deb11u1_i386.deb ...
Unpacking libavahi-common-data:i386 (0.8-5+deb11u1) ...
Selecting previously unselected package libavahi-common3:i386.
Preparing to unpack .../016-libavahi-common3_0.8-5+deb11u1_i386.deb ...
Unpacking libavahi-common3:i386 (0.8-5+deb11u1) ...
Selecting previously unselected package libavahi-client3:i386.
Preparing to unpack .../017-libavahi-client3_0.8-5+deb11u1_i386.deb ...
Unpacking libavahi-client3:i386 (0.8-5+deb11u1) ...
Selecting previously unselected package libcups2:i386.
Preparing to unpack .../018-libcups2_2.3.3op2-3+deb11u2_i386.deb ...
Unpacking libcups2:i386 (2.3.3op2-3+deb11u2) ...
Selecting previously unselected package libidn11:i386.
Preparing to unpack .../019-libidn11_1.33-3_i386.deb ...
Unpacking libidn11:i386 (1.33-3) ...
Selecting previously unselected package libijs-0.35:i386.
Preparing to unpack .../020-libijs-0.35_0.35-15_i386.deb ...
Unpacking libijs-0.35:i386 (0.35-15) ...
Selecting previously unselected package libjbig2dec0:i386.
Preparing to unpack .../021-libjbig2dec0_0.19-2_i386.deb ...
Unpacking libjbig2dec0:i386 (0.19-2) ...
Selecting previously unselected package libpaper1:i386.
Preparing to unpack .../022-libpaper1_1.1.28+b1_i386.deb ...
Unpacking libpaper1:i386 (1.1.28+b1) ...
Selecting previously unselected package libgs9:i386.
Preparing to unpack .../023-libgs9_9.53.3~dfsg-7+deb11u2_i386.deb ...
Unpacking libgs9:i386 (9.53.3~dfsg-7+deb11u2) ...
Selecting previously unselected package ghostscript.
Preparing to unpack .../024-ghostscript_9.53.3~dfsg-7+deb11u2_i386.deb ...
Unpacking ghostscript (9.53.3~dfsg-7+deb11u2) ...
Selecting previously unselected package libcurl3-gnutls:i386.
Preparing to unpack .../025-libcurl3-gnutls_7.74.0-1.3+deb11u3_i386.deb ...
Unpacking libcurl3-gnutls:i386 (7.74.0-1.3+deb11u3) ...
Selecting previously unselected package liberror-perl.
Preparing to unpack .../026-liberror-perl_0.17029-1_all.deb ...
Unpacking liberror-perl (0.17029-1) ...
Selecting previously unselected package git-man.
Preparing to unpack .../027-git-man_1%3a2.30.2-1_all.deb ...
Unpacking git-man (1:2.30.2-1) ...
Selecting previously unselected package git.
Preparing to unpack .../028-git_1%3a2.30.2-1_i386.deb ...
Unpacking git (1:2.30.2-1) ...
Selecting previously unselected package gsfonts.
Preparing to unpack .../029-gsfonts_1%3a8.11+urwcyr1.0.7~pre44-4.5_all.deb ...
Unpacking gsfonts (1:8.11+urwcyr1.0.7~pre44-4.5) ...
Selecting previously unselected package javascript-common.
Preparing to unpack .../030-javascript-common_11+nmu1_all.deb ...
Unpacking javascript-common (11+nmu1) ...
Selecting previously unselected package libpixman-1-0:i386.
Preparing to unpack .../031-libpixman-1-0_0.40.0-1.1~deb11u1_i386.deb ...
Unpacking libpixman-1-0:i386 (0.40.0-1.1~deb11u1) ...
Selecting previously unselected package libxcb-render0:i386.
Preparing to unpack .../032-libxcb-render0_1.14-3_i386.deb ...
Unpacking libxcb-render0:i386 (1.14-3) ...
Selecting previously unselected package libxcb-shm0:i386.
Preparing to unpack .../033-libxcb-shm0_1.14-3_i386.deb ...
Unpacking libxcb-shm0:i386 (1.14-3) ...
Selecting previously unselected package libxrender1:i386.
Preparing to unpack .../034-libxrender1_1%3a0.9.10-1_i386.deb ...
Unpacking libxrender1:i386 (1:0.9.10-1) ...
Selecting previously unselected package libcairo2:i386.
Preparing to unpack .../035-libcairo2_1.16.0-5_i386.deb ...
Unpacking libcairo2:i386 (1.16.0-5) ...
Selecting previously unselected package libdatrie1:i386.
Preparing to unpack .../036-libdatrie1_0.2.13-1_i386.deb ...
Unpacking libdatrie1:i386 (0.2.13-1) ...
Selecting previously unselected package libdjvulibre-text.
Preparing to unpack .../037-libdjvulibre-text_3.5.28-2_all.deb ...
Unpacking libdjvulibre-text (3.5.28-2) ...
Selecting previously unselected package libdjvulibre21:i386.
Preparing to unpack .../038-libdjvulibre21_3.5.28-2_i386.deb ...
Unpacking libdjvulibre21:i386 (3.5.28-2) ...
Selecting previously unselected package libfribidi0:i386.
Preparing to unpack .../039-libfribidi0_1.0.8-2+deb11u1_i386.deb ...
Unpacking libfribidi0:i386 (1.0.8-2+deb11u1) ...
Selecting previously unselected package libxpm4:i386.
Preparing to unpack .../040-libxpm4_1%3a3.5.12-1_i386.deb ...
Unpacking libxpm4:i386 (1:3.5.12-1) ...
Selecting previously unselected package libgd3:i386.
Preparing to unpack .../041-libgd3_2.3.0-2_i386.deb ...
Unpacking libgd3:i386 (2.3.0-2) ...
Selecting previously unselected package libglib2.0-data.
Preparing to unpack .../042-libglib2.0-data_2.66.8-1_all.deb ...
Unpacking libglib2.0-data (2.66.8-1) ...
Selecting previously unselected package libgpm2:i386.
Preparing to unpack .../043-libgpm2_1.20.7-8_i386.deb ...
Unpacking libgpm2:i386 (1.20.7-8) ...
Selecting previously unselected package libgraphite2-3:i386.
Preparing to unpack .../044-libgraphite2-3_1.3.14-1_i386.deb ...
Unpacking libgraphite2-3:i386 (1.3.14-1) ...
Selecting previously unselected package libharfbuzz0b:i386.
Preparing to unpack .../045-libharfbuzz0b_2.7.4-1_i386.deb ...
Unpacking libharfbuzz0b:i386 (2.7.4-1) ...
Selecting previously unselected package libilmbase25:i386.
Preparing to unpack .../046-libilmbase25_2.5.4-1_i386.deb ...
Unpacking libilmbase25:i386 (2.5.4-1) ...
Selecting previously unselected package libjs-popper.js.
Preparing to unpack .../047-libjs-popper.js_1.16.1+ds-3_all.deb ...
Unpacking libjs-popper.js (1.16.1+ds-3) ...
Selecting previously unselected package libjs-bootstrap4.
Preparing to unpack .../048-libjs-bootstrap4_4.5.2+dfsg1-8~deb11u1_all.deb ...
Unpacking libjs-bootstrap4 (4.5.2+dfsg1-8~deb11u1) ...
Selecting previously unselected package libjs-d3.
Preparing to unpack .../049-libjs-d3_3.5.17-4_all.deb ...
Unpacking libjs-d3 (3.5.17-4) ...
Selecting previously unselected package libjs-jquery.
Preparing to unpack .../050-libjs-jquery_3.5.1+dfsg+~3.5.5-7_all.deb ...
Unpacking libjs-jquery (3.5.1+dfsg+~3.5.5-7) ...
Selecting previously unselected package libjs-sizzle.
Preparing to unpack .../051-libjs-sizzle_2.3.5+ds-2_all.deb ...
Unpacking libjs-sizzle (2.3.5+ds-2) ...
Selecting previously unselected package libjxr0:i386.
Preparing to unpack .../052-libjxr0_1.1-6+b1_i386.deb ...
Unpacking libjxr0:i386 (1.1-6+b1) ...
Selecting previously unselected package libjxr-tools.
Preparing to unpack .../053-libjxr-tools_1.1-6+b1_i386.deb ...
Unpacking libjxr-tools (1.1-6+b1) ...
Selecting previously unselected package libldap-common.
Preparing to unpack .../054-libldap-common_2.4.57+dfsg-3+deb11u1_all.deb ...
Unpacking libldap-common (2.4.57+dfsg-3+deb11u1) ...
Selecting previously unselected package libopenexr25:i386.
Preparing to unpack .../055-libopenexr25_2.5.4-2+deb11u1_i386.deb ...
Unpacking libopenexr25:i386 (2.5.4-2+deb11u1) ...
Selecting previously unselected package libthai-data.
Preparing to unpack .../056-libthai-data_0.1.28-3_all.deb ...
Unpacking libthai-data (0.1.28-3) ...
Selecting previously unselected package libthai0:i386.
Preparing to unpack .../057-libthai0_0.1.28-3_i386.deb ...
Unpacking libthai0:i386 (0.1.28-3) ...
Selecting previously unselected package libpango-1.0-0:i386.
Preparing to unpack .../058-libpango-1.0-0_1.46.2-3_i386.deb ...
Unpacking libpango-1.0-0:i386 (1.46.2-3) ...
Selecting previously unselected package libpangoft2-1.0-0:i386.
Preparing to unpack .../059-libpangoft2-1.0-0_1.46.2-3_i386.deb ...
Unpacking libpangoft2-1.0-0:i386 (1.46.2-3) ...
Selecting previously unselected package libpangocairo-1.0-0:i386.
Preparing to unpack .../060-libpangocairo-1.0-0_1.46.2-3_i386.deb ...
Unpacking libpangocairo-1.0-0:i386 (1.46.2-3) ...
Selecting previously unselected package libwmf0.2-7:i386.
Preparing to unpack .../061-libwmf0.2-7_0.2.8.4-17_i386.deb ...
Unpacking libwmf0.2-7:i386 (0.2.8.4-17) ...
Selecting previously unselected package libmagickcore-6.q16-6-extra:i386.
Preparing to unpack .../062-libmagickcore-6.q16-6-extra_8%3a6.9.11.60+dfsg-1.3_i386.deb ...
Unpacking libmagickcore-6.q16-6-extra:i386 (8:6.9.11.60+dfsg-1.3) ...
Selecting previously unselected package libonig5:i386.
Preparing to unpack .../063-libonig5_6.9.6-1.1_i386.deb ...
Unpacking libonig5:i386 (6.9.6-1.1) ...
Selecting previously unselected package libpaper-utils.
Preparing to unpack .../064-libpaper-utils_1.1.28+b1_i386.deb ...
Unpacking libpaper-utils (1.1.28+b1) ...
Selecting previously unselected package libsasl2-modules:i386.
Preparing to unpack .../065-libsasl2-modules_2.1.27+dfsg-2.1+deb11u1_i386.deb ...
Unpacking libsasl2-modules:i386 (2.1.27+dfsg-2.1+deb11u1) ...
Selecting previously unselected package libxmuu1:i386.
Preparing to unpack .../066-libxmuu1_2%3a1.1.2-2+b3_i386.deb ...
Unpacking libxmuu1:i386 (2:1.1.2-2+b3) ...
Selecting previously unselected package libxslt1.1:i386.
Preparing to unpack .../067-libxslt1.1_1.1.34-4+deb11u1_i386.deb ...
Unpacking libxslt1.1:i386 (1.1.34-4+deb11u1) ...
Selecting previously unselected package libzip4:i386.
Preparing to unpack .../068-libzip4_1.7.3-1_i386.deb ...
Unpacking libzip4:i386 (1.7.3-1) ...
Selecting previously unselected package node-jquery.
Preparing to unpack .../069-node-jquery_3.5.1+dfsg+~3.5.5-7_all.deb ...
Unpacking node-jquery (3.5.1+dfsg+~3.5.5-7) ...
Selecting previously unselected package patch.
Preparing to unpack .../070-patch_2.7.6-7_i386.deb ...
Unpacking patch (2.7.6-7) ...
Selecting previously unselected package php7.4.
Preparing to unpack .../071-php7.4_7.4.33-1+deb11u1_all.deb ...
Unpacking php7.4 (7.4.33-1+deb11u1) ...
Selecting previously unselected package php.
Preparing to unpack .../072-php_2%3a7.4+76_all.deb ...
Unpacking php (2:7.4+76) ...
Selecting previously unselected package php7.4-xml.
Preparing to unpack .../073-php7.4-xml_7.4.33-1+deb11u1_i386.deb ...
Unpacking php7.4-xml (7.4.33-1+deb11u1) ...
Selecting previously unselected package php-xml.
Preparing to unpack .../074-php-xml_2%3a7.4+76_all.deb ...
Unpacking php-xml (2:7.4+76) ...
Selecting previously unselected package php-parser.
Preparing to unpack .../075-php-parser_4.10.4-1_all.deb ...
Unpacking php-parser (4.10.4-1) ...
Selecting previously unselected package php-file-iterator.
Preparing to unpack .../076-php-file-iterator_3.0.5-2_all.deb ...
Unpacking php-file-iterator (3.0.5-2) ...
Selecting previously unselected package php-text-template.
Preparing to unpack .../077-php-text-template_2.0.4-1_all.deb ...
Unpacking php-text-template (2.0.4-1) ...
Selecting previously unselected package phpunit-code-unit-reverse-lookup.
Preparing to unpack .../078-phpunit-code-unit-reverse-lookup_2.0.3-2_all.deb ...
Unpacking phpunit-code-unit-reverse-lookup (2.0.3-2) ...
Selecting previously unselected package phpunit-complexity.
Preparing to unpack .../079-phpunit-complexity_2.0.2-1_all.deb ...
Unpacking phpunit-complexity (2.0.2-1) ...
Selecting previously unselected package phpunit-environment.
Preparing to unpack .../080-phpunit-environment_5.1.3-2_all.deb ...
Unpacking phpunit-environment (5.1.3-2) ...
Selecting previously unselected package phpunit-lines-of-code.
Preparing to unpack .../081-phpunit-lines-of-code_1.0.3-1_all.deb ...
Unpacking phpunit-lines-of-code (1.0.3-1) ...
Selecting previously unselected package phpunit-version.
Preparing to unpack .../082-phpunit-version_3.0.2-2_all.deb ...
Unpacking phpunit-version (3.0.2-2) ...
Selecting previously unselected package php-tokenizer.
Preparing to unpack .../083-php-tokenizer_1.2.0-1_all.deb ...
Unpacking php-tokenizer (1.2.0-1) ...
Selecting previously unselected package php-codecoverage.
Preparing to unpack .../084-php-codecoverage_9.2.5+dfsg-3_all.deb ...
Unpacking php-codecoverage (9.2.5+dfsg-3) ...
Selecting previously unselected package php-deepcopy.
Preparing to unpack .../085-php-deepcopy_1.10.2-3_all.deb ...
Unpacking php-deepcopy (1.10.2-3) ...
Selecting previously unselected package php-doctrine-instantiator.
Preparing to unpack .../086-php-doctrine-instantiator_1.4.0-1_all.deb ...
Unpacking php-doctrine-instantiator (1.4.0-1) ...
Selecting previously unselected package php-invoker.
Preparing to unpack .../087-php-invoker_3.1.1-2_all.deb ...
Unpacking php-invoker (3.1.1-2) ...
Selecting previously unselected package php7.4-mbstring.
Preparing to unpack .../088-php7.4-mbstring_7.4.33-1+deb11u1_i386.deb ...
Unpacking php7.4-mbstring (7.4.33-1+deb11u1) ...
Selecting previously unselected package php-mbstring.
Preparing to unpack .../089-php-mbstring_2%3a7.4+76_all.deb ...
Unpacking php-mbstring (2:7.4+76) ...
Selecting previously unselected package php-phar-io-version.
Preparing to unpack .../090-php-phar-io-version_3.0.4-1_all.deb ...
Unpacking php-phar-io-version (3.0.4-1) ...
Selecting previously unselected package php-phar-io-manifest.
Preparing to unpack .../091-php-phar-io-manifest_2.0.1-2_all.deb ...
Unpacking php-phar-io-manifest (2.0.1-2) ...
Selecting previously unselected package php-phpdocumentor-reflection-common.
Preparing to unpack .../092-php-phpdocumentor-reflection-common_2.2.0-1_all.deb ...
Unpacking php-phpdocumentor-reflection-common (2.2.0-1) ...
Selecting previously unselected package php-phpdocumentor-type-resolver.
Preparing to unpack .../093-php-phpdocumentor-type-resolver_1.4.0-2_all.deb ...
Unpacking php-phpdocumentor-type-resolver (1.4.0-2) ...
Selecting previously unselected package php-webmozart-assert.
Preparing to unpack .../094-php-webmozart-assert_1.9.1-2_all.deb ...
Unpacking php-webmozart-assert (1.9.1-2) ...
Selecting previously unselected package php-phpdocumentor-reflection-docblock.
Preparing to unpack .../095-php-phpdocumentor-reflection-docblock_5.2.2-1_all.deb ...
Unpacking php-phpdocumentor-reflection-docblock (5.2.2-1) ...
Selecting previously unselected package phpunit-diff.
Preparing to unpack .../096-phpunit-diff_4.0.4-1_all.deb ...
Unpacking phpunit-diff (4.0.4-1) ...
Selecting previously unselected package phpunit-recursion-context.
Preparing to unpack .../097-phpunit-recursion-context_4.0.4-1_all.deb ...
Unpacking phpunit-recursion-context (4.0.4-1) ...
Selecting previously unselected package phpunit-exporter.
Preparing to unpack .../098-phpunit-exporter_4.0.3-2_all.deb ...
Unpacking phpunit-exporter (4.0.3-2) ...
Selecting previously unselected package phpunit-comparator.
Preparing to unpack .../099-phpunit-comparator_4.0.6-1_all.deb ...
Unpacking phpunit-comparator (4.0.6-1) ...
Selecting previously unselected package php-phpspec-prophecy.
Preparing to unpack .../100-php-phpspec-prophecy_1.12.2-1_all.deb ...
Unpacking php-phpspec-prophecy (1.12.2-1) ...
Selecting previously unselected package php-timer.
Preparing to unpack .../101-php-timer_5.0.3-2_all.deb ...
Unpacking php-timer (5.0.3-2) ...
Selecting previously unselected package php7.4-curl.
Preparing to unpack .../102-php7.4-curl_7.4.33-1+deb11u1_i386.deb ...
Unpacking php7.4-curl (7.4.33-1+deb11u1) ...
Selecting previously unselected package php7.4-gd.
Preparing to unpack .../103-php7.4-gd_7.4.33-1+deb11u1_i386.deb ...
Unpacking php7.4-gd (7.4.33-1+deb11u1) ...
Selecting previously unselected package php7.4-intl.
Preparing to unpack .../104-php7.4-intl_7.4.33-1+deb11u1_i386.deb ...
Unpacking php7.4-intl (7.4.33-1+deb11u1) ...
Selecting previously unselected package php7.4-sqlite3.
Preparing to unpack .../105-php7.4-sqlite3_7.4.33-1+deb11u1_i386.deb ...
Unpacking php7.4-sqlite3 (7.4.33-1+deb11u1) ...
Selecting previously unselected package php7.4-zip.
Preparing to unpack .../106-php7.4-zip_7.4.33-1+deb11u1_i386.deb ...
Unpacking php7.4-zip (7.4.33-1+deb11u1) ...
Selecting previously unselected package phpunit-cli-parser.
Preparing to unpack .../107-phpunit-cli-parser_1.0.1-1_all.deb ...
Unpacking phpunit-cli-parser (1.0.1-1) ...
Selecting previously unselected package phpunit-code-unit.
Preparing to unpack .../108-phpunit-code-unit_1.0.8-1_all.deb ...
Unpacking phpunit-code-unit (1.0.8-1) ...
Selecting previously unselected package phpunit-object-reflector.
Preparing to unpack .../109-phpunit-object-reflector_2.0.4-1_all.deb ...
Unpacking phpunit-object-reflector (2.0.4-1) ...
Selecting previously unselected package phpunit-global-state.
Preparing to unpack .../110-phpunit-global-state_5.0.2-1_all.deb ...
Unpacking phpunit-global-state (5.0.2-1) ...
Selecting previously unselected package phpunit-object-enumerator.
Preparing to unpack .../111-phpunit-object-enumerator_4.0.4-1_all.deb ...
Unpacking phpunit-object-enumerator (4.0.4-1) ...
Selecting previously unselected package phpunit-resource-operations.
Preparing to unpack .../112-phpunit-resource-operations_3.0.3-2_all.deb ...
Unpacking phpunit-resource-operations (3.0.3-2) ...
Selecting previously unselected package phpunit-type.
Preparing to unpack .../113-phpunit-type_2.3.1-1_all.deb ...
Unpacking phpunit-type (2.3.1-1) ...
Selecting previously unselected package phpunit.
Preparing to unpack .../114-phpunit_9.5.2-1_all.deb ...
Unpacking phpunit (9.5.2-1) ...
Selecting previously unselected package publicsuffix.
Preparing to unpack .../115-publicsuffix_20220811.1734-0+deb11u1_all.deb ...
Unpacking publicsuffix (20220811.1734-0+deb11u1) ...
Selecting previously unselected package shared-mime-info.
Preparing to unpack .../116-shared-mime-info_2.0-1_i386.deb ...
Unpacking shared-mime-info (2.0-1) ...
Selecting previously unselected package ssl-cert.
Preparing to unpack .../117-ssl-cert_1.1.0+nmu1_all.deb ...
Unpacking ssl-cert (1.1.0+nmu1) ...
Selecting previously unselected package xauth.
Preparing to unpack .../118-xauth_1%3a1.1-1_i386.deb ...
Unpacking xauth (1:1.1-1) ...
Selecting previously unselected package xdg-user-dirs.
Preparing to unpack .../119-xdg-user-dirs_0.17-2_i386.deb ...
Unpacking xdg-user-dirs (0.17-2) ...
Setting up php-phpdocumentor-reflection-common (2.2.0-1) ...
Setting up libexpat1:i386 (2.2.10-2+deb11u5) ...
Setting up media-types (4.0.0) ...
Setting up javascript-common (11+nmu1) ...
Package apache2 is not configured yet. Will defer actions by package javascript-common.
Setting up libgraphite2-3:i386 (1.3.14-1) ...
Setting up php-phpdocumentor-type-resolver (1.4.0-2) ...
Setting up liblcms2-2:i386 (2.12~rc1-2) ...
Setting up libpixman-1-0:i386 (0.40.0-1.1~deb11u1) ...
Setting up libxau6:i386 (1:1.0.9-1) ...
Setting up imagemagick-6-common (8:6.9.11.60+dfsg-1.3) ...
Setting up libapparmor1:i386 (2.13.6-10) ...
Setting up libpsl5:i386 (0.21.0-1.2) ...
Setting up libsodium23:i386 (1.0.18-1) ...
Setting up libgpm2:i386 (1.20.7-8) ...
Setting up fonts-noto-mono (20201225-1) ...
Setting up phpunit-type (2.3.1-1) ...
Setting up libicu67:i386 (67.1-7) ...
Setting up libdatrie1:i386 (0.2.13-1) ...
Setting up xdg-user-dirs (0.17-2) ...
Setting up libjs-popper.js (1.16.1+ds-3) ...
Setting up libmagic-mgc (1:5.39-3) ...
Setting up libglib2.0-0:i386 (2.66.8-1) ...
No schema files found: doing nothing.
Setting up libargon2-1:i386 (0~20171227-0.2) ...
Setting up libzip4:i386 (1.7.3-1) ...
Setting up libijs-0.35:i386 (0.35-15) ...
Setting up libjxr0:i386 (1.1-6+b1) ...
Setting up perl-modules-5.32 (5.32.1-4+deb11u2) ...
Setting up libaom0:i386 (1.0.0.errata1-3) ...
Setting up libbrotli1:i386 (1.0.9-2+b2) ...
Setting up libsqlite3-0:i386 (3.34.1-3) ...
Setting up libcbor0:i386 (0.5.0+dfsg-2) ...
Setting up libsasl2-modules:i386 (2.1.27+dfsg-2.1+deb11u1) ...
Setting up libnghttp2-14:i386 (1.43.0-1) ...
Setting up libmagic1:i386 (1:5.39-3) ...
Setting up libdeflate0:i386 (1.7-1) ...
Setting up libapr1:i386 (1.7.0-6+deb11u1) ...
Setting up less (551-2) ...
Setting up phpunit-resource-operations (3.0.3-2) ...
Setting up phpunit-code-unit (1.0.8-1) ...
Setting up libilmbase25:i386 (2.5.4-1) ...
Setting up file (1:5.39-3) ...
Setting up fonts-urw-base35 (20200910-1) ...
Setting up libgomp1:i386 (10.2.1-6) ...
Setting up phpunit-object-reflector (2.0.4-1) ...
Setting up bzip2 (1.0.8-4) ...
Setting up libldap-common (2.4.57+dfsg-3+deb11u1) ...
Setting up libjs-sizzle (2.3.5+ds-2) ...
Setting up libjbig0:i386 (2.1-3.1+b2) ...
Setting up phpunit-diff (4.0.4-1) ...
Setting up php-phar-io-version (3.0.4-1) ...
Setting up libjansson4:i386 (2.13.1-1.1) ...
Setting up poppler-data (0.4.10-1) ...
Setting up libsasl2-modules-db:i386 (2.1.27+dfsg-2.1+deb11u1) ...
Setting up libopenexr25:i386 (2.5.4-2+deb11u1) ...
Setting up libglib2.0-data (2.66.8-1) ...
Setting up libjpeg62-turbo:i386 (1:2.0.6-4) ...
Setting up libx11-data (2:1.7.2-1) ...
Setting up libjbig2dec0:i386 (0.19-2) ...
Setting up librtmp1:i386 (2.4+20151223.gitfa8646d.1-2+b2) ...
Setting up libidn11:i386 (1.33-3) ...
Setting up gsfonts (1:8.11+urwcyr1.0.7~pre44-4.5) ...
Setting up libavahi-common-data:i386 (0.8-5+deb11u1) ...
Setting up libncurses6:i386 (6.2+20201114-2) ...
Setting up libdbus-1-3:i386 (1.12.24-0+deb11u1) ...
Setting up dbus (1.12.24-0+deb11u1) ...
invoke-rc.d: could not determine current runlevel
invoke-rc.d: policy-rc.d denied execution of start.
Setting up xz-utils (5.2.5-2.1~deb11u1) ...
update-alternatives: using /usr/bin/xz to provide /usr/bin/lzma (lzma) in auto mode
update-alternatives: warning: skip creation of /usr/share/man/man1/lzma.1.gz because associated file /usr/share/man/man1/xz.1.gz (of link group lzma) doesn't exist
update-alternatives: warning: skip creation of /usr/share/man/man1/unlzma.1.gz because associated file /usr/share/man/man1/unxz.1.gz (of link group lzma) doesn't exist
update-alternatives: warning: skip creation of /usr/share/man/man1/lzcat.1.gz because associated file /usr/share/man/man1/xzcat.1.gz (of link group lzma) doesn't exist
update-alternatives: warning: skip creation of /usr/share/man/man1/lzmore.1.gz because associated file /usr/share/man/man1/xzmore.1.gz (of link group lzma) doesn't exist
update-alternatives: warning: skip creation of /usr/share/man/man1/lzless.1.gz because associated file /usr/share/man/man1/xzless.1.gz (of link group lzma) doesn't exist
update-alternatives: warning: skip creation of /usr/share/man/man1/lzdiff.1.gz because associated file /usr/share/man/man1/xzdiff.1.gz (of link group lzma) doesn't exist
update-alternatives: warning: skip creation of /usr/share/man/man1/lzcmp.1.gz because associated file /usr/share/man/man1/xzcmp.1.gz (of link group lzma) doesn't exist
update-alternatives: warning: skip creation of /usr/share/man/man1/lzgrep.1.gz because associated file /usr/share/man/man1/xzgrep.1.gz (of link group lzma) doesn't exist
update-alternatives: warning: skip creation of /usr/share/man/man1/lzegrep.1.gz because associated file /usr/share/man/man1/xzegrep.1.gz (of link group lzma) doesn't exist
update-alternatives: warning: skip creation of /usr/share/man/man1/lzfgrep.1.gz because associated file /usr/share/man/man1/xzfgrep.1.gz (of link group lzma) doesn't exist
Setting up libfribidi0:i386 (1.0.8-2+deb11u1) ...
Setting up libjs-d3 (3.5.17-4) ...
Setting up libpng16-16:i386 (1.6.37-3) ...
Setting up php-file-iterator (3.0.5-2) ...
Setting up patch (2.7.6-7) ...
Setting up libwebp6:i386 (0.6.1-2.1) ...
Setting up php-webmozart-assert (1.9.1-2) ...
Setting up fonts-dejavu-core (2.37-2) ...
Setting up php-deepcopy (1.10.2-3) ...
Setting up php-text-template (2.0.4-1) ...
Setting up libncursesw6:i386 (6.2+20201114-2) ...
Setting up libltdl7:i386 (2.4.6-15) ...
Setting up libfftw3-double3:i386 (3.3.8-2) ...
Setting up libsasl2-2:i386 (2.1.27+dfsg-2.1+deb11u1) ...
Setting up phpunit-recursion-context (4.0.4-1) ...
Setting up libnuma1:i386 (2.0.12-1+b1) ...
Setting up libmd0:i386 (1.0.3-3) ...
Setting up liblqr-1-0:i386 (0.4.2-2.1) ...
Setting up sensible-utils (0.0.14) ...
Setting up php-doctrine-instantiator (1.4.0-1) ...
Setting up liblua5.3-0:i386 (5.3.3-1.1+b1) ...
Setting up libdav1d4:i386 (0.7.1-3) ...
Setting up libopenjp2-7:i386 (2.4.0-3) ...
Setting up git-man (1:2.30.2-1) ...
Setting up libthai-data (0.1.28-3) ...
Setting up libssh2-1:i386 (1.9.0-2) ...
Setting up netbase (6.3) ...
Setting up phpunit-object-enumerator (4.0.4-1) ...
Setting up libtiff5:i386 (4.2.0-1+deb11u1) ...
Setting up php-invoker (3.1.1-2) ...
Setting up apache2-data (2.4.54-1~deb11u1) ...
Setting up fonts-droid-fallback (1:6.0.1r16-1.1) ...
Setting up libjs-bootstrap4 (4.5.2+dfsg1-8~deb11u1) ...
Setting up libdjvulibre-text (3.5.28-2) ...
Setting up libjs-jquery (3.5.1+dfsg+~3.5.5-7) ...
Setting up libfido2-1:i386 (1.6.0-2) ...
Setting up libde265-0:i386 (1.0.8-1) ...
Setting up phpunit-environment (5.1.3-2) ...
Setting up openssl (1.1.1n-0+deb11u3) ...
Setting up libwebpmux3:i386 (0.6.1-2.1) ...
Setting up libbsd0:i386 (0.11.3-1) ...
Setting up php-timer (5.0.3-2) ...
Setting up phpunit-cli-parser (1.0.1-1) ...
Setting up publicsuffix (20220811.1734-0+deb11u1) ...
Setting up libxml2:i386 (2.9.10+dfsg-6.7+deb11u3) ...
Setting up phpunit-global-state (5.0.2-1) ...
Setting up libonig5:i386 (6.9.6-1.1) ...
Setting up libprocps8:i386 (2:3.3.17-5) ...
Setting up node-jquery (3.5.1+dfsg+~3.5.5-7) ...
Setting up phpunit-code-unit-reverse-lookup (2.0.3-2) ...
Setting up libgdbm6:i386 (1.19-2) ...
Setting up libaprutil1:i386 (1.6.1-5) ...
Setting up phpunit-version (3.0.2-2) ...
Setting up libgs9-common (9.53.3~dfsg-7+deb11u2) ...
Setting up libxdmcp6:i386 (1:1.1.2-3) ...
Setting up libxcb1:i386 (1.14-3) ...
Setting up libjxr-tools (1.1-6+b1) ...
Setting up libxcb-render0:i386 (1.14-3) ...
Setting up libwebpdemux2:i386 (0.6.1-2.1) ...
Setting up libedit2:i386 (3.1-20191231-2+b1) ...
Setting up libdjvulibre21:i386 (3.5.28-2) ...
Setting up libavahi-common3:i386 (0.8-5+deb11u1) ...
Setting up libx265-192:i386 (3.4-2) ...
Setting up libldap-2.4-2:i386 (2.4.57+dfsg-3+deb11u1) ...
Setting up libcurl3-gnutls:i386 (7.74.0-1.3+deb11u3) ...
Setting up libxcb-shm0:i386 (1.14-3) ...
Setting up libaprutil1-ldap:i386 (1.6.1-5) ...
Setting up php-phpdocumentor-reflection-docblock (5.2.2-1) ...
Setting up libaprutil1-dbd-sqlite3:i386 (1.6.1-5) ...
Setting up phpunit-exporter (4.0.3-2) ...
Setting up libthai0:i386 (0.1.28-3) ...
Setting up ca-certificates (20210119) ...
debconf: unable to initialize frontend: Dialog
debconf: (TERM is not set, so the dialog frontend is not usable.)
debconf: falling back to frontend: Readline
Updating certificates in /etc/ssl/certs...
129 added, 0 removed; done.
Setting up libfreetype6:i386 (2.10.4+dfsg-1+deb11u1) ...
Setting up ssl-cert (1.1.0+nmu1) ...
debconf: unable to initialize frontend: Dialog
debconf: (TERM is not set, so the dialog frontend is not usable.)
debconf: falling back to frontend: Readline
Setting up shared-mime-info (2.0-1) ...
Setting up libgdbm-compat4:i386 (1.19-2) ...
Setting up ucf (3.0043) ...
debconf: unable to initialize frontend: Dialog
debconf: (TERM is not set, so the dialog frontend is not usable.)
debconf: falling back to frontend: Readline
Setting up libperl5.32:i386 (5.32.1-4+deb11u2) ...
Setting up procps (2:3.3.17-5) ...
Setting up libxslt1.1:i386 (1.1.34-4+deb11u1) ...
Setting up libcurl4:i386 (7.74.0-1.3+deb11u3) ...
Setting up libx11-6:i386 (2:1.7.2-1) ...
Setting up libharfbuzz0b:i386 (2.7.4-1) ...
Setting up libavahi-client3:i386 (0.8-5+deb11u1) ...
Setting up libxmuu1:i386 (2:1.1.2-2+b3) ...
Setting up apache2-utils (2.4.54-1~deb11u1) ...
Setting up libpaper1:i386 (1.1.28+b1) ...
debconf: unable to initialize frontend: Dialog
debconf: (TERM is not set, so the dialog frontend is not usable.)
debconf: falling back to frontend: Readline

Creating config file /etc/papersize with new version
Setting up php7.4-common (7.4.33-1+deb11u1) ...
debconf: unable to initialize frontend: Dialog
debconf: (TERM is not set, so the dialog frontend is not usable.)
debconf: falling back to frontend: Readline

Creating config file /etc/php/7.4/mods-available/calendar.ini with new version
debconf: unable to initialize frontend: Dialog
debconf: (TERM is not set, so the dialog frontend is not usable.)
debconf: falling back to frontend: Readline

Creating config file /etc/php/7.4/mods-available/ctype.ini with new version
debconf: unable to initialize frontend: Dialog
debconf: (TERM is not set, so the dialog frontend is not usable.)
debconf: falling back to frontend: Readline

Creating config file /etc/php/7.4/mods-available/exif.ini with new version
debconf: unable to initialize frontend: Dialog
debconf: (TERM is not set, so the dialog frontend is not usable.)
debconf: falling back to frontend: Readline

Creating config file /etc/php/7.4/mods-available/fileinfo.ini with new version
debconf: unable to initialize frontend: Dialog
debconf: (TERM is not set, so the dialog frontend is not usable.)
debconf: falling back to frontend: Readline

Creating config file /etc/php/7.4/mods-available/ffi.ini with new version
debconf: unable to initialize frontend: Dialog
debconf: (TERM is not set, so the dialog frontend is not usable.)
debconf: falling back to frontend: Readline

Creating config file /etc/php/7.4/mods-available/ftp.ini with new version
debconf: unable to initialize frontend: Dialog
debconf: (TERM is not set, so the dialog frontend is not usable.)
debconf: falling back to frontend: Readline

Creating config file /etc/php/7.4/mods-available/gettext.ini with new version
debconf: unable to initialize frontend: Dialog
debconf: (TERM is not set, so the dialog frontend is not usable.)
debconf: falling back to frontend: Readline

Creating config file /etc/php/7.4/mods-available/iconv.ini with new version
debconf: unable to initialize frontend: Dialog
debconf: (TERM is not set, so the dialog frontend is not usable.)
debconf: falling back to frontend: Readline

Creating config file /etc/php/7.4/mods-available/pdo.ini with new version
debconf: unable to initialize frontend: Dialog
debconf: (TERM is not set, so the dialog frontend is not usable.)
debconf: falling back to frontend: Readline

Creating config file /etc/php/7.4/mods-available/phar.ini with new version
debconf: unable to initialize frontend: Dialog
debconf: (TERM is not set, so the dialog frontend is not usable.)
debconf: falling back to frontend: Readline

Creating config file /etc/php/7.4/mods-available/posix.ini with new version
debconf: unable to initialize frontend: Dialog
debconf: (TERM is not set, so the dialog frontend is not usable.)
debconf: falling back to frontend: Readline

Creating config file /etc/php/7.4/mods-available/shmop.ini with new version
debconf: unable to initialize frontend: Dialog
debconf: (TERM is not set, so the dialog frontend is not usable.)
debconf: falling back to frontend: Readline

Creating config file /etc/php/7.4/mods-available/sockets.ini with new version
debconf: unable to initialize frontend: Dialog
debconf: (TERM is not set, so the dialog frontend is not usable.)
debconf: falling back to frontend: Readline

Creating config file /etc/php/7.4/mods-available/sysvmsg.ini with new version
debconf: unable to initialize frontend: Dialog
debconf: (TERM is not set, so the dialog frontend is not usable.)
debconf: falling back to frontend: Readline

Creating config file /etc/php/7.4/mods-available/sysvsem.ini with new version
debconf: unable to initialize frontend: Dialog
debconf: (TERM is not set, so the dialog frontend is not usable.)
debconf: falling back to frontend: Readline

Creating config file /etc/php/7.4/mods-available/sysvshm.ini with new version
debconf: unable to initialize frontend: Dialog
debconf: (TERM is not set, so the dialog frontend is not usable.)
debconf: falling back to frontend: Readline

Creating config file /etc/php/7.4/mods-available/tokenizer.ini with new version
Setting up libxpm4:i386 (1:3.5.12-1) ...
Setting up php7.4-curl (7.4.33-1+deb11u1) ...
debconf: unable to initialize frontend: Dialog
debconf: (TERM is not set, so the dialog frontend is not usable.)
debconf: falling back to frontend: Readline

Creating config file /etc/php/7.4/mods-available/curl.ini with new version
Setting up libxrender1:i386 (1:0.9.10-1) ...
Setting up libwmf0.2-7:i386 (0.2.8.4-17) ...
Setting up fontconfig-config (2.13.1-4.2) ...
debconf: unable to initialize frontend: Dialog
debconf: (TERM is not set, so the dialog frontend is not usable.)
debconf: falling back to frontend: Readline
Setting up openssh-client (1:8.4p1-5+deb11u1) ...
Setting up libheif1:i386 (1.11.0-1) ...
Setting up libxext6:i386 (2:1.3.3-1.1) ...
Setting up php7.4-readline (7.4.33-1+deb11u1) ...
debconf: unable to initialize frontend: Dialog
debconf: (TERM is not set, so the dialog frontend is not usable.)
debconf: falling back to frontend: Readline

Creating config file /etc/php/7.4/mods-available/readline.ini with new version
Setting up php7.4-mbstring (7.4.33-1+deb11u1) ...
debconf: unable to initialize frontend: Dialog
debconf: (TERM is not set, so the dialog frontend is not usable.)
debconf: falling back to frontend: Readline

Creating config file /etc/php/7.4/mods-available/mbstring.ini with new version
Setting up libpaper-utils (1.1.28+b1) ...
Setting up php-mbstring (2:7.4+76) ...
Setting up php7.4-intl (7.4.33-1+deb11u1) ...
debconf: unable to initialize frontend: Dialog
debconf: (TERM is not set, so the dialog frontend is not usable.)
debconf: falling back to frontend: Readline

Creating config file /etc/php/7.4/mods-available/intl.ini with new version
Setting up phpunit-comparator (4.0.6-1) ...
Setting up perl (5.32.1-4+deb11u2) ...
Setting up php7.4-zip (7.4.33-1+deb11u1) ...
debconf: unable to initialize frontend: Dialog
debconf: (TERM is not set, so the dialog frontend is not usable.)
debconf: falling back to frontend: Readline

Creating config file /etc/php/7.4/mods-available/zip.ini with new version
Setting up libcups2:i386 (2.3.3op2-3+deb11u2) ...
Setting up xauth (1:1.1-1) ...
Setting up php7.4-opcache (7.4.33-1+deb11u1) ...
debconf: unable to initialize frontend: Dialog
debconf: (TERM is not set, so the dialog frontend is not usable.)
debconf: falling back to frontend: Readline

Creating config file /etc/php/7.4/mods-available/opcache.ini with new version
Setting up libfontconfig1:i386 (2.13.1-4.2) ...
Setting up php7.4-sqlite3 (7.4.33-1+deb11u1) ...
debconf: unable to initialize frontend: Dialog
debconf: (TERM is not set, so the dialog frontend is not usable.)
debconf: falling back to frontend: Readline

Creating config file /etc/php/7.4/mods-available/sqlite3.ini with new version
debconf: unable to initialize frontend: Dialog
debconf: (TERM is not set, so the dialog frontend is not usable.)
debconf: falling back to frontend: Readline

Creating config file /etc/php/7.4/mods-available/pdo_sqlite.ini with new version
Setting up mailcap (3.69) ...
Setting up php-phpspec-prophecy (1.12.2-1) ...
Setting up fontconfig (2.13.1-4.2) ...
Regenerating fonts cache... done.
Setting up php7.4-json (7.4.33-1+deb11u1) ...
debconf: unable to initialize frontend: Dialog
debconf: (TERM is not set, so the dialog frontend is not usable.)
debconf: falling back to frontend: Readline

Creating config file /etc/php/7.4/mods-available/json.ini with new version
Setting up php7.4-xml (7.4.33-1+deb11u1) ...
debconf: unable to initialize frontend: Dialog
debconf: (TERM is not set, so the dialog frontend is not usable.)
debconf: falling back to frontend: Readline

Creating config file /etc/php/7.4/mods-available/dom.ini with new version
debconf: unable to initialize frontend: Dialog
debconf: (TERM is not set, so the dialog frontend is not usable.)
debconf: falling back to frontend: Readline

Creating config file /etc/php/7.4/mods-available/simplexml.ini with new version
debconf: unable to initialize frontend: Dialog
debconf: (TERM is not set, so the dialog frontend is not usable.)
debconf: falling back to frontend: Readline

Creating config file /etc/php/7.4/mods-available/xml.ini with new version
debconf: unable to initialize frontend: Dialog
debconf: (TERM is not set, so the dialog frontend is not usable.)
debconf: falling back to frontend: Readline

Creating config file /etc/php/7.4/mods-available/xmlreader.ini with new version
debconf: unable to initialize frontend: Dialog
debconf: (TERM is not set, so the dialog frontend is not usable.)
debconf: falling back to frontend: Readline

Creating config file /etc/php/7.4/mods-available/xmlwriter.ini with new version
debconf: unable to initialize frontend: Dialog
debconf: (TERM is not set, so the dialog frontend is not usable.)
debconf: falling back to frontend: Readline

Creating config file /etc/php/7.4/mods-available/xsl.ini with new version
Setting up mime-support (3.66) ...
Setting up libgs9:i386 (9.53.3~dfsg-7+deb11u2) ...
Setting up libpango-1.0-0:i386 (1.46.2-3) ...
Setting up php-phar-io-manifest (2.0.1-2) ...
Setting up php7.4-cli (7.4.33-1+deb11u1) ...
update-alternatives: using /usr/bin/php7.4 to provide /usr/bin/php (php) in auto mode
update-alternatives: warning: skip creation of /usr/share/man/man1/php.1.gz because associated file /usr/share/man/man1/php7.4.1.gz (of link group php) doesn't exist
update-alternatives: using /usr/bin/phar7.4 to provide /usr/bin/phar (phar) in auto mode
update-alternatives: warning: skip creation of /usr/share/man/man1/phar.1.gz because associated file /usr/share/man/man1/phar7.4.1.gz (of link group phar) doesn't exist
update-alternatives: using /usr/bin/phar.phar7.4 to provide /usr/bin/phar.phar (phar.phar) in auto mode
update-alternatives: warning: skip creation of /usr/share/man/man1/phar.phar.1.gz because associated file /usr/share/man/man1/phar.phar7.4.1.gz (of link group phar.phar) doesn't exist
debconf: unable to initialize frontend: Dialog
debconf: (TERM is not set, so the dialog frontend is not usable.)
debconf: falling back to frontend: Readline

Creating config file /etc/php/7.4/cli/php.ini with new version
Setting up ghostscript (9.53.3~dfsg-7+deb11u2) ...
Setting up apache2-bin (2.4.54-1~deb11u1) ...
Setting up libcairo2:i386 (1.16.0-5) ...
Setting up liberror-perl (0.17029-1) ...
Setting up libmagickcore-6.q16-6:i386 (8:6.9.11.60+dfsg-1.3) ...
Setting up php-parser (4.10.4-1) ...
Setting up libgd3:i386 (2.3.0-2) ...
Setting up phpunit-lines-of-code (1.0.3-1) ...
Setting up git (1:2.30.2-1) ...
Setting up libmagickwand-6.q16-6:i386 (8:6.9.11.60+dfsg-1.3) ...
Setting up libpangoft2-1.0-0:i386 (1.46.2-3) ...
Setting up php-imagick (3.4.4+php8.0+3.4.4-2+deb11u2) ...
Setting up php-tokenizer (1.2.0-1) ...
Setting up php7.4-gd (7.4.33-1+deb11u1) ...
debconf: unable to initialize frontend: Dialog
debconf: (TERM is not set, so the dialog frontend is not usable.)
debconf: falling back to frontend: Readline

Creating config file /etc/php/7.4/mods-available/gd.ini with new version
Setting up libpangocairo-1.0-0:i386 (1.46.2-3) ...
Setting up libapache2-mod-php7.4 (7.4.33-1+deb11u1) ...
Package apache2 is not configured yet. Will defer actions by package libapache2-mod-php7.4.
debconf: unable to initialize frontend: Dialog
debconf: (TERM is not set, so the dialog frontend is not usable.)
debconf: falling back to frontend: Readline

Creating config file /etc/php/7.4/apache2/php.ini with new version
No module matches 
Setting up php-xml (2:7.4+76) ...
Setting up libmagickcore-6.q16-6-extra:i386 (8:6.9.11.60+dfsg-1.3) ...
Setting up apache2 (2.4.54-1~deb11u1) ...
Enabling module mpm_event.
Enabling module authz_core.
Enabling module authz_host.
Enabling module authn_core.
Enabling module auth_basic.
Enabling module access_compat.
Enabling module authn_file.
Enabling module authz_user.
Enabling module alias.
Enabling module dir.
Enabling module autoindex.
Enabling module env.
Enabling module mime.
Enabling module negotiation.
Enabling module setenvif.
Enabling module filter.
Enabling module deflate.
Enabling module status.
Enabling module reqtimeout.
Enabling conf charset.
Enabling conf localized-error-pages.
Enabling conf other-vhosts-access-log.
Enabling conf security.
Enabling conf serve-cgi-bin.
Enabling site 000-default.
info: Executing deferred 'a2enconf javascript-common' for package javascript-common
Enabling conf javascript-common.
info: Switch to mpm prefork for package libapache2-mod-php7.4
Module mpm_event disabled.
Enabling module mpm_prefork.
info: Executing deferred 'a2enmod php7.4' for package libapache2-mod-php7.4
Enabling module php7.4.
invoke-rc.d: could not determine current runlevel
invoke-rc.d: policy-rc.d denied execution of start.
Setting up phpunit-complexity (2.0.2-1) ...
Setting up php-codecoverage (9.2.5+dfsg-3) ...
Setting up php7.4 (7.4.33-1+deb11u1) ...
Setting up php (2:7.4+76) ...
Setting up phpunit (9.5.2-1) ...
Processing triggers for libc-bin (2.31-13+deb11u5) ...
Processing triggers for ca-certificates (20210119) ...
Updating certificates in /etc/ssl/certs...
0 added, 0 removed; done.
Running hooks in /etc/ca-certificates/update.d...
done.
Processing triggers for php7.4-cli (7.4.33-1+deb11u1) ...
Processing triggers for libapache2-mod-php7.4 (7.4.33-1+deb11u1) ...
Removing intermediate container 8ef5c2d19a48
 ---> d2a3c18abf45
Step 3/7 : ARG NEXTCLOUD_VERSION=v25.0.0
 ---> [Warning] The requested image's platform (linux/386) does not match the detected host platform (linux/amd64) and no specific platform was requested
 ---> Running in 4f845bb7dbe7
Removing intermediate container 4f845bb7dbe7
 ---> 358f9ca77cf7
Step 4/7 : RUN git clone --depth=1 --branch=$NEXTCLOUD_VERSION https://github.com/nextcloud/server.git
 ---> [Warning] The requested image's platform (linux/386) does not match the detected host platform (linux/amd64) and no specific platform was requested
 ---> Running in cdd2aa8b3595
[91mCloning into 'server'...
[0m[91mNote: switching to '9c791972de9c2561a9b36c1a60e48c25315ecca5'.

You are in 'detached HEAD' state. You can look around, make experimental
changes and commit them, and you can discard any commits you make in this
state without impacting any branches by switching back to a branch.

If you want to create a new branch to retain commits you create, you may
do so (now or later) by using -c with the switch command. Example:

  git switch -c <new-branch-name>

Or undo this operation with:

  git switch -

Turn off this advice by setting config variable advice.detachedHead to false

[0m[91mUpdating files:  74% (7426/9924)[0m[91mUpdating files:  75% (7443/9924)[0m[91mUpdating files:  76% (7543/9924)[0m[91mUpdating files:  77% (7642/9924)[0m[91mUpdating files:  78% (7741/9924)[0m[91mUpdating files:  79% (7840/9924)[0m[91mUpdating files:  80% (7940/9924)[0m[91mUpdating files:  81% (8039/9924)[0m[91mUpdating files:  82% (8138/9924)[0m[91mUpdating files:  83% (8237/9924)[0m[91mUpdating files:  84% (8337/9924)[0m[91mUpdating files:  85% (8436/9924)[0m[91mUpdating files:  86% (8535/9924)[0m[91mUpdating files:  87% (8634/9924)[0m[91mUpdating files:  88% (8734/9924)[0m[91mUpdating files:  89% (8833/9924)[0m[91mUpdating files:  90% (8932/9924)[0m[91mUpdating files:  91% (9031/9924)[0m[91mUpdating files:  92% (9131/9924)[0m[91mUpdating files:  93% (9230/9924)[0m[91mUpdating files:  94% (9329/9924)[0m[91mUpdating files:  95% (9428/9924)[0m[91mUpdating files:  96% (9528/9924)[0m[91mUpdating files:  97% (9627/9924)[0m[91mUpdating files:  98% (9726/9924)[0m[91mUpdating files:  99% (9825/9924)[0m[91mUpdating files: 100% (9924/9924)Updating files: 100% (9924/9924), done.
[0mRemoving intermediate container cdd2aa8b3595
 ---> 64144ff1c669
Step 5/7 : WORKDIR server
 ---> [Warning] The requested image's platform (linux/386) does not match the detected host platform (linux/amd64) and no specific platform was requested
 ---> Running in 1f19e4e92363
Removing intermediate container 1f19e4e92363
 ---> f5acdab3624a
Step 6/7 : RUN git submodule update --init
 ---> [Warning] The requested image's platform (linux/386) does not match the detected host platform (linux/amd64) and no specific platform was requested
 ---> Running in c7254524a9bd
[91mSubmodule '3rdparty' (https://github.com/nextcloud/3rdparty.git) registered for path '3rdparty'
[0m[91mCloning into '/server/3rdparty'...
[0mSubmodule path '3rdparty': checked out '72a171171cd22bf7287567c75db6dca31bd236d6'
Removing intermediate container c7254524a9bd
 ---> c06ac1aebee7
Step 7/7 : RUN ./autotest.sh sqlite
 ---> [Warning] The requested image's platform (linux/386) does not match the detected host platform (linux/amd64) and no specific platform was requested
 ---> Running in 29968914d75c
Using PHP executable /usr/bin/php
Using database oc_autotest
Setup environment for sqlite testing on local storage ...
[91mUpdated 101 paths from the index
[0mInstalling ....
Nextcloud was successfully installed
Testing with sqlite ...
/usr/bin/php /usr/bin/phpunit --configuration phpunit-autotest.xml --coverage-clover autotest-clover-sqlite.xml --coverage-html coverage-html-sqlite --log-junit autotest-results-sqlite.xml  
PHPUnit 9.5.2 by Sebastian Bergmann and contributors.

Runtime:       PHP 7.4.33
Configuration: phpunit-autotest.xml
Warning:       No code coverage driver available

...........................................................    59 / 14641 (  0%)
...................................S.......................   118 / 14641 (  0%)
...........................................................   177 / 14641 (  1%)
...........................................................   236 / 14641 (  1%)
...........................................................   295 / 14641 (  2%)
...........................................................   354 / 14641 (  2%)
............................WWWWWWWWWWW...WWW..............   413 / 14641 (  2%)
...........................................................   472 / 14641 (  3%)
...........................................................   531 / 14641 (  3%)
...........................................................   590 / 14641 (  4%)
...........................................................   649 / 14641 (  4%)
...........................................................   708 / 14641 (  4%)
...........................................................   767 / 14641 (  5%)
...........................................................   826 / 14641 (  5%)
...........................................................   885 / 14641 (  6%)
...........................................................   944 / 14641 (  6%)
...........................................................  1003 / 14641 (  6%)
...........................................................  1062 / 14641 (  7%)
...........................................................  1121 / 14641 (  7%)
...........................................................  1180 / 14641 (  8%)
...............................W.....W.....................  1239 / 14641 (  8%)
...........................................................  1298 / 14641 (  8%)
..................S........................................  1357 / 14641 (  9%)
...........................................................  1416 / 14641 (  9%)
...........................................................  1475 / 14641 ( 10%)
...........................................................  1534 / 14641 ( 10%)
...........................................................  1593 / 14641 ( 10%)
...........................................................  1652 / 14641 ( 11%)
...........................................................  1711 / 14641 ( 11%)
...........................................................  1770 / 14641 ( 12%)
...........................................................  1829 / 14641 ( 12%)
...........................................................  1888 / 14641 ( 12%)
...........................................................  1947 / 14641 ( 13%)
...........................................................  2006 / 14641 ( 13%)
.............S.............................................  2065 / 14641 ( 14%)
...........................................................  2124 / 14641 ( 14%)
...........................................................  2183 / 14641 ( 14%)
...........................................................  2242 / 14641 ( 15%)
...........................................................  2301 / 14641 ( 15%)
...........................................................  2360 / 14641 ( 16%)
...........................................................  2419 / 14641 ( 16%)
...........................................................  2478 / 14641 ( 16%)
...........................................................  2537 / 14641 ( 17%)
...........................................................  2596 / 14641 ( 17%)
...........................................................  2655 / 14641 ( 18%)
...........................................................  2714 / 14641 ( 18%)
...........................................................  2773 / 14641 ( 18%)
...........................................................  2832 / 14641 ( 19%)
...........................................................  2891 / 14641 ( 19%)
...........................................................  2950 / 14641 ( 20%)
...........................................................  3009 / 14641 ( 20%)
...........................................................  3068 / 14641 ( 20%)
...........................................................  3127 / 14641 ( 21%)
...........................................................  3186 / 14641 ( 21%)
...........................................................  3245 / 14641 ( 22%)
...........................................................  3304 / 14641 ( 22%)
...........................................................  3363 / 14641 ( 22%)
...........................................................  3422 / 14641 ( 23%)
...........................................................  3481 / 14641 ( 23%)
...........................................................  3540 / 14641 ( 24%)
...........................................................  3599 / 14641 ( 24%)
...........................................................  3658 / 14641 ( 24%)
...........................................................  3717 / 14641 ( 25%)
...........................................................  3776 / 14641 ( 25%)
...........................................................  3835 / 14641 ( 26%)
...........................................................  3894 / 14641 ( 26%)
...........................................................  3953 / 14641 ( 26%)
...........................................................  4012 / 14641 ( 27%)
...........................................................  4071 / 14641 ( 27%)
...........................................................  4130 / 14641 ( 28%)
...........................................................  4189 / 14641 ( 28%)
...........................................................  4248 / 14641 ( 29%)
...........................................................  4307 / 14641 ( 29%)
...........................................................  4366 / 14641 ( 29%)
...........................................................  4425 / 14641 ( 30%)
...........................................................  4484 / 14641 ( 30%)
...........................................................  4543 / 14641 ( 31%)
...........................................................  4602 / 14641 ( 31%)
...........................................................  4661 / 14641 ( 31%)
...........................................................  4720 / 14641 ( 32%)
...........................................................  4779 / 14641 ( 32%)
...........................................................  4838 / 14641 ( 33%)
...........................................................  4897 / 14641 ( 33%)
...........................................................  4956 / 14641 ( 33%)
...........................................................  5015 / 14641 ( 34%)
...........................................................  5074 / 14641 ( 34%)
...........................................................  5133 / 14641 ( 35%)
...........................................................  5192 / 14641 ( 35%)
...........................................................  5251 / 14641 ( 35%)
...........................................................  5310 / 14641 ( 36%)
...........................................................  5369 / 14641 ( 36%)
...........................................................  5428 / 14641 ( 37%)
...........................................................  5487 / 14641 ( 37%)
...........................................................  5546 / 14641 ( 37%)
........................EEEEEEE............................  5605 / 14641 ( 38%)
............................................S..............  5664 / 14641 ( 38%)
..........................S................................  5723 / 14641 ( 39%)
...........................................................  5782 / 14641 ( 39%)
................S..........................................  5841 / 14641 ( 39%)
......S....................................................  5900 / 14641 ( 40%)
...........................................................  5959 / 14641 ( 40%)
...............................S...........................  6018 / 14641 ( 41%)
...........................................................  6077 / 14641 ( 41%)
...........................................................  6136 / 14641 ( 41%)
.............SSSSSSS..................S....................  6195 / 14641 ( 42%)
...........................................................  6254 / 14641 ( 42%)
.........SSSSSSSSSSSSSSSSSSSSSSS...........................  6313 / 14641 ( 43%)
...........................................................  6372 / 14641 ( 43%)
...........................................................  6431 / 14641 ( 43%)
...........................................................  6490 / 14641 ( 44%)
...........................................................  6549 / 14641 ( 44%)
...........................................................  6608 / 14641 ( 45%)
...........................................................  6667 / 14641 ( 45%)
...........................................................  6726 / 14641 ( 45%)
...........................................................  6785 / 14641 ( 46%)
......................................S....................  6844 / 14641 ( 46%)
...........................................................  6903 / 14641 ( 47%)
...........................................................  6962 / 14641 ( 47%)
...............S...........................................  7021 / 14641 ( 47%)
.............................................S.............  7080 / 14641 ( 48%)
...........................................................  7139 / 14641 ( 48%)
..............................S............................  7198 / 14641 ( 49%)
...........................................................  7257 / 14641 ( 49%)
.................S.........................................  7316 / 14641 ( 49%)
..............................................S............  7375 / 14641 ( 50%)
...........................................................  7434 / 14641 ( 50%)
.............................S.............................  7493 / 14641 ( 51%)
...........................................................  7552 / 14641 ( 51%)
...........................................................  7611 / 14641 ( 51%)
...........................................................  7670 / 14641 ( 52%)
........................................................S..  7729 / 14641 ( 52%)
......S....................................................  7788 / 14641 ( 53%)
...........................................................  7847 / 14641 ( 53%)
...........................................................  7906 / 14641 ( 53%)
...........................................................  7965 / 14641 ( 54%)
...........................................................  8024 / 14641 ( 54%)
...........................................................  8083 / 14641 ( 55%)
...........................................................  8142 / 14641 ( 55%)
........W..................................................  8201 / 14641 ( 56%)
...........................................................  8260 / 14641 ( 56%)
...........................................................  8319 / 14641 ( 56%)
...........................................................  8378 / 14641 ( 57%)
...........................................................  8437 / 14641 ( 57%)
...........................................................  8496 / 14641 ( 58%)
...........................................................  8555 / 14641 ( 58%)
................................................SSSSSSSSSSS  8614 / 14641 ( 58%)
SSSSSSSSS............................SSSSSSSSSSSSSSSSSSSSSS  8673 / 14641 ( 59%)
SSSSSSSSSSSSSS....E........................................  8732 / 14641 ( 59%)
...........................................................  8791 / 14641 ( 60%)
.......................................................SSSS  8850 / 14641 ( 60%)
....................................FFFFSSSSSSSS...........  8909 / 14641 ( 60%)
.....................S.....................................  8968 / 14641 ( 61%)
..F........................................................  9027 / 14641 ( 61%)
...........................................................  9086 / 14641 ( 62%)
...........................................................  9145 / 14641 ( 62%)
...........................................................  9204 / 14641 ( 62%)
...........................................................  9263 / 14641 ( 63%)
...........................................................  9322 / 14641 ( 63%)
...........................................................  9381 / 14641 ( 64%)
...........................................................  9440 / 14641 ( 64%)
...........................................................  9499 / 14641 ( 64%)
...........................................................  9558 / 14641 ( 65%)
...........................................................  9617 / 14641 ( 65%)
...........................................................  9676 / 14641 ( 66%)
...........................................................  9735 / 14641 ( 66%)
...........................................................  9794 / 14641 ( 66%)
...........................................................  9853 / 14641 ( 67%)
..................................SS.......................  9912 / 14641 ( 67%)
...........................................................  9971 / 14641 ( 68%)
........................................................... 10030 / 14641 ( 68%)
........................................................... 10089 / 14641 ( 68%)
......................................F..F...........S..... 10148 / 14641 ( 69%)
...................................................WWWWWWWW 10207 / 14641 ( 69%)
WWWWWWWWWWWWWW............................................. 10266 / 14641 ( 70%)
........................................................... 10325 / 14641 ( 70%)
...................W....................WWW..W..WWWWWW..... 10384 / 14641 ( 70%)
....WWW......................W...................W.WW.W.... 10443 / 14641 ( 71%)
...WWWWW................................................... 10502 / 14641 ( 71%)
........................................................... 10561 / 14641 ( 72%)
.............................................WWWWW......... 10620 / 14641 ( 72%)
................W.W..........................W............. 10679 / 14641 ( 72%)
..........................W................................ 10738 / 14641 ( 73%)
........................................................... 10797 / 14641 ( 73%)
FF..............................................WWWW....... 10856 / 14641 ( 74%)
.........................E..WWWWW.......................... 10915 / 14641 ( 74%)
.................................................W..W...... 10974 / 14641 ( 74%)
........................................................... 11033 / 14641 ( 75%)
............WWW......W.W........................WW......... 11092 / 14641 ( 75%)
........................................................... 11151 / 14641 ( 76%)
........................................................... 11210 / 14641 ( 76%)
............W...WWWW..WW...WW.WW........................... 11269 / 14641 ( 76%)
.....W..................................................... 11328 / 14641 ( 77%)
...................WW.WWWWWWWWWWW.............WW........WEE 11387 / 14641 ( 77%)
EEEEEEEE.EE................................................ 11446 / 14641 ( 78%)
................................................W.......... 11505 / 14641 ( 78%)
.........................................W................. 11564 / 14641 ( 78%)
......................WW..........W.WWW.................... 11623 / 14641 ( 79%)
........................................................... 11682 / 14641 ( 79%)
........................................................... 11741 / 14641 ( 80%)
........................................................... 11800 / 14641 ( 80%)
.............W.......................W..............W...... 11859 / 14641 ( 80%)
..EE....................................................... 11918 / 14641 ( 81%)
.......WW.W..W.WW..WWWWWWWWWW..W.W......................... 11977 / 14641 ( 81%)
.........WW............FF.............................WWW.. 12036 / 14641 ( 82%)
W..W......W.................WWW........WWW.W............... 12095 / 14641 ( 82%)
................................WWWW..W.................... 12154 / 14641 ( 83%)
........................................................... 12213 / 14641 ( 83%)
.....W...........W......W.....................W............ 12272 / 14641 ( 83%)
........................................................... 12331 / 14641 ( 84%)
........................................................... 12390 / 14641 ( 84%)
........................................................... 12449 / 14641 ( 85%)
........................................................... 12508 / 14641 ( 85%)
........................................................... 12567 / 14641 ( 85%)
........................................................... 12626 / 14641 ( 86%)
........................................................... 12685 / 14641 ( 86%)
........................................................... 12744 / 14641 ( 87%)
........................................................... 12803 / 14641 ( 87%)
........................................................... 12862 / 14641 ( 87%)
........................................................... 12921 / 14641 ( 88%)
FF....FSS........S......F..F............S.................. 12980 / 14641 ( 88%)
........................................................... 13039 / 14641 ( 89%)
........................................................... 13098 / 14641 ( 89%)
........................................................... 13157 / 14641 ( 89%)
....................................W...................... 13216 / 14641 ( 90%)
........................................................... 13275 / 14641 ( 90%)
..........................................................S 13334 / 14641 ( 91%)
EE......................................................... 13393 / 14641 ( 91%)
.................................E......................... 13452 / 14641 ( 91%)
............................................S.............. 13511 / 14641 ( 92%)
........................E.................................. 13570 / 14641 ( 92%)
........................................................... 13629 / 14641 ( 93%)
........................................................... 13688 / 14641 ( 93%)
........................................................... 13747 / 14641 ( 93%)
........................................................... 13806 / 14641 ( 94%)
........................................................... 13865 / 14641 ( 94%)
........................................................... 13924 / 14641 ( 95%)
........................................................... 13983 / 14641 ( 95%)
........................................................... 14042 / 14641 ( 95%)
........................................................... 14101 / 14641 ( 96%)
........................................................... 14160 / 14641 ( 96%)
......................WW................................... 14219 / 14641 ( 97%)
........................................................... 14278 / 14641 ( 97%)
........................................................... 14337 / 14641 ( 97%)
........................................................... 14396 / 14641 ( 98%)
........................................................... 14455 / 14641 ( 98%)
........................................................... 14514 / 14641 ( 99%)
........................................................... 14573 / 14641 ( 99%)
........................................................... 14632 / 14641 ( 99%)
.........                                                   14641 / 14641 (100%)

Time: 06:36.410, Memory: 364.01 MB

There were 27 errors:

1) Test\Encryption\UtilTest::testIsSystemWideMountPoint with data set #0 (false, 'non-matching mount point name', array(), array(), '/mp_another')
PHPUnit\Framework\MockObject\UnknownTypeException: Class or interface "OCA\Files_External\Lib\StorageConfig" does not exist

/server/tests/lib/Encryption/UtilTest.php:209

2) Test\Encryption\UtilTest::testIsSystemWideMountPoint with data set #1 (true, 'applicable to all', array(), array())
PHPUnit\Framework\MockObject\UnknownTypeException: Class or interface "OCA\Files_External\Lib\StorageConfig" does not exist

/server/tests/lib/Encryption/UtilTest.php:209

3) Test\Encryption\UtilTest::testIsSystemWideMountPoint with data set #2 (true, 'applicable to user directly', array('user1'), array())
PHPUnit\Framework\MockObject\UnknownTypeException: Class or interface "OCA\Files_External\Lib\StorageConfig" does not exist

/server/tests/lib/Encryption/UtilTest.php:209

4) Test\Encryption\UtilTest::testIsSystemWideMountPoint with data set #3 (true, 'applicable to group directly', array(), array('group1'))
PHPUnit\Framework\MockObject\UnknownTypeException: Class or interface "OCA\Files_External\Lib\StorageConfig" does not exist

/server/tests/lib/Encryption/UtilTest.php:209

5) Test\Encryption\UtilTest::testIsSystemWideMountPoint with data set #4 (false, 'non-applicable to current user', array('user2'), array())
PHPUnit\Framework\MockObject\UnknownTypeException: Class or interface "OCA\Files_External\Lib\StorageConfig" does not exist

/server/tests/lib/Encryption/UtilTest.php:209

6) Test\Encryption\UtilTest::testIsSystemWideMountPoint with data set #5 (false, 'non-applicable to current user's group', array(), array('group2'))
PHPUnit\Framework\MockObject\UnknownTypeException: Class or interface "OCA\Files_External\Lib\StorageConfig" does not exist

/server/tests/lib/Encryption/UtilTest.php:209

7) Test\Encryption\UtilTest::testIsSystemWideMountPoint with data set #6 (true, 'mount point without leading slash', array(), array(), 'mp')
PHPUnit\Framework\MockObject\UnknownTypeException: Class or interface "OCA\Files_External\Lib\StorageConfig" does not exist

/server/tests/lib/Encryption/UtilTest.php:209

8) Test\MemoryInfoTest::testMemoryLimit with data set "2G" ('2G', 2147483648.0)
TypeError: Argument 2 passed to Test\MemoryInfoTest::testMemoryLimit() must be of the type int, float given, called in /usr/share/php/PHPUnit/Framework/TestCase.php on line 1526

/server/tests/lib/MemoryInfoTest.php:77

9) OCA\DAV\Tests\unit\BackgroundJob\CleanupInvitationTokenJobTest::testRun
PHPUnit\Framework\MockObject\IncompatibleReturnValueException: Method lt may not return value of type Mock_IQueryFunction_1b54e06c, its return declaration is "string"

/server/apps/dav/tests/unit/BackgroundJob/CleanupInvitationTokenJobTest.php:85

10) OCA\DAV\Tests\Unit\DAV\Controller\InvitationResponseControllerTest::testAccept with data set "local attendee" (false)
PHPUnit\Framework\MockObject\IncompatibleReturnValueException: Method eq may not return value of type Mock_IQueryFunction_1b54e06c, its return declaration is "string"

/server/apps/dav/tests/unit/Controller/InvitationResponseControllerTest.php:485
/server/apps/dav/tests/unit/Controller/InvitationResponseControllerTest.php:102

11) OCA\DAV\Tests\Unit\DAV\Controller\InvitationResponseControllerTest::testAccept with data set "external attendee" (true)
PHPUnit\Framework\MockObject\IncompatibleReturnValueException: Method eq may not return value of type Mock_IQueryFunction_1b54e06c, its return declaration is "string"

/server/apps/dav/tests/unit/Controller/InvitationResponseControllerTest.php:485
/server/apps/dav/tests/unit/Controller/InvitationResponseControllerTest.php:102

12) OCA\DAV\Tests\Unit\DAV\Controller\InvitationResponseControllerTest::testAcceptSequence with data set "local attendee" (false)
PHPUnit\Framework\MockObject\IncompatibleReturnValueException: Method eq may not return value of type Mock_IQueryFunction_1b54e06c, its return declaration is "string"

/server/apps/dav/tests/unit/Controller/InvitationResponseControllerTest.php:485
/server/apps/dav/tests/unit/Controller/InvitationResponseControllerTest.php:166

13) OCA\DAV\Tests\Unit\DAV\Controller\InvitationResponseControllerTest::testAcceptSequence with data set "external attendee" (true)
PHPUnit\Framework\MockObject\IncompatibleReturnValueException: Method eq may not return value of type Mock_IQueryFunction_1b54e06c, its return declaration is "string"

/server/apps/dav/tests/unit/Controller/InvitationResponseControllerTest.php:485
/server/apps/dav/tests/unit/Controller/InvitationResponseControllerTest.php:166

14) OCA\DAV\Tests\Unit\DAV\Controller\InvitationResponseControllerTest::testAcceptRecurrenceId with data set "local attendee" (false)
PHPUnit\Framework\MockObject\IncompatibleReturnValueException: Method eq may not return value of type Mock_IQueryFunction_1b54e06c, its return declaration is "string"

/server/apps/dav/tests/unit/Controller/InvitationResponseControllerTest.php:485
/server/apps/dav/tests/unit/Controller/InvitationResponseControllerTest.php:230

15) OCA\DAV\Tests\Unit\DAV\Controller\InvitationResponseControllerTest::testAcceptRecurrenceId with data set "external attendee" (true)
PHPUnit\Framework\MockObject\IncompatibleReturnValueException: Method eq may not return value of type Mock_IQueryFunction_1b54e06c, its return declaration is "string"

/server/apps/dav/tests/unit/Controller/InvitationResponseControllerTest.php:485
/server/apps/dav/tests/unit/Controller/InvitationResponseControllerTest.php:230

16) OCA\DAV\Tests\Unit\DAV\Controller\InvitationResponseControllerTest::testAcceptTokenNotFound
PHPUnit\Framework\MockObject\IncompatibleReturnValueException: Method eq may not return value of type Mock_IQueryFunction_1b54e06c, its return declaration is "string"

/server/apps/dav/tests/unit/Controller/InvitationResponseControllerTest.php:485
/server/apps/dav/tests/unit/Controller/InvitationResponseControllerTest.php:283

17) OCA\DAV\Tests\Unit\DAV\Controller\InvitationResponseControllerTest::testAcceptExpiredToken
PHPUnit\Framework\MockObject\IncompatibleReturnValueException: Method eq may not return value of type Mock_IQueryFunction_1b54e06c, its return declaration is "string"

/server/apps/dav/tests/unit/Controller/InvitationResponseControllerTest.php:485
/server/apps/dav/tests/unit/Controller/InvitationResponseControllerTest.php:301

18) OCA\DAV\Tests\Unit\DAV\Controller\InvitationResponseControllerTest::testDecline with data set "local attendee" (false)
PHPUnit\Framework\MockObject\IncompatibleReturnValueException: Method eq may not return value of type Mock_IQueryFunction_1b54e06c, its return declaration is "string"

/server/apps/dav/tests/unit/Controller/InvitationResponseControllerTest.php:485
/server/apps/dav/tests/unit/Controller/InvitationResponseControllerTest.php:322

19) OCA\DAV\Tests\Unit\DAV\Controller\InvitationResponseControllerTest::testDecline with data set "external attendee" (true)
PHPUnit\Framework\MockObject\IncompatibleReturnValueException: Method eq may not return value of type Mock_IQueryFunction_1b54e06c, its return declaration is "string"

/server/apps/dav/tests/unit/Controller/InvitationResponseControllerTest.php:485
/server/apps/dav/tests/unit/Controller/InvitationResponseControllerTest.php:322

20) OCA\DAV\Tests\Unit\DAV\Controller\InvitationResponseControllerTest::testProcessMoreOptionsResult with data set "local attendee" (false)
PHPUnit\Framework\MockObject\IncompatibleReturnValueException: Method eq may not return value of type Mock_IQueryFunction_1b54e06c, its return declaration is "string"

/server/apps/dav/tests/unit/Controller/InvitationResponseControllerTest.php:485
/server/apps/dav/tests/unit/Controller/InvitationResponseControllerTest.php:406

21) OCA\DAV\Tests\Unit\DAV\Controller\InvitationResponseControllerTest::testProcessMoreOptionsResult with data set "external attendee" (true)
PHPUnit\Framework\MockObject\IncompatibleReturnValueException: Method eq may not return value of type Mock_IQueryFunction_1b54e06c, its return declaration is "string"

/server/apps/dav/tests/unit/Controller/InvitationResponseControllerTest.php:485
/server/apps/dav/tests/unit/Controller/InvitationResponseControllerTest.php:406

22) OCA\DAV\Tests\unit\CalDAV\CalendarImplTest::testHandleImipMessage
PHPUnit\Framework\MockObject\MethodCannotBeConfiguredException: Trying to configure method "getPlugin" which cannot be configured because it does not exist, has not been specified, is final, or is static

/server/apps/dav/tests/unit/CalDAV/CalendarImplTest.php:139

23) OCA\DAV\Tests\unit\CalDAV\CalendarImplTest::testHandleImipMessageNoCalendarUri
PHPUnit\Framework\MockObject\MethodCannotBeConfiguredException: Trying to configure method "getPlugin" which cannot be configured because it does not exist, has not been specified, is final, or is static

/server/apps/dav/tests/unit/CalDAV/CalendarImplTest.php:177

24) OCA\Files_Trashbin\Tests\BackgroundJob\ExpireTrashTest::testConstructAndRun
PHPUnit\Framework\MockObject\IncompatibleReturnValueException: Method getTime may not return value of type double, its return declaration is "int"

/server/apps/files_trashbin/tests/BackgroundJob/ExpireTrashTest.php:64

25) OCA\Files_Trashbin\Tests\BackgroundJob\ExpireTrashTest::testBackgroundJobDeactivated
PHPUnit\Framework\MockObject\IncompatibleReturnValueException: Method getTime may not return value of type double, its return declaration is "int"

/server/apps/files_trashbin/tests/BackgroundJob/ExpireTrashTest.php:64

26) OCA\Files_Versions\Tests\BackgroundJob\ExpireVersionsTest::testBackgroundJobDeactivated
PHPUnit\Framework\MockObject\IncompatibleReturnValueException: Method getTime may not return value of type double, its return declaration is "int"

/server/apps/files_versions/tests/BackgroundJob/ExpireVersionsTest.php:73

27) OCA\Provisioning_API\Tests\Controller\UsersControllerTest::testAddUserSuccessfulGenerateUserID
rand() expects parameter 2 to be int, float given

/server/apps/provisioning_api/tests/Controller/UsersControllerTest.php:500
/server/apps/provisioning_api/lib/Controller/UsersController.php:309
/server/apps/provisioning_api/lib/Controller/UsersController.php:348
/server/apps/provisioning_api/tests/Controller/UsersControllerTest.php:505

--

There were 174 warnings:

1) Test\AppFramework\Db\MapperTest::testFindQuery
The at() matcher has been deprecated. It will be removed in PHPUnit 10. Please refactor your test to not rely on the order in which methods are invoked.

2) Test\AppFramework\Db\MapperTest::testFindEntity
The at() matcher has been deprecated. It will be removed in PHPUnit 10. Please refactor your test to not rely on the order in which methods are invoked.

3) Test\AppFramework\Db\MapperTest::testFindNotFound
The at() matcher has been deprecated. It will be removed in PHPUnit 10. Please refactor your test to not rely on the order in which methods are invoked.

4) Test\AppFramework\Db\MapperTest::testFindEntityNotFound
The at() matcher has been deprecated. It will be removed in PHPUnit 10. Please refactor your test to not rely on the order in which methods are invoked.

5) Test\AppFramework\Db\MapperTest::testFindMultiple
The at() matcher has been deprecated. It will be removed in PHPUnit 10. Please refactor your test to not rely on the order in which methods are invoked.

6) Test\AppFramework\Db\MapperTest::testFindEntityMultiple
The at() matcher has been deprecated. It will be removed in PHPUnit 10. Please refactor your test to not rely on the order in which methods are invoked.

7) Test\AppFramework\Db\MapperTest::testDelete
The at() matcher has been deprecated. It will be removed in PHPUnit 10. Please refactor your test to not rely on the order in which methods are invoked.

8) Test\AppFramework\Db\MapperTest::testCreate
The at() matcher has been deprecated. It will be removed in PHPUnit 10. Please refactor your test to not rely on the order in which methods are invoked.

9) Test\AppFramework\Db\MapperTest::testCreateShouldReturnItemWithCorrectInsertId
The at() matcher has been deprecated. It will be removed in PHPUnit 10. Please refactor your test to not rely on the order in which methods are invoked.

10) Test\AppFramework\Db\MapperTest::testAssocParameters
The at() matcher has been deprecated. It will be removed in PHPUnit 10. Please refactor your test to not rely on the order in which methods are invoked.

11) Test\AppFramework\Db\MapperTest::testUpdate
The at() matcher has been deprecated. It will be removed in PHPUnit 10. Please refactor your test to not rely on the order in which methods are invoked.

12) Test\AppFramework\Db\MapperTest::testFindEntities
The at() matcher has been deprecated. It will be removed in PHPUnit 10. Please refactor your test to not rely on the order in which methods are invoked.

13) Test\AppFramework\Db\MapperTest::testFindEntitiesNotFound
The at() matcher has been deprecated. It will be removed in PHPUnit 10. Please refactor your test to not rely on the order in which methods are invoked.

14) Test\AppFramework\Db\MapperTest::testFindEntitiesMultiple
The at() matcher has been deprecated. It will be removed in PHPUnit 10. Please refactor your test to not rely on the order in which methods are invoked.

15) Test\Authentication\Token\PublicKeyTokenProviderTest::testInvalidateToken
The at() matcher has been deprecated. It will be removed in PHPUnit 10. Please refactor your test to not rely on the order in which methods are invoked.

16) Test\Authentication\Token\PublicKeyTokenProviderTest::testGetInvalidToken
The at() matcher has been deprecated. It will be removed in PHPUnit 10. Please refactor your test to not rely on the order in which methods are invoked.

17) Test\InstallerTest::testDownloadAppWithDowngrade
The at() matcher has been deprecated. It will be removed in PHPUnit 10. Please refactor your test to not rely on the order in which methods are invoked.

18) Tests\Core\Command\Config\AppsDisableTest::testCommandInput with data set #0 (array('admin_audit'), 0, 'admin_audit ([\d\.]*) disabled')
assertRegExp() is deprecated and will be removed in PHPUnit 10. Refactor your code to use assertMatchesRegularExpression() instead.

19) Tests\Core\Command\Config\AppsDisableTest::testCommandInput with data set #1 (array('comments'), 0, 'comments ([\d\.]*) disabled')
assertRegExp() is deprecated and will be removed in PHPUnit 10. Refactor your code to use assertMatchesRegularExpression() instead.

20) Tests\Core\Command\Config\AppsDisableTest::testCommandInput with data set #2 (array('invalid_app'), 0, 'No such app enabled: invalid_app')
assertRegExp() is deprecated and will be removed in PHPUnit 10. Refactor your code to use assertMatchesRegularExpression() instead.

21) Tests\Core\Command\Config\AppsDisableTest::testCommandInput with data set #3 (array('admin_audit', 'comments'), 0, 'admin_audit ([\d\.]*) disable...sabled')
assertRegExp() is deprecated and will be removed in PHPUnit 10. Refactor your code to use assertMatchesRegularExpression() instead.

22) Tests\Core\Command\Config\AppsDisableTest::testCommandInput with data set #4 (array('admin_audit', 'comments', 'invalid_app'), 0, 'admin_audit ([\d\.]*) disable...id_app')
assertRegExp() is deprecated and will be removed in PHPUnit 10. Refactor your code to use assertMatchesRegularExpression() instead.

23) Tests\Core\Command\Config\AppsDisableTest::testCommandInput with data set #5 (array('files'), 2, 'files can't be disabled')
assertRegExp() is deprecated and will be removed in PHPUnit 10. Refactor your code to use assertMatchesRegularExpression() instead.

24) Tests\Core\Command\Config\AppsDisableTest::testCommandInput with data set #6 (array('provisioning_api'), 2, 'provisioning_api can't be disabled')
assertRegExp() is deprecated and will be removed in PHPUnit 10. Refactor your code to use assertMatchesRegularExpression() instead.

25) Tests\Core\Command\Config\AppsDisableTest::testCommandInput with data set #7 (array('files', 'admin_audit'), 2, 'files can't be disabled.\nadm...sabled')
assertRegExp() is deprecated and will be removed in PHPUnit 10. Refactor your code to use assertMatchesRegularExpression() instead.

26) Tests\Core\Command\Config\AppsDisableTest::testCommandInput with data set #8 (array('provisioning_api', 'comments'), 2, 'provisioning_api can't be dis...sabled')
assertRegExp() is deprecated and will be removed in PHPUnit 10. Refactor your code to use assertMatchesRegularExpression() instead.

27) Tests\Core\Command\Config\AppsEnableTest::testCommandInput with data set #0 (array('admin_audit'), null, 0, 'admin_audit ([\d\.]*) enabled')
assertRegExp() is deprecated and will be removed in PHPUnit 10. Refactor your code to use assertMatchesRegularExpression() instead.

28) Tests\Core\Command\Config\AppsEnableTest::testCommandInput with data set #1 (array('comments'), null, 0, 'comments ([\d\.]*) enabled')
assertRegExp() is deprecated and will be removed in PHPUnit 10. Refactor your code to use assertMatchesRegularExpression() instead.

29) Tests\Core\Command\Config\AppsEnableTest::testCommandInput with data set #2 (array('comments', 'comments'), null, 0, 'comments ([\d\.]*) enabled\nc...nabled')
assertRegExp() is deprecated and will be removed in PHPUnit 10. Refactor your code to use assertMatchesRegularExpression() instead.

30) Tests\Core\Command\Config\AppsEnableTest::testCommandInput with data set #3 (array('invalid_app'), null, 1, 'Could not download app invalid_app')
assertRegExp() is deprecated and will be removed in PHPUnit 10. Refactor your code to use assertMatchesRegularExpression() instead.

31) Tests\Core\Command\Config\AppsEnableTest::testCommandInput with data set #4 (array('admin_audit', 'comments'), null, 0, 'admin_audit ([\d\.]*) enabled...nabled')
assertRegExp() is deprecated and will be removed in PHPUnit 10. Refactor your code to use assertMatchesRegularExpression() instead.

32) Tests\Core\Command\Config\AppsEnableTest::testCommandInput with data set #5 (array('admin_audit', 'comments', 'invalid_app'), null, 1, 'admin_audit ([\d\.]*) enabled...id_app')
assertRegExp() is deprecated and will be removed in PHPUnit 10. Refactor your code to use assertMatchesRegularExpression() instead.

33) Tests\Core\Command\Config\AppsEnableTest::testCommandInput with data set #6 (array('admin_audit'), array('admin'), 1, 'admin_audit can't be enabled ...groups')
assertRegExp() is deprecated and will be removed in PHPUnit 10. Refactor your code to use assertMatchesRegularExpression() instead.

34) Tests\Core\Command\Config\AppsEnableTest::testCommandInput with data set #7 (array('comments'), array('admin'), 1, 'comments can't be enabled for groups')
assertRegExp() is deprecated and will be removed in PHPUnit 10. Refactor your code to use assertMatchesRegularExpression() instead.

35) Tests\Core\Command\Config\AppsEnableTest::testCommandInput with data set #8 (array('updatenotification'), array('admin'), 0, 'updatenotification ([\d\.]*) ... admin')
assertRegExp() is deprecated and will be removed in PHPUnit 10. Refactor your code to use assertMatchesRegularExpression() instead.

36) Tests\Core\Command\Config\AppsEnableTest::testCommandInput with data set #9 (array('updatenotification', 'dashboard'), array('admin'), 0, 'updatenotification ([\d\.]*) ... admin')
assertRegExp() is deprecated and will be removed in PHPUnit 10. Refactor your code to use assertMatchesRegularExpression() instead.

37) Tests\Core\Command\Config\AppsEnableTest::testCommandInput with data set #10 (array('updatenotification'), array('admin', 'invalid_group'), 0, 'updatenotification ([\d\.]*) ... admin')
assertRegExp() is deprecated and will be removed in PHPUnit 10. Refactor your code to use assertMatchesRegularExpression() instead.

38) Tests\Core\Command\Config\AppsEnableTest::testCommandInput with data set #11 (array('updatenotification', 'dashboard'), array('admin', 'invalid_group'), 0, 'updatenotification ([\d\.]*) ... admin')
assertRegExp() is deprecated and will be removed in PHPUnit 10. Refactor your code to use assertMatchesRegularExpression() instead.

39) Tests\Core\Command\Config\AppsEnableTest::testCommandInput with data set #12 (array('updatenotification', 'dashboard', 'invalid_app'), array('admin', 'invalid_group'), 1, 'updatenotification ([\d\.]*) ...id_app')
assertRegExp() is deprecated and will be removed in PHPUnit 10. Refactor your code to use assertMatchesRegularExpression() instead.

40) Tests\Core\Command\Encryption\ChangeKeyStorageRootTest::testMoveAllKeys
The at() matcher has been deprecated. It will be removed in PHPUnit 10. Please refactor your test to not rely on the order in which methods are invoked.

41) Tests\Core\Command\Encryption\DecryptAllTest::testMaintenanceAndTrashbin
The at() matcher has been deprecated. It will be removed in PHPUnit 10. Please refactor your test to not rely on the order in which methods are invoked.

42) Tests\Core\Command\Encryption\DecryptAllTest::testExecute with data set #0 (true, true)
The at() matcher has been deprecated. It will be removed in PHPUnit 10. Please refactor your test to not rely on the order in which methods are invoked.

43) Tests\Core\Command\Encryption\DecryptAllTest::testExecute with data set #1 (true, false)
The at() matcher has been deprecated. It will be removed in PHPUnit 10. Please refactor your test to not rely on the order in which methods are invoked.

44) Tests\Core\Command\Encryption\DecryptAllTest::testExecuteFailure
The at() matcher has been deprecated. It will be removed in PHPUnit 10. Please refactor your test to not rely on the order in which methods are invoked.

45) Tests\Core\Command\Encryption\EnableTest::testEnable with data set #0 ('no', null, array(), true, 'Encryption enabled', 'No encryption module is loaded')
The at() matcher has been deprecated. It will be removed in PHPUnit 10. Please refactor your test to not rely on the order in which methods are invoked.

46) Tests\Core\Command\Encryption\EnableTest::testEnable with data set #1 ('yes', null, array(), false, 'Encryption is already enabled', 'No encryption module is loaded')
The at() matcher has been deprecated. It will be removed in PHPUnit 10. Please refactor your test to not rely on the order in which methods are invoked.

47) Tests\Core\Command\Encryption\EnableTest::testEnable with data set #2 ('no', null, array(array()), true, 'Encryption enabled', 'No default module is set')
The at() matcher has been deprecated. It will be removed in PHPUnit 10. Please refactor your test to not rely on the order in which methods are invoked.

48) Tests\Core\Command\Encryption\EnableTest::testEnable with data set #3 ('no', 'OC_NO_MODULE', array(array()), true, 'Encryption enabled', 'The current default module do...MODULE')
The at() matcher has been deprecated. It will be removed in PHPUnit 10. Please refactor your test to not rely on the order in which methods are invoked.

49) Tests\Core\Command\Encryption\EnableTest::testEnable with data set #4 ('no', 'OC_TEST_MODULE', array(array()), true, 'Encryption enabled', 'Default module: OC_TEST_MODULE')
The at() matcher has been deprecated. It will be removed in PHPUnit 10. Please refactor your test to not rely on the order in which methods are invoked.

50) Tests\Core\Command\Encryption\EncryptAllTest::testEncryptAll
The at() matcher has been deprecated. It will be removed in PHPUnit 10. Please refactor your test to not rely on the order in which methods are invoked.

51) Tests\Core\Command\Encryption\SetDefaultModuleTest::testMaintenanceMode with data set #0 ('ID0', 'ID0', null, null, 'already')
The at() matcher has been deprecated. It will be removed in PHPUnit 10. Please refactor your test to not rely on the order in which methods are invoked.

52) Tests\Core\Command\Encryption\SetDefaultModuleTest::testMaintenanceMode with data set #1 ('ID0', 'ID1', 'ID1', true, 'info')
The at() matcher has been deprecated. It will be removed in PHPUnit 10. Please refactor your test to not rely on the order in which methods are invoked.

53) Tests\Core\Command\Encryption\SetDefaultModuleTest::testMaintenanceMode with data set #2 ('ID0', 'ID1', 'ID1', false, 'error')
The at() matcher has been deprecated. It will be removed in PHPUnit 10. Please refactor your test to not rely on the order in which methods are invoked.

54) Tests\Core\Command\Log\FileTest::testGetConfiguration
The at() matcher has been deprecated. It will be removed in PHPUnit 10. Please refactor your test to not rely on the order in which methods are invoked.

55) Tests\Core\Command\Log\ManageTest::testGetConfiguration
The at() matcher has been deprecated. It will be removed in PHPUnit 10. Please refactor your test to not rely on the order in which methods are invoked.

56) Tests\Core\Command\Maintenance\Mimetype\UpdateDBTest::testNoop
The at() matcher has been deprecated. It will be removed in PHPUnit 10. Please refactor your test to not rely on the order in which methods are invoked.

57) Tests\Core\Command\Maintenance\Mimetype\UpdateDBTest::testAddMimetype
The at() matcher has been deprecated. It will be removed in PHPUnit 10. Please refactor your test to not rely on the order in which methods are invoked.

58) Tests\Core\Command\Maintenance\Mimetype\UpdateDBTest::testRepairFilecache
The at() matcher has been deprecated. It will be removed in PHPUnit 10. Please refactor your test to not rely on the order in which methods are invoked.

59) Tests\Core\Command\Preview\RepairTest::testEmptyExecute with data set #0 (array(), 'All previews are already migrated.')
The at() matcher has been deprecated. It will be removed in PHPUnit 10. Please refactor your test to not rely on the order in which methods are invoked.

60) Tests\Core\Command\Preview\RepairTest::testEmptyExecute with data set #1 (array(array('a'), array('b'), array('c')), 'All previews are already migrated.')
The at() matcher has been deprecated. It will be removed in PHPUnit 10. Please refactor your test to not rely on the order in which methods are invoked.

61) Tests\Core\Command\Preview\RepairTest::testEmptyExecute with data set #2 (array(array('0', array('folder', 'folder')), array('b'), array('c')), 'All previews are already migrated.')
The at() matcher has been deprecated. It will be removed in PHPUnit 10. Please refactor your test to not rely on the order in which methods are invoked.

62) Tests\Core\Command\Preview\RepairTest::testEmptyExecute with data set #3 (array(array('0', array('file', 'folder', 'folder')), array('b'), array('c')), 'A total of 1 preview files ne...rated.')
The at() matcher has been deprecated. It will be removed in PHPUnit 10. Please refactor your test to not rely on the order in which methods are invoked.

63) Tests\Core\Command\Preview\RepairTest::testEmptyExecute with data set #4 (array(array('23'), array('b'), array('c')), 'A total of 1 preview files ne...rated.')
The at() matcher has been deprecated. It will be removed in PHPUnit 10. Please refactor your test to not rely on the order in which methods are invoked.

64) Tests\Core\Controller\LoginControllerTest::testShowLoginFormWithErrorsInSession
The at() matcher has been deprecated. It will be removed in PHPUnit 10. Please refactor your test to not rely on the order in which methods are invoked.

65) Tests\Core\Controller\LoginControllerTest::testShowLoginFormForFlowAuth
The at() matcher has been deprecated. It will be removed in PHPUnit 10. Please refactor your test to not rely on the order in which methods are invoked.

66) Tests\Core\Controller\LoginControllerTest::testShowLoginFormWithPasswordResetOption with data set #0 (true, true)
The at() matcher has been deprecated. It will be removed in PHPUnit 10. Please refactor your test to not rely on the order in which methods are invoked.

67) Tests\Core\Controller\LoginControllerTest::testShowLoginFormWithPasswordResetOption with data set #1 (false, false)
The at() matcher has been deprecated. It will be removed in PHPUnit 10. Please refactor your test to not rely on the order in which methods are invoked.

68) Tests\Core\Controller\LoginControllerTest::testShowLoginFormForUserNamed0
The at() matcher has been deprecated. It will be removed in PHPUnit 10. Please refactor your test to not rely on the order in which methods are invoked.

69) Tests\Core\Controller\NavigationControllerTest::testGetAppNavigation with data set #1 (true)
The at() matcher has been deprecated. It will be removed in PHPUnit 10. Please refactor your test to not rely on the order in which methods are invoked.

70) Tests\Core\Controller\NavigationControllerTest::testGetSettingsNavigation with data set #1 (true)
The at() matcher has been deprecated. It will be removed in PHPUnit 10. Please refactor your test to not rely on the order in which methods are invoked.

71) Test\Core\Controller\TwoFactorChallengeControllerTest::testSolveChallengeTwoFactorException
The at() matcher has been deprecated. It will be removed in PHPUnit 10. Please refactor your test to not rely on the order in which methods are invoked.

72) Tests\Core\Data\LoginFlowV2ServiceUnitTest::testFlowDone
assertRegExp() is deprecated and will be removed in PHPUnit 10. Refactor your code to use assertMatchesRegularExpression() instead.

73) OCA\DAV\Tests\unit\Upload\ChunkingPluginTest::testBeforeMoveDestinationIsDirectory
The at() matcher has been deprecated. It will be removed in PHPUnit 10. Please refactor your test to not rely on the order in which methods are invoked.

74) OCA\DAV\Tests\unit\Upload\ChunkingPluginTest::testBeforeMoveFutureFileSkipNonExisting
The at() matcher has been deprecated. It will be removed in PHPUnit 10. Please refactor your test to not rely on the order in which methods are invoked.

75) OCA\DAV\Tests\unit\Upload\ChunkingPluginTest::testBeforeMoveFutureFileMoveIt
The at() matcher has been deprecated. It will be removed in PHPUnit 10. Please refactor your test to not rely on the order in which methods are invoked.

76) OCA\DAV\Tests\unit\Upload\ChunkingPluginTest::testBeforeMoveSizeIsWrong
The at() matcher has been deprecated. It will be removed in PHPUnit 10. Please refactor your test to not rely on the order in which methods are invoked.

77) OCA\DAV\Tests\unit\BackgroundJob\RegisterRegenerateBirthdayCalendarsTest::testRun
The at() matcher has been deprecated. It will be removed in PHPUnit 10. Please refactor your test to not rely on the order in which methods are invoked.

78) OCA\DAV\Tests\unit\BackgroundJob\EventReminderJobTest::testRun with data set #0 (true, true, true)
The at() matcher has been deprecated. It will be removed in PHPUnit 10. Please refactor your test to not rely on the order in which methods are invoked.

79) OCA\DAV\Tests\unit\BackgroundJob\EventReminderJobTest::testRun with data set #1 (true, false, false)
The at() matcher has been deprecated. It will be removed in PHPUnit 10. Please refactor your test to not rely on the order in which methods are invoked.

80) OCA\DAV\Tests\unit\BackgroundJob\EventReminderJobTest::testRun with data set #2 (false, true, false)
The at() matcher has been deprecated. It will be removed in PHPUnit 10. Please refactor your test to not rely on the order in which methods are invoked.

81) OCA\DAV\Tests\unit\BackgroundJob\EventReminderJobTest::testRun with data set #3 (false, false, false)
The at() matcher has been deprecated. It will be removed in PHPUnit 10. Please refactor your test to not rely on the order in which methods are invoked.

82) OCA\DAV\Tests\unit\Connector\Sabre\FakeLockerPluginTest::testInitialize
The at() matcher has been deprecated. It will be removed in PHPUnit 10. Please refactor your test to not rely on the order in which methods are invoked.

83) OCA\DAV\Tests\unit\Connector\Sabre\FakeLockerPluginTest::testPropFind
The at() matcher has been deprecated. It will be removed in PHPUnit 10. Please refactor your test to not rely on the order in which methods are invoked.

84) OCA\DAV\Tests\unit\Connector\Sabre\FilesReportPluginTest::testOnReport
The at() matcher has been deprecated. It will be removed in PHPUnit 10. Please refactor your test to not rely on the order in which methods are invoked.

85) OCA\DAV\Tests\unit\Connector\Sabre\FilesReportPluginTest::testFindNodesByFileIdsRoot
The at() matcher has been deprecated. It will be removed in PHPUnit 10. Please refactor your test to not rely on the order in which methods are invoked.

86) OCA\DAV\Tests\unit\Connector\Sabre\FilesReportPluginTest::testFindNodesByFileIdsSubDir
The at() matcher has been deprecated. It will be removed in PHPUnit 10. Please refactor your test to not rely on the order in which methods are invoked.

87) OCA\DAV\Tests\unit\Connector\Sabre\FilesReportPluginTest::testProcessFilterRulesInvisibleTagAsAdmin
The at() matcher has been deprecated. It will be removed in PHPUnit 10. Please refactor your test to not rely on the order in which methods are invoked.

88) OCA\DAV\Tests\unit\Connector\Sabre\FilesReportPluginTest::testProcessFilterRulesVisibleTagAsUser
The at() matcher has been deprecated. It will be removed in PHPUnit 10. Please refactor your test to not rely on the order in which methods are invoked.

89) OCA\DAV\Tests\unit\Connector\Sabre\AuthTest::testAuthenticateValidCredentials
The at() matcher has been deprecated. It will be removed in PHPUnit 10. Please refactor your test to not rely on the order in which methods are invoked.

90) OCA\DAV\Tests\unit\Connector\Sabre\AuthTest::testAuthenticateInvalidCredentials
The at() matcher has been deprecated. It will be removed in PHPUnit 10. Please refactor your test to not rely on the order in which methods are invoked.

91) OCA\DAV\Tests\unit\Connector\Sabre\PrincipalTest::testSetGroupMembershipProxy
The at() matcher has been deprecated. It will be removed in PHPUnit 10. Please refactor your test to not rely on the order in which methods are invoked.

92) OCA\DAV\Tests\unit\Connector\Sabre\PrincipalTest::testSearchPrincipals with data set #0 (true, false, 'allof', array('principals/users/user3'))
The at() matcher has been deprecated. It will be removed in PHPUnit 10. Please refactor your test to not rely on the order in which methods are invoked.

93) OCA\DAV\Tests\unit\Connector\Sabre\PrincipalTest::testSearchPrincipals with data set #1 (true, false, 'anyof', array('principals/users/user2', 'principals/users/user3', 'principals/users/user4'))
The at() matcher has been deprecated. It will be removed in PHPUnit 10. Please refactor your test to not rely on the order in which methods are invoked.

94) OCA\DAV\Tests\unit\Connector\Sabre\PrincipalTest::testSearchPrincipals with data set #2 (true, true, 'allof', array())
The at() matcher has been deprecated. It will be removed in PHPUnit 10. Please refactor your test to not rely on the order in which methods are invoked.

95) OCA\DAV\Tests\unit\Connector\Sabre\PrincipalTest::testSearchPrincipals with data set #3 (true, true, 'anyof', array('principals/users/user2', 'principals/users/user4'))
The at() matcher has been deprecated. It will be removed in PHPUnit 10. Please refactor your test to not rely on the order in which methods are invoked.

96) OCA\DAV\Tests\unit\Connector\Sabre\PrincipalTest::testSearchPrincipalByCalendarUserAddressSet
The at() matcher has been deprecated. It will be removed in PHPUnit 10. Please refactor your test to not rely on the order in which methods are invoked.

97) OCA\DAV\Tests\unit\Connector\Sabre\PrincipalTest::testSearchPrincipalWithEnumerationDisabledDisplayname
The at() matcher has been deprecated. It will be removed in PHPUnit 10. Please refactor your test to not rely on the order in which methods are invoked.

98) OCA\DAV\Tests\unit\Connector\Sabre\PrincipalTest::testSearchPrincipalWithEnumerationLimitedDisplayname
The at() matcher has been deprecated. It will be removed in PHPUnit 10. Please refactor your test to not rely on the order in which methods are invoked.

99) OCA\DAV\Tests\unit\Connector\Sabre\PrincipalTest::testSearchPrincipalWithEnumerationLimitedMail
The at() matcher has been deprecated. It will be removed in PHPUnit 10. Please refactor your test to not rely on the order in which methods are invoked.

100) OCA\DAV\Tests\unit\Connector\Sabre\PrincipalTest::testFindByUriWithGroupRestriction with data set #0 ('mailto:user2@foo.bar', 'user2@foo.bar', 'principals/users/user2')
The at() matcher has been deprecated. It will be removed in PHPUnit 10. Please refactor your test to not rely on the order in which methods are invoked.

101) OCA\DAV\Tests\unit\Connector\Sabre\PrincipalTest::testFindByUriWithGroupRestriction with data set #1 ('mailto:user3@foo.bar', 'user3@foo.bar', null)
The at() matcher has been deprecated. It will be removed in PHPUnit 10. Please refactor your test to not rely on the order in which methods are invoked.

102) OCA\DAV\Tests\unit\Connector\Sabre\BearerAuthTest::testValidateBearerToken
The at() matcher has been deprecated. It will be removed in PHPUnit 10. Please refactor your test to not rely on the order in which methods are invoked.

103) OCA\DAV\Tests\unit\Connector\Sabre\TagsPluginTest::testUpdateTags
The at() matcher has been deprecated. It will be removed in PHPUnit 10. Please refactor your test to not rely on the order in which methods are invoked.

104) OCA\DAV\Tests\unit\Connector\Sabre\TagsPluginTest::testUpdateTagsFromScratch
The at() matcher has been deprecated. It will be removed in PHPUnit 10. Please refactor your test to not rely on the order in which methods are invoked.

105) OCA\DAV\Tests\Command\MoveCalendarTest::testWithBadUserOrigin with data set #0 (false, true)
The at() matcher has been deprecated. It will be removed in PHPUnit 10. Please refactor your test to not rely on the order in which methods are invoked.

106) OCA\DAV\Tests\Command\MoveCalendarTest::testWithBadUserOrigin with data set #1 (true, false)
The at() matcher has been deprecated. It will be removed in PHPUnit 10. Please refactor your test to not rely on the order in which methods are invoked.

107) OCA\DAV\Tests\Command\MoveCalendarTest::testMoveWithInexistantCalendar
The at() matcher has been deprecated. It will be removed in PHPUnit 10. Please refactor your test to not rely on the order in which methods are invoked.

108) OCA\DAV\Tests\Command\MoveCalendarTest::testMoveWithExistingDestinationCalendar
The at() matcher has been deprecated. It will be removed in PHPUnit 10. Please refactor your test to not rely on the order in which methods are invoked.

109) OCA\DAV\Tests\Command\MoveCalendarTest::testMove
The at() matcher has been deprecated. It will be removed in PHPUnit 10. Please refactor your test to not rely on the order in which methods are invoked.

110) OCA\DAV\Tests\Command\MoveCalendarTest::testMoveWithDestinationNotPartOfGroup with data set #0 (true)
The at() matcher has been deprecated. It will be removed in PHPUnit 10. Please refactor your test to not rely on the order in which methods are invoked.

111) OCA\DAV\Tests\Command\MoveCalendarTest::testMoveWithDestinationNotPartOfGroup with data set #1 (false)
The at() matcher has been deprecated. It will be removed in PHPUnit 10. Please refactor your test to not rely on the order in which methods are invoked.

112) OCA\DAV\Tests\Command\MoveCalendarTest::testMoveWithDestinationPartOfGroup
The at() matcher has been deprecated. It will be removed in PHPUnit 10. Please refactor your test to not rely on the order in which methods are invoked.

113) OCA\DAV\Tests\Command\MoveCalendarTest::testMoveWithDestinationNotPartOfGroupAndForce
The at() matcher has been deprecated. It will be removed in PHPUnit 10. Please refactor your test to not rely on the order in which methods are invoked.

114) OCA\DAV\Tests\Command\MoveCalendarTest::testMoveWithCalendarAlreadySharedToDestination with data set #0 (true)
The at() matcher has been deprecated. It will be removed in PHPUnit 10. Please refactor your test to not rely on the order in which methods are invoked.

115) OCA\DAV\Tests\Command\MoveCalendarTest::testMoveWithCalendarAlreadySharedToDestination with data set #1 (false)
The at() matcher has been deprecated. It will be removed in PHPUnit 10. Please refactor your test to not rely on the order in which methods are invoked.

116) OCA\DAV\Tests\unit\DAV\Migration\RemoveDeletedUsersCalendarSubscriptionsTest::testRun with data set #0 (array(), array(), 0)
The at() matcher has been deprecated. It will be removed in PHPUnit 10. Please refactor your test to not rely on the order in which methods are invoked.

117) OCA\DAV\Tests\unit\DAV\Migration\RemoveDeletedUsersCalendarSubscriptionsTest::testRun with data set #1 (array(array(1, 'users/principals/foo1'), array(2, 'users/principals/bar1'), array(3, 'users/principals/bar1')), array(true, false), 2)
The at() matcher has been deprecated. It will be removed in PHPUnit 10. Please refactor your test to not rely on the order in which methods are invoked.

118) OCA\DAV\Tests\unit\DAV\Migration\RefreshWebcalJobRegistrarTest::testRun
The at() matcher has been deprecated. It will be removed in PHPUnit 10. Please refactor your test to not rely on the order in which methods are invoked.

119) OCA\DAV\Tests\unit\Search\EventsSearchProviderTest::testGetDeepLinkToCalendarApp
The at() matcher has been deprecated. It will be removed in PHPUnit 10. Please refactor your test to not rely on the order in which methods are invoked.

120) OCA\DAV\Tests\DAV\CustomPropertiesBackendTest::testPropFindNoDbCalls
The at() matcher has been deprecated. It will be removed in PHPUnit 10. Please refactor your test to not rely on the order in which methods are invoked.

121) OCA\DAV\Tests\unit\DAV\GroupPrincipalTest::testFindByUri with data set #8 (true, true, true, 'principal:principals/groups/group1', 'principals/groups/group1')
The at() matcher has been deprecated. It will be removed in PHPUnit 10. Please refactor your test to not rely on the order in which methods are invoked.

122) OCA\DAV\Tests\unit\DAV\GroupPrincipalTest::testFindByUri with data set #9 (true, true, true, 'principal:principals/groups/group3', null)
The at() matcher has been deprecated. It will be removed in PHPUnit 10. Please refactor your test to not rely on the order in which methods are invoked.

123) OCA\DAV\Tests\unit\Provisioning\Apple\AppleProvisioningNodeTest::testGetProperties
The at() matcher has been deprecated. It will be removed in PHPUnit 10. Please refactor your test to not rely on the order in which methods are invoked.

124) OCA\DAV\Tests\unit\Provisioning\Apple\AppleProvisioningPluginTest::testInitialize
The at() matcher has been deprecated. It will be removed in PHPUnit 10. Please refactor your test to not rely on the order in which methods are invoked.

125) OCA\DAV\Tests\unit\Provisioning\Apple\AppleProvisioningPluginTest::testHttpGetOnHttp
The at() matcher has been deprecated. It will be removed in PHPUnit 10. Please refactor your test to not rely on the order in which methods are invoked.

126) OCA\DAV\Tests\unit\Provisioning\Apple\AppleProvisioningPluginTest::testHttpGetOnHttps
The at() matcher has been deprecated. It will be removed in PHPUnit 10. Please refactor your test to not rely on the order in which methods are invoked.

127) OCA\DAV\Tests\unit\CalDAV\ResourceBooking\ResourcePrincipalBackendTest::testSetGroupMemberSet
The at() matcher has been deprecated. It will be removed in PHPUnit 10. Please refactor your test to not rely on the order in which methods are invoked.

128) OCA\DAV\Tests\unit\CalDAV\ResourceBooking\RoomPrincipalBackendTest::testSetGroupMemberSet
The at() matcher has been deprecated. It will be removed in PHPUnit 10. Please refactor your test to not rely on the order in which methods are invoked.

129) OCA\DAV\Tests\unit\CalDAV\CalendarManagerTest::testSetupCalendarProvider
The at() matcher has been deprecated. It will be removed in PHPUnit 10. Please refactor your test to not rely on the order in which methods are invoked.

130) OCA\DAV\Tests\unit\CalDAV\Schedule\IMipPluginTest::testDelivery
The at() matcher has been deprecated. It will be removed in PHPUnit 10. Please refactor your test to not rely on the order in which methods are invoked.

131) OCA\DAV\Tests\unit\CalDAV\Schedule\IMipPluginTest::testFailedDelivery
The at() matcher has been deprecated. It will be removed in PHPUnit 10. Please refactor your test to not rely on the order in which methods are invoked.

132) OCA\DAV\Tests\unit\CalDAV\Schedule\IMipPluginTest::testDeliveryWithNoCommonName
The at() matcher has been deprecated. It will be removed in PHPUnit 10. Please refactor your test to not rely on the order in which methods are invoked.

133) OCA\DAV\Tests\unit\CalDAV\Schedule\IMipPluginTest::testNoMessageSendForPastEvents with data set #2 (array(DateTime Object (...), DateTime Object (...)), true)
The at() matcher has been deprecated. It will be removed in PHPUnit 10. Please refactor your test to not rely on the order in which methods are invoked.

134) OCA\DAV\Tests\unit\CalDAV\Schedule\IMipPluginTest::testNoMessageSendForPastEvents with data set #4 (array(DateTime Object (...), 'P52W'), true)
The at() matcher has been deprecated. It will be removed in PHPUnit 10. Please refactor your test to not rely on the order in which methods are invoked.

135) OCA\DAV\Tests\unit\CalDAV\Schedule\IMipPluginTest::testNoMessageSendForPastEvents with data set #5 (array(DateTime Object (...), DateTime Object (...), 'FREQ=WEEKLY'), true)
The at() matcher has been deprecated. It will be removed in PHPUnit 10. Please refactor your test to not rely on the order in which methods are invoked.

136) OCA\DAV\Tests\unit\CalDAV\Schedule\IMipPluginTest::testNoMessageSendForPastEvents with data set #8 (array(DateTime Object (...), DateTime Object (...), 'FREQ=WEEKLY;COUNT=33'), true)
The at() matcher has been deprecated. It will be removed in PHPUnit 10. Please refactor your test to not rely on the order in which methods are invoked.

137) OCA\DAV\Tests\unit\CalDAV\Schedule\IMipPluginTest::testNoMessageSendForPastEvents with data set #9 (array(DateTime Object (...), DateTime Object (...), 'FREQ=WEEKLY;UNTIL=20171001T000000Z'), true)
The at() matcher has been deprecated. It will be removed in PHPUnit 10. Please refactor your test to not rely on the order in which methods are invoked.

138) OCA\DAV\Tests\unit\CalDAV\Schedule\IMipPluginTest::testIncludeResponseButtons with data set #0 ('yes', 'joe@internal.com', true)
The at() matcher has been deprecated. It will be removed in PHPUnit 10. Please refactor your test to not rely on the order in which methods are invoked.

139) OCA\DAV\Tests\unit\CalDAV\Schedule\IMipPluginTest::testIncludeResponseButtons with data set #1 ('joe@internal.com', 'joe@internal.com', true)
The at() matcher has been deprecated. It will be removed in PHPUnit 10. Please refactor your test to not rely on the order in which methods are invoked.

140) OCA\DAV\Tests\unit\CalDAV\Schedule\IMipPluginTest::testIncludeResponseButtons with data set #2 ('internal.com', 'joe@internal.com', true)
The at() matcher has been deprecated. It will be removed in PHPUnit 10. Please refactor your test to not rely on the order in which methods are invoked.

141) OCA\DAV\Tests\unit\CalDAV\Schedule\IMipPluginTest::testIncludeResponseButtons with data set #3 ('pete@otherinternal.com,internal.com', 'joe@internal.com', true)
The at() matcher has been deprecated. It will be removed in PHPUnit 10. Please refactor your test to not rely on the order in which methods are invoked.

142) OCA\DAV\Tests\unit\CalDAV\Schedule\IMipPluginTest::testIncludeResponseButtons with data set #4 ('no', 'joe@internal.com', false)
The at() matcher has been deprecated. It will be removed in PHPUnit 10. Please refactor your test to not rely on the order in which methods are invoked.

143) OCA\DAV\Tests\unit\CalDAV\Schedule\IMipPluginTest::testIncludeResponseButtons with data set #5 ('internal.com', 'joe@external.com', false)
The at() matcher has been deprecated. It will be removed in PHPUnit 10. Please refactor your test to not rely on the order in which methods are invoked.

144) OCA\DAV\Tests\unit\CalDAV\Schedule\IMipPluginTest::testIncludeResponseButtons with data set #6 ('jane@otherinternal.com,internal.com', 'joe@otherinternal.com', false)
The at() matcher has been deprecated. It will be removed in PHPUnit 10. Please refactor your test to not rely on the order in which methods are invoked.

145) OCA\DAV\Tests\unit\CalDAV\Schedule\IMipPluginTest::testMessageSendWhenEventWithoutName
The at() matcher has been deprecated. It will be removed in PHPUnit 10. Please refactor your test to not rely on the order in which methods are invoked.

146) OCA\DAV\Tests\unit\CalDAV\Search\SearchPluginTest::testInitialize
The at() matcher has been deprecated. It will be removed in PHPUnit 10. Please refactor your test to not rely on the order in which methods are invoked.

147) OCA\DAV\Tests\unit\CalDAV\Search\SearchPluginTest::testReport
The at() matcher has been deprecated. It will be removed in PHPUnit 10. Please refactor your test to not rely on the order in which methods are invoked.

148) OCA\DAV\Tests\unit\CalDAV\WebcalCaching\PluginTest::testDisabled
The at() matcher has been deprecated. It will be removed in PHPUnit 10. Please refactor your test to not rely on the order in which methods are invoked.

149) OCA\DAV\Tests\unit\CalDAV\WebcalCaching\PluginTest::testEnabled
The at() matcher has been deprecated. It will be removed in PHPUnit 10. Please refactor your test to not rely on the order in which methods are invoked.

150) OCA\DAV\Tests\unit\CalDAV\Reminder\NotificationProvider\EmailProviderTest::testSendWithoutAttendees
The at() matcher has been deprecated. It will be removed in PHPUnit 10. Please refactor your test to not rely on the order in which methods are invoked.

151) OCA\DAV\Tests\unit\CalDAV\Reminder\NotificationProvider\EmailProviderTest::testSendWithAttendeesWhenOwnerIsOrganizer
The at() matcher has been deprecated. It will be removed in PHPUnit 10. Please refactor your test to not rely on the order in which methods are invoked.

152) OCA\DAV\Tests\unit\CalDAV\Reminder\NotificationProvider\EmailProviderTest::testSendWithAttendeesWhenOwnerIsAttendee
The at() matcher has been deprecated. It will be removed in PHPUnit 10. Please refactor your test to not rely on the order in which methods are invoked.

153) OCA\DAV\Tests\unit\CalDAV\Reminder\NotificationProvider\PushProviderTest::testSend
The at() matcher has been deprecated. It will be removed in PHPUnit 10. Please refactor your test to not rely on the order in which methods are invoked.

154) OCA\DAV\Tests\unit\CalDAV\Reminder\NotificationProvider\AudioProviderTest::testSend
The at() matcher has been deprecated. It will be removed in PHPUnit 10. Please refactor your test to not rely on the order in which methods are invoked.

155) OCA\DAV\Tests\unit\CalDAV\Reminder\ReminderServiceTest::testProcessReminders
The at() matcher has been deprecated. It will be removed in PHPUnit 10. Please refactor your test to not rely on the order in which methods are invoked.

156) OCA\DAV\Tests\unit\CalDAV\CalendarHomeTest::testGetChildren
The at() matcher has been deprecated. It will be removed in PHPUnit 10. Please refactor your test to not rely on the order in which methods are invoked.

157) OCA\DAV\Tests\unit\CalDAV\CalendarHomeTest::testGetChildNonAppGenerated
The at() matcher has been deprecated. It will be removed in PHPUnit 10. Please refactor your test to not rely on the order in which methods are invoked.

158) OCA\DAV\Tests\unit\CalDAV\CalendarHomeTest::testGetChildAppGenerated
The at() matcher has been deprecated. It will be removed in PHPUnit 10. Please refactor your test to not rely on the order in which methods are invoked.

159) OCA\DAV\Tests\unit\CalDAV\CachedSubscriptionTest::testGetChild
The at() matcher has been deprecated. It will be removed in PHPUnit 10. Please refactor your test to not rely on the order in which methods are invoked.

160) OCA\DAV\Tests\unit\CalDAV\CachedSubscriptionTest::testGetChildren
The at() matcher has been deprecated. It will be removed in PHPUnit 10. Please refactor your test to not rely on the order in which methods are invoked.

161) OCA\DAV\Tests\unit\CalDAV\CachedSubscriptionTest::testGetMultipleChildren
The at() matcher has been deprecated. It will be removed in PHPUnit 10. Please refactor your test to not rely on the order in which methods are invoked.

162) OCA\DAV\Tests\unit\CalDAV\CachedSubscriptionTest::testChildExists
The at() matcher has been deprecated. It will be removed in PHPUnit 10. Please refactor your test to not rely on the order in which methods are invoked.

163) OCA\DAV\Tests\unit\CardDAV\ImageExportPluginTest::testCard with data set #0 (null, false)
The at() matcher has been deprecated. It will be removed in PHPUnit 10. Please refactor your test to not rely on the order in which methods are invoked.

164) OCA\DAV\Tests\unit\CardDAV\ImageExportPluginTest::testCard with data set #1 (null, true)
The at() matcher has been deprecated. It will be removed in PHPUnit 10. Please refactor your test to not rely on the order in which methods are invoked.

165) OCA\DAV\Tests\unit\CardDAV\ImageExportPluginTest::testCard with data set #2 (32, false)
The at() matcher has been deprecated. It will be removed in PHPUnit 10. Please refactor your test to not rely on the order in which methods are invoked.

166) OCA\DAV\Tests\unit\CardDAV\ImageExportPluginTest::testCard with data set #3 (32, true)
The at() matcher has been deprecated. It will be removed in PHPUnit 10. Please refactor your test to not rely on the order in which methods are invoked.

167) OCA\DAV\Tests\unit\CardDAV\CardDavBackendTest::testCardOperations
The at() matcher has been deprecated. It will be removed in PHPUnit 10. Please refactor your test to not rely on the order in which methods are invoked.

168) OCA\DAV\Tests\unit\CardDAV\BirthdayServiceTest::testOnCardDeleted
The at() matcher has been deprecated. It will be removed in PHPUnit 10. Please refactor your test to not rely on the order in which methods are invoked.

169) OCA\DAV\Tests\unit\CardDAV\BirthdayServiceTest::testResetForUser
The at() matcher has been deprecated. It will be removed in PHPUnit 10. Please refactor your test to not rely on the order in which methods are invoked.

170) OCA\DAV\Tests\unit\CardDAV\SyncServiceTest::testEnsureSystemAddressBookExists
The at() matcher has been deprecated. It will be removed in PHPUnit 10. Please refactor your test to not rely on the order in which methods are invoked.

171) OCA\DAV\Tests\unit\CardDAV\AddressBookImplTest::testCreateUid
The at() matcher has been deprecated. It will be removed in PHPUnit 10. Please refactor your test to not rely on the order in which methods are invoked.

172) OCA\Files_Sharing\Tests\External\ManagerTest::testAddUserShare
The at() matcher has been deprecated. It will be removed in PHPUnit 10. Please refactor your test to not rely on the order in which methods are invoked.

173) OCA\Theming\Tests\ThemingDefaultsTest::testGetColorPrimaryWithDefault
The at() matcher has been deprecated. It will be removed in PHPUnit 10. Please refactor your test to not rely on the order in which methods are invoked.

174) OCA\Theming\Tests\ThemingDefaultsTest::testGetColorPrimaryWithCustom
The at() matcher has been deprecated. It will be removed in PHPUnit 10. Please refactor your test to not rely on the order in which methods are invoked.

--

There were 16 failures:

1) Test\Preview\MP3Test::testGetThumbnail with data set #0 (-63, -62)
Failed asserting that null is not equal to false.

/server/tests/lib/Preview/Provider.php:148
/server/tests/lib/Preview/Provider.php:105

2) Test\Preview\MP3Test::testGetThumbnail with data set #1 (67, 50)
Failed asserting that null is not equal to false.

/server/tests/lib/Preview/Provider.php:148
/server/tests/lib/Preview/Provider.php:105

3) Test\Preview\MP3Test::testGetThumbnail with data set #2 (-27, 53)
Failed asserting that null is not equal to false.

/server/tests/lib/Preview/Provider.php:148
/server/tests/lib/Preview/Provider.php:105

4) Test\Preview\MP3Test::testGetThumbnail with data set #3 (89, -56)
Failed asserting that null is not equal to false.

/server/tests/lib/Preview/Provider.php:148
/server/tests/lib/Preview/Provider.php:105

5) Test\Route\RouterTest::testGenerateConsecutively
Failed asserting that two strings are equal.
--- Expected
+++ Actual
@@ @@
-'/index.php/apps/files/'
+''

/server/tests/lib/Route/RouterTest.php:41

6) Test\User\UserTest::testSetQuota
Expectation failed for method name is "setUserValue" when invoked 1 time(s)
Parameter 3 for invocation OCP\IConfig::setUserValue('foo', 'files', 'quota', '0 B', null) does not match expected value.
Failed asserting that two strings are equal.
--- Expected
+++ Actual
@@ @@
-'23 TB'
+'0 B'

/server/lib/private/User/User.php:526
/server/tests/lib/User/UserTest.php:744

7) Test\User\UserTest::testSetQuotaAddressNoChange
OCP\IConfig::setUserValue('foo', 'files', 'quota', '0 B', null) was not expected to be called.

/server/lib/private/User/User.php:526
/server/tests/lib/User/UserTest.php:831

8) HelperTest::testSortByName with data set #4 ('mtime', false, array('o.txt', 'subdir', 'subdir2', 'q.txt', 'b.txt', 'a.txt'))
Failed asserting that two arrays are equal.
--- Expected
+++ Actual
@@ @@
 Array (
-    0 => 'o.txt'
-    1 => 'subdir'
-    2 => 'subdir2'
-    3 => 'q.txt'
-    4 => 'b.txt'
-    5 => 'a.txt'
+    0 => 'a.txt'
+    1 => 'o.txt'
+    2 => 'subdir'
+    3 => 'subdir2'
+    4 => 'q.txt'
+    5 => 'b.txt'
 )

/server/apps/files/tests/HelperTest.php:104

9) HelperTest::testSortByName with data set #5 ('mtime', true, array('a.txt', 'b.txt', 'q.txt', 'subdir2', 'subdir', 'o.txt'))
Failed asserting that two arrays are equal.
--- Expected
+++ Actual
@@ @@
 Array (
-    0 => 'a.txt'
-    1 => 'b.txt'
-    2 => 'q.txt'
-    3 => 'subdir2'
-    4 => 'subdir'
-    5 => 'o.txt'
+    0 => 'b.txt'
+    1 => 'q.txt'
+    2 => 'subdir2'
+    3 => 'subdir'
+    4 => 'o.txt'
+    5 => 'a.txt'
 )

/server/apps/files/tests/HelperTest.php:104

10) OCA\DAV\Tests\unit\CalDAV\CalDavBackendTest::testCalendarQuery with data set "end" (array(0), array(), array(array('VEVENT', false, array(), array(null, DateTime Object (...)), array())))
Failed asserting that two arrays are equal.
--- Expected
+++ Actual
@@ @@
 Array (
     0 => 'eventlPkiNY6saA3iE'
+    1 => 'eventvXA1jsQpprBQC'
 )

/server/apps/dav/tests/unit/CalDAV/CalDavBackendTest.php:437

11) OCA\DAV\Tests\unit\CalDAV\CalDavBackendTest::testCalendarQuery with data set "future" (array(3), array(), array(array('VEVENT', false, array(), array(DateTime Object (...), null), array())))
Failed asserting that two arrays are equal.
--- Expected
+++ Actual
@@ @@
 Array (
-    0 => 'eventLcfANYvgbJxs6'
 )

/server/apps/dav/tests/unit/CalDAV/CalDavBackendTest.php:437

12) OCA\Files_Sharing\Tests\ApiTest::testCreateShareLink
Failed asserting that two strings are equal.
--- Expected
+++ Actual
@@ @@
-'http://localhost/index.php/s/7TCiZgGfsPpPfj6'
+'http://localhost/'

/server/apps/files_sharing/tests/ApiTest.php:222

13) OCA\Files_Sharing\Tests\ApiTest::testCreateShareLinkPublicUpload
Failed asserting that two strings are equal.
--- Expected
+++ Actual
@@ @@
-'http://localhost/index.php/s/QfJLQKoPiAH3aL9'
+'http://localhost/'

/server/apps/files_sharing/tests/ApiTest.php:250

14) OCA\Files_Sharing\Tests\ApiTest::testPublicLinkUrl
Failed asserting that two strings are equal.
--- Expected
+++ Actual
@@ @@
-'http://localhost/index.php/s/XRH2N8yegBEXs9R'
+'http://localhost/'

/server/apps/files_sharing/tests/ApiTest.php:437

15) OCA\Files_Sharing\Tests\ApiTest::testPublicLinkExpireDate with data set #0 ('2023-01-11', true)
Failed asserting that two strings are equal.
--- Expected
+++ Actual
@@ @@
-'http://localhost/index.php/s/9DCNKXNytKWQrNZ'
+'http://localhost/'

/server/apps/files_sharing/tests/ApiTest.php:1315

16) OCA\Files_Sharing\Tests\ApiTest::testCreatePublicLinkExpireDateValid
Failed asserting that two strings are equal.
--- Expected
+++ Actual
@@ @@
-'http://localhost/index.php/s/qybGPBW2wLGBxAq'
+'http://localhost/'

/server/apps/files_sharing/tests/ApiTest.php:1344

--

There were 126 skipped tests:

1) Test\AllConfigTest::testSetUserValueUnchanged
Skipped because this is just testable if database connection can be injected

/server/tests/lib/AllConfigTest.php:189

2) Test\Avatar\GuestAvatarTest::testGet
TODO: Disable because fails on drone

/server/tests/lib/Avatar/GuestAvatarTest.php:63

3) Test\DB\MigrationsTest::testEnsureOracleConstraintsNoPrimaryKey
Test disabled for now due to multiple reasons, see https://github.com/nextcloud/server/pull/31580#issuecomment-1069182234 for details.

/server/tests/lib/DB/MigrationsTest.php:613

4) Test\Files\Cache\CacheTest::testWithNormalizer
The 3rdparty Normalizer extension is not available.

/server/tests/lib/Files/Cache/CacheTest.php:572

5) Test\Files\Cache\MoveFromCacheTraitTest::testWithNormalizer
The 3rdparty Normalizer extension is not available.

/server/tests/lib/Files/Cache/CacheTest.php:572

6) Test\Files\Cache\Wrapper\CacheJailTest::testWithNormalizer
The 3rdparty Normalizer extension is not available.

/server/tests/lib/Files/Cache/CacheTest.php:572

7) Test\Files\Cache\Wrapper\CachePermissionsMaskTest::testWithNormalizer
The 3rdparty Normalizer extension is not available.

/server/tests/lib/Files/Cache/CacheTest.php:572

8) Test\Files\FilesystemTest::testNormalizePathUTF8
UTF8 normalizer Patchwork was not found

/server/tests/lib/Files/FilesystemTest.php:300

9) Test\Files\ObjectStore\AzureTest::testFseekSize
azure does not support seeking at the moment

/server/tests/lib/Files/ObjectStore/AzureTest.php:40

10) Test\Files\ObjectStore\AzureTest::testWriteRead
objectstore not configured for azure

/server/tests/lib/Files/ObjectStore/AzureTest.php:33
/server/tests/lib/Files/ObjectStore/ObjectStoreTest.php:60

11) Test\Files\ObjectStore\AzureTest::testDelete
objectstore not configured for azure

/server/tests/lib/Files/ObjectStore/AzureTest.php:33
/server/tests/lib/Files/ObjectStore/ObjectStoreTest.php:73

12) Test\Files\ObjectStore\AzureTest::testReadNonExisting
objectstore not configured for azure

/server/tests/lib/Files/ObjectStore/AzureTest.php:33
/server/tests/lib/Files/ObjectStore/ObjectStoreTest.php:90

13) Test\Files\ObjectStore\AzureTest::testDeleteNonExisting
objectstore not configured for azure

/server/tests/lib/Files/ObjectStore/AzureTest.php:33
/server/tests/lib/Files/ObjectStore/ObjectStoreTest.php:102

14) Test\Files\ObjectStore\AzureTest::testExists
objectstore not configured for azure

/server/tests/lib/Files/ObjectStore/AzureTest.php:33
/server/tests/lib/Files/ObjectStore/ObjectStoreTest.php:116

15) Test\Files\ObjectStore\AzureTest::testCopy
objectstore not configured for azure

/server/tests/lib/Files/ObjectStore/AzureTest.php:33
/server/tests/lib/Files/ObjectStore/ObjectStoreTest.php:134

16) Test\Files\ObjectStore\ObjectStoreStorageTest::testCheckUpdate
Detecting external changes is not supported on object storages

/server/tests/lib/Files/ObjectStore/ObjectStoreStorageTest.php:84

17) Test\Files\ObjectStore\S3Test::testUploadNonSeekable
objectstore not configured for s3

/server/tests/lib/Files/ObjectStore/S3Test.php:72
/server/tests/lib/Files/ObjectStore/S3Test.php:65

18) Test\Files\ObjectStore\S3Test::testSeek
objectstore not configured for s3

/server/tests/lib/Files/ObjectStore/S3Test.php:72
/server/tests/lib/Files/ObjectStore/S3Test.php:65

19) Test\Files\ObjectStore\S3Test::testEmptyUpload
objectstore not configured for s3

/server/tests/lib/Files/ObjectStore/S3Test.php:72
/server/tests/lib/Files/ObjectStore/S3Test.php:65

20) Test\Files\ObjectStore\S3Test::testFileSizes with data set #0 (1000000)
objectstore not configured for s3

/server/tests/lib/Files/ObjectStore/S3Test.php:72
/server/tests/lib/Files/ObjectStore/S3Test.php:65

21) Test\Files\ObjectStore\S3Test::testFileSizes with data set #1 (2000000)
objectstore not configured for s3

/server/tests/lib/Files/ObjectStore/S3Test.php:72
/server/tests/lib/Files/ObjectStore/S3Test.php:65

22) Test\Files\ObjectStore\S3Test::testFileSizes with data set #2 (5242879)
objectstore not configured for s3

/server/tests/lib/Files/ObjectStore/S3Test.php:72
/server/tests/lib/Files/ObjectStore/S3Test.php:65

23) Test\Files\ObjectStore\S3Test::testFileSizes with data set #3 (5242880)
objectstore not configured for s3

/server/tests/lib/Files/ObjectStore/S3Test.php:72
/server/tests/lib/Files/ObjectStore/S3Test.php:65

24) Test\Files\ObjectStore\S3Test::testFileSizes with data set #4 (5242881)
objectstore not configured for s3

/server/tests/lib/Files/ObjectStore/S3Test.php:72
/server/tests/lib/Files/ObjectStore/S3Test.php:65

25) Test\Files\ObjectStore\S3Test::testFileSizes with data set #5 (10000000)
objectstore not configured for s3

/server/tests/lib/Files/ObjectStore/S3Test.php:72
/server/tests/lib/Files/ObjectStore/S3Test.php:65

26) Test\Files\ObjectStore\S3Test::testWriteRead
objectstore not configured for s3

/server/tests/lib/Files/ObjectStore/S3Test.php:72
/server/tests/lib/Files/ObjectStore/S3Test.php:65

27) Test\Files\ObjectStore\S3Test::testDelete
objectstore not configured for s3

/server/tests/lib/Files/ObjectStore/S3Test.php:72
/server/tests/lib/Files/ObjectStore/S3Test.php:65

28) Test\Files\ObjectStore\S3Test::testReadNonExisting
objectstore not configured for s3

/server/tests/lib/Files/ObjectStore/S3Test.php:72
/server/tests/lib/Files/ObjectStore/S3Test.php:65

29) Test\Files\ObjectStore\S3Test::testDeleteNonExisting
objectstore not configured for s3

/server/tests/lib/Files/ObjectStore/S3Test.php:72
/server/tests/lib/Files/ObjectStore/S3Test.php:65

30) Test\Files\ObjectStore\S3Test::testExists
objectstore not configured for s3

/server/tests/lib/Files/ObjectStore/S3Test.php:72
/server/tests/lib/Files/ObjectStore/S3Test.php:65

31) Test\Files\ObjectStore\S3Test::testCopy
objectstore not configured for s3

/server/tests/lib/Files/ObjectStore/S3Test.php:72
/server/tests/lib/Files/ObjectStore/S3Test.php:65

32) Test\Files\ObjectStore\S3Test::testFseekSize
objectstore not configured for s3

/server/tests/lib/Files/ObjectStore/S3Test.php:72
/server/tests/lib/Files/ObjectStore/S3Test.php:65

33) Test\Files\ObjectStore\SwiftTest::testWriteRead
objectstore not configured for swift

/server/tests/lib/Files/ObjectStore/SwiftTest.php:36
/server/tests/lib/Files/ObjectStore/ObjectStoreTest.php:60

34) Test\Files\ObjectStore\SwiftTest::testDelete
objectstore not configured for swift

/server/tests/lib/Files/ObjectStore/SwiftTest.php:36
/server/tests/lib/Files/ObjectStore/ObjectStoreTest.php:73

35) Test\Files\ObjectStore\SwiftTest::testReadNonExisting
objectstore not configured for swift

/server/tests/lib/Files/ObjectStore/SwiftTest.php:36
/server/tests/lib/Files/ObjectStore/ObjectStoreTest.php:90

36) Test\Files\ObjectStore\SwiftTest::testDeleteNonExisting
objectstore not configured for swift

/server/tests/lib/Files/ObjectStore/SwiftTest.php:36
/server/tests/lib/Files/ObjectStore/ObjectStoreTest.php:102

37) Test\Files\ObjectStore\SwiftTest::testExists
objectstore not configured for swift

/server/tests/lib/Files/ObjectStore/SwiftTest.php:36
/server/tests/lib/Files/ObjectStore/ObjectStoreTest.php:116

38) Test\Files\ObjectStore\SwiftTest::testCopy
objectstore not configured for swift

/server/tests/lib/Files/ObjectStore/SwiftTest.php:36
/server/tests/lib/Files/ObjectStore/ObjectStoreTest.php:134

39) Test\Files\ObjectStore\SwiftTest::testFseekSize
objectstore not configured for swift

/server/tests/lib/Files/ObjectStore/SwiftTest.php:36
/server/tests/lib/Files/ObjectStore/ObjectStoreTest.php:148

40) Test\Files\Storage\Wrapper\EncodingTest::testCheckUpdate
Cannot test update check on wrappers

/server/tests/lib/Files/Storage/Storage.php:344

41) Test\Files\Storage\Wrapper\EncryptionTest::testCheckUpdate
Cannot test update check on wrappers

/server/tests/lib/Files/Storage/Storage.php:344

42) Test\Files\Storage\Wrapper\JailTest::testCheckUpdate
Cannot test update check on wrappers

/server/tests/lib/Files/Storage/Storage.php:344

43) Test\Files\Storage\Wrapper\PermissionsMaskTest::testCheckUpdate
Cannot test update check on wrappers

/server/tests/lib/Files/Storage/Storage.php:344

44) Test\Files\Storage\Wrapper\QuotaTest::testCheckUpdate
Cannot test update check on wrappers

/server/tests/lib/Files/Storage/Storage.php:344

45) Test\Files\Storage\Wrapper\WrapperTest::testCheckUpdate
Cannot test update check on wrappers

/server/tests/lib/Files/Storage/Storage.php:344

46) Test\Files\Type\DetectionTest::testMimeTypeIcon
Package vfsStream not installed

/server/tests/lib/Files/Type/DetectionTest.php:136

47) Test\Files\ViewTest::testLockBasicOperationUnlocksAfterException with data set #0 ('touch', array('touch-create.txt'), 'touch-create.txt', 'create', 1, 2, 1)
touch handles storage exceptions internally

/server/tests/lib/Files/ViewTest.php:1979

48) Test\Files\ViewTest::testLockBasicOperationUnlocksAfterException with data set #9 ('touch', array('test.txt'), 'test.txt', 'touch', null, null, null)
touch handles storage exceptions internally

/server/tests/lib/Files/ViewTest.php:1979

49) Test\Memcache\APCuTest::testCasIntChanged
The APCu extension is not available.

/server/tests/lib/Memcache/APCuTest.php:17

50) Test\Memcache\APCuTest::testCasIntNotChanged
The APCu extension is not available.

/server/tests/lib/Memcache/APCuTest.php:17

51) Test\Memcache\APCuTest::testExistsAfterSet
The APCu extension is not available.

/server/tests/lib/Memcache/APCuTest.php:17

52) Test\Memcache\APCuTest::testGetAfterSet
The APCu extension is not available.

/server/tests/lib/Memcache/APCuTest.php:17

53) Test\Memcache\APCuTest::testGetArrayAfterSet
The APCu extension is not available.

/server/tests/lib/Memcache/APCuTest.php:17

54) Test\Memcache\APCuTest::testDoesNotExistAfterRemove
The APCu extension is not available.

/server/tests/lib/Memcache/APCuTest.php:17

55) Test\Memcache\APCuTest::testRemoveNonExisting
The APCu extension is not available.

/server/tests/lib/Memcache/APCuTest.php:17

56) Test\Memcache\APCuTest::testArrayAccessSet
The APCu extension is not available.

/server/tests/lib/Memcache/APCuTest.php:17

57) Test\Memcache\APCuTest::testArrayAccessGet
The APCu extension is not available.

/server/tests/lib/Memcache/APCuTest.php:17

58) Test\Memcache\APCuTest::testArrayAccessExists
The APCu extension is not available.

/server/tests/lib/Memcache/APCuTest.php:17

59) Test\Memcache\APCuTest::testArrayAccessUnset
The APCu extension is not available.

/server/tests/lib/Memcache/APCuTest.php:17

60) Test\Memcache\APCuTest::testAdd
The APCu extension is not available.

/server/tests/lib/Memcache/APCuTest.php:17

61) Test\Memcache\APCuTest::testInc
The APCu extension is not available.

/server/tests/lib/Memcache/APCuTest.php:17

62) Test\Memcache\APCuTest::testDec
The APCu extension is not available.

/server/tests/lib/Memcache/APCuTest.php:17

63) Test\Memcache\APCuTest::testCasNotChanged
The APCu extension is not available.

/server/tests/lib/Memcache/APCuTest.php:17

64) Test\Memcache\APCuTest::testCasChanged
The APCu extension is not available.

/server/tests/lib/Memcache/APCuTest.php:17

65) Test\Memcache\APCuTest::testCadNotChanged
The APCu extension is not available.

/server/tests/lib/Memcache/APCuTest.php:17

66) Test\Memcache\APCuTest::testCadChanged
The APCu extension is not available.

/server/tests/lib/Memcache/APCuTest.php:17

67) Test\Memcache\APCuTest::testSimple
The APCu extension is not available.

/server/tests/lib/Memcache/APCuTest.php:17

68) Test\Memcache\APCuTest::testClear
The APCu extension is not available.

/server/tests/lib/Memcache/APCuTest.php:17

69) Test\Memcache\MemcachedTest::testClear
The memcached extension is not available.

/server/tests/lib/Memcache/MemcachedTest.php:17

70) Test\Memcache\MemcachedTest::testExistsAfterSet
Test skipped because of an error in hook method

71) Test\Memcache\MemcachedTest::testGetAfterSet
Test skipped because of an error in hook method

72) Test\Memcache\MemcachedTest::testGetArrayAfterSet
Test skipped because of an error in hook method

73) Test\Memcache\MemcachedTest::testDoesNotExistAfterRemove
Test skipped because of an error in hook method

74) Test\Memcache\MemcachedTest::testRemoveNonExisting
Test skipped because of an error in hook method

75) Test\Memcache\MemcachedTest::testArrayAccessSet
Test skipped because of an error in hook method

76) Test\Memcache\MemcachedTest::testArrayAccessGet
Test skipped because of an error in hook method

77) Test\Memcache\MemcachedTest::testArrayAccessExists
Test skipped because of an error in hook method

78) Test\Memcache\MemcachedTest::testArrayAccessUnset
Test skipped because of an error in hook method

79) Test\Memcache\MemcachedTest::testAdd
Test skipped because of an error in hook method

80) Test\Memcache\MemcachedTest::testInc
Test skipped because of an error in hook method

81) Test\Memcache\MemcachedTest::testDec
Test skipped because of an error in hook method

82) Test\Memcache\MemcachedTest::testCasNotChanged
Test skipped because of an error in hook method

83) Test\Memcache\MemcachedTest::testCasChanged
Test skipped because of an error in hook method

84) Test\Memcache\MemcachedTest::testCadNotChanged
Test skipped because of an error in hook method

85) Test\Memcache\MemcachedTest::testCadChanged
Test skipped because of an error in hook method

86) Test\Memcache\MemcachedTest::testSimple
Test skipped because of an error in hook method

87) Test\Memcache\RedisTest::testExistsAfterSet
The redis extension is not available.

/server/tests/lib/Memcache/RedisTest.php:17

88) Test\Memcache\RedisTest::testGetAfterSet
Test skipped because of an error in hook method

89) Test\Memcache\RedisTest::testGetArrayAfterSet
Test skipped because of an error in hook method

90) Test\Memcache\RedisTest::testDoesNotExistAfterRemove
Test skipped because of an error in hook method

91) Test\Memcache\RedisTest::testRemoveNonExisting
Test skipped because of an error in hook method

92) Test\Memcache\RedisTest::testArrayAccessSet
Test skipped because of an error in hook method

93) Test\Memcache\RedisTest::testArrayAccessGet
Test skipped because of an error in hook method

94) Test\Memcache\RedisTest::testArrayAccessExists
Test skipped because of an error in hook method

95) Test\Memcache\RedisTest::testArrayAccessUnset
Test skipped because of an error in hook method

96) Test\Memcache\RedisTest::testAdd
Test skipped because of an error in hook method

97) Test\Memcache\RedisTest::testInc
Test skipped because of an error in hook method

98) Test\Memcache\RedisTest::testDec
Test skipped because of an error in hook method

99) Test\Memcache\RedisTest::testCasNotChanged
Test skipped because of an error in hook method

100) Test\Memcache\RedisTest::testCasChanged
Test skipped because of an error in hook method

101) Test\Memcache\RedisTest::testCadNotChanged
Test skipped because of an error in hook method

102) Test\Memcache\RedisTest::testCadChanged
Test skipped because of an error in hook method

103) Test\Memcache\RedisTest::testSimple
Test skipped because of an error in hook method

104) Test\Memcache\RedisTest::testClear
Test skipped because of an error in hook method

105) Test\Preview\BitmapTest::testGetThumbnail with data set #0 (-9, -82)
An error occured while operating with Imagick.

/server/tests/lib/Preview/Provider.php:145
/server/tests/lib/Preview/Provider.php:105

106) Test\Preview\BitmapTest::testGetThumbnail with data set #1 (67, 93)
An error occured while operating with Imagick.

/server/tests/lib/Preview/Provider.php:145
/server/tests/lib/Preview/Provider.php:105

107) Test\Preview\BitmapTest::testGetThumbnail with data set #2 (-50, 78)
An error occured while operating with Imagick.

/server/tests/lib/Preview/Provider.php:145
/server/tests/lib/Preview/Provider.php:105

108) Test\Preview\BitmapTest::testGetThumbnail with data set #3 (5, -36)
An error occured while operating with Imagick.

/server/tests/lib/Preview/Provider.php:145
/server/tests/lib/Preview/Provider.php:105

109) Test\Preview\MovieTest::testGetThumbnail with data set #0 (-52, -64)
No Movie provider present

/server/tests/lib/Preview/MovieTest.php:48

110) Test\Preview\MovieTest::testGetThumbnail with data set #1 (16, 6)
No Movie provider present

/server/tests/lib/Preview/MovieTest.php:48

111) Test\Preview\MovieTest::testGetThumbnail with data set #2 (-42, 25)
No Movie provider present

/server/tests/lib/Preview/MovieTest.php:48

112) Test\Preview\MovieTest::testGetThumbnail with data set #3 (64, -85)
No Movie provider present

/server/tests/lib/Preview/MovieTest.php:48

113) Test\Preview\OfficeTest::testGetThumbnail with data set #0 (-11, -99)
No Office provider present

/server/tests/lib/Preview/OfficeTest.php:45

114) Test\Preview\OfficeTest::testGetThumbnail with data set #1 (49, 72)
No Office provider present

/server/tests/lib/Preview/OfficeTest.php:45

115) Test\Preview\OfficeTest::testGetThumbnail with data set #2 (-18, 25)
No Office provider present

/server/tests/lib/Preview/OfficeTest.php:45

116) Test\Preview\OfficeTest::testGetThumbnail with data set #3 (10, -68)
No Office provider present

/server/tests/lib/Preview/OfficeTest.php:45

117) Test\Repair\RepairCollationTest::testCollationConvert
Test only relevant on MySql

/server/tests/lib/Repair/RepairCollationTest.php:67

118) Test\TempManagerTest::testLogCantCreateFile
TODO: Disable because fails on drone

/server/tests/lib/TempManagerTest.php:135

119) Test\TempManagerTest::testLogCantCreateFolder
TODO: Disable because fails on drone

/server/tests/lib/TempManagerTest.php:147

120) Test\UtilCheckServerTest::testDataDirNotWritable
TODO: Disable because fails on drone

/server/tests/lib/UtilCheckServerTest.php:147

121) OCA\Files_Sharing\Tests\ApiTest::testGetShareFromSource
This test depends on "OCA\Files_Sharing\Tests\ApiTest::testCreateShareLink" to pass.

122) OCA\Files_Sharing\Tests\ApiTest::testGetShareFromSourceWithReshares
This test depends on "OCA\Files_Sharing\Tests\ApiTest::testCreateShareLink" to pass.

123) OCA\Files_Sharing\Tests\ApiTest::testUpdateShare
This test depends on "OCA\Files_Sharing\Tests\ApiTest::testCreateShareLink" to pass.

124) OCA\Files_Sharing\Tests\ShareTest::testShareWithGroupUniqueName
TODO: Disable because fails on drone

/server/apps/files_sharing/tests/ShareTest.php:162

125) OCA\Files_Sharing\Tests\UpdaterTest::testMovedIntoShareChangeOwner
Skipped because this is failing with S3 as primary as file id are change when moved.

/server/apps/files_sharing/tests/UpdaterTest.php:253

126) OCA\Files_Versions\Tests\VersioningTest::testRestoreMovedShare
Unreliable test

/server/apps/files_versions/tests/VersioningTest.php:690

ERRORS!
Tests: 14641, Assertions: 37570, Errors: 27, Failures: 16, Warnings: 174, Skipped: 126.
The command '/bin/sh -c ./autotest.sh sqlite' returned a non-zero code: 2
