#1 [internal] load build definition from Dockerfile
#1 transferring dockerfile: 526B done
#1 DONE 0.0s

#2 [internal] load .dockerignore
#2 transferring context: 2B done
#2 DONE 0.0s

#3 [internal] load metadata for docker.io/library/debian:stable-slim
#3 ...

#4 [auth] library/debian:pull token for registry-1.docker.io
#4 DONE 0.0s

#3 [internal] load metadata for docker.io/library/debian:stable-slim
#3 DONE 0.7s

#5 [1/6] FROM docker.io/library/debian:stable-slim@sha256:6010a47db58fe1b2c986fe1e980f436886bf5f843d0f9c0cdaf5b342bfe9be69
#5 resolve docker.io/library/debian:stable-slim@sha256:6010a47db58fe1b2c986fe1e980f436886bf5f843d0f9c0cdaf5b342bfe9be69 done
#5 sha256:6010a47db58fe1b2c986fe1e980f436886bf5f843d0f9c0cdaf5b342bfe9be69 1.85kB / 1.85kB done
#5 sha256:d54bc8cb620669413d494170c2265db18ef52bf301f08804e9deab3e407c7dcc 529B / 529B done
#5 sha256:c0f170be9c497bea4d0ac260b0019464de9595b61f35089e865d90e89be674d7 1.46kB / 1.46kB done
#5 sha256:7807d201190a68a61f5bf1c905f3c6b531779b51fc794f19da67b4e44a542aef 0B / 31.41MB 0.1s
#5 sha256:7807d201190a68a61f5bf1c905f3c6b531779b51fc794f19da67b4e44a542aef 11.41MB / 31.41MB 0.2s
#5 sha256:7807d201190a68a61f5bf1c905f3c6b531779b51fc794f19da67b4e44a542aef 25.11MB / 31.41MB 0.3s
#5 sha256:7807d201190a68a61f5bf1c905f3c6b531779b51fc794f19da67b4e44a542aef 31.41MB / 31.41MB 0.4s done
#5 extracting sha256:7807d201190a68a61f5bf1c905f3c6b531779b51fc794f19da67b4e44a542aef
#5 extracting sha256:7807d201190a68a61f5bf1c905f3c6b531779b51fc794f19da67b4e44a542aef 1.4s done
#5 DONE 1.9s

#6 [2/6] RUN apt-get update &&     apt-get install -y       git       libmagickcore-6.q16-6-extra       php       php-imagick       php-zip       php-gd       php-curl       php-sqlite3       php-intl       phpunit
#6 0.306 Get:1 http://deb.debian.org/debian stable InRelease [116 kB]
#6 0.450 Get:2 http://deb.debian.org/debian-security stable-security InRelease [48.4 kB]
#6 0.579 Get:3 http://deb.debian.org/debian stable-updates InRelease [44.1 kB]
#6 0.594 Get:4 http://deb.debian.org/debian stable/main amd64 Packages [8183 kB]
#6 0.764 Get:5 http://deb.debian.org/debian-security stable-security/main amd64 Packages [236 kB]
#6 0.774 Get:6 http://deb.debian.org/debian stable-updates/main amd64 Packages [14.6 kB]
#6 1.779 Fetched 8642 kB in 2s (5736 kB/s)
#6 1.779 Reading package lists...
#6 2.251 Reading package lists...
#6 2.724 Building dependency tree...
#6 2.827 Reading state information...
#6 2.957 The following additional packages will be installed:
#6 2.957   apache2 apache2-bin apache2-data apache2-utils bzip2 ca-certificates dbus
#6 2.957   file fontconfig fontconfig-config fonts-dejavu-core fonts-droid-fallback
#6 2.957   fonts-noto-mono fonts-urw-base35 ghostscript git-man gsfonts
#6 2.957   imagemagick-6-common javascript-common less libaom0 libapache2-mod-php7.4
#6 2.957   libapparmor1 libapr1 libaprutil1 libaprutil1-dbd-sqlite3 libaprutil1-ldap
#6 2.957   libargon2-1 libavahi-client3 libavahi-common-data libavahi-common3
#6 2.957   libbrotli1 libbsd0 libcairo2 libcbor0 libcups2 libcurl3-gnutls libcurl4
#6 2.957   libdatrie1 libdav1d4 libdbus-1-3 libde265-0 libdeflate0 libdjvulibre-text
#6 2.957   libdjvulibre21 libedit2 liberror-perl libexpat1 libfftw3-double3 libfido2-1
#6 2.957   libfontconfig1 libfreetype6 libfribidi0 libgd3 libgdbm-compat4 libgdbm6
#6 2.957   libglib2.0-0 libglib2.0-data libgomp1 libgpm2 libgraphite2-3 libgs9
#6 2.957   libgs9-common libharfbuzz0b libheif1 libicu67 libidn11 libijs-0.35
#6 2.957   libilmbase25 libjansson4 libjbig0 libjbig2dec0 libjpeg62-turbo
#6 2.957   libjs-bootstrap4 libjs-d3 libjs-jquery libjs-popper.js libjs-sizzle
#6 2.957   libjxr-tools libjxr0 liblcms2-2 libldap-2.4-2 libldap-common liblqr-1-0
#6 2.957   libltdl7 liblua5.3-0 libmagic-mgc libmagic1 libmagickcore-6.q16-6
#6 2.957   libmagickwand-6.q16-6 libmd0 libncurses6 libncursesw6 libnghttp2-14 libnuma1
#6 2.957   libonig5 libopenexr25 libopenjp2-7 libpango-1.0-0 libpangocairo-1.0-0
#6 2.957   libpangoft2-1.0-0 libpaper-utils libpaper1 libperl5.32 libpixman-1-0
#6 2.958   libpng16-16 libprocps8 libpsl5 librtmp1 libsasl2-2 libsasl2-modules
#6 2.958   libsasl2-modules-db libsodium23 libsqlite3-0 libssh2-1 libthai-data libthai0
#6 2.958   libtiff5 libwebp6 libwebpdemux2 libwebpmux3 libwmf0.2-7 libx11-6 libx11-data
#6 2.958   libx265-192 libxau6 libxcb-render0 libxcb-shm0 libxcb1 libxdmcp6 libxext6
#6 2.958   libxml2 libxmuu1 libxpm4 libxrender1 libxslt1.1 libzip4 mailcap media-types
#6 2.958   mime-support netbase node-jquery openssh-client openssl patch perl
#6 2.958   perl-modules-5.32 php-codecoverage php-common php-deepcopy
#6 2.958   php-doctrine-instantiator php-file-iterator php-invoker php-mbstring
#6 2.958   php-parser php-phar-io-manifest php-phar-io-version
#6 2.958   php-phpdocumentor-reflection-common php-phpdocumentor-reflection-docblock
#6 2.958   php-phpdocumentor-type-resolver php-phpspec-prophecy php-text-template
#6 2.958   php-timer php-tokenizer php-webmozart-assert php-xml php7.4 php7.4-cli
#6 2.958   php7.4-common php7.4-curl php7.4-gd php7.4-intl php7.4-json php7.4-mbstring
#6 2.958   php7.4-opcache php7.4-readline php7.4-sqlite3 php7.4-xml php7.4-zip
#6 2.958   phpunit-cli-parser phpunit-code-unit phpunit-code-unit-reverse-lookup
#6 2.958   phpunit-comparator phpunit-complexity phpunit-diff phpunit-environment
#6 2.958   phpunit-exporter phpunit-global-state phpunit-lines-of-code
#6 2.958   phpunit-object-enumerator phpunit-object-reflector phpunit-recursion-context
#6 2.958   phpunit-resource-operations phpunit-type phpunit-version poppler-data procps
#6 2.958   psmisc publicsuffix sensible-utils shared-mime-info ssl-cert ucf xauth
#6 2.958   xdg-user-dirs xz-utils
#6 2.959 Suggested packages:
#6 2.959   apache2-doc apache2-suexec-pristine | apache2-suexec-custom www-browser
#6 2.959   bzip2-doc default-dbus-session-bus | dbus-session-bus fonts-noto
#6 2.959   fonts-freefont-otf | fonts-freefont-ttf fonts-texgyre ghostscript-x
#6 2.959   gettext-base git-daemon-run | git-daemon-sysvinit git-doc git-el git-email
#6 2.959   git-gui gitk gitweb git-cvs git-mediawiki git-svn php-pear cups-common
#6 2.959   libfftw3-bin libfftw3-dev libgd-tools gdbm-l10n gpm liblcms2-utils inkscape
#6 2.959   libsasl2-modules-gssapi-mit | libsasl2-modules-gssapi-heimdal
#6 2.959   libsasl2-modules-ldap libsasl2-modules-otp libsasl2-modules-sql
#6 2.959   libwmf0.2-7-gtk keychain libpam-ssh monkeysphere ssh-askpass ed
#6 2.959   diffutils-doc perl-doc libterm-readline-gnu-perl
#6 2.959   | libterm-readline-perl-perl make libtap-harness-archive-perl php-pcov
#6 2.959   php-xdebug php-soap php-uopz poppler-utils fonts-japanese-mincho
#6 2.959   | fonts-ipafont-mincho fonts-japanese-gothic | fonts-ipafont-gothic
#6 2.959   fonts-arphic-ukai fonts-arphic-uming fonts-nanum
#6 2.959 Recommended packages:
#6 2.959   ttf-dejavu-core
#6 3.808 The following NEW packages will be installed:
#6 3.808   apache2 apache2-bin apache2-data apache2-utils bzip2 ca-certificates dbus
#6 3.808   file fontconfig fontconfig-config fonts-dejavu-core fonts-droid-fallback
#6 3.808   fonts-noto-mono fonts-urw-base35 ghostscript git git-man gsfonts
#6 3.808   imagemagick-6-common javascript-common less libaom0 libapache2-mod-php7.4
#6 3.808   libapparmor1 libapr1 libaprutil1 libaprutil1-dbd-sqlite3 libaprutil1-ldap
#6 3.808   libargon2-1 libavahi-client3 libavahi-common-data libavahi-common3
#6 3.808   libbrotli1 libbsd0 libcairo2 libcbor0 libcups2 libcurl3-gnutls libcurl4
#6 3.808   libdatrie1 libdav1d4 libdbus-1-3 libde265-0 libdeflate0 libdjvulibre-text
#6 3.808   libdjvulibre21 libedit2 liberror-perl libexpat1 libfftw3-double3 libfido2-1
#6 3.808   libfontconfig1 libfreetype6 libfribidi0 libgd3 libgdbm-compat4 libgdbm6
#6 3.808   libglib2.0-0 libglib2.0-data libgomp1 libgpm2 libgraphite2-3 libgs9
#6 3.808   libgs9-common libharfbuzz0b libheif1 libicu67 libidn11 libijs-0.35
#6 3.809   libilmbase25 libjansson4 libjbig0 libjbig2dec0 libjpeg62-turbo
#6 3.809   libjs-bootstrap4 libjs-d3 libjs-jquery libjs-popper.js libjs-sizzle
#6 3.809   libjxr-tools libjxr0 liblcms2-2 libldap-2.4-2 libldap-common liblqr-1-0
#6 3.809   libltdl7 liblua5.3-0 libmagic-mgc libmagic1 libmagickcore-6.q16-6
#6 3.809   libmagickcore-6.q16-6-extra libmagickwand-6.q16-6 libmd0 libncurses6
#6 3.809   libncursesw6 libnghttp2-14 libnuma1 libonig5 libopenexr25 libopenjp2-7
#6 3.809   libpango-1.0-0 libpangocairo-1.0-0 libpangoft2-1.0-0 libpaper-utils
#6 3.809   libpaper1 libperl5.32 libpixman-1-0 libpng16-16 libprocps8 libpsl5 librtmp1
#6 3.809   libsasl2-2 libsasl2-modules libsasl2-modules-db libsodium23 libsqlite3-0
#6 3.809   libssh2-1 libthai-data libthai0 libtiff5 libwebp6 libwebpdemux2 libwebpmux3
#6 3.809   libwmf0.2-7 libx11-6 libx11-data libx265-192 libxau6 libxcb-render0
#6 3.809   libxcb-shm0 libxcb1 libxdmcp6 libxext6 libxml2 libxmuu1 libxpm4 libxrender1
#6 3.809   libxslt1.1 libzip4 mailcap media-types mime-support netbase node-jquery
#6 3.809   openssh-client openssl patch perl perl-modules-5.32 php php-codecoverage
#6 3.809   php-common php-curl php-deepcopy php-doctrine-instantiator php-file-iterator
#6 3.809   php-gd php-imagick php-intl php-invoker php-mbstring php-parser
#6 3.809   php-phar-io-manifest php-phar-io-version php-phpdocumentor-reflection-common
#6 3.809   php-phpdocumentor-reflection-docblock php-phpdocumentor-type-resolver
#6 3.809   php-phpspec-prophecy php-sqlite3 php-text-template php-timer php-tokenizer
#6 3.809   php-webmozart-assert php-xml php-zip php7.4 php7.4-cli php7.4-common
#6 3.809   php7.4-curl php7.4-gd php7.4-intl php7.4-json php7.4-mbstring php7.4-opcache
#6 3.809   php7.4-readline php7.4-sqlite3 php7.4-xml php7.4-zip phpunit
#6 3.809   phpunit-cli-parser phpunit-code-unit phpunit-code-unit-reverse-lookup
#6 3.809   phpunit-comparator phpunit-complexity phpunit-diff phpunit-environment
#6 3.809   phpunit-exporter phpunit-global-state phpunit-lines-of-code
#6 3.809   phpunit-object-enumerator phpunit-object-reflector phpunit-recursion-context
#6 3.809   phpunit-resource-operations phpunit-type phpunit-version poppler-data procps
#6 3.809   psmisc publicsuffix sensible-utils shared-mime-info ssl-cert ucf xauth
#6 3.809   xdg-user-dirs xz-utils
#6 3.847 0 upgraded, 216 newly installed, 0 to remove and 0 not upgraded.
#6 3.847 Need to get 82.8 MB of archives.
#6 3.847 After this operation, 337 MB of additional disk space will be used.
#6 3.847 Get:1 http://deb.debian.org/debian stable/main amd64 libapparmor1 amd64 2.13.6-10 [99.3 kB]
#6 3.864 Get:2 http://deb.debian.org/debian stable/main amd64 libdbus-1-3 amd64 1.12.24-0+deb11u1 [222 kB]
#6 3.873 Get:3 http://deb.debian.org/debian stable/main amd64 libexpat1 amd64 2.2.10-2+deb11u5 [98.2 kB]
#6 3.875 Get:4 http://deb.debian.org/debian stable/main amd64 dbus amd64 1.12.24-0+deb11u1 [243 kB]
#6 3.881 Get:5 http://deb.debian.org/debian stable/main amd64 perl-modules-5.32 all 5.32.1-4+deb11u2 [2823 kB]
#6 3.907 Get:6 http://deb.debian.org/debian stable/main amd64 libgdbm6 amd64 1.19-2 [64.9 kB]
#6 3.908 Get:7 http://deb.debian.org/debian stable/main amd64 libgdbm-compat4 amd64 1.19-2 [44.7 kB]
#6 3.909 Get:8 http://deb.debian.org/debian stable/main amd64 libperl5.32 amd64 5.32.1-4+deb11u2 [4106 kB]
#6 3.937 Get:9 http://deb.debian.org/debian stable/main amd64 perl amd64 5.32.1-4+deb11u2 [293 kB]
#6 3.940 Get:10 http://deb.debian.org/debian-security stable-security/main amd64 libapr1 amd64 1.7.0-6+deb11u2 [106 kB]
#6 3.940 Get:11 http://deb.debian.org/debian-security stable-security/main amd64 libaprutil1 amd64 1.6.1-5+deb11u1 [92.3 kB]
#6 3.941 Get:12 http://deb.debian.org/debian stable/main amd64 libsqlite3-0 amd64 3.34.1-3 [797 kB]
#6 3.947 Get:13 http://deb.debian.org/debian-security stable-security/main amd64 libaprutil1-dbd-sqlite3 amd64 1.6.1-5+deb11u1 [19.0 kB]
#6 3.947 Get:14 http://deb.debian.org/debian stable/main amd64 libsasl2-modules-db amd64 2.1.27+dfsg-2.1+deb11u1 [69.1 kB]
#6 3.948 Get:15 http://deb.debian.org/debian stable/main amd64 libsasl2-2 amd64 2.1.27+dfsg-2.1+deb11u1 [106 kB]
#6 3.949 Get:16 http://deb.debian.org/debian stable/main amd64 libldap-2.4-2 amd64 2.4.57+dfsg-3+deb11u1 [232 kB]
#6 3.951 Get:17 http://deb.debian.org/debian-security stable-security/main amd64 libaprutil1-ldap amd64 1.6.1-5+deb11u1 [17.2 kB]
#6 3.951 Get:18 http://deb.debian.org/debian stable/main amd64 libbrotli1 amd64 1.0.9-2+b2 [279 kB]
#6 3.954 Get:19 http://deb.debian.org/debian stable/main amd64 libnghttp2-14 amd64 1.43.0-1 [77.1 kB]
#6 3.956 Get:20 http://deb.debian.org/debian stable/main amd64 libpsl5 amd64 0.21.0-1.2 [57.3 kB]
#6 3.958 Get:21 http://deb.debian.org/debian stable/main amd64 librtmp1 amd64 2.4+20151223.gitfa8646d.1-2+b2 [60.8 kB]
#6 3.961 Get:22 http://deb.debian.org/debian stable/main amd64 libssh2-1 amd64 1.9.0-2 [156 kB]
#6 3.962 Get:23 http://deb.debian.org/debian-security stable-security/main amd64 libcurl4 amd64 7.74.0-1.3+deb11u7 [346 kB]
#6 3.965 Get:24 http://deb.debian.org/debian stable/main amd64 libjansson4 amd64 2.13.1-1.1 [39.7 kB]
#6 3.966 Get:25 http://deb.debian.org/debian stable/main amd64 liblua5.3-0 amd64 5.3.3-1.1+b1 [120 kB]
#6 3.968 Get:26 http://deb.debian.org/debian stable/main amd64 libicu67 amd64 67.1-7 [8622 kB]
#6 4.027 Get:27 http://deb.debian.org/debian stable/main amd64 libxml2 amd64 2.9.10+dfsg-6.7+deb11u3 [693 kB]
#6 4.033 Get:28 http://deb.debian.org/debian stable/main amd64 apache2-bin amd64 2.4.54-1~deb11u1 [1425 kB]
#6 4.043 Get:29 http://deb.debian.org/debian stable/main amd64 apache2-data all 2.4.54-1~deb11u1 [160 kB]
#6 4.045 Get:30 http://deb.debian.org/debian stable/main amd64 apache2-utils amd64 2.4.54-1~deb11u1 [260 kB]
#6 4.047 Get:31 http://deb.debian.org/debian stable/main amd64 media-types all 4.0.0 [30.3 kB]
#6 4.048 Get:32 http://deb.debian.org/debian stable/main amd64 mailcap all 3.69 [31.7 kB]
#6 4.049 Get:33 http://deb.debian.org/debian stable/main amd64 mime-support all 3.66 [10.9 kB]
#6 4.049 Get:34 http://deb.debian.org/debian stable/main amd64 libncurses6 amd64 6.2+20201114-2 [102 kB]
#6 4.050 Get:35 http://deb.debian.org/debian stable/main amd64 libncursesw6 amd64 6.2+20201114-2 [132 kB]
#6 4.051 Get:36 http://deb.debian.org/debian stable/main amd64 libprocps8 amd64 2:3.3.17-5 [63.9 kB]
#6 4.052 Get:37 http://deb.debian.org/debian stable/main amd64 procps amd64 2:3.3.17-5 [502 kB]
#6 4.055 Get:38 http://deb.debian.org/debian stable/main amd64 apache2 amd64 2.4.54-1~deb11u1 [275 kB]
#6 4.059 Get:39 http://deb.debian.org/debian stable/main amd64 fonts-droid-fallback all 1:6.0.1r16-1.1 [1807 kB]
#6 4.072 Get:40 http://deb.debian.org/debian stable/main amd64 libgomp1 amd64 10.2.1-6 [99.9 kB]
#6 4.073 Get:41 http://deb.debian.org/debian stable/main amd64 libfftw3-double3 amd64 3.3.8-2 [733 kB]
#6 4.079 Get:42 http://deb.debian.org/debian stable/main amd64 libpng16-16 amd64 1.6.37-3 [294 kB]
#6 4.081 Get:43 http://deb.debian.org/debian stable/main amd64 libfreetype6 amd64 2.10.4+dfsg-1+deb11u1 [418 kB]
#6 4.085 Get:44 http://deb.debian.org/debian stable/main amd64 sensible-utils all 0.0.14 [14.8 kB]
#6 4.086 Get:45 http://deb.debian.org/debian stable/main amd64 ucf all 3.0043 [74.0 kB]
#6 4.087 Get:46 http://deb.debian.org/debian stable/main amd64 fonts-dejavu-core all 2.37-2 [1069 kB]
#6 4.092 Get:47 http://deb.debian.org/debian stable/main amd64 fonts-urw-base35 all 20200910-1 [6367 kB]
#6 4.134 Get:48 http://deb.debian.org/debian stable/main amd64 fontconfig-config all 2.13.1-4.2 [281 kB]
#6 4.137 Get:49 http://deb.debian.org/debian stable/main amd64 libfontconfig1 amd64 2.13.1-4.2 [347 kB]
#6 4.140 Get:50 http://deb.debian.org/debian stable/main amd64 libaom0 amd64 1.0.0.errata1-3 [1158 kB]
#6 4.148 Get:51 http://deb.debian.org/debian stable/main amd64 libdav1d4 amd64 0.7.1-3 [333 kB]
#6 4.153 Get:52 http://deb.debian.org/debian-security stable-security/main amd64 libde265-0 amd64 1.0.11-0+deb11u1 [179 kB]
#6 4.153 Get:53 http://deb.debian.org/debian stable/main amd64 libnuma1 amd64 2.0.12-1+b1 [26.3 kB]
#6 4.154 Get:54 http://deb.debian.org/debian stable/main amd64 libx265-192 amd64 3.4-2 [1095 kB]
#6 4.160 Get:55 http://deb.debian.org/debian stable/main amd64 libheif1 amd64 1.11.0-1 [191 kB]
#6 4.162 Get:56 http://deb.debian.org/debian stable/main amd64 libjbig0 amd64 2.1-3.1+b2 [31.0 kB]
#6 4.163 Get:57 http://deb.debian.org/debian stable/main amd64 libjpeg62-turbo amd64 1:2.0.6-4 [151 kB]
#6 4.164 Get:58 http://deb.debian.org/debian stable/main amd64 liblcms2-2 amd64 2.12~rc1-2 [150 kB]
#6 4.165 Get:59 http://deb.debian.org/debian stable/main amd64 libglib2.0-0 amd64 2.66.8-1 [1370 kB]
#6 4.174 Get:60 http://deb.debian.org/debian stable/main amd64 liblqr-1-0 amd64 0.4.2-2.1 [29.1 kB]
#6 4.174 Get:61 http://deb.debian.org/debian stable/main amd64 libltdl7 amd64 2.4.6-15 [391 kB]
#6 4.178 Get:62 http://deb.debian.org/debian stable/main amd64 libopenjp2-7 amd64 2.4.0-3 [172 kB]
#6 4.179 Get:63 http://deb.debian.org/debian stable/main amd64 libdeflate0 amd64 1.7-1 [53.1 kB]
#6 4.180 Get:64 http://deb.debian.org/debian stable/main amd64 libwebp6 amd64 0.6.1-2.1 [258 kB]
#6 4.187 Get:65 http://deb.debian.org/debian-security stable-security/main amd64 libtiff5 amd64 4.2.0-1+deb11u4 [290 kB]
#6 4.188 Get:66 http://deb.debian.org/debian stable/main amd64 libwebpdemux2 amd64 0.6.1-2.1 [87.7 kB]
#6 4.190 Get:67 http://deb.debian.org/debian stable/main amd64 libwebpmux3 amd64 0.6.1-2.1 [97.6 kB]
#6 4.191 Get:68 http://deb.debian.org/debian stable/main amd64 libxau6 amd64 1:1.0.9-1 [19.7 kB]
#6 4.192 Get:69 http://deb.debian.org/debian stable/main amd64 libmd0 amd64 1.0.3-3 [28.0 kB]
#6 4.193 Get:70 http://deb.debian.org/debian stable/main amd64 libbsd0 amd64 0.11.3-1 [108 kB]
#6 4.195 Get:71 http://deb.debian.org/debian stable/main amd64 libxdmcp6 amd64 1:1.1.2-3 [26.3 kB]
#6 4.202 Get:72 http://deb.debian.org/debian stable/main amd64 libxcb1 amd64 1.14-3 [140 kB]
#6 4.204 Get:73 http://deb.debian.org/debian stable/main amd64 libx11-data all 2:1.7.2-1 [311 kB]
#6 4.208 Get:74 http://deb.debian.org/debian stable/main amd64 libx11-6 amd64 2:1.7.2-1 [772 kB]
#6 4.215 Get:75 http://deb.debian.org/debian stable/main amd64 libxext6 amd64 2:1.3.3-1.1 [52.7 kB]
#6 4.216 Get:76 http://deb.debian.org/debian-security stable-security/main amd64 imagemagick-6-common all 8:6.9.11.60+dfsg-1.3+deb11u1 [211 kB]
#6 4.227 Get:77 http://deb.debian.org/debian-security stable-security/main amd64 libmagickcore-6.q16-6 amd64 8:6.9.11.60+dfsg-1.3+deb11u1 [1812 kB]
#6 4.272 Get:78 http://deb.debian.org/debian-security stable-security/main amd64 libmagickwand-6.q16-6 amd64 8:6.9.11.60+dfsg-1.3+deb11u1 [453 kB]
#6 4.282 Get:79 http://deb.debian.org/debian stable/main amd64 psmisc amd64 23.4-2 [198 kB]
#6 4.284 Get:80 http://deb.debian.org/debian stable/main amd64 php-common all 2:76 [15.6 kB]
#6 4.285 Get:81 http://deb.debian.org/debian stable/main amd64 libedit2 amd64 3.1-20191231-2+b1 [96.7 kB]
#6 4.287 Get:82 http://deb.debian.org/debian stable/main amd64 libmagic-mgc amd64 1:5.39-3 [273 kB]
#6 4.291 Get:83 http://deb.debian.org/debian stable/main amd64 libmagic1 amd64 1:5.39-3 [126 kB]
#6 4.296 Get:84 http://deb.debian.org/debian-security stable-security/main amd64 php7.4-common amd64 7.4.33-1+deb11u3 [1022 kB]
#6 4.325 Get:85 http://deb.debian.org/debian-security stable-security/main amd64 php7.4-json amd64 7.4.33-1+deb11u3 [19.3 kB]
#6 4.329 Get:86 http://deb.debian.org/debian-security stable-security/main amd64 php7.4-opcache amd64 7.4.33-1+deb11u3 [198 kB]
#6 4.333 Get:87 http://deb.debian.org/debian-security stable-security/main amd64 php7.4-readline amd64 7.4.33-1+deb11u3 [12.3 kB]
#6 4.333 Get:88 http://deb.debian.org/debian stable/main amd64 libargon2-1 amd64 0~20171227-0.2 [19.6 kB]
#6 4.334 Get:89 http://deb.debian.org/debian stable/main amd64 libsodium23 amd64 1.0.18-1 [161 kB]
#6 4.339 Get:90 http://deb.debian.org/debian-security stable-security/main amd64 php7.4-cli amd64 7.4.33-1+deb11u3 [1428 kB]
#6 4.362 Get:91 http://deb.debian.org/debian-security stable-security/main amd64 libapache2-mod-php7.4 amd64 7.4.33-1+deb11u3 [1375 kB]
#6 4.370 Get:92 http://deb.debian.org/debian stable/main amd64 php-imagick amd64 3.4.4+php8.0+3.4.4-2+deb11u2 [103 kB]
#6 4.372 Get:93 http://deb.debian.org/debian stable/main amd64 poppler-data all 0.4.10-1 [1602 kB]
#6 4.419 Get:94 http://deb.debian.org/debian stable/main amd64 less amd64 551-2 [133 kB]
#6 4.428 Get:95 http://deb.debian.org/debian stable/main amd64 netbase all 6.3 [19.9 kB]
#6 4.431 Get:96 http://deb.debian.org/debian stable/main amd64 bzip2 amd64 1.0.8-4 [49.3 kB]
#6 4.435 Get:97 http://deb.debian.org/debian-security stable-security/main amd64 openssl amd64 1.1.1n-0+deb11u4 [853 kB]
#6 4.440 Get:98 http://deb.debian.org/debian stable/main amd64 ca-certificates all 20210119 [158 kB]
#6 4.442 Get:99 http://deb.debian.org/debian stable/main amd64 file amd64 1:5.39-3 [69.1 kB]
#6 4.443 Get:100 http://deb.debian.org/debian stable/main amd64 libcbor0 amd64 0.5.0+dfsg-2 [24.0 kB]
#6 4.445 Get:101 http://deb.debian.org/debian stable/main amd64 libfido2-1 amd64 1.6.0-2 [53.3 kB]
#6 4.446 Get:102 http://deb.debian.org/debian stable/main amd64 openssh-client amd64 1:8.4p1-5+deb11u1 [929 kB]
#6 4.455 Get:103 http://deb.debian.org/debian stable/main amd64 xz-utils amd64 5.2.5-2.1~deb11u1 [220 kB]
#6 4.456 Get:104 http://deb.debian.org/debian stable/main amd64 fontconfig amd64 2.13.1-4.2 [417 kB]
#6 4.461 Get:105 http://deb.debian.org/debian stable/main amd64 fonts-noto-mono all 20201225-1 [402 kB]
#6 4.464 Get:106 http://deb.debian.org/debian stable/main amd64 libgs9-common all 9.53.3~dfsg-7+deb11u2 [734 kB]
#6 4.481 Get:107 http://deb.debian.org/debian stable/main amd64 libavahi-common-data amd64 0.8-5+deb11u1 [124 kB]
#6 4.488 Get:108 http://deb.debian.org/debian stable/main amd64 libavahi-common3 amd64 0.8-5+deb11u1 [58.7 kB]
#6 4.489 Get:109 http://deb.debian.org/debian stable/main amd64 libavahi-client3 amd64 0.8-5+deb11u1 [62.4 kB]
#6 4.490 Get:110 http://deb.debian.org/debian stable/main amd64 libcups2 amd64 2.3.3op2-3+deb11u2 [350 kB]
#6 4.494 Get:111 http://deb.debian.org/debian stable/main amd64 libidn11 amd64 1.33-3 [116 kB]
#6 4.496 Get:112 http://deb.debian.org/debian stable/main amd64 libijs-0.35 amd64 0.35-15 [16.4 kB]
#6 4.498 Get:113 http://deb.debian.org/debian stable/main amd64 libjbig2dec0 amd64 0.19-2 [67.2 kB]
#6 4.499 Get:114 http://deb.debian.org/debian stable/main amd64 libpaper1 amd64 1.1.28+b1 [21.6 kB]
#6 4.499 Get:115 http://deb.debian.org/debian stable/main amd64 libgs9 amd64 9.53.3~dfsg-7+deb11u2 [2245 kB]
#6 4.548 Get:116 http://deb.debian.org/debian stable/main amd64 ghostscript amd64 9.53.3~dfsg-7+deb11u2 [98.0 kB]
#6 4.550 Get:117 http://deb.debian.org/debian-security stable-security/main amd64 libcurl3-gnutls amd64 7.74.0-1.3+deb11u7 [343 kB]
#6 4.554 Get:118 http://deb.debian.org/debian stable/main amd64 liberror-perl all 0.17029-1 [31.0 kB]
#6 4.555 Get:119 http://deb.debian.org/debian-security stable-security/main amd64 git-man all 1:2.30.2-1+deb11u2 [1828 kB]
#6 4.566 Get:120 http://deb.debian.org/debian-security stable-security/main amd64 git amd64 1:2.30.2-1+deb11u2 [5518 kB]
#6 4.606 Get:121 http://deb.debian.org/debian stable/main amd64 gsfonts all 1:8.11+urwcyr1.0.7~pre44-4.5 [3125 kB]
#6 4.679 Get:122 http://deb.debian.org/debian stable/main amd64 javascript-common all 11+nmu1 [6260 B]
#6 4.680 Get:123 http://deb.debian.org/debian stable/main amd64 libpixman-1-0 amd64 0.40.0-1.1~deb11u1 [543 kB]
#6 4.685 Get:124 http://deb.debian.org/debian stable/main amd64 libxcb-render0 amd64 1.14-3 [111 kB]
#6 4.686 Get:125 http://deb.debian.org/debian stable/main amd64 libxcb-shm0 amd64 1.14-3 [101 kB]
#6 4.689 Get:126 http://deb.debian.org/debian stable/main amd64 libxrender1 amd64 1:0.9.10-1 [33.0 kB]
#6 4.690 Get:127 http://deb.debian.org/debian stable/main amd64 libcairo2 amd64 1.16.0-5 [694 kB]
#6 4.696 Get:128 http://deb.debian.org/debian stable/main amd64 libdatrie1 amd64 0.2.13-1 [42.7 kB]
#6 4.698 Get:129 http://deb.debian.org/debian stable/main amd64 libdjvulibre-text all 3.5.28-2 [61.8 kB]
#6 4.700 Get:130 http://deb.debian.org/debian stable/main amd64 libdjvulibre21 amd64 3.5.28-2 [591 kB]
#6 4.704 Get:131 http://deb.debian.org/debian stable/main amd64 libfribidi0 amd64 1.0.8-2+deb11u1 [64.9 kB]
#6 4.705 Get:132 http://deb.debian.org/debian stable/main amd64 libxpm4 amd64 1:3.5.12-1 [49.1 kB]
#6 4.706 Get:133 http://deb.debian.org/debian stable/main amd64 libgd3 amd64 2.3.0-2 [137 kB]
#6 4.708 Get:134 http://deb.debian.org/debian stable/main amd64 libglib2.0-data all 2.66.8-1 [1164 kB]
#6 4.716 Get:135 http://deb.debian.org/debian stable/main amd64 libgpm2 amd64 1.20.7-8 [35.6 kB]
#6 4.717 Get:136 http://deb.debian.org/debian stable/main amd64 libgraphite2-3 amd64 1.3.14-1 [81.2 kB]
#6 4.719 Get:137 http://deb.debian.org/debian stable/main amd64 libharfbuzz0b amd64 2.7.4-1 [1471 kB]
#6 4.728 Get:138 http://deb.debian.org/debian stable/main amd64 libilmbase25 amd64 2.5.4-1 [202 kB]
#6 4.730 Get:139 http://deb.debian.org/debian stable/main amd64 libjs-popper.js all 1.16.1+ds-3 [51.9 kB]
#6 4.731 Get:140 http://deb.debian.org/debian stable/main amd64 libjs-bootstrap4 all 4.5.2+dfsg1-8~deb11u1 [2513 kB]
#6 4.747 Get:141 http://deb.debian.org/debian stable/main amd64 libjs-d3 all 3.5.17-4 [132 kB]
#6 4.748 Get:142 http://deb.debian.org/debian stable/main amd64 libjs-jquery all 3.5.1+dfsg+~3.5.5-7 [315 kB]
#6 4.751 Get:143 http://deb.debian.org/debian stable/main amd64 libjs-sizzle all 2.3.5+ds-2 [31.5 kB]
#6 4.751 Get:144 http://deb.debian.org/debian stable/main amd64 libjxr0 amd64 1.1-6+b1 [160 kB]
#6 4.753 Get:145 http://deb.debian.org/debian stable/main amd64 libjxr-tools amd64 1.1-6+b1 [17.0 kB]
#6 4.754 Get:146 http://deb.debian.org/debian stable/main amd64 libldap-common all 2.4.57+dfsg-3+deb11u1 [95.8 kB]
#6 4.754 Get:147 http://deb.debian.org/debian stable/main amd64 libopenexr25 amd64 2.5.4-2+deb11u1 [689 kB]
#6 4.759 Get:148 http://deb.debian.org/debian stable/main amd64 libthai-data all 0.1.28-3 [170 kB]
#6 4.760 Get:149 http://deb.debian.org/debian stable/main amd64 libthai0 amd64 0.1.28-3 [54.2 kB]
#6 4.761 Get:150 http://deb.debian.org/debian stable/main amd64 libpango-1.0-0 amd64 1.46.2-3 [191 kB]
#6 4.763 Get:151 http://deb.debian.org/debian stable/main amd64 libpangoft2-1.0-0 amd64 1.46.2-3 [62.2 kB]
#6 4.765 Get:152 http://deb.debian.org/debian stable/main amd64 libpangocairo-1.0-0 amd64 1.46.2-3 [50.6 kB]
#6 4.768 Get:153 http://deb.debian.org/debian stable/main amd64 libwmf0.2-7 amd64 0.2.8.4-17 [165 kB]
#6 4.770 Get:154 http://deb.debian.org/debian-security stable-security/main amd64 libmagickcore-6.q16-6-extra amd64 8:6.9.11.60+dfsg-1.3+deb11u1 [216 kB]
#6 4.772 Get:155 http://deb.debian.org/debian stable/main amd64 libonig5 amd64 6.9.6-1.1 [185 kB]
#6 4.776 Get:156 http://deb.debian.org/debian stable/main amd64 libpaper-utils amd64 1.1.28+b1 [18.3 kB]
#6 4.776 Get:157 http://deb.debian.org/debian stable/main amd64 libsasl2-modules amd64 2.1.27+dfsg-2.1+deb11u1 [104 kB]
#6 4.777 Get:158 http://deb.debian.org/debian stable/main amd64 libxmuu1 amd64 2:1.1.2-2+b3 [23.9 kB]
#6 4.778 Get:159 http://deb.debian.org/debian stable/main amd64 libxslt1.1 amd64 1.1.34-4+deb11u1 [240 kB]
#6 4.781 Get:160 http://deb.debian.org/debian stable/main amd64 libzip4 amd64 1.7.3-1 [55.4 kB]
#6 4.782 Get:161 http://deb.debian.org/debian stable/main amd64 node-jquery all 3.5.1+dfsg+~3.5.5-7 [159 kB]
#6 4.785 Get:162 http://deb.debian.org/debian stable/main amd64 patch amd64 2.7.6-7 [128 kB]
#6 4.787 Get:163 http://deb.debian.org/debian-security stable-security/main amd64 php7.4 all 7.4.33-1+deb11u3 [50.5 kB]
#6 4.792 Get:164 http://deb.debian.org/debian stable/main amd64 php all 2:7.4+76 [6340 B]
#6 4.794 Get:165 http://deb.debian.org/debian-security stable-security/main amd64 php7.4-xml amd64 7.4.33-1+deb11u3 [97.9 kB]
#6 4.801 Get:166 http://deb.debian.org/debian stable/main amd64 php-xml all 2:7.4+76 [6384 B]
#6 4.811 Get:167 http://deb.debian.org/debian stable/main amd64 php-parser all 4.10.4-1 [151 kB]
#6 4.816 Get:168 http://deb.debian.org/debian stable/main amd64 php-file-iterator all 3.0.5-2 [7192 B]
#6 4.818 Get:169 http://deb.debian.org/debian stable/main amd64 php-text-template all 2.0.4-1 [5468 B]
#6 4.820 Get:170 http://deb.debian.org/debian stable/main amd64 phpunit-code-unit-reverse-lookup all 2.0.3-2 [4888 B]
#6 4.821 Get:171 http://deb.debian.org/debian stable/main amd64 phpunit-complexity all 2.0.2-1 [5704 B]
#6 4.823 Get:172 http://deb.debian.org/debian stable/main amd64 phpunit-environment all 5.1.3-2 [10.0 kB]
#6 4.824 Get:173 http://deb.debian.org/debian stable/main amd64 phpunit-lines-of-code all 1.0.3-1 [5220 B]
#6 4.826 Get:174 http://deb.debian.org/debian stable/main amd64 phpunit-version all 3.0.2-2 [5652 B]
#6 4.827 Get:175 http://deb.debian.org/debian stable/main amd64 php-tokenizer all 1.2.0-1 [7016 B]
#6 4.828 Get:176 http://deb.debian.org/debian stable/main amd64 php-codecoverage all 9.2.5+dfsg-3 [91.5 kB]
#6 4.832 Get:177 http://deb.debian.org/debian-security stable-security/main amd64 php7.4-curl amd64 7.4.33-1+deb11u3 [31.0 kB]
#6 4.834 Get:178 http://deb.debian.org/debian stable/main amd64 php-curl all 2:7.4+76 [6364 B]
#6 4.836 Get:179 http://deb.debian.org/debian stable/main amd64 php-deepcopy all 1.10.2-3 [48.2 kB]
#6 4.838 Get:180 http://deb.debian.org/debian stable/main amd64 php-doctrine-instantiator all 1.4.0-1 [8464 B]
#6 4.840 Get:181 http://deb.debian.org/debian-security stable-security/main amd64 php7.4-gd amd64 7.4.33-1+deb11u3 [27.9 kB]
#6 4.841 Get:182 http://deb.debian.org/debian stable/main amd64 php-gd all 2:7.4+76 [6360 B]
#6 4.842 Get:183 http://deb.debian.org/debian-security stable-security/main amd64 php7.4-intl amd64 7.4.33-1+deb11u3 [123 kB]
#6 4.846 Get:184 http://deb.debian.org/debian stable/main amd64 php-intl all 2:7.4+76 [6372 B]
#6 4.849 Get:185 http://deb.debian.org/debian stable/main amd64 php-invoker all 3.1.1-2 [5364 B]
#6 4.850 Get:186 http://deb.debian.org/debian-security stable-security/main amd64 php7.4-mbstring amd64 7.4.33-1+deb11u3 [396 kB]
#6 4.861 Get:187 http://deb.debian.org/debian stable/main amd64 php-mbstring all 2:7.4+76 [6372 B]
#6 4.868 Get:188 http://deb.debian.org/debian stable/main amd64 php-phar-io-version all 3.0.4-1 [9240 B]
#6 4.869 Get:189 http://deb.debian.org/debian stable/main amd64 php-phar-io-manifest all 2.0.1-2 [12.6 kB]
#6 4.871 Get:190 http://deb.debian.org/debian stable/main amd64 php-phpdocumentor-reflection-common all 2.2.0-1 [5444 B]
#6 4.873 Get:191 http://deb.debian.org/debian stable/main amd64 php-phpdocumentor-type-resolver all 1.4.0-2 [21.1 kB]
#6 4.875 Get:192 http://deb.debian.org/debian stable/main amd64 php-webmozart-assert all 1.9.1-2 [16.5 kB]
#6 4.876 Get:193 http://deb.debian.org/debian stable/main amd64 php-phpdocumentor-reflection-docblock all 5.2.2-1 [33.2 kB]
#6 4.878 Get:194 http://deb.debian.org/debian stable/main amd64 phpunit-diff all 4.0.4-1 [15.4 kB]
#6 4.879 Get:195 http://deb.debian.org/debian stable/main amd64 phpunit-recursion-context all 4.0.4-1 [5392 B]
#6 4.880 Get:196 http://deb.debian.org/debian stable/main amd64 phpunit-exporter all 4.0.3-2 [7968 B]
#6 4.882 Get:197 http://deb.debian.org/debian stable/main amd64 phpunit-comparator all 4.0.6-1 [11.5 kB]
#6 4.883 Get:198 http://deb.debian.org/debian stable/main amd64 php-phpspec-prophecy all 1.12.2-1 [42.8 kB]
#6 4.885 Get:199 http://deb.debian.org/debian-security stable-security/main amd64 php7.4-sqlite3 amd64 7.4.33-1+deb11u3 [26.7 kB]
#6 4.888 Get:200 http://deb.debian.org/debian stable/main amd64 php-sqlite3 all 2:7.4+76 [6372 B]
#6 4.889 Get:201 http://deb.debian.org/debian stable/main amd64 php-timer all 5.0.3-2 [8396 B]
#6 4.890 Get:202 http://deb.debian.org/debian-security stable-security/main amd64 php7.4-zip amd64 7.4.33-1+deb11u3 [21.4 kB]
#6 4.892 Get:203 http://deb.debian.org/debian stable/main amd64 php-zip all 2:7.4+76 [6360 B]
#6 4.894 Get:204 http://deb.debian.org/debian stable/main amd64 phpunit-cli-parser all 1.0.1-1 [4944 B]
#6 4.895 Get:205 http://deb.debian.org/debian stable/main amd64 phpunit-code-unit all 1.0.8-1 [7528 B]
#6 4.897 Get:206 http://deb.debian.org/debian stable/main amd64 phpunit-object-reflector all 2.0.4-1 [4752 B]
#6 4.899 Get:207 http://deb.debian.org/debian stable/main amd64 phpunit-global-state all 5.0.2-1 [8204 B]
#6 4.900 Get:208 http://deb.debian.org/debian stable/main amd64 phpunit-object-enumerator all 4.0.4-1 [5440 B]
#6 4.901 Get:209 http://deb.debian.org/debian stable/main amd64 phpunit-resource-operations all 3.0.3-2 [14.8 kB]
#6 4.903 Get:210 http://deb.debian.org/debian stable/main amd64 phpunit-type all 2.3.1-1 [8364 B]
#6 4.904 Get:211 http://deb.debian.org/debian stable/main amd64 phpunit all 9.5.2-1 [169 kB]
#6 4.916 Get:212 http://deb.debian.org/debian stable/main amd64 publicsuffix all 20220811.1734-0+deb11u1 [127 kB]
#6 4.930 Get:213 http://deb.debian.org/debian stable/main amd64 shared-mime-info amd64 2.0-1 [701 kB]
#6 4.935 Get:214 http://deb.debian.org/debian stable/main amd64 ssl-cert all 1.1.0+nmu1 [21.0 kB]
#6 4.936 Get:215 http://deb.debian.org/debian stable/main amd64 xauth amd64 1:1.1-1 [40.5 kB]
#6 4.936 Get:216 http://deb.debian.org/debian stable/main amd64 xdg-user-dirs amd64 0.17-2 [53.8 kB]
#6 5.059 debconf: delaying package configuration, since apt-utils is not installed
#6 5.081 Fetched 82.8 MB in 1s (74.1 MB/s)
#6 5.097 Selecting previously unselected package libapparmor1:amd64.
#6 5.097 (Reading database ... (Reading database ... 5%(Reading database ... 10%(Reading database ... 15%(Reading database ... 20%(Reading database ... 25%(Reading database ... 30%(Reading database ... 35%(Reading database ... 40%(Reading database ... 45%(Reading database ... 50%(Reading database ... 55%(Reading database ... 60%(Reading database ... 65%(Reading database ... 70%(Reading database ... 75%(Reading database ... 80%(Reading database ... 85%(Reading database ... 90%(Reading database ... 95%(Reading database ... 100%(Reading database ... 6661 files and directories currently installed.)
#6 5.103 Preparing to unpack .../00-libapparmor1_2.13.6-10_amd64.deb ...
#6 5.105 Unpacking libapparmor1:amd64 (2.13.6-10) ...
#6 5.131 Selecting previously unselected package libdbus-1-3:amd64.
#6 5.133 Preparing to unpack .../01-libdbus-1-3_1.12.24-0+deb11u1_amd64.deb ...
#6 5.134 Unpacking libdbus-1-3:amd64 (1.12.24-0+deb11u1) ...
#6 5.166 Selecting previously unselected package libexpat1:amd64.
#6 5.168 Preparing to unpack .../02-libexpat1_2.2.10-2+deb11u5_amd64.deb ...
#6 5.169 Unpacking libexpat1:amd64 (2.2.10-2+deb11u5) ...
#6 5.196 Selecting previously unselected package dbus.
#6 5.198 Preparing to unpack .../03-dbus_1.12.24-0+deb11u1_amd64.deb ...
#6 5.207 Unpacking dbus (1.12.24-0+deb11u1) ...
#6 5.246 Selecting previously unselected package perl-modules-5.32.
#6 5.246 Preparing to unpack .../04-perl-modules-5.32_5.32.1-4+deb11u2_all.deb ...
#6 5.248 Unpacking perl-modules-5.32 (5.32.1-4+deb11u2) ...
#6 5.581 Selecting previously unselected package libgdbm6:amd64.
#6 5.581 Preparing to unpack .../05-libgdbm6_1.19-2_amd64.deb ...
#6 5.583 Unpacking libgdbm6:amd64 (1.19-2) ...
#6 5.605 Selecting previously unselected package libgdbm-compat4:amd64.
#6 5.605 Preparing to unpack .../06-libgdbm-compat4_1.19-2_amd64.deb ...
#6 5.607 Unpacking libgdbm-compat4:amd64 (1.19-2) ...
#6 5.628 Selecting previously unselected package libperl5.32:amd64.
#6 5.629 Preparing to unpack .../07-libperl5.32_5.32.1-4+deb11u2_amd64.deb ...
#6 5.630 Unpacking libperl5.32:amd64 (5.32.1-4+deb11u2) ...
#6 6.062 Selecting previously unselected package perl.
#6 6.062 Preparing to unpack .../08-perl_5.32.1-4+deb11u2_amd64.deb ...
#6 6.070 Unpacking perl (5.32.1-4+deb11u2) ...
#6 6.111 Selecting previously unselected package libapr1:amd64.
#6 6.113 Preparing to unpack .../09-libapr1_1.7.0-6+deb11u2_amd64.deb ...
#6 6.115 Unpacking libapr1:amd64 (1.7.0-6+deb11u2) ...
#6 6.140 Selecting previously unselected package libaprutil1:amd64.
#6 6.142 Preparing to unpack .../10-libaprutil1_1.6.1-5+deb11u1_amd64.deb ...
#6 6.144 Unpacking libaprutil1:amd64 (1.6.1-5+deb11u1) ...
#6 6.169 Selecting previously unselected package libsqlite3-0:amd64.
#6 6.171 Preparing to unpack .../11-libsqlite3-0_3.34.1-3_amd64.deb ...
#6 6.173 Unpacking libsqlite3-0:amd64 (3.34.1-3) ...
#6 6.245 Selecting previously unselected package libaprutil1-dbd-sqlite3:amd64.
#6 6.247 Preparing to unpack .../12-libaprutil1-dbd-sqlite3_1.6.1-5+deb11u1_amd64.deb ...
#6 6.248 Unpacking libaprutil1-dbd-sqlite3:amd64 (1.6.1-5+deb11u1) ...
#6 6.270 Selecting previously unselected package libsasl2-modules-db:amd64.
#6 6.270 Preparing to unpack .../13-libsasl2-modules-db_2.1.27+dfsg-2.1+deb11u1_amd64.deb ...
#6 6.272 Unpacking libsasl2-modules-db:amd64 (2.1.27+dfsg-2.1+deb11u1) ...
#6 6.294 Selecting previously unselected package libsasl2-2:amd64.
#6 6.296 Preparing to unpack .../14-libsasl2-2_2.1.27+dfsg-2.1+deb11u1_amd64.deb ...
#6 6.297 Unpacking libsasl2-2:amd64 (2.1.27+dfsg-2.1+deb11u1) ...
#6 6.321 Selecting previously unselected package libldap-2.4-2:amd64.
#6 6.323 Preparing to unpack .../15-libldap-2.4-2_2.4.57+dfsg-3+deb11u1_amd64.deb ...
#6 6.324 Unpacking libldap-2.4-2:amd64 (2.4.57+dfsg-3+deb11u1) ...
#6 6.362 Selecting previously unselected package libaprutil1-ldap:amd64.
#6 6.364 Preparing to unpack .../16-libaprutil1-ldap_1.6.1-5+deb11u1_amd64.deb ...
#6 6.366 Unpacking libaprutil1-ldap:amd64 (1.6.1-5+deb11u1) ...
#6 6.384 Selecting previously unselected package libbrotli1:amd64.
#6 6.385 Preparing to unpack .../17-libbrotli1_1.0.9-2+b2_amd64.deb ...
#6 6.387 Unpacking libbrotli1:amd64 (1.0.9-2+b2) ...
#6 6.429 Selecting previously unselected package libnghttp2-14:amd64.
#6 6.430 Preparing to unpack .../18-libnghttp2-14_1.43.0-1_amd64.deb ...
#6 6.432 Unpacking libnghttp2-14:amd64 (1.43.0-1) ...
#6 6.455 Selecting previously unselected package libpsl5:amd64.
#6 6.457 Preparing to unpack .../19-libpsl5_0.21.0-1.2_amd64.deb ...
#6 6.458 Unpacking libpsl5:amd64 (0.21.0-1.2) ...
#6 6.479 Selecting previously unselected package librtmp1:amd64.
#6 6.479 Preparing to unpack .../20-librtmp1_2.4+20151223.gitfa8646d.1-2+b2_amd64.deb ...
#6 6.481 Unpacking librtmp1:amd64 (2.4+20151223.gitfa8646d.1-2+b2) ...
#6 6.502 Selecting previously unselected package libssh2-1:amd64.
#6 6.504 Preparing to unpack .../21-libssh2-1_1.9.0-2_amd64.deb ...
#6 6.505 Unpacking libssh2-1:amd64 (1.9.0-2) ...
#6 6.534 Selecting previously unselected package libcurl4:amd64.
#6 6.534 Preparing to unpack .../22-libcurl4_7.74.0-1.3+deb11u7_amd64.deb ...
#6 6.535 Unpacking libcurl4:amd64 (7.74.0-1.3+deb11u7) ...
#6 6.575 Selecting previously unselected package libjansson4:amd64.
#6 6.577 Preparing to unpack .../23-libjansson4_2.13.1-1.1_amd64.deb ...
#6 6.579 Unpacking libjansson4:amd64 (2.13.1-1.1) ...
#6 6.597 Selecting previously unselected package liblua5.3-0:amd64.
#6 6.599 Preparing to unpack .../24-liblua5.3-0_5.3.3-1.1+b1_amd64.deb ...
#6 6.600 Unpacking liblua5.3-0:amd64 (5.3.3-1.1+b1) ...
#6 6.628 Selecting previously unselected package libicu67:amd64.
#6 6.629 Preparing to unpack .../25-libicu67_67.1-7_amd64.deb ...
#6 6.631 Unpacking libicu67:amd64 (67.1-7) ...
#6 7.446 Selecting previously unselected package libxml2:amd64.
#6 7.448 Preparing to unpack .../26-libxml2_2.9.10+dfsg-6.7+deb11u3_amd64.deb ...
#6 7.449 Unpacking libxml2:amd64 (2.9.10+dfsg-6.7+deb11u3) ...
#6 7.514 Selecting previously unselected package apache2-bin.
#6 7.516 Preparing to unpack .../27-apache2-bin_2.4.54-1~deb11u1_amd64.deb ...
#6 7.518 Unpacking apache2-bin (2.4.54-1~deb11u1) ...
#6 7.649 Selecting previously unselected package apache2-data.
#6 7.649 Preparing to unpack .../28-apache2-data_2.4.54-1~deb11u1_all.deb ...
#6 7.651 Unpacking apache2-data (2.4.54-1~deb11u1) ...
#6 7.708 Selecting previously unselected package apache2-utils.
#6 7.710 Preparing to unpack .../29-apache2-utils_2.4.54-1~deb11u1_amd64.deb ...
#6 7.712 Unpacking apache2-utils (2.4.54-1~deb11u1) ...
#6 7.737 Selecting previously unselected package media-types.
#6 7.739 Preparing to unpack .../30-media-types_4.0.0_all.deb ...
#6 7.741 Unpacking media-types (4.0.0) ...
#6 7.761 Selecting previously unselected package mailcap.
#6 7.761 Preparing to unpack .../31-mailcap_3.69_all.deb ...
#6 7.762 Unpacking mailcap (3.69) ...
#6 7.782 Selecting previously unselected package mime-support.
#6 7.782 Preparing to unpack .../32-mime-support_3.66_all.deb ...
#6 7.783 Unpacking mime-support (3.66) ...
#6 7.803 Selecting previously unselected package libncurses6:amd64.
#6 7.803 Preparing to unpack .../33-libncurses6_6.2+20201114-2_amd64.deb ...
#6 7.805 Unpacking libncurses6:amd64 (6.2+20201114-2) ...
#6 7.832 Selecting previously unselected package libncursesw6:amd64.
#6 7.833 Preparing to unpack .../34-libncursesw6_6.2+20201114-2_amd64.deb ...
#6 7.835 Unpacking libncursesw6:amd64 (6.2+20201114-2) ...
#6 7.861 Selecting previously unselected package libprocps8:amd64.
#6 7.863 Preparing to unpack .../35-libprocps8_2%3a3.3.17-5_amd64.deb ...
#6 7.865 Unpacking libprocps8:amd64 (2:3.3.17-5) ...
#6 7.888 Selecting previously unselected package procps.
#6 7.889 Preparing to unpack .../36-procps_2%3a3.3.17-5_amd64.deb ...
#6 7.895 Unpacking procps (2:3.3.17-5) ...
#6 7.956 Selecting previously unselected package apache2.
#6 7.956 Preparing to unpack .../37-apache2_2.4.54-1~deb11u1_amd64.deb ...
#6 7.961 Unpacking apache2 (2.4.54-1~deb11u1) ...
#6 8.010 Selecting previously unselected package fonts-droid-fallback.
#6 8.010 Preparing to unpack .../38-fonts-droid-fallback_1%3a6.0.1r16-1.1_all.deb ...
#6 8.026 Unpacking fonts-droid-fallback (1:6.0.1r16-1.1) ...
#6 8.206 Selecting previously unselected package libgomp1:amd64.
#6 8.208 Preparing to unpack .../39-libgomp1_10.2.1-6_amd64.deb ...
#6 8.210 Unpacking libgomp1:amd64 (10.2.1-6) ...
#6 8.235 Selecting previously unselected package libfftw3-double3:amd64.
#6 8.236 Preparing to unpack .../40-libfftw3-double3_3.3.8-2_amd64.deb ...
#6 8.238 Unpacking libfftw3-double3:amd64 (3.3.8-2) ...
#6 8.432 Selecting previously unselected package libpng16-16:amd64.
#6 8.433 Preparing to unpack .../41-libpng16-16_1.6.37-3_amd64.deb ...
#6 8.435 Unpacking libpng16-16:amd64 (1.6.37-3) ...
#6 8.473 Selecting previously unselected package libfreetype6:amd64.
#6 8.475 Preparing to unpack .../42-libfreetype6_2.10.4+dfsg-1+deb11u1_amd64.deb ...
#6 8.477 Unpacking libfreetype6:amd64 (2.10.4+dfsg-1+deb11u1) ...
#6 8.526 Selecting previously unselected package sensible-utils.
#6 8.528 Preparing to unpack .../43-sensible-utils_0.0.14_all.deb ...
#6 8.529 Unpacking sensible-utils (0.0.14) ...
#6 8.588 Selecting previously unselected package ucf.
#6 8.590 Preparing to unpack .../44-ucf_3.0043_all.deb ...
#6 8.593 Moving old data out of the way
#6 8.594 Unpacking ucf (3.0043) ...
#6 8.615 Selecting previously unselected package fonts-dejavu-core.
#6 8.618 Preparing to unpack .../45-fonts-dejavu-core_2.37-2_all.deb ...
#6 8.620 Unpacking fonts-dejavu-core (2.37-2) ...
#6 8.746 Selecting previously unselected package fonts-urw-base35.
#6 8.749 Preparing to unpack .../46-fonts-urw-base35_20200910-1_all.deb ...
#6 8.799 Unpacking fonts-urw-base35 (20200910-1) ...
#6 9.180 Selecting previously unselected package fontconfig-config.
#6 9.181 Preparing to unpack .../47-fontconfig-config_2.13.1-4.2_all.deb ...
#6 9.287 Unpacking fontconfig-config (2.13.1-4.2) ...
#6 9.320 Selecting previously unselected package libfontconfig1:amd64.
#6 9.323 Preparing to unpack .../48-libfontconfig1_2.13.1-4.2_amd64.deb ...
#6 9.324 Unpacking libfontconfig1:amd64 (2.13.1-4.2) ...
#6 9.359 Selecting previously unselected package libaom0:amd64.
#6 9.359 Preparing to unpack .../49-libaom0_1.0.0.errata1-3_amd64.deb ...
#6 9.360 Unpacking libaom0:amd64 (1.0.0.errata1-3) ...
#6 9.480 Selecting previously unselected package libdav1d4:amd64.
#6 9.482 Preparing to unpack .../50-libdav1d4_0.7.1-3_amd64.deb ...
#6 9.483 Unpacking libdav1d4:amd64 (0.7.1-3) ...
#6 9.531 Selecting previously unselected package libde265-0:amd64.
#6 9.531 Preparing to unpack .../51-libde265-0_1.0.11-0+deb11u1_amd64.deb ...
#6 9.535 Unpacking libde265-0:amd64 (1.0.11-0+deb11u1) ...
#6 9.567 Selecting previously unselected package libnuma1:amd64.
#6 9.569 Preparing to unpack .../52-libnuma1_2.0.12-1+b1_amd64.deb ...
#6 9.570 Unpacking libnuma1:amd64 (2.0.12-1+b1) ...
#6 9.593 Selecting previously unselected package libx265-192:amd64.
#6 9.595 Preparing to unpack .../53-libx265-192_3.4-2_amd64.deb ...
#6 9.597 Unpacking libx265-192:amd64 (3.4-2) ...
#6 9.748 Selecting previously unselected package libheif1:amd64.
#6 9.750 Preparing to unpack .../54-libheif1_1.11.0-1_amd64.deb ...
#6 9.752 Unpacking libheif1:amd64 (1.11.0-1) ...
#6 9.787 Selecting previously unselected package libjbig0:amd64.
#6 9.789 Preparing to unpack .../55-libjbig0_2.1-3.1+b2_amd64.deb ...
#6 9.791 Unpacking libjbig0:amd64 (2.1-3.1+b2) ...
#6 9.813 Selecting previously unselected package libjpeg62-turbo:amd64.
#6 9.813 Preparing to unpack .../56-libjpeg62-turbo_1%3a2.0.6-4_amd64.deb ...
#6 9.814 Unpacking libjpeg62-turbo:amd64 (1:2.0.6-4) ...
#6 9.847 Selecting previously unselected package liblcms2-2:amd64.
#6 9.849 Preparing to unpack .../57-liblcms2-2_2.12~rc1-2_amd64.deb ...
#6 9.850 Unpacking liblcms2-2:amd64 (2.12~rc1-2) ...
#6 9.883 Selecting previously unselected package libglib2.0-0:amd64.
#6 9.883 Preparing to unpack .../58-libglib2.0-0_2.66.8-1_amd64.deb ...
#6 9.884 Unpacking libglib2.0-0:amd64 (2.66.8-1) ...
#6 10.01 Selecting previously unselected package liblqr-1-0:amd64.
#6 10.01 Preparing to unpack .../59-liblqr-1-0_0.4.2-2.1_amd64.deb ...
#6 10.01 Unpacking liblqr-1-0:amd64 (0.4.2-2.1) ...
#6 10.03 Selecting previously unselected package libltdl7:amd64.
#6 10.03 Preparing to unpack .../60-libltdl7_2.4.6-15_amd64.deb ...
#6 10.03 Unpacking libltdl7:amd64 (2.4.6-15) ...
#6 10.06 Selecting previously unselected package libopenjp2-7:amd64.
#6 10.06 Preparing to unpack .../61-libopenjp2-7_2.4.0-3_amd64.deb ...
#6 10.06 Unpacking libopenjp2-7:amd64 (2.4.0-3) ...
#6 10.09 Selecting previously unselected package libdeflate0:amd64.
#6 10.09 Preparing to unpack .../62-libdeflate0_1.7-1_amd64.deb ...
#6 10.09 Unpacking libdeflate0:amd64 (1.7-1) ...
#6 10.11 Selecting previously unselected package libwebp6:amd64.
#6 10.11 Preparing to unpack .../63-libwebp6_0.6.1-2.1_amd64.deb ...
#6 10.11 Unpacking libwebp6:amd64 (0.6.1-2.1) ...
#6 10.15 Selecting previously unselected package libtiff5:amd64.
#6 10.15 Preparing to unpack .../64-libtiff5_4.2.0-1+deb11u4_amd64.deb ...
#6 10.15 Unpacking libtiff5:amd64 (4.2.0-1+deb11u4) ...
#6 10.19 Selecting previously unselected package libwebpdemux2:amd64.
#6 10.19 Preparing to unpack .../65-libwebpdemux2_0.6.1-2.1_amd64.deb ...
#6 10.19 Unpacking libwebpdemux2:amd64 (0.6.1-2.1) ...
#6 10.22 Selecting previously unselected package libwebpmux3:amd64.
#6 10.22 Preparing to unpack .../66-libwebpmux3_0.6.1-2.1_amd64.deb ...
#6 10.22 Unpacking libwebpmux3:amd64 (0.6.1-2.1) ...
#6 10.24 Selecting previously unselected package libxau6:amd64.
#6 10.25 Preparing to unpack .../67-libxau6_1%3a1.0.9-1_amd64.deb ...
#6 10.25 Unpacking libxau6:amd64 (1:1.0.9-1) ...
#6 10.27 Selecting previously unselected package libmd0:amd64.
#6 10.27 Preparing to unpack .../68-libmd0_1.0.3-3_amd64.deb ...
#6 10.27 Unpacking libmd0:amd64 (1.0.3-3) ...
#6 10.29 Selecting previously unselected package libbsd0:amd64.
#6 10.29 Preparing to unpack .../69-libbsd0_0.11.3-1_amd64.deb ...
#6 10.29 Unpacking libbsd0:amd64 (0.11.3-1) ...
#6 10.32 Selecting previously unselected package libxdmcp6:amd64.
#6 10.32 Preparing to unpack .../70-libxdmcp6_1%3a1.1.2-3_amd64.deb ...
#6 10.32 Unpacking libxdmcp6:amd64 (1:1.1.2-3) ...
#6 10.46 Selecting previously unselected package libxcb1:amd64.
#6 10.46 Preparing to unpack .../71-libxcb1_1.14-3_amd64.deb ...
#6 10.46 Unpacking libxcb1:amd64 (1.14-3) ...
#6 10.49 Selecting previously unselected package libx11-data.
#6 10.49 Preparing to unpack .../72-libx11-data_2%3a1.7.2-1_all.deb ...
#6 10.49 Unpacking libx11-data (2:1.7.2-1) ...
#6 10.55 Selecting previously unselected package libx11-6:amd64.
#6 10.55 Preparing to unpack .../73-libx11-6_2%3a1.7.2-1_amd64.deb ...
#6 10.55 Unpacking libx11-6:amd64 (2:1.7.2-1) ...
#6 10.63 Selecting previously unselected package libxext6:amd64.
#6 10.63 Preparing to unpack .../74-libxext6_2%3a1.3.3-1.1_amd64.deb ...
#6 10.63 Unpacking libxext6:amd64 (2:1.3.3-1.1) ...
#6 10.65 Selecting previously unselected package imagemagick-6-common.
#6 10.65 Preparing to unpack .../75-imagemagick-6-common_8%3a6.9.11.60+dfsg-1.3+deb11u1_all.deb ...
#6 10.65 Unpacking imagemagick-6-common (8:6.9.11.60+dfsg-1.3+deb11u1) ...
#6 10.68 Selecting previously unselected package libmagickcore-6.q16-6:amd64.
#6 10.68 Preparing to unpack .../76-libmagickcore-6.q16-6_8%3a6.9.11.60+dfsg-1.3+deb11u1_amd64.deb ...
#6 10.68 Unpacking libmagickcore-6.q16-6:amd64 (8:6.9.11.60+dfsg-1.3+deb11u1) ...
#6 10.84 Selecting previously unselected package libmagickwand-6.q16-6:amd64.
#6 10.84 Preparing to unpack .../77-libmagickwand-6.q16-6_8%3a6.9.11.60+dfsg-1.3+deb11u1_amd64.deb ...
#6 10.84 Unpacking libmagickwand-6.q16-6:amd64 (8:6.9.11.60+dfsg-1.3+deb11u1) ...
#6 10.88 Selecting previously unselected package psmisc.
#6 10.88 Preparing to unpack .../78-psmisc_23.4-2_amd64.deb ...
#6 10.89 Unpacking psmisc (23.4-2) ...
#6 10.92 Selecting previously unselected package php-common.
#6 10.92 Preparing to unpack .../79-php-common_2%3a76_all.deb ...
#6 10.92 Unpacking php-common (2:76) ...
#6 10.94 Selecting previously unselected package libedit2:amd64.
#6 10.95 Preparing to unpack .../80-libedit2_3.1-20191231-2+b1_amd64.deb ...
#6 10.95 Unpacking libedit2:amd64 (3.1-20191231-2+b1) ...
#6 10.97 Selecting previously unselected package libmagic-mgc.
#6 10.97 Preparing to unpack .../81-libmagic-mgc_1%3a5.39-3_amd64.deb ...
#6 10.97 Unpacking libmagic-mgc (1:5.39-3) ...
#6 11.04 Selecting previously unselected package libmagic1:amd64.
#6 11.04 Preparing to unpack .../82-libmagic1_1%3a5.39-3_amd64.deb ...
#6 11.04 Unpacking libmagic1:amd64 (1:5.39-3) ...
#6 11.07 Selecting previously unselected package php7.4-common.
#6 11.07 Preparing to unpack .../83-php7.4-common_7.4.33-1+deb11u3_amd64.deb ...
#6 11.09 Unpacking php7.4-common (7.4.33-1+deb11u3) ...
#6 11.18 Selecting previously unselected package php7.4-json.
#6 11.19 Preparing to unpack .../84-php7.4-json_7.4.33-1+deb11u3_amd64.deb ...
#6 11.19 Unpacking php7.4-json (7.4.33-1+deb11u3) ...
#6 11.21 Selecting previously unselected package php7.4-opcache.
#6 11.21 Preparing to unpack .../85-php7.4-opcache_7.4.33-1+deb11u3_amd64.deb ...
#6 11.22 Unpacking php7.4-opcache (7.4.33-1+deb11u3) ...
#6 11.26 Selecting previously unselected package php7.4-readline.
#6 11.26 Preparing to unpack .../86-php7.4-readline_7.4.33-1+deb11u3_amd64.deb ...
#6 11.26 Unpacking php7.4-readline (7.4.33-1+deb11u3) ...
#6 11.28 Selecting previously unselected package libargon2-1:amd64.
#6 11.28 Preparing to unpack .../87-libargon2-1_0~20171227-0.2_amd64.deb ...
#6 11.28 Unpacking libargon2-1:amd64 (0~20171227-0.2) ...
#6 11.30 Selecting previously unselected package libsodium23:amd64.
#6 11.30 Preparing to unpack .../88-libsodium23_1.0.18-1_amd64.deb ...
#6 11.30 Unpacking libsodium23:amd64 (1.0.18-1) ...
#6 11.34 Selecting previously unselected package php7.4-cli.
#6 11.34 Preparing to unpack .../89-php7.4-cli_7.4.33-1+deb11u3_amd64.deb ...
#6 11.34 Unpacking php7.4-cli (7.4.33-1+deb11u3) ...
#6 11.48 Selecting previously unselected package libapache2-mod-php7.4.
#6 11.48 Preparing to unpack .../90-libapache2-mod-php7.4_7.4.33-1+deb11u3_amd64.deb ...
#6 11.48 Unpacking libapache2-mod-php7.4 (7.4.33-1+deb11u3) ...
#6 11.62 Setting up psmisc (23.4-2) ...
#6 11.63 Setting up php-common (2:76) ...
#6 11.80 Selecting previously unselected package php-imagick.
#6 11.80 (Reading database ... (Reading database ... 5%(Reading database ... 10%(Reading database ... 15%(Reading database ... 20%(Reading database ... 25%(Reading database ... 30%(Reading database ... 35%(Reading database ... 40%(Reading database ... 45%(Reading database ... 50%(Reading database ... 55%(Reading database ... 60%(Reading database ... 65%(Reading database ... 70%(Reading database ... 75%(Reading database ... 80%(Reading database ... 85%(Reading database ... 90%(Reading database ... 95%(Reading database ... 100%(Reading database ... 11079 files and directories currently installed.)
#6 11.81 Preparing to unpack .../000-php-imagick_3.4.4+php8.0+3.4.4-2+deb11u2_amd64.deb ...
#6 11.81 Unpacking php-imagick (3.4.4+php8.0+3.4.4-2+deb11u2) ...
#6 11.84 Selecting previously unselected package poppler-data.
#6 11.85 Preparing to unpack .../001-poppler-data_0.4.10-1_all.deb ...
#6 11.85 Unpacking poppler-data (0.4.10-1) ...
#6 12.10 Selecting previously unselected package less.
#6 12.10 Preparing to unpack .../002-less_551-2_amd64.deb ...
#6 12.10 Unpacking less (551-2) ...
#6 12.13 Selecting previously unselected package netbase.
#6 12.14 Preparing to unpack .../003-netbase_6.3_all.deb ...
#6 12.14 Unpacking netbase (6.3) ...
#6 12.16 Selecting previously unselected package bzip2.
#6 12.16 Preparing to unpack .../004-bzip2_1.0.8-4_amd64.deb ...
#6 12.16 Unpacking bzip2 (1.0.8-4) ...
#6 12.18 Selecting previously unselected package openssl.
#6 12.18 Preparing to unpack .../005-openssl_1.1.1n-0+deb11u4_amd64.deb ...
#6 12.18 Unpacking openssl (1.1.1n-0+deb11u4) ...
#6 12.27 Selecting previously unselected package ca-certificates.
#6 12.27 Preparing to unpack .../006-ca-certificates_20210119_all.deb ...
#6 12.27 Unpacking ca-certificates (20210119) ...
#6 12.31 Selecting previously unselected package file.
#6 12.31 Preparing to unpack .../007-file_1%3a5.39-3_amd64.deb ...
#6 12.31 Unpacking file (1:5.39-3) ...
#6 12.33 Selecting previously unselected package libcbor0:amd64.
#6 12.33 Preparing to unpack .../008-libcbor0_0.5.0+dfsg-2_amd64.deb ...
#6 12.33 Unpacking libcbor0:amd64 (0.5.0+dfsg-2) ...
#6 12.36 Selecting previously unselected package libfido2-1:amd64.
#6 12.36 Preparing to unpack .../009-libfido2-1_1.6.0-2_amd64.deb ...
#6 12.36 Unpacking libfido2-1:amd64 (1.6.0-2) ...
#6 12.39 Selecting previously unselected package openssh-client.
#6 12.39 Preparing to unpack .../010-openssh-client_1%3a8.4p1-5+deb11u1_amd64.deb ...
#6 12.40 Unpacking openssh-client (1:8.4p1-5+deb11u1) ...
#6 12.49 Selecting previously unselected package xz-utils.
#6 12.49 Preparing to unpack .../011-xz-utils_5.2.5-2.1~deb11u1_amd64.deb ...
#6 12.49 Unpacking xz-utils (5.2.5-2.1~deb11u1) ...
#6 12.52 Selecting previously unselected package fontconfig.
#6 12.53 Preparing to unpack .../012-fontconfig_2.13.1-4.2_amd64.deb ...
#6 12.53 Unpacking fontconfig (2.13.1-4.2) ...
#6 12.56 Selecting previously unselected package fonts-noto-mono.
#6 12.56 Preparing to unpack .../013-fonts-noto-mono_20201225-1_all.deb ...
#6 12.56 Unpacking fonts-noto-mono (20201225-1) ...
#6 12.61 Selecting previously unselected package libgs9-common.
#6 12.61 Preparing to unpack .../014-libgs9-common_9.53.3~dfsg-7+deb11u2_all.deb ...
#6 12.61 Unpacking libgs9-common (9.53.3~dfsg-7+deb11u2) ...
#6 12.73 Selecting previously unselected package libavahi-common-data:amd64.
#6 12.73 Preparing to unpack .../015-libavahi-common-data_0.8-5+deb11u1_amd64.deb ...
#6 12.73 Unpacking libavahi-common-data:amd64 (0.8-5+deb11u1) ...
#6 12.77 Selecting previously unselected package libavahi-common3:amd64.
#6 12.77 Preparing to unpack .../016-libavahi-common3_0.8-5+deb11u1_amd64.deb ...
#6 12.77 Unpacking libavahi-common3:amd64 (0.8-5+deb11u1) ...
#6 12.80 Selecting previously unselected package libavahi-client3:amd64.
#6 12.80 Preparing to unpack .../017-libavahi-client3_0.8-5+deb11u1_amd64.deb ...
#6 12.80 Unpacking libavahi-client3:amd64 (0.8-5+deb11u1) ...
#6 12.82 Selecting previously unselected package libcups2:amd64.
#6 12.82 Preparing to unpack .../018-libcups2_2.3.3op2-3+deb11u2_amd64.deb ...
#6 12.83 Unpacking libcups2:amd64 (2.3.3op2-3+deb11u2) ...
#6 12.87 Selecting previously unselected package libidn11:amd64.
#6 12.87 Preparing to unpack .../019-libidn11_1.33-3_amd64.deb ...
#6 12.87 Unpacking libidn11:amd64 (1.33-3) ...
#6 12.90 Selecting previously unselected package libijs-0.35:amd64.
#6 12.90 Preparing to unpack .../020-libijs-0.35_0.35-15_amd64.deb ...
#6 12.90 Unpacking libijs-0.35:amd64 (0.35-15) ...
#6 12.92 Selecting previously unselected package libjbig2dec0:amd64.
#6 12.92 Preparing to unpack .../021-libjbig2dec0_0.19-2_amd64.deb ...
#6 12.92 Unpacking libjbig2dec0:amd64 (0.19-2) ...
#6 12.94 Selecting previously unselected package libpaper1:amd64.
#6 12.95 Preparing to unpack .../022-libpaper1_1.1.28+b1_amd64.deb ...
#6 12.95 Unpacking libpaper1:amd64 (1.1.28+b1) ...
#6 12.97 Selecting previously unselected package libgs9:amd64.
#6 12.97 Preparing to unpack .../023-libgs9_9.53.3~dfsg-7+deb11u2_amd64.deb ...
#6 12.97 Unpacking libgs9:amd64 (9.53.3~dfsg-7+deb11u2) ...
#6 13.21 Selecting previously unselected package ghostscript.
#6 13.21 Preparing to unpack .../024-ghostscript_9.53.3~dfsg-7+deb11u2_amd64.deb ...
#6 13.21 Unpacking ghostscript (9.53.3~dfsg-7+deb11u2) ...
#6 13.24 Selecting previously unselected package libcurl3-gnutls:amd64.
#6 13.24 Preparing to unpack .../025-libcurl3-gnutls_7.74.0-1.3+deb11u7_amd64.deb ...
#6 13.24 Unpacking libcurl3-gnutls:amd64 (7.74.0-1.3+deb11u7) ...
#6 13.28 Selecting previously unselected package liberror-perl.
#6 13.28 Preparing to unpack .../026-liberror-perl_0.17029-1_all.deb ...
#6 13.28 Unpacking liberror-perl (0.17029-1) ...
#6 13.30 Selecting previously unselected package git-man.
#6 13.30 Preparing to unpack .../027-git-man_1%3a2.30.2-1+deb11u2_all.deb ...
#6 13.30 Unpacking git-man (1:2.30.2-1+deb11u2) ...
#6 13.40 Selecting previously unselected package git.
#6 13.40 Preparing to unpack .../028-git_1%3a2.30.2-1+deb11u2_amd64.deb ...
#6 13.42 Unpacking git (1:2.30.2-1+deb11u2) ...
#6 13.94 Selecting previously unselected package gsfonts.
#6 13.95 Preparing to unpack .../029-gsfonts_1%3a8.11+urwcyr1.0.7~pre44-4.5_all.deb ...
#6 13.95 Unpacking gsfonts (1:8.11+urwcyr1.0.7~pre44-4.5) ...
#6 14.13 Selecting previously unselected package javascript-common.
#6 14.14 Preparing to unpack .../030-javascript-common_11+nmu1_all.deb ...
#6 14.14 Unpacking javascript-common (11+nmu1) ...
#6 14.16 Selecting previously unselected package libpixman-1-0:amd64.
#6 14.16 Preparing to unpack .../031-libpixman-1-0_0.40.0-1.1~deb11u1_amd64.deb ...
#6 14.17 Unpacking libpixman-1-0:amd64 (0.40.0-1.1~deb11u1) ...
#6 14.21 Selecting previously unselected package libxcb-render0:amd64.
#6 14.21 Preparing to unpack .../032-libxcb-render0_1.14-3_amd64.deb ...
#6 14.22 Unpacking libxcb-render0:amd64 (1.14-3) ...
#6 14.24 Selecting previously unselected package libxcb-shm0:amd64.
#6 14.24 Preparing to unpack .../033-libxcb-shm0_1.14-3_amd64.deb ...
#6 14.24 Unpacking libxcb-shm0:amd64 (1.14-3) ...
#6 14.26 Selecting previously unselected package libxrender1:amd64.
#6 14.27 Preparing to unpack .../034-libxrender1_1%3a0.9.10-1_amd64.deb ...
#6 14.27 Unpacking libxrender1:amd64 (1:0.9.10-1) ...
#6 14.29 Selecting previously unselected package libcairo2:amd64.
#6 14.29 Preparing to unpack .../035-libcairo2_1.16.0-5_amd64.deb ...
#6 14.29 Unpacking libcairo2:amd64 (1.16.0-5) ...
#6 14.35 Selecting previously unselected package libdatrie1:amd64.
#6 14.35 Preparing to unpack .../036-libdatrie1_0.2.13-1_amd64.deb ...
#6 14.36 Unpacking libdatrie1:amd64 (0.2.13-1) ...
#6 14.38 Selecting previously unselected package libdjvulibre-text.
#6 14.38 Preparing to unpack .../037-libdjvulibre-text_3.5.28-2_all.deb ...
#6 14.38 Unpacking libdjvulibre-text (3.5.28-2) ...
#6 14.40 Selecting previously unselected package libdjvulibre21:amd64.
#6 14.40 Preparing to unpack .../038-libdjvulibre21_3.5.28-2_amd64.deb ...
#6 14.40 Unpacking libdjvulibre21:amd64 (3.5.28-2) ...
#6 14.47 Selecting previously unselected package libfribidi0:amd64.
#6 14.47 Preparing to unpack .../039-libfribidi0_1.0.8-2+deb11u1_amd64.deb ...
#6 14.47 Unpacking libfribidi0:amd64 (1.0.8-2+deb11u1) ...
#6 14.49 Selecting previously unselected package libxpm4:amd64.
#6 14.49 Preparing to unpack .../040-libxpm4_1%3a3.5.12-1_amd64.deb ...
#6 14.50 Unpacking libxpm4:amd64 (1:3.5.12-1) ...
#6 14.52 Selecting previously unselected package libgd3:amd64.
#6 14.52 Preparing to unpack .../041-libgd3_2.3.0-2_amd64.deb ...
#6 14.52 Unpacking libgd3:amd64 (2.3.0-2) ...
#6 14.55 Selecting previously unselected package libglib2.0-data.
#6 14.55 Preparing to unpack .../042-libglib2.0-data_2.66.8-1_all.deb ...
#6 14.56 Unpacking libglib2.0-data (2.66.8-1) ...
#6 14.69 Selecting previously unselected package libgpm2:amd64.
#6 14.69 Preparing to unpack .../043-libgpm2_1.20.7-8_amd64.deb ...
#6 14.69 Unpacking libgpm2:amd64 (1.20.7-8) ...
#6 14.71 Selecting previously unselected package libgraphite2-3:amd64.
#6 14.72 Preparing to unpack .../044-libgraphite2-3_1.3.14-1_amd64.deb ...
#6 14.72 Unpacking libgraphite2-3:amd64 (1.3.14-1) ...
#6 14.74 Selecting previously unselected package libharfbuzz0b:amd64.
#6 14.74 Preparing to unpack .../045-libharfbuzz0b_2.7.4-1_amd64.deb ...
#6 14.75 Unpacking libharfbuzz0b:amd64 (2.7.4-1) ...
#6 14.80 Selecting previously unselected package libilmbase25:amd64.
#6 14.81 Preparing to unpack .../046-libilmbase25_2.5.4-1_amd64.deb ...
#6 14.81 Unpacking libilmbase25:amd64 (2.5.4-1) ...
#6 14.85 Selecting previously unselected package libjs-popper.js.
#6 14.85 Preparing to unpack .../047-libjs-popper.js_1.16.1+ds-3_all.deb ...
#6 14.85 Unpacking libjs-popper.js (1.16.1+ds-3) ...
#6 14.88 Selecting previously unselected package libjs-bootstrap4.
#6 14.89 Preparing to unpack .../048-libjs-bootstrap4_4.5.2+dfsg1-8~deb11u1_all.deb ...
#6 14.89 Unpacking libjs-bootstrap4 (4.5.2+dfsg1-8~deb11u1) ...
#6 15.09 Selecting previously unselected package libjs-d3.
#6 15.09 Preparing to unpack .../049-libjs-d3_3.5.17-4_all.deb ...
#6 15.10 Unpacking libjs-d3 (3.5.17-4) ...
#6 15.13 Selecting previously unselected package libjs-jquery.
#6 15.13 Preparing to unpack .../050-libjs-jquery_3.5.1+dfsg+~3.5.5-7_all.deb ...
#6 15.14 Unpacking libjs-jquery (3.5.1+dfsg+~3.5.5-7) ...
#6 15.18 Selecting previously unselected package libjs-sizzle.
#6 15.18 Preparing to unpack .../051-libjs-sizzle_2.3.5+ds-2_all.deb ...
#6 15.19 Unpacking libjs-sizzle (2.3.5+ds-2) ...
#6 15.29 Selecting previously unselected package libjxr0:amd64.
#6 15.29 Preparing to unpack .../052-libjxr0_1.1-6+b1_amd64.deb ...
#6 15.34 Unpacking libjxr0:amd64 (1.1-6+b1) ...
#6 15.38 Selecting previously unselected package libjxr-tools.
#6 15.38 Preparing to unpack .../053-libjxr-tools_1.1-6+b1_amd64.deb ...
#6 15.38 Unpacking libjxr-tools (1.1-6+b1) ...
#6 15.40 Selecting previously unselected package libldap-common.
#6 15.40 Preparing to unpack .../054-libldap-common_2.4.57+dfsg-3+deb11u1_all.deb ...
#6 15.40 Unpacking libldap-common (2.4.57+dfsg-3+deb11u1) ...
#6 15.43 Selecting previously unselected package libopenexr25:amd64.
#6 15.44 Preparing to unpack .../055-libopenexr25_2.5.4-2+deb11u1_amd64.deb ...
#6 15.44 Unpacking libopenexr25:amd64 (2.5.4-2+deb11u1) ...
#6 15.52 Selecting previously unselected package libthai-data.
#6 15.53 Preparing to unpack .../056-libthai-data_0.1.28-3_all.deb ...
#6 15.53 Unpacking libthai-data (0.1.28-3) ...
#6 15.56 Selecting previously unselected package libthai0:amd64.
#6 15.56 Preparing to unpack .../057-libthai0_0.1.28-3_amd64.deb ...
#6 15.57 Unpacking libthai0:amd64 (0.1.28-3) ...
#6 15.59 Selecting previously unselected package libpango-1.0-0:amd64.
#6 15.59 Preparing to unpack .../058-libpango-1.0-0_1.46.2-3_amd64.deb ...
#6 15.59 Unpacking libpango-1.0-0:amd64 (1.46.2-3) ...
#6 15.63 Selecting previously unselected package libpangoft2-1.0-0:amd64.
#6 15.63 Preparing to unpack .../059-libpangoft2-1.0-0_1.46.2-3_amd64.deb ...
#6 15.64 Unpacking libpangoft2-1.0-0:amd64 (1.46.2-3) ...
#6 15.66 Selecting previously unselected package libpangocairo-1.0-0:amd64.
#6 15.66 Preparing to unpack .../060-libpangocairo-1.0-0_1.46.2-3_amd64.deb ...
#6 15.66 Unpacking libpangocairo-1.0-0:amd64 (1.46.2-3) ...
#6 15.69 Selecting previously unselected package libwmf0.2-7:amd64.
#6 15.69 Preparing to unpack .../061-libwmf0.2-7_0.2.8.4-17_amd64.deb ...
#6 15.69 Unpacking libwmf0.2-7:amd64 (0.2.8.4-17) ...
#6 15.72 Selecting previously unselected package libmagickcore-6.q16-6-extra:amd64.
#6 15.72 Preparing to unpack .../062-libmagickcore-6.q16-6-extra_8%3a6.9.11.60+dfsg-1.3+deb11u1_amd64.deb ...
#6 15.72 Unpacking libmagickcore-6.q16-6-extra:amd64 (8:6.9.11.60+dfsg-1.3+deb11u1) ...
#6 15.75 Selecting previously unselected package libonig5:amd64.
#6 15.75 Preparing to unpack .../063-libonig5_6.9.6-1.1_amd64.deb ...
#6 15.75 Unpacking libonig5:amd64 (6.9.6-1.1) ...
#6 15.78 Selecting previously unselected package libpaper-utils.
#6 15.78 Preparing to unpack .../064-libpaper-utils_1.1.28+b1_amd64.deb ...
#6 15.79 Unpacking libpaper-utils (1.1.28+b1) ...
#6 15.80 Selecting previously unselected package libsasl2-modules:amd64.
#6 15.81 Preparing to unpack .../065-libsasl2-modules_2.1.27+dfsg-2.1+deb11u1_amd64.deb ...
#6 15.81 Unpacking libsasl2-modules:amd64 (2.1.27+dfsg-2.1+deb11u1) ...
#6 15.83 Selecting previously unselected package libxmuu1:amd64.
#6 15.83 Preparing to unpack .../066-libxmuu1_2%3a1.1.2-2+b3_amd64.deb ...
#6 15.84 Unpacking libxmuu1:amd64 (2:1.1.2-2+b3) ...
#6 15.86 Selecting previously unselected package libxslt1.1:amd64.
#6 15.86 Preparing to unpack .../067-libxslt1.1_1.1.34-4+deb11u1_amd64.deb ...
#6 15.86 Unpacking libxslt1.1:amd64 (1.1.34-4+deb11u1) ...
#6 15.89 Selecting previously unselected package libzip4:amd64.
#6 15.89 Preparing to unpack .../068-libzip4_1.7.3-1_amd64.deb ...
#6 15.90 Unpacking libzip4:amd64 (1.7.3-1) ...
#6 15.92 Selecting previously unselected package node-jquery.
#6 15.92 Preparing to unpack .../069-node-jquery_3.5.1+dfsg+~3.5.5-7_all.deb ...
#6 15.92 Unpacking node-jquery (3.5.1+dfsg+~3.5.5-7) ...
#6 15.95 Selecting previously unselected package patch.
#6 15.95 Preparing to unpack .../070-patch_2.7.6-7_amd64.deb ...
#6 15.95 Unpacking patch (2.7.6-7) ...
#6 15.97 Selecting previously unselected package php7.4.
#6 15.97 Preparing to unpack .../071-php7.4_7.4.33-1+deb11u3_all.deb ...
#6 15.97 Unpacking php7.4 (7.4.33-1+deb11u3) ...
#6 15.99 Selecting previously unselected package php.
#6 15.99 Preparing to unpack .../072-php_2%3a7.4+76_all.deb ...
#6 15.99 Unpacking php (2:7.4+76) ...
#6 16.01 Selecting previously unselected package php7.4-xml.
#6 16.01 Preparing to unpack .../073-php7.4-xml_7.4.33-1+deb11u3_amd64.deb ...
#6 16.02 Unpacking php7.4-xml (7.4.33-1+deb11u3) ...
#6 16.04 Selecting previously unselected package php-xml.
#6 16.04 Preparing to unpack .../074-php-xml_2%3a7.4+76_all.deb ...
#6 16.04 Unpacking php-xml (2:7.4+76) ...
#6 16.06 Selecting previously unselected package php-parser.
#6 16.06 Preparing to unpack .../075-php-parser_4.10.4-1_all.deb ...
#6 16.06 Unpacking php-parser (4.10.4-1) ...
#6 16.11 Selecting previously unselected package php-file-iterator.
#6 16.11 Preparing to unpack .../076-php-file-iterator_3.0.5-2_all.deb ...
#6 16.11 Unpacking php-file-iterator (3.0.5-2) ...
#6 16.13 Selecting previously unselected package php-text-template.
#6 16.13 Preparing to unpack .../077-php-text-template_2.0.4-1_all.deb ...
#6 16.13 Unpacking php-text-template (2.0.4-1) ...
#6 16.15 Selecting previously unselected package phpunit-code-unit-reverse-lookup.
#6 16.15 Preparing to unpack .../078-phpunit-code-unit-reverse-lookup_2.0.3-2_all.deb ...
#6 16.15 Unpacking phpunit-code-unit-reverse-lookup (2.0.3-2) ...
#6 16.17 Selecting previously unselected package phpunit-complexity.
#6 16.17 Preparing to unpack .../079-phpunit-complexity_2.0.2-1_all.deb ...
#6 16.17 Unpacking phpunit-complexity (2.0.2-1) ...
#6 16.19 Selecting previously unselected package phpunit-environment.
#6 16.19 Preparing to unpack .../080-phpunit-environment_5.1.3-2_all.deb ...
#6 16.19 Unpacking phpunit-environment (5.1.3-2) ...
#6 16.21 Selecting previously unselected package phpunit-lines-of-code.
#6 16.21 Preparing to unpack .../081-phpunit-lines-of-code_1.0.3-1_all.deb ...
#6 16.21 Unpacking phpunit-lines-of-code (1.0.3-1) ...
#6 16.23 Selecting previously unselected package phpunit-version.
#6 16.23 Preparing to unpack .../082-phpunit-version_3.0.2-2_all.deb ...
#6 16.23 Unpacking phpunit-version (3.0.2-2) ...
#6 16.25 Selecting previously unselected package php-tokenizer.
#6 16.25 Preparing to unpack .../083-php-tokenizer_1.2.0-1_all.deb ...
#6 16.25 Unpacking php-tokenizer (1.2.0-1) ...
#6 16.28 Selecting previously unselected package php-codecoverage.
#6 16.28 Preparing to unpack .../084-php-codecoverage_9.2.5+dfsg-3_all.deb ...
#6 16.28 Unpacking php-codecoverage (9.2.5+dfsg-3) ...
#6 16.32 Selecting previously unselected package php7.4-curl.
#6 16.32 Preparing to unpack .../085-php7.4-curl_7.4.33-1+deb11u3_amd64.deb ...
#6 16.33 Unpacking php7.4-curl (7.4.33-1+deb11u3) ...
#6 16.35 Selecting previously unselected package php-curl.
#6 16.35 Preparing to unpack .../086-php-curl_2%3a7.4+76_all.deb ...
#6 16.35 Unpacking php-curl (2:7.4+76) ...
#6 16.36 Selecting previously unselected package php-deepcopy.
#6 16.36 Preparing to unpack .../087-php-deepcopy_1.10.2-3_all.deb ...
#6 16.36 Unpacking php-deepcopy (1.10.2-3) ...
#6 16.38 Selecting previously unselected package php-doctrine-instantiator.
#6 16.39 Preparing to unpack .../088-php-doctrine-instantiator_1.4.0-1_all.deb ...
#6 16.39 Unpacking php-doctrine-instantiator (1.4.0-1) ...
#6 16.41 Selecting previously unselected package php7.4-gd.
#6 16.41 Preparing to unpack .../089-php7.4-gd_7.4.33-1+deb11u3_amd64.deb ...
#6 16.41 Unpacking php7.4-gd (7.4.33-1+deb11u3) ...
#6 16.43 Selecting previously unselected package php-gd.
#6 16.43 Preparing to unpack .../090-php-gd_2%3a7.4+76_all.deb ...
#6 16.43 Unpacking php-gd (2:7.4+76) ...
#6 16.45 Selecting previously unselected package php7.4-intl.
#6 16.45 Preparing to unpack .../091-php7.4-intl_7.4.33-1+deb11u3_amd64.deb ...
#6 16.46 Unpacking php7.4-intl (7.4.33-1+deb11u3) ...
#6 16.48 Selecting previously unselected package php-intl.
#6 16.48 Preparing to unpack .../092-php-intl_2%3a7.4+76_all.deb ...
#6 16.49 Unpacking php-intl (2:7.4+76) ...
#6 16.50 Selecting previously unselected package php-invoker.
#6 16.50 Preparing to unpack .../093-php-invoker_3.1.1-2_all.deb ...
#6 16.50 Unpacking php-invoker (3.1.1-2) ...
#6 16.53 Selecting previously unselected package php7.4-mbstring.
#6 16.53 Preparing to unpack .../094-php7.4-mbstring_7.4.33-1+deb11u3_amd64.deb ...
#6 16.53 Unpacking php7.4-mbstring (7.4.33-1+deb11u3) ...
#6 16.58 Selecting previously unselected package php-mbstring.
#6 16.58 Preparing to unpack .../095-php-mbstring_2%3a7.4+76_all.deb ...
#6 16.58 Unpacking php-mbstring (2:7.4+76) ...
#6 16.60 Selecting previously unselected package php-phar-io-version.
#6 16.60 Preparing to unpack .../096-php-phar-io-version_3.0.4-1_all.deb ...
#6 16.60 Unpacking php-phar-io-version (3.0.4-1) ...
#6 16.62 Selecting previously unselected package php-phar-io-manifest.
#6 16.62 Preparing to unpack .../097-php-phar-io-manifest_2.0.1-2_all.deb ...
#6 16.62 Unpacking php-phar-io-manifest (2.0.1-2) ...
#6 16.64 Selecting previously unselected package php-phpdocumentor-reflection-common.
#6 16.64 Preparing to unpack .../098-php-phpdocumentor-reflection-common_2.2.0-1_all.deb ...
#6 16.64 Unpacking php-phpdocumentor-reflection-common (2.2.0-1) ...
#6 16.66 Selecting previously unselected package php-phpdocumentor-type-resolver.
#6 16.66 Preparing to unpack .../099-php-phpdocumentor-type-resolver_1.4.0-2_all.deb ...
#6 16.67 Unpacking php-phpdocumentor-type-resolver (1.4.0-2) ...
#6 16.69 Selecting previously unselected package php-webmozart-assert.
#6 16.69 Preparing to unpack .../100-php-webmozart-assert_1.9.1-2_all.deb ...
#6 16.69 Unpacking php-webmozart-assert (1.9.1-2) ...
#6 16.71 Selecting previously unselected package php-phpdocumentor-reflection-docblock.
#6 16.71 Preparing to unpack .../101-php-phpdocumentor-reflection-docblock_5.2.2-1_all.deb ...
#6 16.71 Unpacking php-phpdocumentor-reflection-docblock (5.2.2-1) ...
#6 16.73 Selecting previously unselected package phpunit-diff.
#6 16.73 Preparing to unpack .../102-phpunit-diff_4.0.4-1_all.deb ...
#6 16.73 Unpacking phpunit-diff (4.0.4-1) ...
#6 16.75 Selecting previously unselected package phpunit-recursion-context.
#6 16.75 Preparing to unpack .../103-phpunit-recursion-context_4.0.4-1_all.deb ...
#6 16.76 Unpacking phpunit-recursion-context (4.0.4-1) ...
#6 16.77 Selecting previously unselected package phpunit-exporter.
#6 16.77 Preparing to unpack .../104-phpunit-exporter_4.0.3-2_all.deb ...
#6 16.78 Unpacking phpunit-exporter (4.0.3-2) ...
#6 16.79 Selecting previously unselected package phpunit-comparator.
#6 16.79 Preparing to unpack .../105-phpunit-comparator_4.0.6-1_all.deb ...
#6 16.79 Unpacking phpunit-comparator (4.0.6-1) ...
#6 16.81 Selecting previously unselected package php-phpspec-prophecy.
#6 16.81 Preparing to unpack .../106-php-phpspec-prophecy_1.12.2-1_all.deb ...
#6 16.81 Unpacking php-phpspec-prophecy (1.12.2-1) ...
#6 16.85 Selecting previously unselected package php7.4-sqlite3.
#6 16.85 Preparing to unpack .../107-php7.4-sqlite3_7.4.33-1+deb11u3_amd64.deb ...
#6 16.86 Unpacking php7.4-sqlite3 (7.4.33-1+deb11u3) ...
#6 16.88 Selecting previously unselected package php-sqlite3.
#6 16.88 Preparing to unpack .../108-php-sqlite3_2%3a7.4+76_all.deb ...
#6 16.88 Unpacking php-sqlite3 (2:7.4+76) ...
#6 16.90 Selecting previously unselected package php-timer.
#6 16.90 Preparing to unpack .../109-php-timer_5.0.3-2_all.deb ...
#6 16.90 Unpacking php-timer (5.0.3-2) ...
#6 16.92 Selecting previously unselected package php7.4-zip.
#6 16.92 Preparing to unpack .../110-php7.4-zip_7.4.33-1+deb11u3_amd64.deb ...
#6 16.92 Unpacking php7.4-zip (7.4.33-1+deb11u3) ...
#6 16.94 Selecting previously unselected package php-zip.
#6 16.94 Preparing to unpack .../111-php-zip_2%3a7.4+76_all.deb ...
#6 16.95 Unpacking php-zip (2:7.4+76) ...
#6 16.96 Selecting previously unselected package phpunit-cli-parser.
#6 16.96 Preparing to unpack .../112-phpunit-cli-parser_1.0.1-1_all.deb ...
#6 16.96 Unpacking phpunit-cli-parser (1.0.1-1) ...
#6 16.98 Selecting previously unselected package phpunit-code-unit.
#6 16.98 Preparing to unpack .../113-phpunit-code-unit_1.0.8-1_all.deb ...
#6 16.98 Unpacking phpunit-code-unit (1.0.8-1) ...
#6 17.00 Selecting previously unselected package phpunit-object-reflector.
#6 17.00 Preparing to unpack .../114-phpunit-object-reflector_2.0.4-1_all.deb ...
#6 17.00 Unpacking phpunit-object-reflector (2.0.4-1) ...
#6 17.02 Selecting previously unselected package phpunit-global-state.
#6 17.02 Preparing to unpack .../115-phpunit-global-state_5.0.2-1_all.deb ...
#6 17.02 Unpacking phpunit-global-state (5.0.2-1) ...
#6 17.04 Selecting previously unselected package phpunit-object-enumerator.
#6 17.04 Preparing to unpack .../116-phpunit-object-enumerator_4.0.4-1_all.deb ...
#6 17.04 Unpacking phpunit-object-enumerator (4.0.4-1) ...
#6 17.06 Selecting previously unselected package phpunit-resource-operations.
#6 17.06 Preparing to unpack .../117-phpunit-resource-operations_3.0.3-2_all.deb ...
#6 17.06 Unpacking phpunit-resource-operations (3.0.3-2) ...
#6 17.07 Selecting previously unselected package phpunit-type.
#6 17.07 Preparing to unpack .../118-phpunit-type_2.3.1-1_all.deb ...
#6 17.08 Unpacking phpunit-type (2.3.1-1) ...
#6 17.10 Selecting previously unselected package phpunit.
#6 17.10 Preparing to unpack .../119-phpunit_9.5.2-1_all.deb ...
#6 17.10 Unpacking phpunit (9.5.2-1) ...
#6 17.16 Selecting previously unselected package publicsuffix.
#6 17.16 Preparing to unpack .../120-publicsuffix_20220811.1734-0+deb11u1_all.deb ...
#6 17.16 Unpacking publicsuffix (20220811.1734-0+deb11u1) ...
#6 17.20 Selecting previously unselected package shared-mime-info.
#6 17.20 Preparing to unpack .../121-shared-mime-info_2.0-1_amd64.deb ...
#6 17.20 Unpacking shared-mime-info (2.0-1) ...
#6 17.30 Selecting previously unselected package ssl-cert.
#6 17.30 Preparing to unpack .../122-ssl-cert_1.1.0+nmu1_all.deb ...
#6 17.30 Unpacking ssl-cert (1.1.0+nmu1) ...
#6 17.32 Selecting previously unselected package xauth.
#6 17.32 Preparing to unpack .../123-xauth_1%3a1.1-1_amd64.deb ...
#6 17.32 Unpacking xauth (1:1.1-1) ...
#6 17.35 Selecting previously unselected package xdg-user-dirs.
#6 17.35 Preparing to unpack .../124-xdg-user-dirs_0.17-2_amd64.deb ...
#6 17.35 Unpacking xdg-user-dirs (0.17-2) ...
#6 17.40 Setting up php-phpdocumentor-reflection-common (2.2.0-1) ...
#6 17.40 Setting up libexpat1:amd64 (2.2.10-2+deb11u5) ...
#6 17.40 Setting up media-types (4.0.0) ...
#6 17.41 Setting up javascript-common (11+nmu1) ...
#6 17.42 Package apache2 is not configured yet. Will defer actions by package javascript-common.
#6 17.43 Setting up libgraphite2-3:amd64 (1.3.14-1) ...
#6 17.44 Setting up php-phpdocumentor-type-resolver (1.4.0-2) ...
#6 17.44 Setting up liblcms2-2:amd64 (2.12~rc1-2) ...
#6 17.45 Setting up libpixman-1-0:amd64 (0.40.0-1.1~deb11u1) ...
#6 17.45 Setting up libxau6:amd64 (1:1.0.9-1) ...
#6 17.46 Setting up imagemagick-6-common (8:6.9.11.60+dfsg-1.3+deb11u1) ...
#6 17.48 Setting up libapparmor1:amd64 (2.13.6-10) ...
#6 17.49 Setting up libpsl5:amd64 (0.21.0-1.2) ...
#6 17.49 Setting up libsodium23:amd64 (1.0.18-1) ...
#6 17.50 Setting up libgpm2:amd64 (1.20.7-8) ...
#6 17.50 Setting up fonts-noto-mono (20201225-1) ...
#6 17.51 Setting up phpunit-type (2.3.1-1) ...
#6 17.51 Setting up libicu67:amd64 (67.1-7) ...
#6 17.52 Setting up libdatrie1:amd64 (0.2.13-1) ...
#6 17.52 Setting up xdg-user-dirs (0.17-2) ...
#6 17.53 Setting up libjs-popper.js (1.16.1+ds-3) ...
#6 17.54 Setting up libmagic-mgc (1:5.39-3) ...
#6 17.54 Setting up libglib2.0-0:amd64 (2.66.8-1) ...
#6 17.57 No schema files found: doing nothing.
#6 17.57 Setting up libargon2-1:amd64 (0~20171227-0.2) ...
#6 17.58 Setting up libzip4:amd64 (1.7.3-1) ...
#6 17.58 Setting up libijs-0.35:amd64 (0.35-15) ...
#6 17.59 Setting up libjxr0:amd64 (1.1-6+b1) ...
#6 17.59 Setting up perl-modules-5.32 (5.32.1-4+deb11u2) ...
#6 17.59 Setting up libaom0:amd64 (1.0.0.errata1-3) ...
#6 17.60 Setting up libbrotli1:amd64 (1.0.9-2+b2) ...
#6 17.60 Setting up libsqlite3-0:amd64 (3.34.1-3) ...
#6 17.61 Setting up libcbor0:amd64 (0.5.0+dfsg-2) ...
#6 17.61 Setting up libsasl2-modules:amd64 (2.1.27+dfsg-2.1+deb11u1) ...
#6 17.62 Setting up libnghttp2-14:amd64 (1.43.0-1) ...
#6 17.62 Setting up libmagic1:amd64 (1:5.39-3) ...
#6 17.63 Setting up libdeflate0:amd64 (1.7-1) ...
#6 17.63 Setting up libapr1:amd64 (1.7.0-6+deb11u2) ...
#6 17.64 Setting up less (551-2) ...
#6 17.65 Setting up phpunit-resource-operations (3.0.3-2) ...
#6 17.65 Setting up phpunit-code-unit (1.0.8-1) ...
#6 17.65 Setting up libilmbase25:amd64 (2.5.4-1) ...
#6 17.66 Setting up file (1:5.39-3) ...
#6 17.66 Setting up fonts-urw-base35 (20200910-1) ...
#6 17.73 Setting up libgomp1:amd64 (10.2.1-6) ...
#6 17.74 Setting up phpunit-object-reflector (2.0.4-1) ...
#6 17.75 Setting up bzip2 (1.0.8-4) ...
#6 17.75 Setting up libldap-common (2.4.57+dfsg-3+deb11u1) ...
#6 17.76 Setting up libjs-sizzle (2.3.5+ds-2) ...
#6 17.76 Setting up libjbig0:amd64 (2.1-3.1+b2) ...
#6 17.77 Setting up phpunit-diff (4.0.4-1) ...
#6 17.77 Setting up php-phar-io-version (3.0.4-1) ...
#6 17.78 Setting up libjansson4:amd64 (2.13.1-1.1) ...
#6 17.78 Setting up poppler-data (0.4.10-1) ...
#6 17.80 Setting up libsasl2-modules-db:amd64 (2.1.27+dfsg-2.1+deb11u1) ...
#6 17.80 Setting up libopenexr25:amd64 (2.5.4-2+deb11u1) ...
#6 17.81 Setting up libglib2.0-data (2.66.8-1) ...
#6 17.81 Setting up libjpeg62-turbo:amd64 (1:2.0.6-4) ...
#6 17.81 Setting up libx11-data (2:1.7.2-1) ...
#6 17.82 Setting up libjbig2dec0:amd64 (0.19-2) ...
#6 17.82 Setting up librtmp1:amd64 (2.4+20151223.gitfa8646d.1-2+b2) ...
#6 17.83 Setting up libidn11:amd64 (1.33-3) ...
#6 17.83 Setting up gsfonts (1:8.11+urwcyr1.0.7~pre44-4.5) ...
#6 17.84 Setting up libavahi-common-data:amd64 (0.8-5+deb11u1) ...
#6 17.85 Setting up libncurses6:amd64 (6.2+20201114-2) ...
#6 17.85 Setting up libdbus-1-3:amd64 (1.12.24-0+deb11u1) ...
#6 17.86 Setting up dbus (1.12.24-0+deb11u1) ...
#6 17.97 invoke-rc.d: could not determine current runlevel
#6 17.97 invoke-rc.d: policy-rc.d denied execution of start.
#6 17.98 Setting up xz-utils (5.2.5-2.1~deb11u1) ...
#6 17.98 update-alternatives: using /usr/bin/xz to provide /usr/bin/lzma (lzma) in auto mode
#6 17.98 update-alternatives: warning: skip creation of /usr/share/man/man1/lzma.1.gz because associated file /usr/share/man/man1/xz.1.gz (of link group lzma) doesn't exist
#6 17.98 update-alternatives: warning: skip creation of /usr/share/man/man1/unlzma.1.gz because associated file /usr/share/man/man1/unxz.1.gz (of link group lzma) doesn't exist
#6 17.98 update-alternatives: warning: skip creation of /usr/share/man/man1/lzcat.1.gz because associated file /usr/share/man/man1/xzcat.1.gz (of link group lzma) doesn't exist
#6 17.98 update-alternatives: warning: skip creation of /usr/share/man/man1/lzmore.1.gz because associated file /usr/share/man/man1/xzmore.1.gz (of link group lzma) doesn't exist
#6 17.98 update-alternatives: warning: skip creation of /usr/share/man/man1/lzless.1.gz because associated file /usr/share/man/man1/xzless.1.gz (of link group lzma) doesn't exist
#6 17.98 update-alternatives: warning: skip creation of /usr/share/man/man1/lzdiff.1.gz because associated file /usr/share/man/man1/xzdiff.1.gz (of link group lzma) doesn't exist
#6 17.98 update-alternatives: warning: skip creation of /usr/share/man/man1/lzcmp.1.gz because associated file /usr/share/man/man1/xzcmp.1.gz (of link group lzma) doesn't exist
#6 17.98 update-alternatives: warning: skip creation of /usr/share/man/man1/lzgrep.1.gz because associated file /usr/share/man/man1/xzgrep.1.gz (of link group lzma) doesn't exist
#6 17.98 update-alternatives: warning: skip creation of /usr/share/man/man1/lzegrep.1.gz because associated file /usr/share/man/man1/xzegrep.1.gz (of link group lzma) doesn't exist
#6 17.99 update-alternatives: warning: skip creation of /usr/share/man/man1/lzfgrep.1.gz because associated file /usr/share/man/man1/xzfgrep.1.gz (of link group lzma) doesn't exist
#6 17.99 Setting up libfribidi0:amd64 (1.0.8-2+deb11u1) ...
#6 17.99 Setting up libjs-d3 (3.5.17-4) ...
#6 18.00 Setting up libpng16-16:amd64 (1.6.37-3) ...
#6 18.00 Setting up php-file-iterator (3.0.5-2) ...
#6 18.01 Setting up patch (2.7.6-7) ...
#6 18.01 Setting up libwebp6:amd64 (0.6.1-2.1) ...
#6 18.02 Setting up php-webmozart-assert (1.9.1-2) ...
#6 18.03 Setting up fonts-dejavu-core (2.37-2) ...
#6 18.06 Setting up php-deepcopy (1.10.2-3) ...
#6 18.06 Setting up php-text-template (2.0.4-1) ...
#6 18.07 Setting up libncursesw6:amd64 (6.2+20201114-2) ...
#6 18.07 Setting up libltdl7:amd64 (2.4.6-15) ...
#6 18.08 Setting up libfftw3-double3:amd64 (3.3.8-2) ...
#6 18.08 Setting up libsasl2-2:amd64 (2.1.27+dfsg-2.1+deb11u1) ...
#6 18.09 Setting up phpunit-recursion-context (4.0.4-1) ...
#6 18.09 Setting up libnuma1:amd64 (2.0.12-1+b1) ...
#6 18.09 Setting up libmd0:amd64 (1.0.3-3) ...
#6 18.10 Setting up liblqr-1-0:amd64 (0.4.2-2.1) ...
#6 18.10 Setting up sensible-utils (0.0.14) ...
#6 18.11 Setting up php-doctrine-instantiator (1.4.0-1) ...
#6 18.11 Setting up liblua5.3-0:amd64 (5.3.3-1.1+b1) ...
#6 18.12 Setting up libdav1d4:amd64 (0.7.1-3) ...
#6 18.12 Setting up libopenjp2-7:amd64 (2.4.0-3) ...
#6 18.13 Setting up git-man (1:2.30.2-1+deb11u2) ...
#6 18.13 Setting up libthai-data (0.1.28-3) ...
#6 18.14 Setting up libssh2-1:amd64 (1.9.0-2) ...
#6 18.15 Setting up netbase (6.3) ...
#6 18.16 Setting up phpunit-object-enumerator (4.0.4-1) ...
#6 18.17 Setting up libtiff5:amd64 (4.2.0-1+deb11u4) ...
#6 18.18 Setting up php-invoker (3.1.1-2) ...
#6 18.18 Setting up apache2-data (2.4.54-1~deb11u1) ...
#6 18.19 Setting up fonts-droid-fallback (1:6.0.1r16-1.1) ...
#6 18.21 Setting up libjs-bootstrap4 (4.5.2+dfsg1-8~deb11u1) ...
#6 18.22 Setting up libdjvulibre-text (3.5.28-2) ...
#6 18.23 Setting up libjs-jquery (3.5.1+dfsg+~3.5.5-7) ...
#6 18.24 Setting up libfido2-1:amd64 (1.6.0-2) ...
#6 18.24 Setting up libde265-0:amd64 (1.0.11-0+deb11u1) ...
#6 18.25 Setting up phpunit-environment (5.1.3-2) ...
#6 18.25 Setting up openssl (1.1.1n-0+deb11u4) ...
#6 18.26 Setting up libwebpmux3:amd64 (0.6.1-2.1) ...
#6 18.26 Setting up libbsd0:amd64 (0.11.3-1) ...
#6 18.27 Setting up php-timer (5.0.3-2) ...
#6 18.27 Setting up phpunit-cli-parser (1.0.1-1) ...
#6 18.28 Setting up publicsuffix (20220811.1734-0+deb11u1) ...
#6 18.28 Setting up libxml2:amd64 (2.9.10+dfsg-6.7+deb11u3) ...
#6 18.29 Setting up phpunit-global-state (5.0.2-1) ...
#6 18.29 Setting up libonig5:amd64 (6.9.6-1.1) ...
#6 18.30 Setting up libprocps8:amd64 (2:3.3.17-5) ...
#6 18.30 Setting up node-jquery (3.5.1+dfsg+~3.5.5-7) ...
#6 18.31 Setting up phpunit-code-unit-reverse-lookup (2.0.3-2) ...
#6 18.31 Setting up libgdbm6:amd64 (1.19-2) ...
#6 18.32 Setting up libaprutil1:amd64 (1.6.1-5+deb11u1) ...
#6 18.32 Setting up phpunit-version (3.0.2-2) ...
#6 18.33 Setting up libgs9-common (9.53.3~dfsg-7+deb11u2) ...
#6 18.33 Setting up libxdmcp6:amd64 (1:1.1.2-3) ...
#6 18.34 Setting up libxcb1:amd64 (1.14-3) ...
#6 18.34 Setting up libjxr-tools (1.1-6+b1) ...
#6 18.35 Setting up libxcb-render0:amd64 (1.14-3) ...
#6 18.35 Setting up libwebpdemux2:amd64 (0.6.1-2.1) ...
#6 18.36 Setting up libedit2:amd64 (3.1-20191231-2+b1) ...
#6 18.36 Setting up libdjvulibre21:amd64 (3.5.28-2) ...
#6 18.37 Setting up libavahi-common3:amd64 (0.8-5+deb11u1) ...
#6 18.37 Setting up libx265-192:amd64 (3.4-2) ...
#6 18.38 Setting up libldap-2.4-2:amd64 (2.4.57+dfsg-3+deb11u1) ...
#6 18.38 Setting up libcurl3-gnutls:amd64 (7.74.0-1.3+deb11u7) ...
#6 18.39 Setting up libxcb-shm0:amd64 (1.14-3) ...
#6 18.39 Setting up libaprutil1-ldap:amd64 (1.6.1-5+deb11u1) ...
#6 18.40 Setting up php-phpdocumentor-reflection-docblock (5.2.2-1) ...
#6 18.40 Setting up libaprutil1-dbd-sqlite3:amd64 (1.6.1-5+deb11u1) ...
#6 18.41 Setting up phpunit-exporter (4.0.3-2) ...
#6 18.41 Setting up libthai0:amd64 (0.1.28-3) ...
#6 18.42 Setting up ca-certificates (20210119) ...
#6 18.52 debconf: unable to initialize frontend: Dialog
#6 18.52 debconf: (TERM is not set, so the dialog frontend is not usable.)
#6 18.52 debconf: falling back to frontend: Readline
#6 18.92 Updating certificates in /etc/ssl/certs...
#6 19.49 129 added, 0 removed; done.
#6 19.52 Setting up libfreetype6:amd64 (2.10.4+dfsg-1+deb11u1) ...
#6 19.52 Setting up ssl-cert (1.1.0+nmu1) ...
#6 19.60 debconf: unable to initialize frontend: Dialog
#6 19.60 debconf: (TERM is not set, so the dialog frontend is not usable.)
#6 19.60 debconf: falling back to frontend: Readline
#6 19.82 Setting up shared-mime-info (2.0-1) ...
#6 21.14 Setting up libgdbm-compat4:amd64 (1.19-2) ...
#6 21.15 Setting up ucf (3.0043) ...
#6 21.24 debconf: unable to initialize frontend: Dialog
#6 21.24 debconf: (TERM is not set, so the dialog frontend is not usable.)
#6 21.24 debconf: falling back to frontend: Readline
#6 21.27 Setting up libperl5.32:amd64 (5.32.1-4+deb11u2) ...
#6 21.28 Setting up procps (2:3.3.17-5) ...
#6 21.31 Setting up libxslt1.1:amd64 (1.1.34-4+deb11u1) ...
#6 21.31 Setting up libcurl4:amd64 (7.74.0-1.3+deb11u7) ...
#6 21.32 Setting up libx11-6:amd64 (2:1.7.2-1) ...
#6 21.32 Setting up libharfbuzz0b:amd64 (2.7.4-1) ...
#6 21.34 Setting up libavahi-client3:amd64 (0.8-5+deb11u1) ...
#6 21.35 Setting up libxmuu1:amd64 (2:1.1.2-2+b3) ...
#6 21.35 Setting up apache2-utils (2.4.54-1~deb11u1) ...
#6 21.36 Setting up libpaper1:amd64 (1.1.28+b1) ...
#6 21.45 debconf: unable to initialize frontend: Dialog
#6 21.45 debconf: (TERM is not set, so the dialog frontend is not usable.)
#6 21.45 debconf: falling back to frontend: Readline
#6 21.51 
#6 21.51 Creating config file /etc/papersize with new version
#6 21.54 Setting up php7.4-common (7.4.33-1+deb11u3) ...
#6 21.65 debconf: unable to initialize frontend: Dialog
#6 21.65 debconf: (TERM is not set, so the dialog frontend is not usable.)
#6 21.65 debconf: falling back to frontend: Readline
#6 21.69 
#6 21.69 Creating config file /etc/php/7.4/mods-available/calendar.ini with new version
#6 21.91 debconf: unable to initialize frontend: Dialog
#6 21.91 debconf: (TERM is not set, so the dialog frontend is not usable.)
#6 21.91 debconf: falling back to frontend: Readline
#6 21.96 
#6 21.96 Creating config file /etc/php/7.4/mods-available/ctype.ini with new version
#6 22.18 debconf: unable to initialize frontend: Dialog
#6 22.18 debconf: (TERM is not set, so the dialog frontend is not usable.)
#6 22.18 debconf: falling back to frontend: Readline
#6 22.23 
#6 22.23 Creating config file /etc/php/7.4/mods-available/exif.ini with new version
#6 22.46 debconf: unable to initialize frontend: Dialog
#6 22.46 debconf: (TERM is not set, so the dialog frontend is not usable.)
#6 22.46 debconf: falling back to frontend: Readline
#6 22.51 
#6 22.51 Creating config file /etc/php/7.4/mods-available/fileinfo.ini with new version
#6 22.73 debconf: unable to initialize frontend: Dialog
#6 22.73 debconf: (TERM is not set, so the dialog frontend is not usable.)
#6 22.73 debconf: falling back to frontend: Readline
#6 22.78 
#6 22.78 Creating config file /etc/php/7.4/mods-available/ffi.ini with new version
#6 23.00 debconf: unable to initialize frontend: Dialog
#6 23.00 debconf: (TERM is not set, so the dialog frontend is not usable.)
#6 23.00 debconf: falling back to frontend: Readline
#6 23.04 
#6 23.04 Creating config file /etc/php/7.4/mods-available/ftp.ini with new version
#6 23.28 debconf: unable to initialize frontend: Dialog
#6 23.28 debconf: (TERM is not set, so the dialog frontend is not usable.)
#6 23.28 debconf: falling back to frontend: Readline
#6 23.32 
#6 23.32 Creating config file /etc/php/7.4/mods-available/gettext.ini with new version
#6 23.56 debconf: unable to initialize frontend: Dialog
#6 23.56 debconf: (TERM is not set, so the dialog frontend is not usable.)
#6 23.56 debconf: falling back to frontend: Readline
#6 23.61 
#6 23.61 Creating config file /etc/php/7.4/mods-available/iconv.ini with new version
#6 23.84 debconf: unable to initialize frontend: Dialog
#6 23.84 debconf: (TERM is not set, so the dialog frontend is not usable.)
#6 23.84 debconf: falling back to frontend: Readline
#6 23.89 
#6 23.89 Creating config file /etc/php/7.4/mods-available/pdo.ini with new version
#6 24.13 debconf: unable to initialize frontend: Dialog
#6 24.13 debconf: (TERM is not set, so the dialog frontend is not usable.)
#6 24.13 debconf: falling back to frontend: Readline
#6 24.18 
#6 24.18 Creating config file /etc/php/7.4/mods-available/phar.ini with new version
#6 24.43 debconf: unable to initialize frontend: Dialog
#6 24.43 debconf: (TERM is not set, so the dialog frontend is not usable.)
#6 24.43 debconf: falling back to frontend: Readline
#6 24.48 
#6 24.48 Creating config file /etc/php/7.4/mods-available/posix.ini with new version
#6 24.73 debconf: unable to initialize frontend: Dialog
#6 24.73 debconf: (TERM is not set, so the dialog frontend is not usable.)
#6 24.73 debconf: falling back to frontend: Readline
#6 24.77 
#6 24.77 Creating config file /etc/php/7.4/mods-available/shmop.ini with new version
#6 24.98 debconf: unable to initialize frontend: Dialog
#6 24.98 debconf: (TERM is not set, so the dialog frontend is not usable.)
#6 24.98 debconf: falling back to frontend: Readline
#6 25.01 
#6 25.01 Creating config file /etc/php/7.4/mods-available/sockets.ini with new version
#6 25.23 debconf: unable to initialize frontend: Dialog
#6 25.23 debconf: (TERM is not set, so the dialog frontend is not usable.)
#6 25.23 debconf: falling back to frontend: Readline
#6 25.27 
#6 25.27 Creating config file /etc/php/7.4/mods-available/sysvmsg.ini with new version
#6 25.49 debconf: unable to initialize frontend: Dialog
#6 25.49 debconf: (TERM is not set, so the dialog frontend is not usable.)
#6 25.49 debconf: falling back to frontend: Readline
#6 25.53 
#6 25.53 Creating config file /etc/php/7.4/mods-available/sysvsem.ini with new version
#6 25.75 debconf: unable to initialize frontend: Dialog
#6 25.75 debconf: (TERM is not set, so the dialog frontend is not usable.)
#6 25.75 debconf: falling back to frontend: Readline
#6 25.80 
#6 25.80 Creating config file /etc/php/7.4/mods-available/sysvshm.ini with new version
#6 26.01 debconf: unable to initialize frontend: Dialog
#6 26.01 debconf: (TERM is not set, so the dialog frontend is not usable.)
#6 26.01 debconf: falling back to frontend: Readline
#6 26.04 
#6 26.04 Creating config file /etc/php/7.4/mods-available/tokenizer.ini with new version
#6 26.17 Setting up libxpm4:amd64 (1:3.5.12-1) ...
#6 26.17 Setting up php7.4-curl (7.4.33-1+deb11u3) ...
#6 26.26 debconf: unable to initialize frontend: Dialog
#6 26.26 debconf: (TERM is not set, so the dialog frontend is not usable.)
#6 26.26 debconf: falling back to frontend: Readline
#6 26.30 
#6 26.30 Creating config file /etc/php/7.4/mods-available/curl.ini with new version
#6 26.41 Setting up libxrender1:amd64 (1:0.9.10-1) ...
#6 26.42 Setting up libwmf0.2-7:amd64 (0.2.8.4-17) ...
#6 26.42 Setting up fontconfig-config (2.13.1-4.2) ...
#6 26.50 debconf: unable to initialize frontend: Dialog
#6 26.50 debconf: (TERM is not set, so the dialog frontend is not usable.)
#6 26.50 debconf: falling back to frontend: Readline
#6 26.64 Setting up openssh-client (1:8.4p1-5+deb11u1) ...
#6 26.70 Setting up libheif1:amd64 (1.11.0-1) ...
#6 26.71 Setting up libxext6:amd64 (2:1.3.3-1.1) ...
#6 26.71 Setting up php7.4-readline (7.4.33-1+deb11u3) ...
#6 26.82 debconf: unable to initialize frontend: Dialog
#6 26.82 debconf: (TERM is not set, so the dialog frontend is not usable.)
#6 26.82 debconf: falling back to frontend: Readline
#6 26.87 
#6 26.87 Creating config file /etc/php/7.4/mods-available/readline.ini with new version
#6 27.00 Setting up php7.4-mbstring (7.4.33-1+deb11u3) ...
#6 27.10 debconf: unable to initialize frontend: Dialog
#6 27.10 debconf: (TERM is not set, so the dialog frontend is not usable.)
#6 27.10 debconf: falling back to frontend: Readline
#6 27.15 
#6 27.15 Creating config file /etc/php/7.4/mods-available/mbstring.ini with new version
#6 27.28 Setting up libpaper-utils (1.1.28+b1) ...
#6 27.29 Setting up php-mbstring (2:7.4+76) ...
#6 27.30 Setting up php7.4-intl (7.4.33-1+deb11u3) ...
#6 27.40 debconf: unable to initialize frontend: Dialog
#6 27.40 debconf: (TERM is not set, so the dialog frontend is not usable.)
#6 27.40 debconf: falling back to frontend: Readline
#6 27.45 
#6 27.45 Creating config file /etc/php/7.4/mods-available/intl.ini with new version
#6 27.58 Setting up phpunit-comparator (4.0.6-1) ...
#6 27.58 Setting up php-intl (2:7.4+76) ...
#6 27.59 Setting up perl (5.32.1-4+deb11u2) ...
#6 27.60 Setting up php7.4-zip (7.4.33-1+deb11u3) ...
#6 27.71 debconf: unable to initialize frontend: Dialog
#6 27.71 debconf: (TERM is not set, so the dialog frontend is not usable.)
#6 27.71 debconf: falling back to frontend: Readline
#6 27.76 
#6 27.76 Creating config file /etc/php/7.4/mods-available/zip.ini with new version
#6 27.89 Setting up libcups2:amd64 (2.3.3op2-3+deb11u2) ...
#6 27.89 Setting up xauth (1:1.1-1) ...
#6 27.90 Setting up php-zip (2:7.4+76) ...
#6 27.90 Setting up php7.4-opcache (7.4.33-1+deb11u3) ...
#6 28.00 debconf: unable to initialize frontend: Dialog
#6 28.00 debconf: (TERM is not set, so the dialog frontend is not usable.)
#6 28.00 debconf: falling back to frontend: Readline
#6 28.04 
#6 28.04 Creating config file /etc/php/7.4/mods-available/opcache.ini with new version
#6 28.17 Setting up libfontconfig1:amd64 (2.13.1-4.2) ...
#6 28.17 Setting up php7.4-sqlite3 (7.4.33-1+deb11u3) ...
#6 28.28 debconf: unable to initialize frontend: Dialog
#6 28.28 debconf: (TERM is not set, so the dialog frontend is not usable.)
#6 28.28 debconf: falling back to frontend: Readline
#6 28.33 
#6 28.33 Creating config file /etc/php/7.4/mods-available/sqlite3.ini with new version
#6 28.55 debconf: unable to initialize frontend: Dialog
#6 28.55 debconf: (TERM is not set, so the dialog frontend is not usable.)
#6 28.55 debconf: falling back to frontend: Readline
#6 28.60 
#6 28.60 Creating config file /etc/php/7.4/mods-available/pdo_sqlite.ini with new version
#6 28.73 Setting up mailcap (3.69) ...
#6 28.75 Setting up php-phpspec-prophecy (1.12.2-1) ...
#6 28.75 Setting up fontconfig (2.13.1-4.2) ...
#6 28.76 Regenerating fonts cache... done.
#6 31.10 Setting up php-curl (2:7.4+76) ...
#6 31.10 Setting up php7.4-json (7.4.33-1+deb11u3) ...
#6 31.21 debconf: unable to initialize frontend: Dialog
#6 31.21 debconf: (TERM is not set, so the dialog frontend is not usable.)
#6 31.21 debconf: falling back to frontend: Readline
#6 31.26 
#6 31.26 Creating config file /etc/php/7.4/mods-available/json.ini with new version
#6 31.39 Setting up php7.4-xml (7.4.33-1+deb11u3) ...
#6 31.49 debconf: unable to initialize frontend: Dialog
#6 31.49 debconf: (TERM is not set, so the dialog frontend is not usable.)
#6 31.49 debconf: falling back to frontend: Readline
#6 31.54 
#6 31.54 Creating config file /etc/php/7.4/mods-available/dom.ini with new version
#6 31.77 debconf: unable to initialize frontend: Dialog
#6 31.77 debconf: (TERM is not set, so the dialog frontend is not usable.)
#6 31.77 debconf: falling back to frontend: Readline
#6 31.81 
#6 31.81 Creating config file /etc/php/7.4/mods-available/simplexml.ini with new version
#6 32.02 debconf: unable to initialize frontend: Dialog
#6 32.02 debconf: (TERM is not set, so the dialog frontend is not usable.)
#6 32.02 debconf: falling back to frontend: Readline
#6 32.07 
#6 32.07 Creating config file /etc/php/7.4/mods-available/xml.ini with new version
#6 32.27 debconf: unable to initialize frontend: Dialog
#6 32.27 debconf: (TERM is not set, so the dialog frontend is not usable.)
#6 32.27 debconf: falling back to frontend: Readline
#6 32.31 
#6 32.31 Creating config file /etc/php/7.4/mods-available/xmlreader.ini with new version
#6 32.52 debconf: unable to initialize frontend: Dialog
#6 32.52 debconf: (TERM is not set, so the dialog frontend is not usable.)
#6 32.52 debconf: falling back to frontend: Readline
#6 32.57 
#6 32.57 Creating config file /etc/php/7.4/mods-available/xmlwriter.ini with new version
#6 32.78 debconf: unable to initialize frontend: Dialog
#6 32.78 debconf: (TERM is not set, so the dialog frontend is not usable.)
#6 32.78 debconf: falling back to frontend: Readline
#6 32.83 
#6 32.83 Creating config file /etc/php/7.4/mods-available/xsl.ini with new version
#6 32.96 Setting up mime-support (3.66) ...
#6 32.96 Setting up libgs9:amd64 (9.53.3~dfsg-7+deb11u2) ...
#6 32.97 Setting up libpango-1.0-0:amd64 (1.46.2-3) ...
#6 32.97 Setting up php-phar-io-manifest (2.0.1-2) ...
#6 32.98 Setting up php7.4-cli (7.4.33-1+deb11u3) ...
#6 32.98 update-alternatives: using /usr/bin/php7.4 to provide /usr/bin/php (php) in auto mode
#6 32.98 update-alternatives: warning: skip creation of /usr/share/man/man1/php.1.gz because associated file /usr/share/man/man1/php7.4.1.gz (of link group php) doesn't exist
#6 32.99 update-alternatives: using /usr/bin/phar7.4 to provide /usr/bin/phar (phar) in auto mode
#6 32.99 update-alternatives: warning: skip creation of /usr/share/man/man1/phar.1.gz because associated file /usr/share/man/man1/phar7.4.1.gz (of link group phar) doesn't exist
#6 32.99 update-alternatives: using /usr/bin/phar.phar7.4 to provide /usr/bin/phar.phar (phar.phar) in auto mode
#6 32.99 update-alternatives: warning: skip creation of /usr/share/man/man1/phar.phar.1.gz because associated file /usr/share/man/man1/phar.phar7.4.1.gz (of link group phar.phar) doesn't exist
#6 33.09 debconf: unable to initialize frontend: Dialog
#6 33.09 debconf: (TERM is not set, so the dialog frontend is not usable.)
#6 33.09 debconf: falling back to frontend: Readline
#6 33.14 
#6 33.14 Creating config file /etc/php/7.4/cli/php.ini with new version
#6 33.81 Setting up php-sqlite3 (2:7.4+76) ...
#6 33.82 Setting up ghostscript (9.53.3~dfsg-7+deb11u2) ...
#6 33.83 Setting up apache2-bin (2.4.54-1~deb11u1) ...
#6 33.83 Setting up libcairo2:amd64 (1.16.0-5) ...
#6 33.84 Setting up liberror-perl (0.17029-1) ...
#6 33.84 Setting up libmagickcore-6.q16-6:amd64 (8:6.9.11.60+dfsg-1.3+deb11u1) ...
#6 33.85 Setting up php-parser (4.10.4-1) ...
#6 33.85 Setting up libgd3:amd64 (2.3.0-2) ...
#6 33.86 Setting up phpunit-lines-of-code (1.0.3-1) ...
#6 33.86 Setting up git (1:2.30.2-1+deb11u2) ...
#6 33.88 Setting up libmagickwand-6.q16-6:amd64 (8:6.9.11.60+dfsg-1.3+deb11u1) ...
#6 33.89 Setting up libpangoft2-1.0-0:amd64 (1.46.2-3) ...
#6 33.90 Setting up php-imagick (3.4.4+php8.0+3.4.4-2+deb11u2) ...
#6 33.98 Setting up php-tokenizer (1.2.0-1) ...
#6 33.98 Setting up php7.4-gd (7.4.33-1+deb11u3) ...
#6 34.08 debconf: unable to initialize frontend: Dialog
#6 34.08 debconf: (TERM is not set, so the dialog frontend is not usable.)
#6 34.08 debconf: falling back to frontend: Readline
#6 34.12 
#6 34.12 Creating config file /etc/php/7.4/mods-available/gd.ini with new version
#6 34.25 Setting up libpangocairo-1.0-0:amd64 (1.46.2-3) ...
#6 34.25 Setting up libapache2-mod-php7.4 (7.4.33-1+deb11u3) ...
#6 34.27 Package apache2 is not configured yet. Will defer actions by package libapache2-mod-php7.4.
#6 34.37 debconf: unable to initialize frontend: Dialog
#6 34.37 debconf: (TERM is not set, so the dialog frontend is not usable.)
#6 34.37 debconf: falling back to frontend: Readline
#6 34.42 
#6 34.42 Creating config file /etc/php/7.4/apache2/php.ini with new version
#6 35.15 No module matches 
#6 35.20 Setting up php-xml (2:7.4+76) ...
#6 35.20 Setting up libmagickcore-6.q16-6-extra:amd64 (8:6.9.11.60+dfsg-1.3+deb11u1) ...
#6 35.21 Setting up apache2 (2.4.54-1~deb11u1) ...
#6 35.51 Enabling module mpm_event.
#6 35.55 Enabling module authz_core.
#6 35.55 Enabling module authz_host.
#6 35.58 Enabling module authn_core.
#6 35.59 Enabling module auth_basic.
#6 35.62 Enabling module access_compat.
#6 35.65 Enabling module authn_file.
#6 35.68 Enabling module authz_user.
#6 35.71 Enabling module alias.
#6 35.74 Enabling module dir.
#6 35.78 Enabling module autoindex.
#6 35.81 Enabling module env.
#6 35.84 Enabling module mime.
#6 35.87 Enabling module negotiation.
#6 35.91 Enabling module setenvif.
#6 35.94 Enabling module filter.
#6 35.97 Enabling module deflate.
#6 36.00 Enabling module status.
#6 36.04 Enabling module reqtimeout.
#6 36.07 Enabling conf charset.
#6 36.11 Enabling conf localized-error-pages.
#6 36.14 Enabling conf other-vhosts-access-log.
#6 36.17 Enabling conf security.
#6 36.21 Enabling conf serve-cgi-bin.
#6 36.24 Enabling site 000-default.
#6 36.26 info: Executing deferred 'a2enconf javascript-common' for package javascript-common
#6 36.30 Enabling conf javascript-common.
#6 36.31 info: Switch to mpm prefork for package libapache2-mod-php7.4
#6 36.35 Module mpm_event disabled.
#6 36.38 Enabling module mpm_prefork.
#6 36.40 info: Executing deferred 'a2enmod php7.4' for package libapache2-mod-php7.4
#6 36.43 Enabling module php7.4.
#6 36.44 invoke-rc.d: could not determine current runlevel
#6 36.45 invoke-rc.d: policy-rc.d denied execution of start.
#6 36.80 Setting up phpunit-complexity (2.0.2-1) ...
#6 36.81 Setting up php-codecoverage (9.2.5+dfsg-3) ...
#6 36.81 Setting up php7.4 (7.4.33-1+deb11u3) ...
#6 36.82 Setting up php-gd (2:7.4+76) ...
#6 36.82 Setting up php (2:7.4+76) ...
#6 36.83 Setting up phpunit (9.5.2-1) ...
#6 36.83 Processing triggers for libc-bin (2.31-13+deb11u5) ...
#6 36.85 Processing triggers for ca-certificates (20210119) ...
#6 36.85 Updating certificates in /etc/ssl/certs...
#6 37.26 0 added, 0 removed; done.
#6 37.26 Running hooks in /etc/ca-certificates/update.d...
#6 37.26 done.
#6 37.27 Processing triggers for php7.4-cli (7.4.33-1+deb11u3) ...
#6 37.27 Processing triggers for libapache2-mod-php7.4 (7.4.33-1+deb11u3) ...
#6 DONE 37.8s

#7 [3/6] RUN git clone --depth=1 --branch=stable25 https://github.com/nextcloud/server.git
#7 0.264 Cloning into 'server'...
#7 6.726 Updating files:  75% (7552/9960)Updating files:  76% (7570/9960)Updating files:  77% (7670/9960)Updating files:  78% (7769/9960)Updating files:  79% (7869/9960)Updating files:  80% (7968/9960)Updating files:  81% (8068/9960)Updating files:  82% (8168/9960)Updating files:  83% (8267/9960)Updating files:  84% (8367/9960)Updating files:  85% (8466/9960)Updating files:  86% (8566/9960)Updating files:  87% (8666/9960)Updating files:  88% (8765/9960)Updating files:  89% (8865/9960)Updating files:  90% (8964/9960)Updating files:  91% (9064/9960)Updating files:  92% (9164/9960)Updating files:  93% (9263/9960)Updating files:  94% (9363/9960)Updating files:  95% (9462/9960)Updating files:  96% (9562/9960)Updating files:  97% (9662/9960)Updating files:  98% (9761/9960)Updating files:  99% (9861/9960)Updating files: 100% (9960/9960)Updating files: 100% (9960/9960), done.
#7 DONE 7.7s

#8 [4/6] WORKDIR server
#8 DONE 0.0s

#9 [5/6] RUN git submodule update --init
#9 0.301 Submodule '3rdparty' (https://github.com/nextcloud/3rdparty.git) registered for path '3rdparty'
#9 0.308 Cloning into '/server/3rdparty'...
#9 5.673 Submodule path '3rdparty': checked out '8663b86ca8c73f524d27b1b9d5d48a4c629b4a35'
#9 DONE 6.0s

#10 [6/6] RUN ./autotest.sh sqlite
#10 0.258 Using PHP executable /usr/bin/php
#10 0.303 Using database oc_autotest
#10 0.304 Setup environment for sqlite testing on local storage ...
#10 0.314 Updated 0 paths from the index
#10 0.395 Installing ....
#10 1.917 Nextcloud was successfully installed
#10 1.926 Testing with sqlite ...
#10 2.070 /usr/bin/php /usr/bin/phpunit --configuration phpunit-autotest.xml --coverage-clover autotest-clover-sqlite.xml --coverage-html coverage-html-sqlite --log-junit autotest-results-sqlite.xml  
#10 4.237 PHPUnit 9.5.2 by Sebastian Bergmann and contributors.
#10 4.763 
#10 4.763 Runtime:       PHP 7.4.33
#10 4.763 Configuration: phpunit-autotest.xml
#10 4.763 Warning:       No code coverage driver available
#10 4.763 
#10 4.837 ...........................................................    59 / 14663 (  0%)
#10 4.939 ...................................S.......................   118 / 14663 (  0%)
#10 4.974 ...........................................................   177 / 14663 (  1%)
#10 5.011 ...........................................................   236 / 14663 (  1%)
#10 5.024 ...........................................................   295 / 14663 (  2%)
#10 5.068 ...........................................................   354 / 14663 (  2%)
#10 5.163 ............................WWWWWWWWWWW...WWW..............   413 / 14663 (  2%)
#10 5.201 ...........................................................   472 / 14663 (  3%)
#10 5.209 ...........................................................   531 / 14663 (  3%)
#10 5.228 ...........................................................   590 / 14663 (  4%)
#10 5.238 ...........................................................   649 / 14663 (  4%)
#10 5.253 ...........................................................   708 / 14663 (  4%)
#10 5.264 ...........................................................   767 / 14663 (  5%)
#10 5.276 ...........................................................   826 / 14663 (  5%)
#10 5.299 ...........................................................   885 / 14663 (  6%)
#10 5.310 ...........................................................   944 / 14663 (  6%)
#10 5.441 ...........................................................  1003 / 14663 (  6%)
#10 5.464 ...........................................................  1062 / 14663 (  7%)
#10 5.474 ...........................................................  1121 / 14663 (  7%)
#10 13.90 ...........................................................  1180 / 14663 (  8%)
#10 13.93 .................................W.....W...................  1239 / 14663 (  8%)
#10 15.98 ...........................................................  1298 / 14663 (  8%)
#10 16.00 ....................S......................................  1357 / 14663 (  9%)
#10 16.38 ...........................................................  1416 / 14663 (  9%)
#10 16.49 ...........................................................  1475 / 14663 ( 10%)
#10 16.52 ...........................................................  1534 / 14663 ( 10%)
#10 16.54 ...........................................................  1593 / 14663 ( 10%)
#10 16.56 ...........................................................  1652 / 14663 ( 11%)
#10 16.57 ...........................................................  1711 / 14663 ( 11%)
#10 16.59 ...........................................................  1770 / 14663 ( 12%)
#10 16.61 ...........................................................  1829 / 14663 ( 12%)
#10 16.70 ...........................................................  1888 / 14663 ( 12%)
#10 17.03 ...........................................................  1947 / 14663 ( 13%)
#10 17.15 ...........................................................  2006 / 14663 ( 13%)
#10 17.18 ...............S...........................................  2065 / 14663 ( 14%)
#10 17.74 ...........................................................  2124 / 14663 ( 14%)
#10 17.74 ...........................................................  2183 / 14663 ( 14%)
#10 17.79 ...........................................................  2242 / 14663 ( 15%)
#10 17.82 ...........................................................  2301 / 14663 ( 15%)
#10 17.84 ...........................................................  2360 / 14663 ( 16%)
#10 17.85 ...........................................................  2419 / 14663 ( 16%)
#10 17.92 ...........................................................  2478 / 14663 ( 16%)
#10 17.93 ...........................................................  2537 / 14663 ( 17%)
#10 17.94 ...........................................................  2596 / 14663 ( 17%)
#10 17.95 ...........................................................  2655 / 14663 ( 18%)
#10 17.96 ...........................................................  2714 / 14663 ( 18%)
#10 17.97 ...........................................................  2773 / 14663 ( 18%)
#10 17.98 ...........................................................  2832 / 14663 ( 19%)
#10 17.99 ...........................................................  2891 / 14663 ( 19%)
#10 18.00 ...........................................................  2950 / 14663 ( 20%)
#10 18.00 ...........................................................  3009 / 14663 ( 20%)
#10 18.01 ...........................................................  3068 / 14663 ( 20%)
#10 18.02 ...........................................................  3127 / 14663 ( 21%)
#10 18.03 ...........................................................  3186 / 14663 ( 21%)
#10 18.04 ...........................................................  3245 / 14663 ( 22%)
#10 18.05 ...........................................................  3304 / 14663 ( 22%)
#10 18.06 ...........................................................  3363 / 14663 ( 22%)
#10 18.07 ...........................................................  3422 / 14663 ( 23%)
#10 18.07 ...........................................................  3481 / 14663 ( 23%)
#10 18.08 ...........................................................  3540 / 14663 ( 24%)
#10 18.09 ...........................................................  3599 / 14663 ( 24%)
#10 18.10 ...........................................................  3658 / 14663 ( 24%)
#10 18.11 ...........................................................  3717 / 14663 ( 25%)
#10 18.12 ...........................................................  3776 / 14663 ( 25%)
#10 18.13 ...........................................................  3835 / 14663 ( 26%)
#10 18.14 ...........................................................  3894 / 14663 ( 26%)
#10 18.15 ...........................................................  3953 / 14663 ( 26%)
#10 18.16 ...........................................................  4012 / 14663 ( 27%)
#10 18.16 ...........................................................  4071 / 14663 ( 27%)
#10 18.17 ...........................................................  4130 / 14663 ( 28%)
#10 18.18 ...........................................................  4189 / 14663 ( 28%)
#10 18.19 ...........................................................  4248 / 14663 ( 28%)
#10 18.20 ...........................................................  4307 / 14663 ( 29%)
#10 18.21 ...........................................................  4366 / 14663 ( 29%)
#10 18.22 ...........................................................  4425 / 14663 ( 30%)
#10 18.23 ...........................................................  4484 / 14663 ( 30%)
#10 18.24 ...........................................................  4543 / 14663 ( 30%)
#10 18.25 ...........................................................  4602 / 14663 ( 31%)
#10 18.26 ...........................................................  4661 / 14663 ( 31%)
#10 18.26 ...........................................................  4720 / 14663 ( 32%)
#10 18.27 ...........................................................  4779 / 14663 ( 32%)
#10 18.28 ...........................................................  4838 / 14663 ( 32%)
#10 18.29 ...........................................................  4897 / 14663 ( 33%)
#10 18.30 ...........................................................  4956 / 14663 ( 33%)
#10 18.31 ...........................................................  5015 / 14663 ( 34%)
#10 18.32 ...........................................................  5074 / 14663 ( 34%)
#10 18.33 ...........................................................  5133 / 14663 ( 35%)
#10 18.34 ...........................................................  5192 / 14663 ( 35%)
#10 18.34 ...........................................................  5251 / 14663 ( 35%)
#10 18.35 ...........................................................  5310 / 14663 ( 36%)
#10 18.36 ...........................................................  5369 / 14663 ( 36%)
#10 18.37 ...........................................................  5428 / 14663 ( 37%)
#10 18.38 ...........................................................  5487 / 14663 ( 37%)
#10 18.44 ...........................................................  5546 / 14663 ( 37%)
#10 18.46 ...........................................................  5605 / 14663 ( 38%)
#10 18.48 .........................................S.................  5664 / 14663 ( 38%)
#10 18.98 .......................S...................................  5723 / 14663 ( 39%)
#10 19.60 ...........................................................  5782 / 14663 ( 39%)
#10 22.19 .............S.............................................  5841 / 14663 ( 39%)
#10 22.99 ...S.......................................................  5900 / 14663 ( 40%)
#10 23.12 ...........................................................  5959 / 14663 ( 40%)
#10 23.13 ............................S..............................  6018 / 14663 ( 41%)
#10 23.22 ...........................................................  6077 / 14663 ( 41%)
#10 23.26 ...........................................................  6136 / 14663 ( 41%)
#10 23.52 ..........SSSSSSS..................S.......................  6195 / 14663 ( 42%)
#10 23.79 ...........................................................  6254 / 14663 ( 42%)
#10 24.16 ......SSSSSSSSSSSSSSSSSSSSSSS..............................  6313 / 14663 ( 43%)
#10 24.19 ...........................................................  6372 / 14663 ( 43%)
#10 24.28 ...........................................................  6431 / 14663 ( 43%)
#10 24.34 ...........................................................  6490 / 14663 ( 44%)
#10 24.38 ...........................................................  6549 / 14663 ( 44%)
#10 24.42 ...........................................................  6608 / 14663 ( 45%)
#10 24.47 ...........................................................  6667 / 14663 ( 45%)
#10 24.53 ...........................................................  6726 / 14663 ( 45%)
#10 24.59 ...........................................................  6785 / 14663 ( 46%)
#10 24.64 ...................................S.......................  6844 / 14663 ( 46%)
#10 24.69 ...........................................................  6903 / 14663 ( 47%)
#10 24.74 ...........................................................  6962 / 14663 ( 47%)
#10 24.80 ............S..............................................  7021 / 14663 ( 47%)
#10 24.86 ..........................................S................  7080 / 14663 ( 48%)
#10 24.91 ...........................................................  7139 / 14663 ( 48%)
#10 24.98 ...........................S...............................  7198 / 14663 ( 49%)
#10 25.03 ...........................................................  7257 / 14663 ( 49%)
#10 25.14 ..............S............................................  7316 / 14663 ( 49%)
#10 25.25 ...........................................S...............  7375 / 14663 ( 50%)
#10 25.30 ...........................................................  7434 / 14663 ( 50%)
#10 25.35 ..........................S................................  7493 / 14663 ( 51%)
#10 25.88 ...........................................................  7552 / 14663 ( 51%)
#10 26.76 ...........................................................  7611 / 14663 ( 51%)
#10 27.50 ...........................................................  7670 / 14663 ( 52%)
#10 28.36 .....................................................S.....  7729 / 14663 ( 52%)
#10 29.23 ...S.......................................................  7788 / 14663 ( 53%)
#10 30.17 ...........................................................  7847 / 14663 ( 53%)
#10 30.20 ...........................................................  7906 / 14663 ( 53%)
#10 30.26 ...........................................................  7965 / 14663 ( 54%)
#10 30.28 ...........................................................  8024 / 14663 ( 54%)
#10 30.29 ...........................................................  8083 / 14663 ( 55%)
#10 30.33 ...........................................................  8142 / 14663 ( 55%)
#10 31.01 .....W.....................................................  8201 / 14663 ( 55%)
#10 33.16 ...........................................................  8260 / 14663 ( 56%)
#10 33.18 ...........................................................  8319 / 14663 ( 56%)
#10 33.19 ...........................................................  8378 / 14663 ( 57%)
#10 33.22 ...........................................................  8437 / 14663 ( 57%)
#10 33.25 ...........................................................  8496 / 14663 ( 57%)
#10 33.26 ...........................................................  8555 / 14663 ( 58%)
#10 33.29 .............................................SSSSSSSSSSSSSS  8614 / 14663 ( 58%)
#10 33.32 SSSSSS............................SSSSSSSSSSSSSSSSSSSSSSSSS  8673 / 14663 ( 59%)
#10 33.33 SSSSSSSSSSS................................................  8732 / 14663 ( 59%)
#10 33.40 ...........................................................  8791 / 14663 ( 59%)
#10 33.42 ....................................................SSSS...  8850 / 14663 ( 60%)
#10 35.69 .....................................SSSSSSSS..............  8909 / 14663 ( 60%)
#10 44.78 ..................S.......................................F  8968 / 14663 ( 61%)
#10 44.98 ...........................................................  9027 / 14663 ( 61%)
#10 45.12 ...........................................................  9086 / 14663 ( 61%)
#10 50.02 ...........................................................  9145 / 14663 ( 62%)
#10 56.54 ...........................................................  9204 / 14663 ( 62%)
#10 56.67 ...........................................................  9263 / 14663 ( 63%)
#10 56.69 ...........................................................  9322 / 14663 ( 63%)
#10 56.79 ...........................................................  9381 / 14663 ( 63%)
#10 56.86 ...........................................................  9440 / 14663 ( 64%)
#10 57.53 ...........................................................  9499 / 14663 ( 64%)
#10 57.62 ...........................................................  9558 / 14663 ( 65%)
#10 57.77 ...........................................................  9617 / 14663 ( 65%)
#10 57.80 ...........................................................  9676 / 14663 ( 65%)
#10 57.82 ...........................................................  9735 / 14663 ( 66%)
#10 57.86 ...........................................................  9794 / 14663 ( 66%)
#10 58.15 ...........................................................  9853 / 14663 ( 67%)
#10 58.22 .................................SS........................  9912 / 14663 ( 67%)
#10 58.31 ...........................................................  9971 / 14663 ( 68%)
#10 58.33 ........................................................... 10030 / 14663 ( 68%)
#10 65.68 ........................................................... 10089 / 14663 ( 68%)
#10 65.81 ......................................................S.... 10148 / 14663 ( 69%)
#10 65.84 ....................................................WWWWWWW 10207 / 14663 ( 69%)
#10 65.87 WWWWWWWWWWWWWWW............................................ 10266 / 14663 ( 70%)
#10 67.79 ........................................................... 10325 / 14663 ( 70%)
#10 67.81 ....................W....................WWW..W..WWWWWW.... 10384 / 14663 ( 70%)
#10 67.85 .....WWW......................W...................W.WW.W... 10443 / 14663 ( 71%)
#10 67.88 ....WWWWW.................................................. 10502 / 14663 ( 71%)
#10 67.95 ........................................................... 10561 / 14663 ( 72%)
#10 68.19 ...............................................WWWWW....... 10620 / 14663 ( 72%)
#10 68.23 ..................W.W..........................W........... 10679 / 14663 ( 72%)
#10 68.27 ............................W.............................. 10738 / 14663 ( 73%)
#10 68.42 ........................................................... 10797 / 14663 ( 73%)
#10 68.54 ........................................................... 10856 / 14663 ( 74%)
#10 68.71 ...................................WW..............W...WWWW 10915 / 14663 ( 74%)
#10 68.76 ..WW...WW.WW............................................... 10974 / 14663 ( 74%)
#10 68.79 ...............................WWW......W.W............W... 11033 / 14663 ( 75%)
#10 68.82 ........................................................... 11092 / 14663 ( 75%)
#10 68.96 ..WW....................................................... 11151 / 14663 ( 76%)
#10 68.98 ...W..W.................................................... 11210 / 14663 ( 76%)
#10 69.58 ........................................................... 11269 / 14663 ( 76%)
#10 70.24 ........................................................... 11328 / 14663 ( 77%)
#10 92.92 .................................................WWW....... 11387 / 14663 ( 77%)
#10 92.95 ..W..WWWW.........W........................................ 11446 / 14663 ( 78%)
#10 93.02 ...........WW.W..W.WW..WWWWWWWWWW....W..................... 11505 / 14663 ( 78%)
#10 93.18 ........................................................... 11564 / 14663 ( 78%)
#10 93.20 .......................WW.................................. 11623 / 14663 ( 79%)
#10 93.26 ..........................................W................ 11682 / 14663 ( 79%)
#10 93.62 .......W...........................W.W.................WWW. 11741 / 14663 ( 80%)
#10 93.66 W.............................WWWWWWWWWW.WW................ 11800 / 14663 ( 80%)
#10 93.70 ........................................................... 11859 / 14663 ( 80%)
#10 93.81 .....................................W.WWW................. 11918 / 14663 ( 81%)
#10 93.84 ..W........W..............................W................ 11977 / 14663 ( 81%)
#10 93.93 .............................................W...........W. 12036 / 14663 ( 82%)
#10 93.96 ...WWWW...........................................WWWWWWWWW 12095 / 14663 ( 82%)
#10 94.17 WW...............W.................................W..W.WWW 12154 / 14663 ( 82%)
#10 94.24 W.....WW.W.............WWWW................................ 12213 / 14663 ( 83%)
#10 94.39 ....W...................................................... 12272 / 14663 ( 83%)
#10 94.42 ...................WW...................................... 12331 / 14663 ( 84%)
#10 94.56 ........................................................... 12390 / 14663 ( 84%)
#10 94.69 ........................................................... 12449 / 14663 ( 84%)
#10 101.5 ........................................................... 12508 / 14663 ( 85%)
#10 107.5 ........................................................... 12567 / 14663 ( 85%)
#10 107.5 ........................................................... 12626 / 14663 ( 86%)
#10 107.5 ........................................................... 12685 / 14663 ( 86%)
#10 107.5 ........................................................... 12744 / 14663 ( 86%)
#10 107.5 ........................................................... 12803 / 14663 ( 87%)
#10 107.6 ........................................................... 12862 / 14663 ( 87%)
#10 107.7 ......................................S.................... 12921 / 14663 ( 88%)
#10 115.0 .FF....FSS........S......F..F.............................. 12980 / 14663 ( 88%)
#10 117.3 ........................................................... 13039 / 14663 ( 88%)
#10 117.4 ........................................................... 13098 / 14663 ( 89%)
#10 117.5 ........................................................... 13157 / 14663 ( 89%)
#10 120.2 ............S...........................W.................. 13216 / 14663 ( 90%)
#10 123.6 ........................................................... 13275 / 14663 ( 90%)
#10 125.5 ........................................................... 13334 / 14663 ( 90%)
#10 145.0 ........................................................... 13393 / 14663 ( 91%)
#10 158.2 ........................................................... 13452 / 14663 ( 91%)
#10 161.8 ........................................S.................. 13511 / 14663 ( 92%)
#10 163.1 ........................................................... 13570 / 14663 ( 92%)
#10 163.2 ........................................................... 13629 / 14663 ( 92%)
#10 163.2 ........................................................... 13688 / 14663 ( 93%)
#10 163.2 ........................................................... 13747 / 14663 ( 93%)
#10 163.3 ........................................................... 13806 / 14663 ( 94%)
#10 164.6 ........................................................... 13865 / 14663 ( 94%)
#10 164.7 ........................................................... 13924 / 14663 ( 94%)
#10 164.7 ........................................................... 13983 / 14663 ( 95%)
#10 164.8 ........................................................... 14042 / 14663 ( 95%)
#10 164.9 ........................................................... 14101 / 14663 ( 96%)
#10 164.9 ........................................................... 14160 / 14663 ( 96%)
#10 166.3 .......................................WW.................. 14219 / 14663 ( 96%)
#10 166.4 ........................................................... 14278 / 14663 ( 97%)
#10 172.1 ........................................................... 14337 / 14663 ( 97%)
#10 172.2 ........................................................... 14396 / 14663 ( 98%)
#10 172.2 ........................................................... 14455 / 14663 ( 98%)
#10 172.2 ........................................................... 14514 / 14663 ( 98%)
#10 172.2 ........................................................... 14573 / 14663 ( 99%)
#10 172.2 ........................................................... 14632 / 14663 ( 99%)
#10 172.3 ...............................                             14663 / 14663 (100%)
#10 172.3 
#10 172.3 Time: 02:48.100, Memory: 457.00 MB
#10 172.3 
#10 172.3 There were 187 warnings:
#10 172.3 
#10 172.3 1) Test\AppFramework\Db\MapperTest::testFindQuery
#10 172.3 The at() matcher has been deprecated. It will be removed in PHPUnit 10. Please refactor your test to not rely on the order in which methods are invoked.
#10 172.3 
#10 172.3 2) Test\AppFramework\Db\MapperTest::testFindEntity
#10 172.3 The at() matcher has been deprecated. It will be removed in PHPUnit 10. Please refactor your test to not rely on the order in which methods are invoked.
#10 172.3 
#10 172.3 3) Test\AppFramework\Db\MapperTest::testFindNotFound
#10 172.3 The at() matcher has been deprecated. It will be removed in PHPUnit 10. Please refactor your test to not rely on the order in which methods are invoked.
#10 172.3 
#10 172.3 4) Test\AppFramework\Db\MapperTest::testFindEntityNotFound
#10 172.3 The at() matcher has been deprecated. It will be removed in PHPUnit 10. Please refactor your test to not rely on the order in which methods are invoked.
#10 172.3 
#10 172.3 5) Test\AppFramework\Db\MapperTest::testFindMultiple
#10 172.3 The at() matcher has been deprecated. It will be removed in PHPUnit 10. Please refactor your test to not rely on the order in which methods are invoked.
#10 172.3 
#10 172.3 6) Test\AppFramework\Db\MapperTest::testFindEntityMultiple
#10 172.3 The at() matcher has been deprecated. It will be removed in PHPUnit 10. Please refactor your test to not rely on the order in which methods are invoked.
#10 172.3 
#10 172.3 7) Test\AppFramework\Db\MapperTest::testDelete
#10 172.3 The at() matcher has been deprecated. It will be removed in PHPUnit 10. Please refactor your test to not rely on the order in which methods are invoked.
#10 172.3 
#10 172.3 8) Test\AppFramework\Db\MapperTest::testCreate
#10 172.3 The at() matcher has been deprecated. It will be removed in PHPUnit 10. Please refactor your test to not rely on the order in which methods are invoked.
#10 172.3 
#10 172.3 9) Test\AppFramework\Db\MapperTest::testCreateShouldReturnItemWithCorrectInsertId
#10 172.3 The at() matcher has been deprecated. It will be removed in PHPUnit 10. Please refactor your test to not rely on the order in which methods are invoked.
#10 172.3 
#10 172.3 10) Test\AppFramework\Db\MapperTest::testAssocParameters
#10 172.3 The at() matcher has been deprecated. It will be removed in PHPUnit 10. Please refactor your test to not rely on the order in which methods are invoked.
#10 172.3 
#10 172.3 11) Test\AppFramework\Db\MapperTest::testUpdate
#10 172.3 The at() matcher has been deprecated. It will be removed in PHPUnit 10. Please refactor your test to not rely on the order in which methods are invoked.
#10 172.3 
#10 172.3 12) Test\AppFramework\Db\MapperTest::testFindEntities
#10 172.3 The at() matcher has been deprecated. It will be removed in PHPUnit 10. Please refactor your test to not rely on the order in which methods are invoked.
#10 172.3 
#10 172.3 13) Test\AppFramework\Db\MapperTest::testFindEntitiesNotFound
#10 172.3 The at() matcher has been deprecated. It will be removed in PHPUnit 10. Please refactor your test to not rely on the order in which methods are invoked.
#10 172.3 
#10 172.3 14) Test\AppFramework\Db\MapperTest::testFindEntitiesMultiple
#10 172.3 The at() matcher has been deprecated. It will be removed in PHPUnit 10. Please refactor your test to not rely on the order in which methods are invoked.
#10 172.3 
#10 172.3 15) Test\Authentication\Token\PublicKeyTokenProviderTest::testInvalidateToken
#10 172.3 The at() matcher has been deprecated. It will be removed in PHPUnit 10. Please refactor your test to not rely on the order in which methods are invoked.
#10 172.3 
#10 172.3 16) Test\Authentication\Token\PublicKeyTokenProviderTest::testGetInvalidToken
#10 172.3 The at() matcher has been deprecated. It will be removed in PHPUnit 10. Please refactor your test to not rely on the order in which methods are invoked.
#10 172.3 
#10 172.3 17) Test\InstallerTest::testDownloadAppWithDowngrade
#10 172.3 The at() matcher has been deprecated. It will be removed in PHPUnit 10. Please refactor your test to not rely on the order in which methods are invoked.
#10 172.3 
#10 172.3 18) Tests\Core\Command\Config\AppsDisableTest::testCommandInput with data set #0 (array('admin_audit'), 0, 'admin_audit ([\d\.]*) disabled')
#10 172.3 assertRegExp() is deprecated and will be removed in PHPUnit 10. Refactor your code to use assertMatchesRegularExpression() instead.
#10 172.3 
#10 172.3 19) Tests\Core\Command\Config\AppsDisableTest::testCommandInput with data set #1 (array('comments'), 0, 'comments ([\d\.]*) disabled')
#10 172.3 assertRegExp() is deprecated and will be removed in PHPUnit 10. Refactor your code to use assertMatchesRegularExpression() instead.
#10 172.3 
#10 172.3 20) Tests\Core\Command\Config\AppsDisableTest::testCommandInput with data set #2 (array('invalid_app'), 0, 'No such app enabled: invalid_app')
#10 172.3 assertRegExp() is deprecated and will be removed in PHPUnit 10. Refactor your code to use assertMatchesRegularExpression() instead.
#10 172.3 
#10 172.3 21) Tests\Core\Command\Config\AppsDisableTest::testCommandInput with data set #3 (array('admin_audit', 'comments'), 0, 'admin_audit ([\d\.]*) disable...sabled')
#10 172.3 assertRegExp() is deprecated and will be removed in PHPUnit 10. Refactor your code to use assertMatchesRegularExpression() instead.
#10 172.3 
#10 172.3 22) Tests\Core\Command\Config\AppsDisableTest::testCommandInput with data set #4 (array('admin_audit', 'comments', 'invalid_app'), 0, 'admin_audit ([\d\.]*) disable...id_app')
#10 172.3 assertRegExp() is deprecated and will be removed in PHPUnit 10. Refactor your code to use assertMatchesRegularExpression() instead.
#10 172.3 
#10 172.3 23) Tests\Core\Command\Config\AppsDisableTest::testCommandInput with data set #5 (array('files'), 2, 'files can't be disabled')
#10 172.3 assertRegExp() is deprecated and will be removed in PHPUnit 10. Refactor your code to use assertMatchesRegularExpression() instead.
#10 172.3 
#10 172.3 24) Tests\Core\Command\Config\AppsDisableTest::testCommandInput with data set #6 (array('provisioning_api'), 2, 'provisioning_api can't be disabled')
#10 172.3 assertRegExp() is deprecated and will be removed in PHPUnit 10. Refactor your code to use assertMatchesRegularExpression() instead.
#10 172.3 
#10 172.3 25) Tests\Core\Command\Config\AppsDisableTest::testCommandInput with data set #7 (array('files', 'admin_audit'), 2, 'files can't be disabled.\nadm...sabled')
#10 172.3 assertRegExp() is deprecated and will be removed in PHPUnit 10. Refactor your code to use assertMatchesRegularExpression() instead.
#10 172.3 
#10 172.3 26) Tests\Core\Command\Config\AppsDisableTest::testCommandInput with data set #8 (array('provisioning_api', 'comments'), 2, 'provisioning_api can't be dis...sabled')
#10 172.3 assertRegExp() is deprecated and will be removed in PHPUnit 10. Refactor your code to use assertMatchesRegularExpression() instead.
#10 172.3 
#10 172.3 27) Tests\Core\Command\Config\AppsEnableTest::testCommandInput with data set #0 (array('admin_audit'), null, 0, 'admin_audit ([\d\.]*) enabled')
#10 172.3 assertRegExp() is deprecated and will be removed in PHPUnit 10. Refactor your code to use assertMatchesRegularExpression() instead.
#10 172.3 
#10 172.3 28) Tests\Core\Command\Config\AppsEnableTest::testCommandInput with data set #1 (array('comments'), null, 0, 'comments ([\d\.]*) enabled')
#10 172.3 assertRegExp() is deprecated and will be removed in PHPUnit 10. Refactor your code to use assertMatchesRegularExpression() instead.
#10 172.3 
#10 172.3 29) Tests\Core\Command\Config\AppsEnableTest::testCommandInput with data set #2 (array('comments', 'comments'), null, 0, 'comments ([\d\.]*) enabled\nc...nabled')
#10 172.3 assertRegExp() is deprecated and will be removed in PHPUnit 10. Refactor your code to use assertMatchesRegularExpression() instead.
#10 172.3 
#10 172.3 30) Tests\Core\Command\Config\AppsEnableTest::testCommandInput with data set #3 (array('invalid_app'), null, 1, 'Could not download app invalid_app')
#10 172.3 assertRegExp() is deprecated and will be removed in PHPUnit 10. Refactor your code to use assertMatchesRegularExpression() instead.
#10 172.3 
#10 172.3 31) Tests\Core\Command\Config\AppsEnableTest::testCommandInput with data set #4 (array('admin_audit', 'comments'), null, 0, 'admin_audit ([\d\.]*) enabled...nabled')
#10 172.3 assertRegExp() is deprecated and will be removed in PHPUnit 10. Refactor your code to use assertMatchesRegularExpression() instead.
#10 172.3 
#10 172.3 32) Tests\Core\Command\Config\AppsEnableTest::testCommandInput with data set #5 (array('admin_audit', 'comments', 'invalid_app'), null, 1, 'admin_audit ([\d\.]*) enabled...id_app')
#10 172.3 assertRegExp() is deprecated and will be removed in PHPUnit 10. Refactor your code to use assertMatchesRegularExpression() instead.
#10 172.3 
#10 172.3 33) Tests\Core\Command\Config\AppsEnableTest::testCommandInput with data set #6 (array('admin_audit'), array('admin'), 1, 'admin_audit can't be enabled ...groups')
#10 172.3 assertRegExp() is deprecated and will be removed in PHPUnit 10. Refactor your code to use assertMatchesRegularExpression() instead.
#10 172.3 
#10 172.3 34) Tests\Core\Command\Config\AppsEnableTest::testCommandInput with data set #7 (array('comments'), array('admin'), 1, 'comments can't be enabled for groups')
#10 172.3 assertRegExp() is deprecated and will be removed in PHPUnit 10. Refactor your code to use assertMatchesRegularExpression() instead.
#10 172.3 
#10 172.3 35) Tests\Core\Command\Config\AppsEnableTest::testCommandInput with data set #8 (array('updatenotification'), array('admin'), 0, 'updatenotification ([\d\.]*) ... admin')
#10 172.3 assertRegExp() is deprecated and will be removed in PHPUnit 10. Refactor your code to use assertMatchesRegularExpression() instead.
#10 172.3 
#10 172.3 36) Tests\Core\Command\Config\AppsEnableTest::testCommandInput with data set #9 (array('updatenotification', 'dashboard'), array('admin'), 0, 'updatenotification ([\d\.]*) ... admin')
#10 172.3 assertRegExp() is deprecated and will be removed in PHPUnit 10. Refactor your code to use assertMatchesRegularExpression() instead.
#10 172.3 
#10 172.3 37) Tests\Core\Command\Config\AppsEnableTest::testCommandInput with data set #10 (array('updatenotification'), array('admin', 'invalid_group'), 0, 'updatenotification ([\d\.]*) ... admin')
#10 172.3 assertRegExp() is deprecated and will be removed in PHPUnit 10. Refactor your code to use assertMatchesRegularExpression() instead.
#10 172.3 
#10 172.3 38) Tests\Core\Command\Config\AppsEnableTest::testCommandInput with data set #11 (array('updatenotification', 'dashboard'), array('admin', 'invalid_group'), 0, 'updatenotification ([\d\.]*) ... admin')
#10 172.3 assertRegExp() is deprecated and will be removed in PHPUnit 10. Refactor your code to use assertMatchesRegularExpression() instead.
#10 172.3 
#10 172.3 39) Tests\Core\Command\Config\AppsEnableTest::testCommandInput with data set #12 (array('updatenotification', 'dashboard', 'invalid_app'), array('admin', 'invalid_group'), 1, 'updatenotification ([\d\.]*) ...id_app')
#10 172.3 assertRegExp() is deprecated and will be removed in PHPUnit 10. Refactor your code to use assertMatchesRegularExpression() instead.
#10 172.3 
#10 172.3 40) Tests\Core\Command\Encryption\ChangeKeyStorageRootTest::testMoveAllKeys
#10 172.3 The at() matcher has been deprecated. It will be removed in PHPUnit 10. Please refactor your test to not rely on the order in which methods are invoked.
#10 172.3 
#10 172.3 41) Tests\Core\Command\Encryption\DecryptAllTest::testMaintenanceAndTrashbin
#10 172.3 The at() matcher has been deprecated. It will be removed in PHPUnit 10. Please refactor your test to not rely on the order in which methods are invoked.
#10 172.3 
#10 172.3 42) Tests\Core\Command\Encryption\DecryptAllTest::testExecute with data set #0 (true, true)
#10 172.3 The at() matcher has been deprecated. It will be removed in PHPUnit 10. Please refactor your test to not rely on the order in which methods are invoked.
#10 172.3 
#10 172.3 43) Tests\Core\Command\Encryption\DecryptAllTest::testExecute with data set #1 (true, false)
#10 172.3 The at() matcher has been deprecated. It will be removed in PHPUnit 10. Please refactor your test to not rely on the order in which methods are invoked.
#10 172.3 
#10 172.3 44) Tests\Core\Command\Encryption\DecryptAllTest::testExecuteFailure
#10 172.3 The at() matcher has been deprecated. It will be removed in PHPUnit 10. Please refactor your test to not rely on the order in which methods are invoked.
#10 172.3 
#10 172.3 45) Tests\Core\Command\Encryption\EnableTest::testEnable with data set #0 ('no', null, array(), true, 'Encryption enabled', 'No encryption module is loaded')
#10 172.3 The at() matcher has been deprecated. It will be removed in PHPUnit 10. Please refactor your test to not rely on the order in which methods are invoked.
#10 172.3 
#10 172.3 46) Tests\Core\Command\Encryption\EnableTest::testEnable with data set #1 ('yes', null, array(), false, 'Encryption is already enabled', 'No encryption module is loaded')
#10 172.3 The at() matcher has been deprecated. It will be removed in PHPUnit 10. Please refactor your test to not rely on the order in which methods are invoked.
#10 172.3 
#10 172.3 47) Tests\Core\Command\Encryption\EnableTest::testEnable with data set #2 ('no', null, array(array()), true, 'Encryption enabled', 'No default module is set')
#10 172.3 The at() matcher has been deprecated. It will be removed in PHPUnit 10. Please refactor your test to not rely on the order in which methods are invoked.
#10 172.3 
#10 172.3 48) Tests\Core\Command\Encryption\EnableTest::testEnable with data set #3 ('no', 'OC_NO_MODULE', array(array()), true, 'Encryption enabled', 'The current default module do...MODULE')
#10 172.3 The at() matcher has been deprecated. It will be removed in PHPUnit 10. Please refactor your test to not rely on the order in which methods are invoked.
#10 172.3 
#10 172.3 49) Tests\Core\Command\Encryption\EnableTest::testEnable with data set #4 ('no', 'OC_TEST_MODULE', array(array()), true, 'Encryption enabled', 'Default module: OC_TEST_MODULE')
#10 172.3 The at() matcher has been deprecated. It will be removed in PHPUnit 10. Please refactor your test to not rely on the order in which methods are invoked.
#10 172.3 
#10 172.3 50) Tests\Core\Command\Encryption\EncryptAllTest::testEncryptAll
#10 172.3 The at() matcher has been deprecated. It will be removed in PHPUnit 10. Please refactor your test to not rely on the order in which methods are invoked.
#10 172.3 
#10 172.3 51) Tests\Core\Command\Encryption\SetDefaultModuleTest::testMaintenanceMode with data set #0 ('ID0', 'ID0', null, null, 'already')
#10 172.3 The at() matcher has been deprecated. It will be removed in PHPUnit 10. Please refactor your test to not rely on the order in which methods are invoked.
#10 172.3 
#10 172.3 52) Tests\Core\Command\Encryption\SetDefaultModuleTest::testMaintenanceMode with data set #1 ('ID0', 'ID1', 'ID1', true, 'info')
#10 172.3 The at() matcher has been deprecated. It will be removed in PHPUnit 10. Please refactor your test to not rely on the order in which methods are invoked.
#10 172.3 
#10 172.3 53) Tests\Core\Command\Encryption\SetDefaultModuleTest::testMaintenanceMode with data set #2 ('ID0', 'ID1', 'ID1', false, 'error')
#10 172.3 The at() matcher has been deprecated. It will be removed in PHPUnit 10. Please refactor your test to not rely on the order in which methods are invoked.
#10 172.3 
#10 172.3 54) Tests\Core\Command\Log\FileTest::testGetConfiguration
#10 172.3 The at() matcher has been deprecated. It will be removed in PHPUnit 10. Please refactor your test to not rely on the order in which methods are invoked.
#10 172.3 
#10 172.3 55) Tests\Core\Command\Log\ManageTest::testGetConfiguration
#10 172.3 The at() matcher has been deprecated. It will be removed in PHPUnit 10. Please refactor your test to not rely on the order in which methods are invoked.
#10 172.3 
#10 172.3 56) Tests\Core\Command\Maintenance\Mimetype\UpdateDBTest::testNoop
#10 172.3 The at() matcher has been deprecated. It will be removed in PHPUnit 10. Please refactor your test to not rely on the order in which methods are invoked.
#10 172.3 
#10 172.3 57) Tests\Core\Command\Maintenance\Mimetype\UpdateDBTest::testAddMimetype
#10 172.3 The at() matcher has been deprecated. It will be removed in PHPUnit 10. Please refactor your test to not rely on the order in which methods are invoked.
#10 172.3 
#10 172.3 58) Tests\Core\Command\Maintenance\Mimetype\UpdateDBTest::testRepairFilecache
#10 172.3 The at() matcher has been deprecated. It will be removed in PHPUnit 10. Please refactor your test to not rely on the order in which methods are invoked.
#10 172.3 
#10 172.3 59) Tests\Core\Command\Preview\RepairTest::testEmptyExecute with data set #0 (array(), 'All previews are already migrated.')
#10 172.3 The at() matcher has been deprecated. It will be removed in PHPUnit 10. Please refactor your test to not rely on the order in which methods are invoked.
#10 172.3 
#10 172.3 60) Tests\Core\Command\Preview\RepairTest::testEmptyExecute with data set #1 (array(array('a'), array('b'), array('c')), 'All previews are already migrated.')
#10 172.3 The at() matcher has been deprecated. It will be removed in PHPUnit 10. Please refactor your test to not rely on the order in which methods are invoked.
#10 172.3 
#10 172.3 61) Tests\Core\Command\Preview\RepairTest::testEmptyExecute with data set #2 (array(array('0', array('folder', 'folder')), array('b'), array('c')), 'All previews are already migrated.')
#10 172.3 The at() matcher has been deprecated. It will be removed in PHPUnit 10. Please refactor your test to not rely on the order in which methods are invoked.
#10 172.3 
#10 172.3 62) Tests\Core\Command\Preview\RepairTest::testEmptyExecute with data set #3 (array(array('0', array('file', 'folder', 'folder')), array('b'), array('c')), 'A total of 1 preview files ne...rated.')
#10 172.3 The at() matcher has been deprecated. It will be removed in PHPUnit 10. Please refactor your test to not rely on the order in which methods are invoked.
#10 172.3 
#10 172.3 63) Tests\Core\Command\Preview\RepairTest::testEmptyExecute with data set #4 (array(array('23'), array('b'), array('c')), 'A total of 1 preview files ne...rated.')
#10 172.3 The at() matcher has been deprecated. It will be removed in PHPUnit 10. Please refactor your test to not rely on the order in which methods are invoked.
#10 172.3 
#10 172.3 64) Tests\Core\Controller\LoginControllerTest::testShowLoginFormWithErrorsInSession
#10 172.3 The at() matcher has been deprecated. It will be removed in PHPUnit 10. Please refactor your test to not rely on the order in which methods are invoked.
#10 172.3 
#10 172.3 65) Tests\Core\Controller\LoginControllerTest::testShowLoginFormForFlowAuth
#10 172.3 The at() matcher has been deprecated. It will be removed in PHPUnit 10. Please refactor your test to not rely on the order in which methods are invoked.
#10 172.3 
#10 172.3 66) Tests\Core\Controller\LoginControllerTest::testShowLoginFormWithPasswordResetOption with data set #0 (true, true)
#10 172.3 The at() matcher has been deprecated. It will be removed in PHPUnit 10. Please refactor your test to not rely on the order in which methods are invoked.
#10 172.3 
#10 172.3 67) Tests\Core\Controller\LoginControllerTest::testShowLoginFormWithPasswordResetOption with data set #1 (false, false)
#10 172.3 The at() matcher has been deprecated. It will be removed in PHPUnit 10. Please refactor your test to not rely on the order in which methods are invoked.
#10 172.3 
#10 172.3 68) Tests\Core\Controller\LoginControllerTest::testShowLoginFormForUserNamed0
#10 172.3 The at() matcher has been deprecated. It will be removed in PHPUnit 10. Please refactor your test to not rely on the order in which methods are invoked.
#10 172.3 
#10 172.3 69) Tests\Core\Controller\NavigationControllerTest::testGetAppNavigation with data set #1 (true)
#10 172.3 The at() matcher has been deprecated. It will be removed in PHPUnit 10. Please refactor your test to not rely on the order in which methods are invoked.
#10 172.3 
#10 172.3 70) Tests\Core\Controller\NavigationControllerTest::testGetSettingsNavigation with data set #1 (true)
#10 172.3 The at() matcher has been deprecated. It will be removed in PHPUnit 10. Please refactor your test to not rely on the order in which methods are invoked.
#10 172.3 
#10 172.3 71) Test\Core\Controller\TwoFactorChallengeControllerTest::testSolveChallengeTwoFactorException
#10 172.3 The at() matcher has been deprecated. It will be removed in PHPUnit 10. Please refactor your test to not rely on the order in which methods are invoked.
#10 172.3 
#10 172.3 72) Tests\Core\Data\LoginFlowV2ServiceUnitTest::testFlowDone
#10 172.3 assertRegExp() is deprecated and will be removed in PHPUnit 10. Refactor your code to use assertMatchesRegularExpression() instead.
#10 172.3 
#10 172.3 73) OCA\DAV\Tests\unit\Connector\Sabre\TagsPluginTest::testUpdateTags
#10 172.3 The at() matcher has been deprecated. It will be removed in PHPUnit 10. Please refactor your test to not rely on the order in which methods are invoked.
#10 172.3 
#10 172.3 74) OCA\DAV\Tests\unit\Connector\Sabre\TagsPluginTest::testUpdateTagsFromScratch
#10 172.3 The at() matcher has been deprecated. It will be removed in PHPUnit 10. Please refactor your test to not rely on the order in which methods are invoked.
#10 172.3 
#10 172.3 75) OCA\DAV\Tests\unit\Connector\Sabre\PrincipalTest::testSetGroupMembershipProxy
#10 172.3 The at() matcher has been deprecated. It will be removed in PHPUnit 10. Please refactor your test to not rely on the order in which methods are invoked.
#10 172.3 
#10 172.3 76) OCA\DAV\Tests\unit\Connector\Sabre\PrincipalTest::testSearchPrincipals with data set #0 (true, false, 'allof', array('principals/users/user3'))
#10 172.3 The at() matcher has been deprecated. It will be removed in PHPUnit 10. Please refactor your test to not rely on the order in which methods are invoked.
#10 172.3 
#10 172.3 77) OCA\DAV\Tests\unit\Connector\Sabre\PrincipalTest::testSearchPrincipals with data set #1 (true, false, 'anyof', array('principals/users/user2', 'principals/users/user3', 'principals/users/user4'))
#10 172.3 The at() matcher has been deprecated. It will be removed in PHPUnit 10. Please refactor your test to not rely on the order in which methods are invoked.
#10 172.3 
#10 172.3 78) OCA\DAV\Tests\unit\Connector\Sabre\PrincipalTest::testSearchPrincipals with data set #2 (true, true, 'allof', array())
#10 172.3 The at() matcher has been deprecated. It will be removed in PHPUnit 10. Please refactor your test to not rely on the order in which methods are invoked.
#10 172.3 
#10 172.3 79) OCA\DAV\Tests\unit\Connector\Sabre\PrincipalTest::testSearchPrincipals with data set #3 (true, true, 'anyof', array('principals/users/user2', 'principals/users/user4'))
#10 172.3 The at() matcher has been deprecated. It will be removed in PHPUnit 10. Please refactor your test to not rely on the order in which methods are invoked.
#10 172.3 
#10 172.3 80) OCA\DAV\Tests\unit\Connector\Sabre\PrincipalTest::testSearchPrincipalByCalendarUserAddressSet
#10 172.3 The at() matcher has been deprecated. It will be removed in PHPUnit 10. Please refactor your test to not rely on the order in which methods are invoked.
#10 172.3 
#10 172.3 81) OCA\DAV\Tests\unit\Connector\Sabre\PrincipalTest::testSearchPrincipalWithEnumerationDisabledDisplayname
#10 172.3 The at() matcher has been deprecated. It will be removed in PHPUnit 10. Please refactor your test to not rely on the order in which methods are invoked.
#10 172.3 
#10 172.3 82) OCA\DAV\Tests\unit\Connector\Sabre\PrincipalTest::testSearchPrincipalWithEnumerationLimitedDisplayname
#10 172.3 The at() matcher has been deprecated. It will be removed in PHPUnit 10. Please refactor your test to not rely on the order in which methods are invoked.
#10 172.3 
#10 172.3 83) OCA\DAV\Tests\unit\Connector\Sabre\PrincipalTest::testSearchPrincipalWithEnumerationLimitedMail
#10 172.3 The at() matcher has been deprecated. It will be removed in PHPUnit 10. Please refactor your test to not rely on the order in which methods are invoked.
#10 172.3 
#10 172.3 84) OCA\DAV\Tests\unit\Connector\Sabre\PrincipalTest::testFindByUriWithGroupRestriction with data set #0 ('mailto:user2@foo.bar', 'user2@foo.bar', 'principals/users/user2')
#10 172.3 The at() matcher has been deprecated. It will be removed in PHPUnit 10. Please refactor your test to not rely on the order in which methods are invoked.
#10 172.3 
#10 172.3 85) OCA\DAV\Tests\unit\Connector\Sabre\PrincipalTest::testFindByUriWithGroupRestriction with data set #1 ('mailto:user3@foo.bar', 'user3@foo.bar', null)
#10 172.3 The at() matcher has been deprecated. It will be removed in PHPUnit 10. Please refactor your test to not rely on the order in which methods are invoked.
#10 172.3 
#10 172.3 86) OCA\DAV\Tests\unit\Connector\Sabre\FilesReportPluginTest::testOnReport
#10 172.3 The at() matcher has been deprecated. It will be removed in PHPUnit 10. Please refactor your test to not rely on the order in which methods are invoked.
#10 172.3 
#10 172.3 87) OCA\DAV\Tests\unit\Connector\Sabre\FilesReportPluginTest::testFindNodesByFileIdsRoot
#10 172.3 The at() matcher has been deprecated. It will be removed in PHPUnit 10. Please refactor your test to not rely on the order in which methods are invoked.
#10 172.3 
#10 172.3 88) OCA\DAV\Tests\unit\Connector\Sabre\FilesReportPluginTest::testFindNodesByFileIdsSubDir
#10 172.3 The at() matcher has been deprecated. It will be removed in PHPUnit 10. Please refactor your test to not rely on the order in which methods are invoked.
#10 172.3 
#10 172.3 89) OCA\DAV\Tests\unit\Connector\Sabre\FilesReportPluginTest::testProcessFilterRulesInvisibleTagAsAdmin
#10 172.3 The at() matcher has been deprecated. It will be removed in PHPUnit 10. Please refactor your test to not rely on the order in which methods are invoked.
#10 172.3 
#10 172.3 90) OCA\DAV\Tests\unit\Connector\Sabre\FilesReportPluginTest::testProcessFilterRulesVisibleTagAsUser
#10 172.3 The at() matcher has been deprecated. It will be removed in PHPUnit 10. Please refactor your test to not rely on the order in which methods are invoked.
#10 172.3 
#10 172.3 91) OCA\DAV\Tests\unit\Connector\Sabre\BearerAuthTest::testValidateBearerToken
#10 172.3 The at() matcher has been deprecated. It will be removed in PHPUnit 10. Please refactor your test to not rely on the order in which methods are invoked.
#10 172.3 
#10 172.3 92) OCA\DAV\Tests\unit\Connector\Sabre\AuthTest::testAuthenticateValidCredentials
#10 172.3 The at() matcher has been deprecated. It will be removed in PHPUnit 10. Please refactor your test to not rely on the order in which methods are invoked.
#10 172.3 
#10 172.3 93) OCA\DAV\Tests\unit\Connector\Sabre\AuthTest::testAuthenticateInvalidCredentials
#10 172.3 The at() matcher has been deprecated. It will be removed in PHPUnit 10. Please refactor your test to not rely on the order in which methods are invoked.
#10 172.3 
#10 172.3 94) OCA\DAV\Tests\unit\Connector\Sabre\FakeLockerPluginTest::testInitialize
#10 172.3 The at() matcher has been deprecated. It will be removed in PHPUnit 10. Please refactor your test to not rely on the order in which methods are invoked.
#10 172.3 
#10 172.3 95) OCA\DAV\Tests\unit\Connector\Sabre\FakeLockerPluginTest::testPropFind
#10 172.3 The at() matcher has been deprecated. It will be removed in PHPUnit 10. Please refactor your test to not rely on the order in which methods are invoked.
#10 172.3 
#10 172.3 96) OCA\DAV\Tests\unit\CalDAV\CalendarHomeTest::testGetChildren
#10 172.3 The at() matcher has been deprecated. It will be removed in PHPUnit 10. Please refactor your test to not rely on the order in which methods are invoked.
#10 172.3 
#10 172.3 97) OCA\DAV\Tests\unit\CalDAV\CalendarHomeTest::testGetChildNonAppGenerated
#10 172.3 The at() matcher has been deprecated. It will be removed in PHPUnit 10. Please refactor your test to not rely on the order in which methods are invoked.
#10 172.3 
#10 172.3 98) OCA\DAV\Tests\unit\CalDAV\CalendarHomeTest::testGetChildAppGenerated
#10 172.3 The at() matcher has been deprecated. It will be removed in PHPUnit 10. Please refactor your test to not rely on the order in which methods are invoked.
#10 172.3 
#10 172.3 99) OCA\DAV\Tests\unit\CalDAV\Reminder\NotificationProvider\AudioProviderTest::testSend
#10 172.3 The at() matcher has been deprecated. It will be removed in PHPUnit 10. Please refactor your test to not rely on the order in which methods are invoked.
#10 172.3 
#10 172.3 100) OCA\DAV\Tests\unit\CalDAV\Reminder\NotificationProvider\PushProviderTest::testSend
#10 172.3 The at() matcher has been deprecated. It will be removed in PHPUnit 10. Please refactor your test to not rely on the order in which methods are invoked.
#10 172.3 
#10 172.3 101) OCA\DAV\Tests\unit\CalDAV\Reminder\NotificationProvider\EmailProviderTest::testSendWithoutAttendees
#10 172.3 The at() matcher has been deprecated. It will be removed in PHPUnit 10. Please refactor your test to not rely on the order in which methods are invoked.
#10 172.3 
#10 172.3 102) OCA\DAV\Tests\unit\CalDAV\Reminder\NotificationProvider\EmailProviderTest::testSendWithAttendeesWhenOwnerIsOrganizer
#10 172.3 The at() matcher has been deprecated. It will be removed in PHPUnit 10. Please refactor your test to not rely on the order in which methods are invoked.
#10 172.3 
#10 172.3 103) OCA\DAV\Tests\unit\CalDAV\Reminder\NotificationProvider\EmailProviderTest::testSendWithAttendeesWhenOwnerIsAttendee
#10 172.3 The at() matcher has been deprecated. It will be removed in PHPUnit 10. Please refactor your test to not rely on the order in which methods are invoked.
#10 172.3 
#10 172.3 104) OCA\DAV\Tests\unit\CalDAV\Reminder\ReminderServiceTest::testProcessReminders
#10 172.3 The at() matcher has been deprecated. It will be removed in PHPUnit 10. Please refactor your test to not rely on the order in which methods are invoked.
#10 172.3 
#10 172.3 105) OCA\DAV\Tests\unit\CalDAV\Schedule\IMipPluginTest::testDelivery
#10 172.3 The at() matcher has been deprecated. It will be removed in PHPUnit 10. Please refactor your test to not rely on the order in which methods are invoked.
#10 172.3 
#10 172.3 106) OCA\DAV\Tests\unit\CalDAV\Schedule\IMipPluginTest::testFailedDelivery
#10 172.3 The at() matcher has been deprecated. It will be removed in PHPUnit 10. Please refactor your test to not rely on the order in which methods are invoked.
#10 172.3 
#10 172.3 107) OCA\DAV\Tests\unit\CalDAV\Schedule\IMipPluginTest::testDeliveryWithNoCommonName
#10 172.3 The at() matcher has been deprecated. It will be removed in PHPUnit 10. Please refactor your test to not rely on the order in which methods are invoked.
#10 172.3 
#10 172.3 108) OCA\DAV\Tests\unit\CalDAV\Schedule\IMipPluginTest::testNoMessageSendForPastEvents with data set #2 (array(DateTime Object (...), DateTime Object (...)), true)
#10 172.3 The at() matcher has been deprecated. It will be removed in PHPUnit 10. Please refactor your test to not rely on the order in which methods are invoked.
#10 172.3 
#10 172.3 109) OCA\DAV\Tests\unit\CalDAV\Schedule\IMipPluginTest::testNoMessageSendForPastEvents with data set #4 (array(DateTime Object (...), 'P52W'), true)
#10 172.3 The at() matcher has been deprecated. It will be removed in PHPUnit 10. Please refactor your test to not rely on the order in which methods are invoked.
#10 172.3 
#10 172.3 110) OCA\DAV\Tests\unit\CalDAV\Schedule\IMipPluginTest::testNoMessageSendForPastEvents with data set #5 (array(DateTime Object (...), DateTime Object (...), 'FREQ=WEEKLY'), true)
#10 172.3 The at() matcher has been deprecated. It will be removed in PHPUnit 10. Please refactor your test to not rely on the order in which methods are invoked.
#10 172.3 
#10 172.3 111) OCA\DAV\Tests\unit\CalDAV\Schedule\IMipPluginTest::testNoMessageSendForPastEvents with data set #8 (array(DateTime Object (...), DateTime Object (...), 'FREQ=WEEKLY;COUNT=33'), true)
#10 172.3 The at() matcher has been deprecated. It will be removed in PHPUnit 10. Please refactor your test to not rely on the order in which methods are invoked.
#10 172.3 
#10 172.3 112) OCA\DAV\Tests\unit\CalDAV\Schedule\IMipPluginTest::testNoMessageSendForPastEvents with data set #9 (array(DateTime Object (...), DateTime Object (...), 'FREQ=WEEKLY;UNTIL=20171001T000000Z'), true)
#10 172.3 The at() matcher has been deprecated. It will be removed in PHPUnit 10. Please refactor your test to not rely on the order in which methods are invoked.
#10 172.3 
#10 172.3 113) OCA\DAV\Tests\unit\CalDAV\Schedule\IMipPluginTest::testIncludeResponseButtons with data set #0 ('yes', 'joe@internal.com', true)
#10 172.3 The at() matcher has been deprecated. It will be removed in PHPUnit 10. Please refactor your test to not rely on the order in which methods are invoked.
#10 172.3 
#10 172.3 114) OCA\DAV\Tests\unit\CalDAV\Schedule\IMipPluginTest::testIncludeResponseButtons with data set #1 ('joe@internal.com', 'joe@internal.com', true)
#10 172.3 The at() matcher has been deprecated. It will be removed in PHPUnit 10. Please refactor your test to not rely on the order in which methods are invoked.
#10 172.3 
#10 172.3 115) OCA\DAV\Tests\unit\CalDAV\Schedule\IMipPluginTest::testIncludeResponseButtons with data set #2 ('internal.com', 'joe@internal.com', true)
#10 172.3 The at() matcher has been deprecated. It will be removed in PHPUnit 10. Please refactor your test to not rely on the order in which methods are invoked.
#10 172.3 
#10 172.3 116) OCA\DAV\Tests\unit\CalDAV\Schedule\IMipPluginTest::testIncludeResponseButtons with data set #3 ('pete@otherinternal.com,internal.com', 'joe@internal.com', true)
#10 172.3 The at() matcher has been deprecated. It will be removed in PHPUnit 10. Please refactor your test to not rely on the order in which methods are invoked.
#10 172.3 
#10 172.3 117) OCA\DAV\Tests\unit\CalDAV\Schedule\IMipPluginTest::testIncludeResponseButtons with data set #4 ('no', 'joe@internal.com', false)
#10 172.3 The at() matcher has been deprecated. It will be removed in PHPUnit 10. Please refactor your test to not rely on the order in which methods are invoked.
#10 172.3 
#10 172.3 118) OCA\DAV\Tests\unit\CalDAV\Schedule\IMipPluginTest::testIncludeResponseButtons with data set #5 ('internal.com', 'joe@external.com', false)
#10 172.3 The at() matcher has been deprecated. It will be removed in PHPUnit 10. Please refactor your test to not rely on the order in which methods are invoked.
#10 172.3 
#10 172.3 119) OCA\DAV\Tests\unit\CalDAV\Schedule\IMipPluginTest::testIncludeResponseButtons with data set #6 ('jane@otherinternal.com,internal.com', 'joe@otherinternal.com', false)
#10 172.3 The at() matcher has been deprecated. It will be removed in PHPUnit 10. Please refactor your test to not rely on the order in which methods are invoked.
#10 172.3 
#10 172.3 120) OCA\DAV\Tests\unit\CalDAV\Schedule\IMipPluginTest::testMessageSendWhenEventWithoutName
#10 172.3 The at() matcher has been deprecated. It will be removed in PHPUnit 10. Please refactor your test to not rely on the order in which methods are invoked.
#10 172.3 
#10 172.3 121) OCA\DAV\Tests\unit\CalDAV\CalendarManagerTest::testSetupCalendarProvider
#10 172.3 The at() matcher has been deprecated. It will be removed in PHPUnit 10. Please refactor your test to not rely on the order in which methods are invoked.
#10 172.3 
#10 172.3 122) OCA\DAV\Tests\unit\CalDAV\WebcalCaching\PluginTest::testDisabled
#10 172.3 The at() matcher has been deprecated. It will be removed in PHPUnit 10. Please refactor your test to not rely on the order in which methods are invoked.
#10 172.3 
#10 172.3 123) OCA\DAV\Tests\unit\CalDAV\WebcalCaching\PluginTest::testEnabled
#10 172.3 The at() matcher has been deprecated. It will be removed in PHPUnit 10. Please refactor your test to not rely on the order in which methods are invoked.
#10 172.3 
#10 172.3 124) OCA\DAV\Tests\unit\CalDAV\ResourceBooking\ResourcePrincipalBackendTest::testSetGroupMemberSet
#10 172.3 The at() matcher has been deprecated. It will be removed in PHPUnit 10. Please refactor your test to not rely on the order in which methods are invoked.
#10 172.3 
#10 172.3 125) OCA\DAV\Tests\unit\CalDAV\ResourceBooking\RoomPrincipalBackendTest::testSetGroupMemberSet
#10 172.3 The at() matcher has been deprecated. It will be removed in PHPUnit 10. Please refactor your test to not rely on the order in which methods are invoked.
#10 172.3 
#10 172.3 126) OCA\DAV\Tests\unit\CalDAV\Search\SearchPluginTest::testInitialize
#10 172.3 The at() matcher has been deprecated. It will be removed in PHPUnit 10. Please refactor your test to not rely on the order in which methods are invoked.
#10 172.3 
#10 172.3 127) OCA\DAV\Tests\unit\CalDAV\Search\SearchPluginTest::testReport
#10 172.3 The at() matcher has been deprecated. It will be removed in PHPUnit 10. Please refactor your test to not rely on the order in which methods are invoked.
#10 172.3 
#10 172.3 128) OCA\DAV\Tests\unit\CalDAV\CachedSubscriptionTest::testGetChild
#10 172.3 The at() matcher has been deprecated. It will be removed in PHPUnit 10. Please refactor your test to not rely on the order in which methods are invoked.
#10 172.3 
#10 172.3 129) OCA\DAV\Tests\unit\CalDAV\CachedSubscriptionTest::testGetChildren
#10 172.3 The at() matcher has been deprecated. It will be removed in PHPUnit 10. Please refactor your test to not rely on the order in which methods are invoked.
#10 172.3 
#10 172.3 130) OCA\DAV\Tests\unit\CalDAV\CachedSubscriptionTest::testGetMultipleChildren
#10 172.3 The at() matcher has been deprecated. It will be removed in PHPUnit 10. Please refactor your test to not rely on the order in which methods are invoked.
#10 172.3 
#10 172.3 131) OCA\DAV\Tests\unit\CalDAV\CachedSubscriptionTest::testChildExists
#10 172.3 The at() matcher has been deprecated. It will be removed in PHPUnit 10. Please refactor your test to not rely on the order in which methods are invoked.
#10 172.3 
#10 172.3 132) OCA\DAV\Tests\Unit\DAV\Controller\InvitationResponseControllerTest::testAccept with data set "local attendee" (false)
#10 172.3 The at() matcher has been deprecated. It will be removed in PHPUnit 10. Please refactor your test to not rely on the order in which methods are invoked.
#10 172.3 
#10 172.3 133) OCA\DAV\Tests\Unit\DAV\Controller\InvitationResponseControllerTest::testAccept with data set "external attendee" (true)
#10 172.3 The at() matcher has been deprecated. It will be removed in PHPUnit 10. Please refactor your test to not rely on the order in which methods are invoked.
#10 172.3 
#10 172.3 134) OCA\DAV\Tests\Unit\DAV\Controller\InvitationResponseControllerTest::testAcceptSequence with data set "local attendee" (false)
#10 172.3 The at() matcher has been deprecated. It will be removed in PHPUnit 10. Please refactor your test to not rely on the order in which methods are invoked.
#10 172.3 
#10 172.3 135) OCA\DAV\Tests\Unit\DAV\Controller\InvitationResponseControllerTest::testAcceptSequence with data set "external attendee" (true)
#10 172.3 The at() matcher has been deprecated. It will be removed in PHPUnit 10. Please refactor your test to not rely on the order in which methods are invoked.
#10 172.3 
#10 172.3 136) OCA\DAV\Tests\Unit\DAV\Controller\InvitationResponseControllerTest::testAcceptRecurrenceId with data set "local attendee" (false)
#10 172.3 The at() matcher has been deprecated. It will be removed in PHPUnit 10. Please refactor your test to not rely on the order in which methods are invoked.
#10 172.3 
#10 172.3 137) OCA\DAV\Tests\Unit\DAV\Controller\InvitationResponseControllerTest::testAcceptRecurrenceId with data set "external attendee" (true)
#10 172.3 The at() matcher has been deprecated. It will be removed in PHPUnit 10. Please refactor your test to not rely on the order in which methods are invoked.
#10 172.3 
#10 172.3 138) OCA\DAV\Tests\Unit\DAV\Controller\InvitationResponseControllerTest::testAcceptTokenNotFound
#10 172.3 The at() matcher has been deprecated. It will be removed in PHPUnit 10. Please refactor your test to not rely on the order in which methods are invoked.
#10 172.3 
#10 172.3 139) OCA\DAV\Tests\Unit\DAV\Controller\InvitationResponseControllerTest::testAcceptExpiredToken
#10 172.3 The at() matcher has been deprecated. It will be removed in PHPUnit 10. Please refactor your test to not rely on the order in which methods are invoked.
#10 172.3 
#10 172.3 140) OCA\DAV\Tests\Unit\DAV\Controller\InvitationResponseControllerTest::testDecline with data set "local attendee" (false)
#10 172.3 The at() matcher has been deprecated. It will be removed in PHPUnit 10. Please refactor your test to not rely on the order in which methods are invoked.
#10 172.3 
#10 172.3 141) OCA\DAV\Tests\Unit\DAV\Controller\InvitationResponseControllerTest::testDecline with data set "external attendee" (true)
#10 172.3 The at() matcher has been deprecated. It will be removed in PHPUnit 10. Please refactor your test to not rely on the order in which methods are invoked.
#10 172.3 
#10 172.3 142) OCA\DAV\Tests\Unit\DAV\Controller\InvitationResponseControllerTest::testProcessMoreOptionsResult with data set "local attendee" (false)
#10 172.3 The at() matcher has been deprecated. It will be removed in PHPUnit 10. Please refactor your test to not rely on the order in which methods are invoked.
#10 172.3 
#10 172.3 143) OCA\DAV\Tests\Unit\DAV\Controller\InvitationResponseControllerTest::testProcessMoreOptionsResult with data set "external attendee" (true)
#10 172.3 The at() matcher has been deprecated. It will be removed in PHPUnit 10. Please refactor your test to not rely on the order in which methods are invoked.
#10 172.3 
#10 172.3 144) OCA\DAV\Tests\unit\Provisioning\Apple\AppleProvisioningNodeTest::testGetProperties
#10 172.3 The at() matcher has been deprecated. It will be removed in PHPUnit 10. Please refactor your test to not rely on the order in which methods are invoked.
#10 172.3 
#10 172.3 145) OCA\DAV\Tests\unit\Provisioning\Apple\AppleProvisioningPluginTest::testInitialize
#10 172.3 The at() matcher has been deprecated. It will be removed in PHPUnit 10. Please refactor your test to not rely on the order in which methods are invoked.
#10 172.3 
#10 172.3 146) OCA\DAV\Tests\unit\Provisioning\Apple\AppleProvisioningPluginTest::testHttpGetOnHttp
#10 172.3 The at() matcher has been deprecated. It will be removed in PHPUnit 10. Please refactor your test to not rely on the order in which methods are invoked.
#10 172.3 
#10 172.3 147) OCA\DAV\Tests\unit\Provisioning\Apple\AppleProvisioningPluginTest::testHttpGetOnHttps
#10 172.3 The at() matcher has been deprecated. It will be removed in PHPUnit 10. Please refactor your test to not rely on the order in which methods are invoked.
#10 172.3 
#10 172.3 148) OCA\DAV\Tests\unit\CardDAV\AddressBookImplTest::testCreateUid
#10 172.3 The at() matcher has been deprecated. It will be removed in PHPUnit 10. Please refactor your test to not rely on the order in which methods are invoked.
#10 172.3 
#10 172.3 149) OCA\DAV\Tests\unit\CardDAV\CardDavBackendTest::testCardOperations
#10 172.3 The at() matcher has been deprecated. It will be removed in PHPUnit 10. Please refactor your test to not rely on the order in which methods are invoked.
#10 172.3 
#10 172.3 150) OCA\DAV\Tests\unit\CardDAV\SyncServiceTest::testEnsureSystemAddressBookExists
#10 172.3 The at() matcher has been deprecated. It will be removed in PHPUnit 10. Please refactor your test to not rely on the order in which methods are invoked.
#10 172.3 
#10 172.3 151) OCA\DAV\Tests\unit\CardDAV\BirthdayServiceTest::testOnCardDeleted
#10 172.3 The at() matcher has been deprecated. It will be removed in PHPUnit 10. Please refactor your test to not rely on the order in which methods are invoked.
#10 172.3 
#10 172.3 152) OCA\DAV\Tests\unit\CardDAV\BirthdayServiceTest::testResetForUser
#10 172.3 The at() matcher has been deprecated. It will be removed in PHPUnit 10. Please refactor your test to not rely on the order in which methods are invoked.
#10 172.3 
#10 172.3 153) OCA\DAV\Tests\unit\CardDAV\ImageExportPluginTest::testCard with data set #0 (null, false)
#10 172.3 The at() matcher has been deprecated. It will be removed in PHPUnit 10. Please refactor your test to not rely on the order in which methods are invoked.
#10 172.3 
#10 172.3 154) OCA\DAV\Tests\unit\CardDAV\ImageExportPluginTest::testCard with data set #1 (null, true)
#10 172.3 The at() matcher has been deprecated. It will be removed in PHPUnit 10. Please refactor your test to not rely on the order in which methods are invoked.
#10 172.3 
#10 172.3 155) OCA\DAV\Tests\unit\CardDAV\ImageExportPluginTest::testCard with data set #2 (32, false)
#10 172.3 The at() matcher has been deprecated. It will be removed in PHPUnit 10. Please refactor your test to not rely on the order in which methods are invoked.
#10 172.3 
#10 172.3 156) OCA\DAV\Tests\unit\CardDAV\ImageExportPluginTest::testCard with data set #3 (32, true)
#10 172.3 The at() matcher has been deprecated. It will be removed in PHPUnit 10. Please refactor your test to not rely on the order in which methods are invoked.
#10 172.3 
#10 172.3 157) OCA\DAV\Tests\Command\MoveCalendarTest::testWithBadUserOrigin with data set #0 (false, true)
#10 172.3 The at() matcher has been deprecated. It will be removed in PHPUnit 10. Please refactor your test to not rely on the order in which methods are invoked.
#10 172.3 
#10 172.3 158) OCA\DAV\Tests\Command\MoveCalendarTest::testWithBadUserOrigin with data set #1 (true, false)
#10 172.3 The at() matcher has been deprecated. It will be removed in PHPUnit 10. Please refactor your test to not rely on the order in which methods are invoked.
#10 172.3 
#10 172.3 159) OCA\DAV\Tests\Command\MoveCalendarTest::testMoveWithInexistantCalendar
#10 172.3 The at() matcher has been deprecated. It will be removed in PHPUnit 10. Please refactor your test to not rely on the order in which methods are invoked.
#10 172.3 
#10 172.3 160) OCA\DAV\Tests\Command\MoveCalendarTest::testMoveWithExistingDestinationCalendar
#10 172.3 The at() matcher has been deprecated. It will be removed in PHPUnit 10. Please refactor your test to not rely on the order in which methods are invoked.
#10 172.3 
#10 172.3 161) OCA\DAV\Tests\Command\MoveCalendarTest::testMove
#10 172.3 The at() matcher has been deprecated. It will be removed in PHPUnit 10. Please refactor your test to not rely on the order in which methods are invoked.
#10 172.3 
#10 172.3 162) OCA\DAV\Tests\Command\MoveCalendarTest::testMoveWithDestinationNotPartOfGroup with data set #0 (true)
#10 172.3 The at() matcher has been deprecated. It will be removed in PHPUnit 10. Please refactor your test to not rely on the order in which methods are invoked.
#10 172.3 
#10 172.3 163) OCA\DAV\Tests\Command\MoveCalendarTest::testMoveWithDestinationNotPartOfGroup with data set #1 (false)
#10 172.3 The at() matcher has been deprecated. It will be removed in PHPUnit 10. Please refactor your test to not rely on the order in which methods are invoked.
#10 172.3 
#10 172.3 164) OCA\DAV\Tests\Command\MoveCalendarTest::testMoveWithDestinationPartOfGroup
#10 172.3 The at() matcher has been deprecated. It will be removed in PHPUnit 10. Please refactor your test to not rely on the order in which methods are invoked.
#10 172.3 
#10 172.3 165) OCA\DAV\Tests\Command\MoveCalendarTest::testMoveWithDestinationNotPartOfGroupAndForce
#10 172.3 The at() matcher has been deprecated. It will be removed in PHPUnit 10. Please refactor your test to not rely on the order in which methods are invoked.
#10 172.3 
#10 172.3 166) OCA\DAV\Tests\Command\MoveCalendarTest::testMoveWithCalendarAlreadySharedToDestination with data set #0 (true)
#10 172.3 The at() matcher has been deprecated. It will be removed in PHPUnit 10. Please refactor your test to not rely on the order in which methods are invoked.
#10 172.3 
#10 172.3 167) OCA\DAV\Tests\Command\MoveCalendarTest::testMoveWithCalendarAlreadySharedToDestination with data set #1 (false)
#10 172.3 The at() matcher has been deprecated. It will be removed in PHPUnit 10. Please refactor your test to not rely on the order in which methods are invoked.
#10 172.3 
#10 172.3 168) OCA\DAV\Tests\unit\Search\EventsSearchProviderTest::testGetDeepLinkToCalendarApp
#10 172.3 The at() matcher has been deprecated. It will be removed in PHPUnit 10. Please refactor your test to not rely on the order in which methods are invoked.
#10 172.3 
#10 172.3 169) OCA\DAV\Tests\unit\BackgroundJob\CleanupInvitationTokenJobTest::testRun
#10 172.3 The at() matcher has been deprecated. It will be removed in PHPUnit 10. Please refactor your test to not rely on the order in which methods are invoked.
#10 172.3 
#10 172.3 170) OCA\DAV\Tests\unit\BackgroundJob\RegisterRegenerateBirthdayCalendarsTest::testRun
#10 172.3 The at() matcher has been deprecated. It will be removed in PHPUnit 10. Please refactor your test to not rely on the order in which methods are invoked.
#10 172.3 
#10 172.3 171) OCA\DAV\Tests\unit\BackgroundJob\EventReminderJobTest::testRun with data set #0 (true, true, true)
#10 172.3 The at() matcher has been deprecated. It will be removed in PHPUnit 10. Please refactor your test to not rely on the order in which methods are invoked.
#10 172.3 
#10 172.3 172) OCA\DAV\Tests\unit\BackgroundJob\EventReminderJobTest::testRun with data set #1 (true, false, false)
#10 172.3 The at() matcher has been deprecated. It will be removed in PHPUnit 10. Please refactor your test to not rely on the order in which methods are invoked.
#10 172.3 
#10 172.3 173) OCA\DAV\Tests\unit\BackgroundJob\EventReminderJobTest::testRun with data set #2 (false, true, false)
#10 172.3 The at() matcher has been deprecated. It will be removed in PHPUnit 10. Please refactor your test to not rely on the order in which methods are invoked.
#10 172.3 
#10 172.3 174) OCA\DAV\Tests\unit\BackgroundJob\EventReminderJobTest::testRun with data set #3 (false, false, false)
#10 172.3 The at() matcher has been deprecated. It will be removed in PHPUnit 10. Please refactor your test to not rely on the order in which methods are invoked.
#10 172.3 
#10 172.3 175) OCA\DAV\Tests\unit\DAV\Migration\RemoveDeletedUsersCalendarSubscriptionsTest::testRun with data set #0 (array(), array(), 0)
#10 172.3 The at() matcher has been deprecated. It will be removed in PHPUnit 10. Please refactor your test to not rely on the order in which methods are invoked.
#10 172.3 
#10 172.3 176) OCA\DAV\Tests\unit\DAV\Migration\RemoveDeletedUsersCalendarSubscriptionsTest::testRun with data set #1 (array(array(1, 'users/principals/foo1'), array(2, 'users/principals/bar1'), array(3, 'users/principals/bar1')), array(true, false), 2)
#10 172.3 The at() matcher has been deprecated. It will be removed in PHPUnit 10. Please refactor your test to not rely on the order in which methods are invoked.
#10 172.3 
#10 172.3 177) OCA\DAV\Tests\unit\DAV\Migration\RefreshWebcalJobRegistrarTest::testRun
#10 172.3 The at() matcher has been deprecated. It will be removed in PHPUnit 10. Please refactor your test to not rely on the order in which methods are invoked.
#10 172.3 
#10 172.3 178) OCA\DAV\Tests\unit\Upload\ChunkingPluginTest::testBeforeMoveDestinationIsDirectory
#10 172.3 The at() matcher has been deprecated. It will be removed in PHPUnit 10. Please refactor your test to not rely on the order in which methods are invoked.
#10 172.3 
#10 172.3 179) OCA\DAV\Tests\unit\Upload\ChunkingPluginTest::testBeforeMoveFutureFileSkipNonExisting
#10 172.3 The at() matcher has been deprecated. It will be removed in PHPUnit 10. Please refactor your test to not rely on the order in which methods are invoked.
#10 172.3 
#10 172.3 180) OCA\DAV\Tests\unit\Upload\ChunkingPluginTest::testBeforeMoveFutureFileMoveIt
#10 172.3 The at() matcher has been deprecated. It will be removed in PHPUnit 10. Please refactor your test to not rely on the order in which methods are invoked.
#10 172.3 
#10 172.3 181) OCA\DAV\Tests\unit\Upload\ChunkingPluginTest::testBeforeMoveSizeIsWrong
#10 172.3 The at() matcher has been deprecated. It will be removed in PHPUnit 10. Please refactor your test to not rely on the order in which methods are invoked.
#10 172.3 
#10 172.3 182) OCA\DAV\Tests\DAV\CustomPropertiesBackendTest::testPropFindNoDbCalls
#10 172.4 The at() matcher has been deprecated. It will be removed in PHPUnit 10. Please refactor your test to not rely on the order in which methods are invoked.
#10 172.4 
#10 172.4 183) OCA\DAV\Tests\unit\DAV\GroupPrincipalTest::testFindByUri with data set #8 (true, true, true, 'principal:principals/groups/group1', 'principals/groups/group1')
#10 172.4 The at() matcher has been deprecated. It will be removed in PHPUnit 10. Please refactor your test to not rely on the order in which methods are invoked.
#10 172.4 
#10 172.4 184) OCA\DAV\Tests\unit\DAV\GroupPrincipalTest::testFindByUri with data set #9 (true, true, true, 'principal:principals/groups/group3', null)
#10 172.4 The at() matcher has been deprecated. It will be removed in PHPUnit 10. Please refactor your test to not rely on the order in which methods are invoked.
#10 172.4 
#10 172.4 185) OCA\Files_Sharing\Tests\External\ManagerTest::testAddUserShare
#10 172.4 The at() matcher has been deprecated. It will be removed in PHPUnit 10. Please refactor your test to not rely on the order in which methods are invoked.
#10 172.4 
#10 172.4 186) OCA\Theming\Tests\ThemingDefaultsTest::testGetColorPrimaryWithDefault
#10 172.4 The at() matcher has been deprecated. It will be removed in PHPUnit 10. Please refactor your test to not rely on the order in which methods are invoked.
#10 172.4 
#10 172.4 187) OCA\Theming\Tests\ThemingDefaultsTest::testGetColorPrimaryWithCustom
#10 172.4 The at() matcher has been deprecated. It will be removed in PHPUnit 10. Please refactor your test to not rely on the order in which methods are invoked.
#10 172.4 
#10 172.4 --
#10 172.4 
#10 172.4 There were 6 failures:
#10 172.4 
#10 172.4 1) Test\Route\RouterTest::testGenerateConsecutively
#10 172.4 Failed asserting that two strings are equal.
#10 172.4 --- Expected
#10 172.4 +++ Actual
#10 172.4 @@ @@
#10 172.4 -'/index.php/apps/files/'
#10 172.4 +''
#10 172.4 
#10 172.4 /server/tests/lib/Route/RouterTest.php:41
#10 172.4 
#10 172.4 2) OCA\Files_Sharing\Tests\ApiTest::testCreateShareLink
#10 172.4 Failed asserting that two strings are equal.
#10 172.4 --- Expected
#10 172.4 +++ Actual
#10 172.4 @@ @@
#10 172.4 -'http://localhost/index.php/s/pSAKE65z6Fb23nP'
#10 172.4 +'http://localhost/'
#10 172.4 
#10 172.4 /server/apps/files_sharing/tests/ApiTest.php:222
#10 172.4 
#10 172.4 3) OCA\Files_Sharing\Tests\ApiTest::testCreateShareLinkPublicUpload
#10 172.4 Failed asserting that two strings are equal.
#10 172.4 --- Expected
#10 172.4 +++ Actual
#10 172.4 @@ @@
#10 172.4 -'http://localhost/index.php/s/nrb5QY28fnzSdWF'
#10 172.4 +'http://localhost/'
#10 172.4 
#10 172.4 /server/apps/files_sharing/tests/ApiTest.php:250
#10 172.4 
#10 172.4 4) OCA\Files_Sharing\Tests\ApiTest::testPublicLinkUrl
#10 172.4 Failed asserting that two strings are equal.
#10 172.4 --- Expected
#10 172.4 +++ Actual
#10 172.4 @@ @@
#10 172.4 -'http://localhost/index.php/s/XnEQdntcHtL3CFP'
#10 172.4 +'http://localhost/'
#10 172.4 
#10 172.4 /server/apps/files_sharing/tests/ApiTest.php:437
#10 172.4 
#10 172.4 5) OCA\Files_Sharing\Tests\ApiTest::testPublicLinkExpireDate with data set #0 ('2023-03-24', true)
#10 172.4 Failed asserting that two strings are equal.
#10 172.4 --- Expected
#10 172.4 +++ Actual
#10 172.4 @@ @@
#10 172.4 -'http://localhost/index.php/s/gfNHrpxfiGSNTZM'
#10 172.4 +'http://localhost/'
#10 172.4 
#10 172.4 /server/apps/files_sharing/tests/ApiTest.php:1315
#10 172.4 
#10 172.4 6) OCA\Files_Sharing\Tests\ApiTest::testCreatePublicLinkExpireDateValid
#10 172.4 Failed asserting that two strings are equal.
#10 172.4 --- Expected
#10 172.4 +++ Actual
#10 172.4 @@ @@
#10 172.4 -'http://localhost/index.php/s/coNPY6ycPi72Lxj'
#10 172.4 +'http://localhost/'
#10 172.4 
#10 172.4 /server/apps/files_sharing/tests/ApiTest.php:1344
#10 172.4 
#10 172.4 --
#10 172.4 
#10 172.4 There were 126 skipped tests:
#10 172.4 
#10 172.4 1) Test\AllConfigTest::testSetUserValueUnchanged
#10 172.4 Skipped because this is just testable if database connection can be injected
#10 172.4 
#10 172.4 /server/tests/lib/AllConfigTest.php:189
#10 172.4 
#10 172.4 2) Test\Avatar\GuestAvatarTest::testGet
#10 172.4 TODO: Disable because fails on drone
#10 172.4 
#10 172.4 /server/tests/lib/Avatar/GuestAvatarTest.php:63
#10 172.4 
#10 172.4 3) Test\DB\MigrationsTest::testEnsureOracleConstraintsNoPrimaryKey
#10 172.4 Test disabled for now due to multiple reasons, see https://github.com/nextcloud/server/pull/31580#issuecomment-1069182234 for details.
#10 172.4 
#10 172.4 /server/tests/lib/DB/MigrationsTest.php:613
#10 172.4 
#10 172.4 4) Test\Files\Cache\CacheTest::testWithNormalizer
#10 172.4 The 3rdparty Normalizer extension is not available.
#10 172.4 
#10 172.4 /server/tests/lib/Files/Cache/CacheTest.php:572
#10 172.4 
#10 172.4 5) Test\Files\Cache\MoveFromCacheTraitTest::testWithNormalizer
#10 172.4 The 3rdparty Normalizer extension is not available.
#10 172.4 
#10 172.4 /server/tests/lib/Files/Cache/CacheTest.php:572
#10 172.4 
#10 172.4 6) Test\Files\Cache\Wrapper\CacheJailTest::testWithNormalizer
#10 172.4 The 3rdparty Normalizer extension is not available.
#10 172.4 
#10 172.4 /server/tests/lib/Files/Cache/CacheTest.php:572
#10 172.4 
#10 172.4 7) Test\Files\Cache\Wrapper\CachePermissionsMaskTest::testWithNormalizer
#10 172.4 The 3rdparty Normalizer extension is not available.
#10 172.4 
#10 172.4 /server/tests/lib/Files/Cache/CacheTest.php:572
#10 172.4 
#10 172.4 8) Test\Files\FilesystemTest::testNormalizePathUTF8
#10 172.4 UTF8 normalizer Patchwork was not found
#10 172.4 
#10 172.4 /server/tests/lib/Files/FilesystemTest.php:300
#10 172.4 
#10 172.4 9) Test\Files\ObjectStore\AzureTest::testFseekSize
#10 172.4 azure does not support seeking at the moment
#10 172.4 
#10 172.4 /server/tests/lib/Files/ObjectStore/AzureTest.php:40
#10 172.4 
#10 172.4 10) Test\Files\ObjectStore\AzureTest::testWriteRead
#10 172.4 objectstore not configured for azure
#10 172.4 
#10 172.4 /server/tests/lib/Files/ObjectStore/AzureTest.php:33
#10 172.4 /server/tests/lib/Files/ObjectStore/ObjectStoreTest.php:60
#10 172.4 
#10 172.4 11) Test\Files\ObjectStore\AzureTest::testDelete
#10 172.4 objectstore not configured for azure
#10 172.4 
#10 172.4 /server/tests/lib/Files/ObjectStore/AzureTest.php:33
#10 172.4 /server/tests/lib/Files/ObjectStore/ObjectStoreTest.php:73
#10 172.4 
#10 172.4 12) Test\Files\ObjectStore\AzureTest::testReadNonExisting
#10 172.4 objectstore not configured for azure
#10 172.4 
#10 172.4 /server/tests/lib/Files/ObjectStore/AzureTest.php:33
#10 172.4 /server/tests/lib/Files/ObjectStore/ObjectStoreTest.php:90
#10 172.4 
#10 172.4 13) Test\Files\ObjectStore\AzureTest::testDeleteNonExisting
#10 172.4 objectstore not configured for azure
#10 172.4 
#10 172.4 /server/tests/lib/Files/ObjectStore/AzureTest.php:33
#10 172.4 /server/tests/lib/Files/ObjectStore/ObjectStoreTest.php:102
#10 172.4 
#10 172.4 14) Test\Files\ObjectStore\AzureTest::testExists
#10 172.4 objectstore not configured for azure
#10 172.4 
#10 172.4 /server/tests/lib/Files/ObjectStore/AzureTest.php:33
#10 172.4 /server/tests/lib/Files/ObjectStore/ObjectStoreTest.php:116
#10 172.4 
#10 172.4 15) Test\Files\ObjectStore\AzureTest::testCopy
#10 172.4 objectstore not configured for azure
#10 172.4 
#10 172.4 /server/tests/lib/Files/ObjectStore/AzureTest.php:33
#10 172.4 /server/tests/lib/Files/ObjectStore/ObjectStoreTest.php:134
#10 172.4 
#10 172.4 16) Test\Files\ObjectStore\ObjectStoreStorageTest::testCheckUpdate
#10 172.4 Detecting external changes is not supported on object storages
#10 172.4 
#10 172.4 /server/tests/lib/Files/ObjectStore/ObjectStoreStorageTest.php:84
#10 172.4 
#10 172.4 17) Test\Files\ObjectStore\S3Test::testUploadNonSeekable
#10 172.4 objectstore not configured for s3
#10 172.4 
#10 172.4 /server/tests/lib/Files/ObjectStore/S3Test.php:72
#10 172.4 /server/tests/lib/Files/ObjectStore/S3Test.php:65
#10 172.4 
#10 172.4 18) Test\Files\ObjectStore\S3Test::testSeek
#10 172.4 objectstore not configured for s3
#10 172.4 
#10 172.4 /server/tests/lib/Files/ObjectStore/S3Test.php:72
#10 172.4 /server/tests/lib/Files/ObjectStore/S3Test.php:65
#10 172.4 
#10 172.4 19) Test\Files\ObjectStore\S3Test::testEmptyUpload
#10 172.4 objectstore not configured for s3
#10 172.4 
#10 172.4 /server/tests/lib/Files/ObjectStore/S3Test.php:72
#10 172.4 /server/tests/lib/Files/ObjectStore/S3Test.php:65
#10 172.4 
#10 172.4 20) Test\Files\ObjectStore\S3Test::testFileSizes with data set #0 (1000000)
#10 172.4 objectstore not configured for s3
#10 172.4 
#10 172.4 /server/tests/lib/Files/ObjectStore/S3Test.php:72
#10 172.4 /server/tests/lib/Files/ObjectStore/S3Test.php:65
#10 172.4 
#10 172.4 21) Test\Files\ObjectStore\S3Test::testFileSizes with data set #1 (2000000)
#10 172.4 objectstore not configured for s3
#10 172.4 
#10 172.4 /server/tests/lib/Files/ObjectStore/S3Test.php:72
#10 172.4 /server/tests/lib/Files/ObjectStore/S3Test.php:65
#10 172.4 
#10 172.4 22) Test\Files\ObjectStore\S3Test::testFileSizes with data set #2 (5242879)
#10 172.4 objectstore not configured for s3
#10 172.4 
#10 172.4 /server/tests/lib/Files/ObjectStore/S3Test.php:72
#10 172.4 /server/tests/lib/Files/ObjectStore/S3Test.php:65
#10 172.4 
#10 172.4 23) Test\Files\ObjectStore\S3Test::testFileSizes with data set #3 (5242880)
#10 172.4 objectstore not configured for s3
#10 172.4 
#10 172.4 /server/tests/lib/Files/ObjectStore/S3Test.php:72
#10 172.4 /server/tests/lib/Files/ObjectStore/S3Test.php:65
#10 172.4 
#10 172.4 24) Test\Files\ObjectStore\S3Test::testFileSizes with data set #4 (5242881)
#10 172.4 objectstore not configured for s3
#10 172.4 
#10 172.4 /server/tests/lib/Files/ObjectStore/S3Test.php:72
#10 172.4 /server/tests/lib/Files/ObjectStore/S3Test.php:65
#10 172.4 
#10 172.4 25) Test\Files\ObjectStore\S3Test::testFileSizes with data set #5 (10000000)
#10 172.4 objectstore not configured for s3
#10 172.4 
#10 172.4 /server/tests/lib/Files/ObjectStore/S3Test.php:72
#10 172.4 /server/tests/lib/Files/ObjectStore/S3Test.php:65
#10 172.4 
#10 172.4 26) Test\Files\ObjectStore\S3Test::testWriteRead
#10 172.4 objectstore not configured for s3
#10 172.4 
#10 172.4 /server/tests/lib/Files/ObjectStore/S3Test.php:72
#10 172.4 /server/tests/lib/Files/ObjectStore/S3Test.php:65
#10 172.4 
#10 172.4 27) Test\Files\ObjectStore\S3Test::testDelete
#10 172.4 objectstore not configured for s3
#10 172.4 
#10 172.4 /server/tests/lib/Files/ObjectStore/S3Test.php:72
#10 172.4 /server/tests/lib/Files/ObjectStore/S3Test.php:65
#10 172.4 
#10 172.4 28) Test\Files\ObjectStore\S3Test::testReadNonExisting
#10 172.4 objectstore not configured for s3
#10 172.4 
#10 172.4 /server/tests/lib/Files/ObjectStore/S3Test.php:72
#10 172.4 /server/tests/lib/Files/ObjectStore/S3Test.php:65
#10 172.4 
#10 172.4 29) Test\Files\ObjectStore\S3Test::testDeleteNonExisting
#10 172.4 objectstore not configured for s3
#10 172.4 
#10 172.4 /server/tests/lib/Files/ObjectStore/S3Test.php:72
#10 172.4 /server/tests/lib/Files/ObjectStore/S3Test.php:65
#10 172.4 
#10 172.4 30) Test\Files\ObjectStore\S3Test::testExists
#10 172.4 objectstore not configured for s3
#10 172.4 
#10 172.4 /server/tests/lib/Files/ObjectStore/S3Test.php:72
#10 172.4 /server/tests/lib/Files/ObjectStore/S3Test.php:65
#10 172.4 
#10 172.4 31) Test\Files\ObjectStore\S3Test::testCopy
#10 172.4 objectstore not configured for s3
#10 172.4 
#10 172.4 /server/tests/lib/Files/ObjectStore/S3Test.php:72
#10 172.4 /server/tests/lib/Files/ObjectStore/S3Test.php:65
#10 172.4 
#10 172.4 32) Test\Files\ObjectStore\S3Test::testFseekSize
#10 172.4 objectstore not configured for s3
#10 172.4 
#10 172.4 /server/tests/lib/Files/ObjectStore/S3Test.php:72
#10 172.4 /server/tests/lib/Files/ObjectStore/S3Test.php:65
#10 172.4 
#10 172.4 33) Test\Files\ObjectStore\SwiftTest::testWriteRead
#10 172.4 objectstore not configured for swift
#10 172.4 
#10 172.4 /server/tests/lib/Files/ObjectStore/SwiftTest.php:36
#10 172.4 /server/tests/lib/Files/ObjectStore/ObjectStoreTest.php:60
#10 172.4 
#10 172.4 34) Test\Files\ObjectStore\SwiftTest::testDelete
#10 172.4 objectstore not configured for swift
#10 172.4 
#10 172.4 /server/tests/lib/Files/ObjectStore/SwiftTest.php:36
#10 172.4 /server/tests/lib/Files/ObjectStore/ObjectStoreTest.php:73
#10 172.4 
#10 172.4 35) Test\Files\ObjectStore\SwiftTest::testReadNonExisting
#10 172.4 objectstore not configured for swift
#10 172.4 
#10 172.4 /server/tests/lib/Files/ObjectStore/SwiftTest.php:36
#10 172.4 /server/tests/lib/Files/ObjectStore/ObjectStoreTest.php:90
#10 172.4 
#10 172.4 36) Test\Files\ObjectStore\SwiftTest::testDeleteNonExisting
#10 172.4 objectstore not configured for swift
#10 172.4 
#10 172.4 /server/tests/lib/Files/ObjectStore/SwiftTest.php:36
#10 172.4 /server/tests/lib/Files/ObjectStore/ObjectStoreTest.php:102
#10 172.4 
#10 172.4 37) Test\Files\ObjectStore\SwiftTest::testExists
#10 172.4 objectstore not configured for swift
#10 172.4 
#10 172.4 /server/tests/lib/Files/ObjectStore/SwiftTest.php:36
#10 172.4 /server/tests/lib/Files/ObjectStore/ObjectStoreTest.php:116
#10 172.4 
#10 172.4 38) Test\Files\ObjectStore\SwiftTest::testCopy
#10 172.4 objectstore not configured for swift
#10 172.4 
#10 172.4 /server/tests/lib/Files/ObjectStore/SwiftTest.php:36
#10 172.4 /server/tests/lib/Files/ObjectStore/ObjectStoreTest.php:134
#10 172.4 
#10 172.4 39) Test\Files\ObjectStore\SwiftTest::testFseekSize
#10 172.4 objectstore not configured for swift
#10 172.4 
#10 172.4 /server/tests/lib/Files/ObjectStore/SwiftTest.php:36
#10 172.4 /server/tests/lib/Files/ObjectStore/ObjectStoreTest.php:148
#10 172.4 
#10 172.4 40) Test\Files\Storage\Wrapper\EncodingTest::testCheckUpdate
#10 172.4 Cannot test update check on wrappers
#10 172.4 
#10 172.4 /server/tests/lib/Files/Storage/Storage.php:344
#10 172.4 
#10 172.4 41) Test\Files\Storage\Wrapper\EncryptionTest::testCheckUpdate
#10 172.4 Cannot test update check on wrappers
#10 172.4 
#10 172.4 /server/tests/lib/Files/Storage/Storage.php:344
#10 172.4 
#10 172.4 42) Test\Files\Storage\Wrapper\JailTest::testCheckUpdate
#10 172.4 Cannot test update check on wrappers
#10 172.4 
#10 172.4 /server/tests/lib/Files/Storage/Storage.php:344
#10 172.4 
#10 172.4 43) Test\Files\Storage\Wrapper\PermissionsMaskTest::testCheckUpdate
#10 172.4 Cannot test update check on wrappers
#10 172.4 
#10 172.4 /server/tests/lib/Files/Storage/Storage.php:344
#10 172.4 
#10 172.4 44) Test\Files\Storage\Wrapper\QuotaTest::testCheckUpdate
#10 172.4 Cannot test update check on wrappers
#10 172.4 
#10 172.4 /server/tests/lib/Files/Storage/Storage.php:344
#10 172.4 
#10 172.4 45) Test\Files\Storage\Wrapper\WrapperTest::testCheckUpdate
#10 172.4 Cannot test update check on wrappers
#10 172.4 
#10 172.4 /server/tests/lib/Files/Storage/Storage.php:344
#10 172.4 
#10 172.4 46) Test\Files\Type\DetectionTest::testMimeTypeIcon
#10 172.4 Package vfsStream not installed
#10 172.4 
#10 172.4 /server/tests/lib/Files/Type/DetectionTest.php:136
#10 172.4 
#10 172.4 47) Test\Files\ViewTest::testLockBasicOperationUnlocksAfterException with data set #0 ('touch', array('touch-create.txt'), 'touch-create.txt', 'create', 1, 2, 1)
#10 172.4 touch handles storage exceptions internally
#10 172.4 
#10 172.4 /server/tests/lib/Files/ViewTest.php:1979
#10 172.4 
#10 172.4 48) Test\Files\ViewTest::testLockBasicOperationUnlocksAfterException with data set #9 ('touch', array('test.txt'), 'test.txt', 'touch', null, null, null)
#10 172.4 touch handles storage exceptions internally
#10 172.4 
#10 172.4 /server/tests/lib/Files/ViewTest.php:1979
#10 172.4 
#10 172.4 49) Test\Memcache\APCuTest::testCasIntChanged
#10 172.4 The APCu extension is not available.
#10 172.4 
#10 172.4 /server/tests/lib/Memcache/APCuTest.php:17
#10 172.4 
#10 172.4 50) Test\Memcache\APCuTest::testCasIntNotChanged
#10 172.4 The APCu extension is not available.
#10 172.4 
#10 172.4 /server/tests/lib/Memcache/APCuTest.php:17
#10 172.4 
#10 172.4 51) Test\Memcache\APCuTest::testExistsAfterSet
#10 172.4 The APCu extension is not available.
#10 172.4 
#10 172.4 /server/tests/lib/Memcache/APCuTest.php:17
#10 172.4 
#10 172.4 52) Test\Memcache\APCuTest::testGetAfterSet
#10 172.4 The APCu extension is not available.
#10 172.4 
#10 172.4 /server/tests/lib/Memcache/APCuTest.php:17
#10 172.4 
#10 172.4 53) Test\Memcache\APCuTest::testGetArrayAfterSet
#10 172.4 The APCu extension is not available.
#10 172.4 
#10 172.4 /server/tests/lib/Memcache/APCuTest.php:17
#10 172.4 
#10 172.4 54) Test\Memcache\APCuTest::testDoesNotExistAfterRemove
#10 172.4 The APCu extension is not available.
#10 172.4 
#10 172.4 /server/tests/lib/Memcache/APCuTest.php:17
#10 172.4 
#10 172.4 55) Test\Memcache\APCuTest::testRemoveNonExisting
#10 172.4 The APCu extension is not available.
#10 172.4 
#10 172.4 /server/tests/lib/Memcache/APCuTest.php:17
#10 172.4 
#10 172.4 56) Test\Memcache\APCuTest::testArrayAccessSet
#10 172.4 The APCu extension is not available.
#10 172.4 
#10 172.4 /server/tests/lib/Memcache/APCuTest.php:17
#10 172.4 
#10 172.4 57) Test\Memcache\APCuTest::testArrayAccessGet
#10 172.4 The APCu extension is not available.
#10 172.4 
#10 172.4 /server/tests/lib/Memcache/APCuTest.php:17
#10 172.4 
#10 172.4 58) Test\Memcache\APCuTest::testArrayAccessExists
#10 172.4 The APCu extension is not available.
#10 172.4 
#10 172.4 /server/tests/lib/Memcache/APCuTest.php:17
#10 172.4 
#10 172.4 59) Test\Memcache\APCuTest::testArrayAccessUnset
#10 172.4 The APCu extension is not available.
#10 172.4 
#10 172.4 /server/tests/lib/Memcache/APCuTest.php:17
#10 172.4 
#10 172.4 60) Test\Memcache\APCuTest::testAdd
#10 172.4 The APCu extension is not available.
#10 172.4 
#10 172.4 /server/tests/lib/Memcache/APCuTest.php:17
#10 172.4 
#10 172.4 61) Test\Memcache\APCuTest::testInc
#10 172.4 The APCu extension is not available.
#10 172.4 
#10 172.4 /server/tests/lib/Memcache/APCuTest.php:17
#10 172.4 
#10 172.4 62) Test\Memcache\APCuTest::testDec
#10 172.4 The APCu extension is not available.
#10 172.4 
#10 172.4 /server/tests/lib/Memcache/APCuTest.php:17
#10 172.4 
#10 172.4 63) Test\Memcache\APCuTest::testCasNotChanged
#10 172.4 The APCu extension is not available.
#10 172.4 
#10 172.4 /server/tests/lib/Memcache/APCuTest.php:17
#10 172.4 
#10 172.4 64) Test\Memcache\APCuTest::testCasChanged
#10 172.4 The APCu extension is not available.
#10 172.4 
#10 172.4 /server/tests/lib/Memcache/APCuTest.php:17
#10 172.4 
#10 172.4 65) Test\Memcache\APCuTest::testCadNotChanged
#10 172.4 The APCu extension is not available.
#10 172.4 
#10 172.4 /server/tests/lib/Memcache/APCuTest.php:17
#10 172.4 
#10 172.4 66) Test\Memcache\APCuTest::testCadChanged
#10 172.4 The APCu extension is not available.
#10 172.4 
#10 172.4 /server/tests/lib/Memcache/APCuTest.php:17
#10 172.4 
#10 172.4 67) Test\Memcache\APCuTest::testSimple
#10 172.4 The APCu extension is not available.
#10 172.4 
#10 172.4 /server/tests/lib/Memcache/APCuTest.php:17
#10 172.4 
#10 172.4 68) Test\Memcache\APCuTest::testClear
#10 172.4 The APCu extension is not available.
#10 172.4 
#10 172.4 /server/tests/lib/Memcache/APCuTest.php:17
#10 172.4 
#10 172.4 69) Test\Memcache\MemcachedTest::testClear
#10 172.4 The memcached extension is not available.
#10 172.4 
#10 172.4 /server/tests/lib/Memcache/MemcachedTest.php:17
#10 172.4 
#10 172.4 70) Test\Memcache\MemcachedTest::testExistsAfterSet
#10 172.4 Test skipped because of an error in hook method
#10 172.4 
#10 172.4 71) Test\Memcache\MemcachedTest::testGetAfterSet
#10 172.4 Test skipped because of an error in hook method
#10 172.4 
#10 172.4 72) Test\Memcache\MemcachedTest::testGetArrayAfterSet
#10 172.4 Test skipped because of an error in hook method
#10 172.4 
#10 172.4 73) Test\Memcache\MemcachedTest::testDoesNotExistAfterRemove
#10 172.4 Test skipped because of an error in hook method
#10 172.4 
#10 172.4 74) Test\Memcache\MemcachedTest::testRemoveNonExisting
#10 172.4 Test skipped because of an error in hook method
#10 172.4 
#10 172.4 75) Test\Memcache\MemcachedTest::testArrayAccessSet
#10 172.4 Test skipped because of an error in hook method
#10 172.4 
#10 172.4 76) Test\Memcache\MemcachedTest::testArrayAccessGet
#10 172.4 Test skipped because of an error in hook method
#10 172.4 
#10 172.4 77) Test\Memcache\MemcachedTest::testArrayAccessExists
#10 172.4 Test skipped because of an error in hook method
#10 172.4 
#10 172.4 78) Test\Memcache\MemcachedTest::testArrayAccessUnset
#10 172.4 Test skipped because of an error in hook method
#10 172.4 
#10 172.4 79) Test\Memcache\MemcachedTest::testAdd
#10 172.4 Test skipped because of an error in hook method
#10 172.4 
#10 172.4 80) Test\Memcache\MemcachedTest::testInc
#10 172.4 Test skipped because of an error in hook method
#10 172.4 
#10 172.4 81) Test\Memcache\MemcachedTest::testDec
#10 172.4 Test skipped because of an error in hook method
#10 172.4 
#10 172.4 82) Test\Memcache\MemcachedTest::testCasNotChanged
#10 172.4 Test skipped because of an error in hook method
#10 172.4 
#10 172.4 83) Test\Memcache\MemcachedTest::testCasChanged
#10 172.4 Test skipped because of an error in hook method
#10 172.4 
#10 172.4 84) Test\Memcache\MemcachedTest::testCadNotChanged
#10 172.4 Test skipped because of an error in hook method
#10 172.4 
#10 172.4 85) Test\Memcache\MemcachedTest::testCadChanged
#10 172.4 Test skipped because of an error in hook method
#10 172.4 
#10 172.4 86) Test\Memcache\MemcachedTest::testSimple
#10 172.4 Test skipped because of an error in hook method
#10 172.4 
#10 172.4 87) Test\Memcache\RedisTest::testExistsAfterSet
#10 172.4 The redis extension is not available.
#10 172.4 
#10 172.4 /server/tests/lib/Memcache/RedisTest.php:17
#10 172.4 
#10 172.4 88) Test\Memcache\RedisTest::testGetAfterSet
#10 172.4 Test skipped because of an error in hook method
#10 172.4 
#10 172.4 89) Test\Memcache\RedisTest::testGetArrayAfterSet
#10 172.4 Test skipped because of an error in hook method
#10 172.4 
#10 172.4 90) Test\Memcache\RedisTest::testDoesNotExistAfterRemove
#10 172.4 Test skipped because of an error in hook method
#10 172.4 
#10 172.4 91) Test\Memcache\RedisTest::testRemoveNonExisting
#10 172.4 Test skipped because of an error in hook method
#10 172.4 
#10 172.4 92) Test\Memcache\RedisTest::testArrayAccessSet
#10 172.4 Test skipped because of an error in hook method
#10 172.4 
#10 172.4 93) Test\Memcache\RedisTest::testArrayAccessGet
#10 172.4 Test skipped because of an error in hook method
#10 172.4 
#10 172.4 94) Test\Memcache\RedisTest::testArrayAccessExists
#10 172.4 Test skipped because of an error in hook method
#10 172.4 
#10 172.4 95) Test\Memcache\RedisTest::testArrayAccessUnset
#10 172.4 Test skipped because of an error in hook method
#10 172.4 
#10 172.4 96) Test\Memcache\RedisTest::testAdd
#10 172.4 Test skipped because of an error in hook method
#10 172.4 
#10 172.4 97) Test\Memcache\RedisTest::testInc
#10 172.4 Test skipped because of an error in hook method
#10 172.4 
#10 172.4 98) Test\Memcache\RedisTest::testDec
#10 172.4 Test skipped because of an error in hook method
#10 172.4 
#10 172.4 99) Test\Memcache\RedisTest::testCasNotChanged
#10 172.4 Test skipped because of an error in hook method
#10 172.4 
#10 172.4 100) Test\Memcache\RedisTest::testCasChanged
#10 172.4 Test skipped because of an error in hook method
#10 172.4 
#10 172.4 101) Test\Memcache\RedisTest::testCadNotChanged
#10 172.4 Test skipped because of an error in hook method
#10 172.4 
#10 172.4 102) Test\Memcache\RedisTest::testCadChanged
#10 172.4 Test skipped because of an error in hook method
#10 172.4 
#10 172.4 103) Test\Memcache\RedisTest::testSimple
#10 172.4 Test skipped because of an error in hook method
#10 172.4 
#10 172.4 104) Test\Memcache\RedisTest::testClear
#10 172.4 Test skipped because of an error in hook method
#10 172.4 
#10 172.4 105) Test\Preview\BitmapTest::testGetThumbnail with data set #0 (-71, -32)
#10 172.4 An error occured while operating with Imagick.
#10 172.4 
#10 172.4 /server/tests/lib/Preview/Provider.php:145
#10 172.4 /server/tests/lib/Preview/Provider.php:105
#10 172.4 
#10 172.4 106) Test\Preview\BitmapTest::testGetThumbnail with data set #1 (21, 92)
#10 172.4 An error occured while operating with Imagick.
#10 172.4 
#10 172.4 /server/tests/lib/Preview/Provider.php:145
#10 172.4 /server/tests/lib/Preview/Provider.php:105
#10 172.4 
#10 172.4 107) Test\Preview\BitmapTest::testGetThumbnail with data set #2 (-10, 82)
#10 172.4 An error occured while operating with Imagick.
#10 172.4 
#10 172.4 /server/tests/lib/Preview/Provider.php:145
#10 172.4 /server/tests/lib/Preview/Provider.php:105
#10 172.4 
#10 172.4 108) Test\Preview\BitmapTest::testGetThumbnail with data set #3 (5, -99)
#10 172.4 An error occured while operating with Imagick.
#10 172.4 
#10 172.4 /server/tests/lib/Preview/Provider.php:145
#10 172.4 /server/tests/lib/Preview/Provider.php:105
#10 172.4 
#10 172.4 109) Test\Preview\MovieTest::testGetThumbnail with data set #0 (-71, -37)
#10 172.4 No Movie provider present
#10 172.4 
#10 172.4 /server/tests/lib/Preview/MovieTest.php:48
#10 172.4 
#10 172.4 110) Test\Preview\MovieTest::testGetThumbnail with data set #1 (14, 32)
#10 172.4 No Movie provider present
#10 172.4 
#10 172.4 /server/tests/lib/Preview/MovieTest.php:48
#10 172.4 
#10 172.4 111) Test\Preview\MovieTest::testGetThumbnail with data set #2 (-90, 63)
#10 172.4 No Movie provider present
#10 172.4 
#10 172.4 /server/tests/lib/Preview/MovieTest.php:48
#10 172.4 
#10 172.4 112) Test\Preview\MovieTest::testGetThumbnail with data set #3 (90, -84)
#10 172.4 No Movie provider present
#10 172.4 
#10 172.4 /server/tests/lib/Preview/MovieTest.php:48
#10 172.4 
#10 172.4 113) Test\Preview\OfficeTest::testGetThumbnail with data set #0 (-39, -5)
#10 172.4 No Office provider present
#10 172.4 
#10 172.4 /server/tests/lib/Preview/OfficeTest.php:45
#10 172.4 
#10 172.4 114) Test\Preview\OfficeTest::testGetThumbnail with data set #1 (84, 40)
#10 172.4 No Office provider present
#10 172.4 
#10 172.4 /server/tests/lib/Preview/OfficeTest.php:45
#10 172.4 
#10 172.4 115) Test\Preview\OfficeTest::testGetThumbnail with data set #2 (-84, 55)
#10 172.4 No Office provider present
#10 172.4 
#10 172.4 /server/tests/lib/Preview/OfficeTest.php:45
#10 172.4 
#10 172.4 116) Test\Preview\OfficeTest::testGetThumbnail with data set #3 (7, -80)
#10 172.4 No Office provider present
#10 172.4 
#10 172.4 /server/tests/lib/Preview/OfficeTest.php:45
#10 172.4 
#10 172.4 117) Test\Repair\RepairCollationTest::testCollationConvert
#10 172.4 Test only relevant on MySql
#10 172.4 
#10 172.4 /server/tests/lib/Repair/RepairCollationTest.php:67
#10 172.4 
#10 172.4 118) Test\TempManagerTest::testLogCantCreateFile
#10 172.4 TODO: Disable because fails on drone
#10 172.4 
#10 172.4 /server/tests/lib/TempManagerTest.php:135
#10 172.4 
#10 172.4 119) Test\TempManagerTest::testLogCantCreateFolder
#10 172.4 TODO: Disable because fails on drone
#10 172.4 
#10 172.4 /server/tests/lib/TempManagerTest.php:147
#10 172.4 
#10 172.4 120) Test\UtilCheckServerTest::testDataDirNotWritable
#10 172.4 TODO: Disable because fails on drone
#10 172.4 
#10 172.4 /server/tests/lib/UtilCheckServerTest.php:147
#10 172.4 
#10 172.4 121) OCA\Files_Sharing\Tests\UpdaterTest::testMovedIntoShareChangeOwner
#10 172.4 Skipped because this is failing with S3 as primary as file id are change when moved.
#10 172.4 
#10 172.4 /server/apps/files_sharing/tests/UpdaterTest.php:253
#10 172.4 
#10 172.4 122) OCA\Files_Sharing\Tests\ApiTest::testGetShareFromSource
#10 172.4 This test depends on "OCA\Files_Sharing\Tests\ApiTest::testCreateShareLink" to pass.
#10 172.4 
#10 172.4 123) OCA\Files_Sharing\Tests\ApiTest::testGetShareFromSourceWithReshares
#10 172.4 This test depends on "OCA\Files_Sharing\Tests\ApiTest::testCreateShareLink" to pass.
#10 172.4 
#10 172.4 124) OCA\Files_Sharing\Tests\ApiTest::testUpdateShare
#10 172.4 This test depends on "OCA\Files_Sharing\Tests\ApiTest::testCreateShareLink" to pass.
#10 172.4 
#10 172.4 125) OCA\Files_Sharing\Tests\ShareTest::testShareWithGroupUniqueName
#10 172.4 TODO: Disable because fails on drone
#10 172.4 
#10 172.4 /server/apps/files_sharing/tests/ShareTest.php:162
#10 172.4 
#10 172.4 126) OCA\Files_Versions\Tests\VersioningTest::testRestoreMovedShare
#10 172.4 Unreliable test
#10 172.4 
#10 172.4 /server/apps/files_versions/tests/VersioningTest.php:690
#10 172.4 
#10 172.4 FAILURES!
#10 172.4 Tests: 14663, Assertions: 37875, Failures: 6, Warnings: 187, Skipped: 126.
#10 ERROR: process "/bin/sh -c ./autotest.sh sqlite" did not complete successfully: exit code: 1
------
 > [6/6] RUN ./autotest.sh sqlite:
#10 172.4 
#10 172.4 /server/apps/files_sharing/tests/ShareTest.php:162
#10 172.4 
#10 172.4 126) OCA\Files_Versions\Tests\VersioningTest::testRestoreMovedShare
#10 172.4 Unreliable test
#10 172.4 
#10 172.4 /server/apps/files_versions/tests/VersioningTest.php:690
#10 172.4 
#10 172.4 FAILURES!
#10 172.4 Tests: 14663, Assertions: 37875, Failures: 6, Warnings: 187, Skipped: 126.
------
Dockerfile:22
--------------------
  20 |     RUN git submodule update --init
  21 |     
  22 | >>> RUN ./autotest.sh sqlite
  23 |     
--------------------
ERROR: failed to solve: process "/bin/sh -c ./autotest.sh sqlite" did not complete successfully: exit code: 1
